#
# There is insufficient memory for the Java Runtime Environment to continue.
# Native memory allocation (malloc) failed to allocate 564896 bytes for Chunk::new
# Possible reasons:
#   The system is out of physical RAM or swap space
#   The process is running with CompressedOops enabled, and the Java Heap may be blocking the growth of the native heap
# Possible solutions:
#   Reduce memory load on the system
#   Increase physical memory or swap space
#   Check if swap backing store is full
#   Decrease Java heap size (-Xmx/-Xms)
#   Decrease number of Java threads
#   Decrease Java thread stack sizes (-Xss)
#   Set larger code cache with -XX:ReservedCodeCacheSize=
#   JVM is running with Zero Based Compressed Oops mode in which the Java heap is
#     placed in the first 32GB address space. The Java Heap base address is the
#     maximum limit for the native heap growth. Please use -XX:HeapBaseMinAddress
#     to set the Java Heap base and to place the Java Heap above 32GB virtual address.
# This output file may be truncated or incomplete.
#
#  Out of Memory Error (./open/src/hotspot/share/memory/arena.cpp:197), pid=12012, tid=38032
#
# JRE version: Java(TM) SE Runtime Environment 18.9 (11.0.17+10) (build 11.0.17+10-LTS-269)
# Java VM: Java HotSpot(TM) 64-Bit Server VM 18.9 (11.0.17+10-LTS-269, mixed mode, tiered, compressed oops, g1 gc, windows-amd64)
# No core dump will be written. Minidumps are not enabled by default on client versions of Windows
#

---------------  S U M M A R Y ------------

Command Line: -Dfile.encoding=UTF-8 -Duser.country=US -Duser.language=en -Duser.variant seedu.dengue.Main

Host: 11th Gen Intel(R) Core(TM) i7-1165G7 @ 2.80GHz, 8 cores, 15G,  Windows 10 , 64 bit Build 19041 (10.0.19041.2546)
Time: Thu Mar 30 03:15:55 2023 Malay Peninsula Standard Time elapsed time: 10.126320 seconds (0d 0h 0m 10s)

---------------  T H R E A D  ---------------

Current thread (0x00000260d9c38000):  JavaThread "C2 CompilerThread0" daemon [_thread_in_native, id=38032, stack(0x000000a419d00000,0x000000a419e00000)]


Current CompileTask:
C2:  10126 3636       4       com.sun.marlin.DRenderer::_endRendering (2473 bytes)

Stack: [0x000000a419d00000,0x000000a419e00000]
Native frames: (J=compiled Java code, j=interpreted, Vv=VM code, C=native code)
V  [jvm.dll+0x62b5da]
V  [jvm.dll+0x7653df]
V  [jvm.dll+0x766a89]
V  [jvm.dll+0x767113]
V  [jvm.dll+0x23dd28]
V  [jvm.dll+0xb2a1c]
V  [jvm.dll+0xb2fdc]
V  [jvm.dll+0x2aeaa4]
V  [jvm.dll+0x53e83b]
V  [jvm.dll+0x200b17]
V  [jvm.dll+0x1fa89a]
V  [jvm.dll+0x1f77dd]
V  [jvm.dll+0x177c91]
V  [jvm.dll+0x207296]
V  [jvm.dll+0x20542b]
V  [jvm.dll+0x72b2c0]
V  [jvm.dll+0x723e64]
V  [jvm.dll+0x62a485]
C  [ucrtbase.dll+0x21bb2]
C  [KERNEL32.DLL+0x17614]
C  [ntdll.dll+0x526a1]


---------------  P R O C E S S  ---------------

Threads class SMR info:
_java_thread_list=0x00000260e1f58810, length=17, elements={
0x00000260b677f000, 0x00000260d934c000, 0x00000260d9356800, 0x00000260d9c2d800,
0x00000260d9c30800, 0x00000260d9c31800, 0x00000260d9c38000, 0x00000260d9c3e000,
0x00000260d9c41000, 0x00000260d9dd0000, 0x00000260d9e4d800, 0x00000260da34f000,
0x00000260da34c000, 0x00000260da859800, 0x00000260daad8000, 0x00000260db490000,
0x00000260db491000
}

Java Threads: ( => current thread )
  0x00000260b677f000 JavaThread "main" [_thread_blocked, id=24076, stack(0x000000a419100000,0x000000a419200000)]
  0x00000260d934c000 JavaThread "Reference Handler" daemon [_thread_blocked, id=28552, stack(0x000000a419800000,0x000000a419900000)]
  0x00000260d9356800 JavaThread "Finalizer" daemon [_thread_blocked, id=35248, stack(0x000000a419900000,0x000000a419a00000)]
  0x00000260d9c2d800 JavaThread "Signal Dispatcher" daemon [_thread_blocked, id=42412, stack(0x000000a419a00000,0x000000a419b00000)]
  0x00000260d9c30800 JavaThread "Attach Listener" daemon [_thread_blocked, id=13132, stack(0x000000a419b00000,0x000000a419c00000)]
  0x00000260d9c31800 JavaThread "Service Thread" daemon [_thread_blocked, id=38816, stack(0x000000a419c00000,0x000000a419d00000)]
=>0x00000260d9c38000 JavaThread "C2 CompilerThread0" daemon [_thread_in_native, id=38032, stack(0x000000a419d00000,0x000000a419e00000)]
  0x00000260d9c3e000 JavaThread "C1 CompilerThread0" daemon [_thread_blocked, id=33888, stack(0x000000a419e00000,0x000000a419f00000)]
  0x00000260d9c41000 JavaThread "Sweeper thread" daemon [_thread_blocked, id=31640, stack(0x000000a419f00000,0x000000a41a000000)]
  0x00000260d9dd0000 JavaThread "Common-Cleaner" daemon [_thread_blocked, id=15760, stack(0x000000a41a100000,0x000000a41a200000)]
  0x00000260d9e4d800 JavaThread "JavaFX-Launcher" [_thread_blocked, id=27576, stack(0x000000a41a300000,0x000000a41a400000)]
  0x00000260da34f000 JavaThread "QuantumRenderer-0" daemon [_thread_blocked, id=1624, stack(0x000000a41a400000,0x000000a41a500000)]
  0x00000260da34c000 JavaThread "InvokeLaterDispatcher" daemon [_thread_blocked, id=29236, stack(0x000000a41a500000,0x000000a41a600000)]
  0x00000260da859800 JavaThread "JavaFX Application Thread" [_thread_in_native, id=31400, stack(0x000000a41a600000,0x000000a41a700000)]
  0x00000260daad8000 JavaThread "Thread-2" daemon [_thread_in_native, id=15888, stack(0x000000a41aa00000,0x000000a41ab00000)]
  0x00000260db490000 JavaThread "Prism Font Disposer" daemon [_thread_blocked, id=6328, stack(0x000000a41b500000,0x000000a41b600000)]
  0x00000260db491000 JavaThread "Cleaner-0" daemon [_thread_blocked, id=40128, stack(0x000000a41b600000,0x000000a41b700000)]

Other Threads:
  0x00000260d9349800 VMThread "VM Thread" [stack: 0x000000a419700000,0x000000a419800000] [id=27152]
  0x00000260d9dcb000 WatcherThread [stack: 0x000000a41a000000,0x000000a41a100000] [id=2216]
  0x00000260b6793800 GCTaskThread "GC Thread#0" [stack: 0x000000a419200000,0x000000a419300000] [id=12636]
  0x00000260dae0a000 GCTaskThread "GC Thread#1" [stack: 0x000000a41ab00000,0x000000a41ac00000] [id=8936]
  0x00000260dae1a800 GCTaskThread "GC Thread#2" [stack: 0x000000a41ac00000,0x000000a41ad00000] [id=36924]
  0x00000260dad7b800 GCTaskThread "GC Thread#3" [stack: 0x000000a41ad00000,0x000000a41ae00000] [id=35312]
  0x00000260dab0a800 GCTaskThread "GC Thread#4" [stack: 0x000000a41ae00000,0x000000a41af00000] [id=22904]
  0x00000260d9f09000 GCTaskThread "GC Thread#5" [stack: 0x000000a41af00000,0x000000a41b000000] [id=2988]
  0x00000260b67ed800 ConcurrentGCThread "G1 Main Marker" [stack: 0x000000a419300000,0x000000a419400000] [id=19400]
  0x00000260b67ef000 ConcurrentGCThread "G1 Conc#0" [stack: 0x000000a419400000,0x000000a419500000] [id=6152]
  0x00000260db582000 ConcurrentGCThread "G1 Conc#1" [stack: 0x000000a41b000000,0x000000a41b100000] [id=41644]
  0x00000260b685e000 ConcurrentGCThread "G1 Refine#0" [stack: 0x000000a419500000,0x000000a419600000] [id=26572]
  0x00000260d9210000 ConcurrentGCThread "G1 Young RemSet Sampling" [stack: 0x000000a419600000,0x000000a419700000] [id=20368]

Threads with active compile tasks:
C2 CompilerThread0    10143 3636       4       com.sun.marlin.DRenderer::_endRendering (2473 bytes)

VM state:not at safepoint (normal execution)

VM Mutex/Monitor currently owned by a thread: None

Heap address: 0x0000000703200000, size: 4046 MB, Compressed Oops mode: Zero based, Oop shift amount: 3
Narrow klass base: 0x0000000800000000, Narrow klass shift: 0
Compressed class space size: 1073741824 Address: 0x0000000800000000

Heap:
 garbage-first heap   total 260096K, used 66661K [0x0000000703200000, 0x0000000800000000)
  region size 1024K, 57 young (58368K), 2 survivors (2048K)
 Metaspace       used 32635K, capacity 33989K, committed 34172K, reserved 1079296K
  class space    used 4187K, capacity 4764K, committed 4812K, reserved 1048576K
Heap Regions: E=young(eden), S=young(survivor), O=old, HS=humongous(starts), HC=humongous(continues), CS=collection set, F=free, A=archive, TAMS=top-at-mark-start (previous, next)
|   0|0x0000000703200000, 0x0000000703300000, 0x0000000703300000|100%| O|  |TAMS 0x0000000703300000, 0x0000000703200000| Untracked 
|   1|0x0000000703300000, 0x0000000703400000, 0x0000000703400000|100%| O|  |TAMS 0x0000000703400000, 0x0000000703300000| Untracked 
|   2|0x0000000703400000, 0x0000000703500000, 0x0000000703500000|100%| O|  |TAMS 0x0000000703500000, 0x0000000703400000| Untracked 
|   3|0x0000000703500000, 0x0000000703600000, 0x0000000703600000|100%| O|  |TAMS 0x0000000703600000, 0x0000000703500000| Untracked 
|   4|0x0000000703600000, 0x0000000703700000, 0x0000000703700000|100%| O|  |TAMS 0x0000000703700000, 0x0000000703600000| Untracked 
|   5|0x0000000703700000, 0x000000070379c200, 0x0000000703800000| 60%| O|  |TAMS 0x000000070379c200, 0x0000000703700000| Untracked 
|   6|0x0000000703800000, 0x0000000703900000, 0x0000000703900000|100%|HS|  |TAMS 0x0000000703800000, 0x0000000703800000| Complete 
|   7|0x0000000703900000, 0x0000000703a00000, 0x0000000703a00000|100%|HC|  |TAMS 0x0000000703900000, 0x0000000703900000| Complete 
|   8|0x0000000703a00000, 0x0000000703b00000, 0x0000000703b00000|100%|HS|  |TAMS 0x0000000703a00000, 0x0000000703a00000| Complete 
|   9|0x0000000703b00000, 0x0000000703c00000, 0x0000000703c00000|100%|HC|  |TAMS 0x0000000703b00000, 0x0000000703b00000| Complete 
|  10|0x0000000703c00000, 0x0000000703c00000, 0x0000000703d00000|  0%| F|  |TAMS 0x0000000703c00000, 0x0000000703c00000| Untracked 
|  11|0x0000000703d00000, 0x0000000703d00000, 0x0000000703e00000|  0%| F|  |TAMS 0x0000000703d00000, 0x0000000703d00000| Untracked 
|  12|0x0000000703e00000, 0x0000000703e00000, 0x0000000703f00000|  0%| F|  |TAMS 0x0000000703e00000, 0x0000000703e00000| Untracked 
|  13|0x0000000703f00000, 0x0000000703f00000, 0x0000000704000000|  0%| F|  |TAMS 0x0000000703f00000, 0x0000000703f00000| Untracked 
|  14|0x0000000704000000, 0x0000000704000000, 0x0000000704100000|  0%| F|  |TAMS 0x0000000704000000, 0x0000000704000000| Untracked 
|  15|0x0000000704100000, 0x0000000704100000, 0x0000000704200000|  0%| F|  |TAMS 0x0000000704100000, 0x0000000704100000| Untracked 
|  16|0x0000000704200000, 0x0000000704200000, 0x0000000704300000|  0%| F|  |TAMS 0x0000000704200000, 0x0000000704200000| Untracked 
|  17|0x0000000704300000, 0x0000000704300000, 0x0000000704400000|  0%| F|  |TAMS 0x0000000704300000, 0x0000000704300000| Untracked 
|  18|0x0000000704400000, 0x0000000704400000, 0x0000000704500000|  0%| F|  |TAMS 0x0000000704400000, 0x0000000704400000| Untracked 
|  19|0x0000000704500000, 0x0000000704500000, 0x0000000704600000|  0%| F|  |TAMS 0x0000000704500000, 0x0000000704500000| Untracked 
|  20|0x0000000704600000, 0x0000000704600000, 0x0000000704700000|  0%| F|  |TAMS 0x0000000704600000, 0x0000000704600000| Untracked 
|  21|0x0000000704700000, 0x0000000704700000, 0x0000000704800000|  0%| F|  |TAMS 0x0000000704700000, 0x0000000704700000| Untracked 
|  22|0x0000000704800000, 0x0000000704800000, 0x0000000704900000|  0%| F|  |TAMS 0x0000000704800000, 0x0000000704800000| Untracked 
|  23|0x0000000704900000, 0x0000000704900000, 0x0000000704a00000|  0%| F|  |TAMS 0x0000000704900000, 0x0000000704900000| Untracked 
|  24|0x0000000704a00000, 0x0000000704a00000, 0x0000000704b00000|  0%| F|  |TAMS 0x0000000704a00000, 0x0000000704a00000| Untracked 
|  25|0x0000000704b00000, 0x0000000704b00000, 0x0000000704c00000|  0%| F|  |TAMS 0x0000000704b00000, 0x0000000704b00000| Untracked 
|  26|0x0000000704c00000, 0x0000000704c00000, 0x0000000704d00000|  0%| F|  |TAMS 0x0000000704c00000, 0x0000000704c00000| Untracked 
|  27|0x0000000704d00000, 0x0000000704d00000, 0x0000000704e00000|  0%| F|  |TAMS 0x0000000704d00000, 0x0000000704d00000| Untracked 
|  28|0x0000000704e00000, 0x0000000704e00000, 0x0000000704f00000|  0%| F|  |TAMS 0x0000000704e00000, 0x0000000704e00000| Untracked 
|  29|0x0000000704f00000, 0x0000000704f00000, 0x0000000705000000|  0%| F|  |TAMS 0x0000000704f00000, 0x0000000704f00000| Untracked 
|  30|0x0000000705000000, 0x0000000705000000, 0x0000000705100000|  0%| F|  |TAMS 0x0000000705000000, 0x0000000705000000| Untracked 
|  31|0x0000000705100000, 0x0000000705100000, 0x0000000705200000|  0%| F|  |TAMS 0x0000000705100000, 0x0000000705100000| Untracked 
|  32|0x0000000705200000, 0x0000000705200000, 0x0000000705300000|  0%| F|  |TAMS 0x0000000705200000, 0x0000000705200000| Untracked 
|  33|0x0000000705300000, 0x0000000705300000, 0x0000000705400000|  0%| F|  |TAMS 0x0000000705300000, 0x0000000705300000| Untracked 
|  34|0x0000000705400000, 0x0000000705400000, 0x0000000705500000|  0%| F|  |TAMS 0x0000000705400000, 0x0000000705400000| Untracked 
|  35|0x0000000705500000, 0x0000000705500000, 0x0000000705600000|  0%| F|  |TAMS 0x0000000705500000, 0x0000000705500000| Untracked 
|  36|0x0000000705600000, 0x0000000705600000, 0x0000000705700000|  0%| F|  |TAMS 0x0000000705600000, 0x0000000705600000| Untracked 
|  37|0x0000000705700000, 0x0000000705700000, 0x0000000705800000|  0%| F|  |TAMS 0x0000000705700000, 0x0000000705700000| Untracked 
|  38|0x0000000705800000, 0x0000000705800000, 0x0000000705900000|  0%| F|  |TAMS 0x0000000705800000, 0x0000000705800000| Untracked 
|  39|0x0000000705900000, 0x0000000705900000, 0x0000000705a00000|  0%| F|  |TAMS 0x0000000705900000, 0x0000000705900000| Untracked 
|  40|0x0000000705a00000, 0x0000000705a00000, 0x0000000705b00000|  0%| F|  |TAMS 0x0000000705a00000, 0x0000000705a00000| Untracked 
|  41|0x0000000705b00000, 0x0000000705b00000, 0x0000000705c00000|  0%| F|  |TAMS 0x0000000705b00000, 0x0000000705b00000| Untracked 
|  42|0x0000000705c00000, 0x0000000705c00000, 0x0000000705d00000|  0%| F|  |TAMS 0x0000000705c00000, 0x0000000705c00000| Untracked 
|  43|0x0000000705d00000, 0x0000000705d00000, 0x0000000705e00000|  0%| F|  |TAMS 0x0000000705d00000, 0x0000000705d00000| Untracked 
|  44|0x0000000705e00000, 0x0000000705e00000, 0x0000000705f00000|  0%| F|  |TAMS 0x0000000705e00000, 0x0000000705e00000| Untracked 
|  45|0x0000000705f00000, 0x0000000705f00000, 0x0000000706000000|  0%| F|  |TAMS 0x0000000705f00000, 0x0000000705f00000| Untracked 
|  46|0x0000000706000000, 0x0000000706000000, 0x0000000706100000|  0%| F|  |TAMS 0x0000000706000000, 0x0000000706000000| Untracked 
|  47|0x0000000706100000, 0x0000000706100000, 0x0000000706200000|  0%| F|  |TAMS 0x0000000706100000, 0x0000000706100000| Untracked 
|  48|0x0000000706200000, 0x0000000706200000, 0x0000000706300000|  0%| F|  |TAMS 0x0000000706200000, 0x0000000706200000| Untracked 
|  49|0x0000000706300000, 0x0000000706300000, 0x0000000706400000|  0%| F|  |TAMS 0x0000000706300000, 0x0000000706300000| Untracked 
|  50|0x0000000706400000, 0x0000000706400000, 0x0000000706500000|  0%| F|  |TAMS 0x0000000706400000, 0x0000000706400000| Untracked 
|  51|0x0000000706500000, 0x0000000706500000, 0x0000000706600000|  0%| F|  |TAMS 0x0000000706500000, 0x0000000706500000| Untracked 
|  52|0x0000000706600000, 0x0000000706600000, 0x0000000706700000|  0%| F|  |TAMS 0x0000000706600000, 0x0000000706600000| Untracked 
|  53|0x0000000706700000, 0x0000000706700000, 0x0000000706800000|  0%| F|  |TAMS 0x0000000706700000, 0x0000000706700000| Untracked 
|  54|0x0000000706800000, 0x0000000706800000, 0x0000000706900000|  0%| F|  |TAMS 0x0000000706800000, 0x0000000706800000| Untracked 
|  55|0x0000000706900000, 0x0000000706900000, 0x0000000706a00000|  0%| F|  |TAMS 0x0000000706900000, 0x0000000706900000| Untracked 
|  56|0x0000000706a00000, 0x0000000706a00000, 0x0000000706b00000|  0%| F|  |TAMS 0x0000000706a00000, 0x0000000706a00000| Untracked 
|  57|0x0000000706b00000, 0x0000000706b00000, 0x0000000706c00000|  0%| F|  |TAMS 0x0000000706b00000, 0x0000000706b00000| Untracked 
|  58|0x0000000706c00000, 0x0000000706c00000, 0x0000000706d00000|  0%| F|  |TAMS 0x0000000706c00000, 0x0000000706c00000| Untracked 
|  59|0x0000000706d00000, 0x0000000706d00000, 0x0000000706e00000|  0%| F|  |TAMS 0x0000000706d00000, 0x0000000706d00000| Untracked 
|  60|0x0000000706e00000, 0x0000000706e00000, 0x0000000706f00000|  0%| F|  |TAMS 0x0000000706e00000, 0x0000000706e00000| Untracked 
|  61|0x0000000706f00000, 0x0000000706f00000, 0x0000000707000000|  0%| F|  |TAMS 0x0000000706f00000, 0x0000000706f00000| Untracked 
|  62|0x0000000707000000, 0x0000000707000000, 0x0000000707100000|  0%| F|  |TAMS 0x0000000707000000, 0x0000000707000000| Untracked 
|  63|0x0000000707100000, 0x0000000707100000, 0x0000000707200000|  0%| F|  |TAMS 0x0000000707100000, 0x0000000707100000| Untracked 
|  64|0x0000000707200000, 0x0000000707200000, 0x0000000707300000|  0%| F|  |TAMS 0x0000000707200000, 0x0000000707200000| Untracked 
|  65|0x0000000707300000, 0x0000000707300000, 0x0000000707400000|  0%| F|  |TAMS 0x0000000707300000, 0x0000000707300000| Untracked 
|  66|0x0000000707400000, 0x0000000707400000, 0x0000000707500000|  0%| F|  |TAMS 0x0000000707400000, 0x0000000707400000| Untracked 
|  67|0x0000000707500000, 0x0000000707500000, 0x0000000707600000|  0%| F|  |TAMS 0x0000000707500000, 0x0000000707500000| Untracked 
|  68|0x0000000707600000, 0x0000000707600000, 0x0000000707700000|  0%| F|  |TAMS 0x0000000707600000, 0x0000000707600000| Untracked 
|  69|0x0000000707700000, 0x0000000707700000, 0x0000000707800000|  0%| F|  |TAMS 0x0000000707700000, 0x0000000707700000| Untracked 
|  70|0x0000000707800000, 0x0000000707800000, 0x0000000707900000|  0%| F|  |TAMS 0x0000000707800000, 0x0000000707800000| Untracked 
|  71|0x0000000707900000, 0x0000000707900000, 0x0000000707a00000|  0%| F|  |TAMS 0x0000000707900000, 0x0000000707900000| Untracked 
|  72|0x0000000707a00000, 0x0000000707a00000, 0x0000000707b00000|  0%| F|  |TAMS 0x0000000707a00000, 0x0000000707a00000| Untracked 
|  73|0x0000000707b00000, 0x0000000707b00000, 0x0000000707c00000|  0%| F|  |TAMS 0x0000000707b00000, 0x0000000707b00000| Untracked 
|  74|0x0000000707c00000, 0x0000000707c00000, 0x0000000707d00000|  0%| F|  |TAMS 0x0000000707c00000, 0x0000000707c00000| Untracked 
|  75|0x0000000707d00000, 0x0000000707d00000, 0x0000000707e00000|  0%| F|  |TAMS 0x0000000707d00000, 0x0000000707d00000| Untracked 
|  76|0x0000000707e00000, 0x0000000707e00000, 0x0000000707f00000|  0%| F|  |TAMS 0x0000000707e00000, 0x0000000707e00000| Untracked 
|  77|0x0000000707f00000, 0x0000000707f00000, 0x0000000708000000|  0%| F|  |TAMS 0x0000000707f00000, 0x0000000707f00000| Untracked 
|  78|0x0000000708000000, 0x0000000708000000, 0x0000000708100000|  0%| F|  |TAMS 0x0000000708000000, 0x0000000708000000| Untracked 
|  79|0x0000000708100000, 0x0000000708100000, 0x0000000708200000|  0%| F|  |TAMS 0x0000000708100000, 0x0000000708100000| Untracked 
|  80|0x0000000708200000, 0x0000000708200000, 0x0000000708300000|  0%| F|  |TAMS 0x0000000708200000, 0x0000000708200000| Untracked 
|  81|0x0000000708300000, 0x0000000708300000, 0x0000000708400000|  0%| F|  |TAMS 0x0000000708300000, 0x0000000708300000| Untracked 
|  82|0x0000000708400000, 0x0000000708400000, 0x0000000708500000|  0%| F|  |TAMS 0x0000000708400000, 0x0000000708400000| Untracked 
|  83|0x0000000708500000, 0x0000000708500000, 0x0000000708600000|  0%| F|  |TAMS 0x0000000708500000, 0x0000000708500000| Untracked 
|  84|0x0000000708600000, 0x0000000708600000, 0x0000000708700000|  0%| F|  |TAMS 0x0000000708600000, 0x0000000708600000| Untracked 
|  85|0x0000000708700000, 0x0000000708700000, 0x0000000708800000|  0%| F|  |TAMS 0x0000000708700000, 0x0000000708700000| Untracked 
|  86|0x0000000708800000, 0x0000000708800000, 0x0000000708900000|  0%| F|  |TAMS 0x0000000708800000, 0x0000000708800000| Untracked 
|  87|0x0000000708900000, 0x0000000708900000, 0x0000000708a00000|  0%| F|  |TAMS 0x0000000708900000, 0x0000000708900000| Untracked 
|  88|0x0000000708a00000, 0x0000000708a00000, 0x0000000708b00000|  0%| F|  |TAMS 0x0000000708a00000, 0x0000000708a00000| Untracked 
|  89|0x0000000708b00000, 0x0000000708b00000, 0x0000000708c00000|  0%| F|  |TAMS 0x0000000708b00000, 0x0000000708b00000| Untracked 
|  90|0x0000000708c00000, 0x0000000708c00000, 0x0000000708d00000|  0%| F|  |TAMS 0x0000000708c00000, 0x0000000708c00000| Untracked 
|  91|0x0000000708d00000, 0x0000000708d00000, 0x0000000708e00000|  0%| F|  |TAMS 0x0000000708d00000, 0x0000000708d00000| Untracked 
|  92|0x0000000708e00000, 0x0000000708e00000, 0x0000000708f00000|  0%| F|  |TAMS 0x0000000708e00000, 0x0000000708e00000| Untracked 
|  93|0x0000000708f00000, 0x0000000708f00000, 0x0000000709000000|  0%| F|  |TAMS 0x0000000708f00000, 0x0000000708f00000| Untracked 
|  94|0x0000000709000000, 0x0000000709000000, 0x0000000709100000|  0%| F|  |TAMS 0x0000000709000000, 0x0000000709000000| Untracked 
|  95|0x0000000709100000, 0x0000000709100000, 0x0000000709200000|  0%| F|  |TAMS 0x0000000709100000, 0x0000000709100000| Untracked 
|  96|0x0000000709200000, 0x0000000709200000, 0x0000000709300000|  0%| F|  |TAMS 0x0000000709200000, 0x0000000709200000| Untracked 
|  97|0x0000000709300000, 0x0000000709300000, 0x0000000709400000|  0%| F|  |TAMS 0x0000000709300000, 0x0000000709300000| Untracked 
|  98|0x0000000709400000, 0x0000000709400000, 0x0000000709500000|  0%| F|  |TAMS 0x0000000709400000, 0x0000000709400000| Untracked 
|  99|0x0000000709500000, 0x0000000709500000, 0x0000000709600000|  0%| F|  |TAMS 0x0000000709500000, 0x0000000709500000| Untracked 
| 100|0x0000000709600000, 0x0000000709600000, 0x0000000709700000|  0%| F|  |TAMS 0x0000000709600000, 0x0000000709600000| Untracked 
| 101|0x0000000709700000, 0x0000000709700000, 0x0000000709800000|  0%| F|  |TAMS 0x0000000709700000, 0x0000000709700000| Untracked 
| 102|0x0000000709800000, 0x0000000709800000, 0x0000000709900000|  0%| F|  |TAMS 0x0000000709800000, 0x0000000709800000| Untracked 
| 103|0x0000000709900000, 0x0000000709900000, 0x0000000709a00000|  0%| F|  |TAMS 0x0000000709900000, 0x0000000709900000| Untracked 
| 104|0x0000000709a00000, 0x0000000709a00000, 0x0000000709b00000|  0%| F|  |TAMS 0x0000000709a00000, 0x0000000709a00000| Untracked 
| 105|0x0000000709b00000, 0x0000000709b00000, 0x0000000709c00000|  0%| F|  |TAMS 0x0000000709b00000, 0x0000000709b00000| Untracked 
| 106|0x0000000709c00000, 0x0000000709c00000, 0x0000000709d00000|  0%| F|  |TAMS 0x0000000709c00000, 0x0000000709c00000| Untracked 
| 107|0x0000000709d00000, 0x0000000709d00000, 0x0000000709e00000|  0%| F|  |TAMS 0x0000000709d00000, 0x0000000709d00000| Untracked 
| 108|0x0000000709e00000, 0x0000000709e00000, 0x0000000709f00000|  0%| F|  |TAMS 0x0000000709e00000, 0x0000000709e00000| Untracked 
| 109|0x0000000709f00000, 0x0000000709f00000, 0x000000070a000000|  0%| F|  |TAMS 0x0000000709f00000, 0x0000000709f00000| Untracked 
| 110|0x000000070a000000, 0x000000070a000000, 0x000000070a100000|  0%| F|  |TAMS 0x000000070a000000, 0x000000070a000000| Untracked 
| 111|0x000000070a100000, 0x000000070a100000, 0x000000070a200000|  0%| F|  |TAMS 0x000000070a100000, 0x000000070a100000| Untracked 
| 112|0x000000070a200000, 0x000000070a200000, 0x000000070a300000|  0%| F|  |TAMS 0x000000070a200000, 0x000000070a200000| Untracked 
| 113|0x000000070a300000, 0x000000070a300000, 0x000000070a400000|  0%| F|  |TAMS 0x000000070a300000, 0x000000070a300000| Untracked 
| 114|0x000000070a400000, 0x000000070a400000, 0x000000070a500000|  0%| F|  |TAMS 0x000000070a400000, 0x000000070a400000| Untracked 
| 115|0x000000070a500000, 0x000000070a500000, 0x000000070a600000|  0%| F|  |TAMS 0x000000070a500000, 0x000000070a500000| Untracked 
| 116|0x000000070a600000, 0x000000070a600000, 0x000000070a700000|  0%| F|  |TAMS 0x000000070a600000, 0x000000070a600000| Untracked 
| 117|0x000000070a700000, 0x000000070a700000, 0x000000070a800000|  0%| F|  |TAMS 0x000000070a700000, 0x000000070a700000| Untracked 
| 118|0x000000070a800000, 0x000000070a800000, 0x000000070a900000|  0%| F|  |TAMS 0x000000070a800000, 0x000000070a800000| Untracked 
| 119|0x000000070a900000, 0x000000070a900000, 0x000000070aa00000|  0%| F|  |TAMS 0x000000070a900000, 0x000000070a900000| Untracked 
| 120|0x000000070aa00000, 0x000000070aa00000, 0x000000070ab00000|  0%| F|  |TAMS 0x000000070aa00000, 0x000000070aa00000| Untracked 
| 121|0x000000070ab00000, 0x000000070ab00000, 0x000000070ac00000|  0%| F|  |TAMS 0x000000070ab00000, 0x000000070ab00000| Untracked 
| 122|0x000000070ac00000, 0x000000070ac00000, 0x000000070ad00000|  0%| F|  |TAMS 0x000000070ac00000, 0x000000070ac00000| Untracked 
| 123|0x000000070ad00000, 0x000000070ad00000, 0x000000070ae00000|  0%| F|  |TAMS 0x000000070ad00000, 0x000000070ad00000| Untracked 
| 124|0x000000070ae00000, 0x000000070ae00000, 0x000000070af00000|  0%| F|  |TAMS 0x000000070ae00000, 0x000000070ae00000| Untracked 
| 125|0x000000070af00000, 0x000000070af00000, 0x000000070b000000|  0%| F|  |TAMS 0x000000070af00000, 0x000000070af00000| Untracked 
| 126|0x000000070b000000, 0x000000070b000000, 0x000000070b100000|  0%| F|  |TAMS 0x000000070b000000, 0x000000070b000000| Untracked 
| 127|0x000000070b100000, 0x000000070b100000, 0x000000070b200000|  0%| F|  |TAMS 0x000000070b100000, 0x000000070b100000| Untracked 
| 128|0x000000070b200000, 0x000000070b200000, 0x000000070b300000|  0%| F|  |TAMS 0x000000070b200000, 0x000000070b200000| Untracked 
| 129|0x000000070b300000, 0x000000070b300000, 0x000000070b400000|  0%| F|  |TAMS 0x000000070b300000, 0x000000070b300000| Untracked 
| 130|0x000000070b400000, 0x000000070b400000, 0x000000070b500000|  0%| F|  |TAMS 0x000000070b400000, 0x000000070b400000| Untracked 
| 131|0x000000070b500000, 0x000000070b500000, 0x000000070b600000|  0%| F|  |TAMS 0x000000070b500000, 0x000000070b500000| Untracked 
| 132|0x000000070b600000, 0x000000070b600000, 0x000000070b700000|  0%| F|  |TAMS 0x000000070b600000, 0x000000070b600000| Untracked 
| 133|0x000000070b700000, 0x000000070b700000, 0x000000070b800000|  0%| F|  |TAMS 0x000000070b700000, 0x000000070b700000| Untracked 
| 134|0x000000070b800000, 0x000000070b800000, 0x000000070b900000|  0%| F|  |TAMS 0x000000070b800000, 0x000000070b800000| Untracked 
| 135|0x000000070b900000, 0x000000070b900000, 0x000000070ba00000|  0%| F|  |TAMS 0x000000070b900000, 0x000000070b900000| Untracked 
| 136|0x000000070ba00000, 0x000000070ba00000, 0x000000070bb00000|  0%| F|  |TAMS 0x000000070ba00000, 0x000000070ba00000| Untracked 
| 137|0x000000070bb00000, 0x000000070bb00000, 0x000000070bc00000|  0%| F|  |TAMS 0x000000070bb00000, 0x000000070bb00000| Untracked 
| 138|0x000000070bc00000, 0x000000070bc00000, 0x000000070bd00000|  0%| F|  |TAMS 0x000000070bc00000, 0x000000070bc00000| Untracked 
| 139|0x000000070bd00000, 0x000000070bd00000, 0x000000070be00000|  0%| F|  |TAMS 0x000000070bd00000, 0x000000070bd00000| Untracked 
| 140|0x000000070be00000, 0x000000070be00000, 0x000000070bf00000|  0%| F|  |TAMS 0x000000070be00000, 0x000000070be00000| Untracked 
| 141|0x000000070bf00000, 0x000000070bf00000, 0x000000070c000000|  0%| F|  |TAMS 0x000000070bf00000, 0x000000070bf00000| Untracked 
| 142|0x000000070c000000, 0x000000070c000000, 0x000000070c100000|  0%| F|  |TAMS 0x000000070c000000, 0x000000070c000000| Untracked 
| 143|0x000000070c100000, 0x000000070c100000, 0x000000070c200000|  0%| F|  |TAMS 0x000000070c100000, 0x000000070c100000| Untracked 
| 144|0x000000070c200000, 0x000000070c200000, 0x000000070c300000|  0%| F|  |TAMS 0x000000070c200000, 0x000000070c200000| Untracked 
| 145|0x000000070c300000, 0x000000070c300000, 0x000000070c400000|  0%| F|  |TAMS 0x000000070c300000, 0x000000070c300000| Untracked 
| 146|0x000000070c400000, 0x000000070c400000, 0x000000070c500000|  0%| F|  |TAMS 0x000000070c400000, 0x000000070c400000| Untracked 
| 147|0x000000070c500000, 0x000000070c500000, 0x000000070c600000|  0%| F|  |TAMS 0x000000070c500000, 0x000000070c500000| Untracked 
| 148|0x000000070c600000, 0x000000070c600000, 0x000000070c700000|  0%| F|  |TAMS 0x000000070c600000, 0x000000070c600000| Untracked 
| 149|0x000000070c700000, 0x000000070c700000, 0x000000070c800000|  0%| F|  |TAMS 0x000000070c700000, 0x000000070c700000| Untracked 
| 150|0x000000070c800000, 0x000000070c800000, 0x000000070c900000|  0%| F|  |TAMS 0x000000070c800000, 0x000000070c800000| Untracked 
| 151|0x000000070c900000, 0x000000070c900000, 0x000000070ca00000|  0%| F|  |TAMS 0x000000070c900000, 0x000000070c900000| Untracked 
| 152|0x000000070ca00000, 0x000000070ca00000, 0x000000070cb00000|  0%| F|  |TAMS 0x000000070ca00000, 0x000000070ca00000| Untracked 
| 153|0x000000070cb00000, 0x000000070cb00000, 0x000000070cc00000|  0%| F|  |TAMS 0x000000070cb00000, 0x000000070cb00000| Untracked 
| 154|0x000000070cc00000, 0x000000070cc00000, 0x000000070cd00000|  0%| F|  |TAMS 0x000000070cc00000, 0x000000070cc00000| Untracked 
| 155|0x000000070cd00000, 0x000000070cd00000, 0x000000070ce00000|  0%| F|  |TAMS 0x000000070cd00000, 0x000000070cd00000| Untracked 
| 156|0x000000070ce00000, 0x000000070ce00000, 0x000000070cf00000|  0%| F|  |TAMS 0x000000070ce00000, 0x000000070ce00000| Untracked 
| 157|0x000000070cf00000, 0x000000070cf00000, 0x000000070d000000|  0%| F|  |TAMS 0x000000070cf00000, 0x000000070cf00000| Untracked 
| 158|0x000000070d000000, 0x000000070d000000, 0x000000070d100000|  0%| F|  |TAMS 0x000000070d000000, 0x000000070d000000| Untracked 
| 159|0x000000070d100000, 0x000000070d100000, 0x000000070d200000|  0%| F|  |TAMS 0x000000070d100000, 0x000000070d100000| Untracked 
| 160|0x000000070d200000, 0x000000070d200000, 0x000000070d300000|  0%| F|  |TAMS 0x000000070d200000, 0x000000070d200000| Untracked 
| 161|0x000000070d300000, 0x000000070d300000, 0x000000070d400000|  0%| F|  |TAMS 0x000000070d300000, 0x000000070d300000| Untracked 
| 162|0x000000070d400000, 0x000000070d400000, 0x000000070d500000|  0%| F|  |TAMS 0x000000070d400000, 0x000000070d400000| Untracked 
| 163|0x000000070d500000, 0x000000070d500000, 0x000000070d600000|  0%| F|  |TAMS 0x000000070d500000, 0x000000070d500000| Untracked 
| 164|0x000000070d600000, 0x000000070d600000, 0x000000070d700000|  0%| F|  |TAMS 0x000000070d600000, 0x000000070d600000| Untracked 
| 165|0x000000070d700000, 0x000000070d700000, 0x000000070d800000|  0%| F|  |TAMS 0x000000070d700000, 0x000000070d700000| Untracked 
| 166|0x000000070d800000, 0x000000070d800000, 0x000000070d900000|  0%| F|  |TAMS 0x000000070d800000, 0x000000070d800000| Untracked 
| 167|0x000000070d900000, 0x000000070d900000, 0x000000070da00000|  0%| F|  |TAMS 0x000000070d900000, 0x000000070d900000| Untracked 
| 168|0x000000070da00000, 0x000000070da00000, 0x000000070db00000|  0%| F|  |TAMS 0x000000070da00000, 0x000000070da00000| Untracked 
| 169|0x000000070db00000, 0x000000070db00000, 0x000000070dc00000|  0%| F|  |TAMS 0x000000070db00000, 0x000000070db00000| Untracked 
| 170|0x000000070dc00000, 0x000000070dc00000, 0x000000070dd00000|  0%| F|  |TAMS 0x000000070dc00000, 0x000000070dc00000| Untracked 
| 171|0x000000070dd00000, 0x000000070dd00000, 0x000000070de00000|  0%| F|  |TAMS 0x000000070dd00000, 0x000000070dd00000| Untracked 
| 172|0x000000070de00000, 0x000000070de00000, 0x000000070df00000|  0%| F|  |TAMS 0x000000070de00000, 0x000000070de00000| Untracked 
| 173|0x000000070df00000, 0x000000070df00000, 0x000000070e000000|  0%| F|  |TAMS 0x000000070df00000, 0x000000070df00000| Untracked 
| 174|0x000000070e000000, 0x000000070e000000, 0x000000070e100000|  0%| F|  |TAMS 0x000000070e000000, 0x000000070e000000| Untracked 
| 175|0x000000070e100000, 0x000000070e100000, 0x000000070e200000|  0%| F|  |TAMS 0x000000070e100000, 0x000000070e100000| Untracked 
| 176|0x000000070e200000, 0x000000070e200000, 0x000000070e300000|  0%| F|  |TAMS 0x000000070e200000, 0x000000070e200000| Untracked 
| 177|0x000000070e300000, 0x000000070e300000, 0x000000070e400000|  0%| F|  |TAMS 0x000000070e300000, 0x000000070e300000| Untracked 
| 178|0x000000070e400000, 0x000000070e400000, 0x000000070e500000|  0%| F|  |TAMS 0x000000070e400000, 0x000000070e400000| Untracked 
| 179|0x000000070e500000, 0x000000070e500000, 0x000000070e600000|  0%| F|  |TAMS 0x000000070e500000, 0x000000070e500000| Untracked 
| 180|0x000000070e600000, 0x000000070e600000, 0x000000070e700000|  0%| F|  |TAMS 0x000000070e600000, 0x000000070e600000| Untracked 
| 181|0x000000070e700000, 0x000000070e700000, 0x000000070e800000|  0%| F|  |TAMS 0x000000070e700000, 0x000000070e700000| Untracked 
| 182|0x000000070e800000, 0x000000070e800000, 0x000000070e900000|  0%| F|  |TAMS 0x000000070e800000, 0x000000070e800000| Untracked 
| 183|0x000000070e900000, 0x000000070e900000, 0x000000070ea00000|  0%| F|  |TAMS 0x000000070e900000, 0x000000070e900000| Untracked 
| 184|0x000000070ea00000, 0x000000070ea00000, 0x000000070eb00000|  0%| F|  |TAMS 0x000000070ea00000, 0x000000070ea00000| Untracked 
| 185|0x000000070eb00000, 0x000000070eb00000, 0x000000070ec00000|  0%| F|  |TAMS 0x000000070eb00000, 0x000000070eb00000| Untracked 
| 186|0x000000070ec00000, 0x000000070ec00000, 0x000000070ed00000|  0%| F|  |TAMS 0x000000070ec00000, 0x000000070ec00000| Untracked 
| 187|0x000000070ed00000, 0x000000070ed00000, 0x000000070ee00000|  0%| F|  |TAMS 0x000000070ed00000, 0x000000070ed00000| Untracked 
| 188|0x000000070ee00000, 0x000000070ee00000, 0x000000070ef00000|  0%| F|  |TAMS 0x000000070ee00000, 0x000000070ee00000| Untracked 
| 189|0x000000070ef00000, 0x000000070ef00000, 0x000000070f000000|  0%| F|  |TAMS 0x000000070ef00000, 0x000000070ef00000| Untracked 
| 190|0x000000070f000000, 0x000000070f000000, 0x000000070f100000|  0%| F|  |TAMS 0x000000070f000000, 0x000000070f000000| Untracked 
| 191|0x000000070f100000, 0x000000070f100000, 0x000000070f200000|  0%| F|  |TAMS 0x000000070f100000, 0x000000070f100000| Untracked 
| 192|0x000000070f200000, 0x000000070f200000, 0x000000070f300000|  0%| F|  |TAMS 0x000000070f200000, 0x000000070f200000| Untracked 
| 193|0x000000070f300000, 0x000000070f300000, 0x000000070f400000|  0%| F|  |TAMS 0x000000070f300000, 0x000000070f300000| Untracked 
| 194|0x000000070f400000, 0x000000070f400000, 0x000000070f500000|  0%| F|  |TAMS 0x000000070f400000, 0x000000070f400000| Untracked 
| 195|0x000000070f500000, 0x000000070f500000, 0x000000070f600000|  0%| F|  |TAMS 0x000000070f500000, 0x000000070f500000| Untracked 
| 196|0x000000070f600000, 0x000000070f600000, 0x000000070f700000|  0%| F|  |TAMS 0x000000070f600000, 0x000000070f600000| Untracked 
| 197|0x000000070f700000, 0x000000070f780800, 0x000000070f800000| 50%| E|  |TAMS 0x000000070f700000, 0x000000070f700000| Complete 
| 198|0x000000070f800000, 0x000000070f900000, 0x000000070f900000|100%| E|CS|TAMS 0x000000070f800000, 0x000000070f800000| Complete 
| 199|0x000000070f900000, 0x000000070fa00000, 0x000000070fa00000|100%| E|CS|TAMS 0x000000070f900000, 0x000000070f900000| Complete 
| 200|0x000000070fa00000, 0x000000070fb00000, 0x000000070fb00000|100%| E|CS|TAMS 0x000000070fa00000, 0x000000070fa00000| Complete 
| 201|0x000000070fb00000, 0x000000070fc00000, 0x000000070fc00000|100%| E|CS|TAMS 0x000000070fb00000, 0x000000070fb00000| Complete 
| 202|0x000000070fc00000, 0x000000070fd00000, 0x000000070fd00000|100%| E|CS|TAMS 0x000000070fc00000, 0x000000070fc00000| Complete 
| 203|0x000000070fd00000, 0x000000070fe00000, 0x000000070fe00000|100%| E|CS|TAMS 0x000000070fd00000, 0x000000070fd00000| Complete 
| 204|0x000000070fe00000, 0x000000070ff00000, 0x000000070ff00000|100%| E|CS|TAMS 0x000000070fe00000, 0x000000070fe00000| Complete 
| 205|0x000000070ff00000, 0x0000000710000000, 0x0000000710000000|100%| E|CS|TAMS 0x000000070ff00000, 0x000000070ff00000| Complete 
| 206|0x0000000710000000, 0x0000000710100000, 0x0000000710100000|100%| E|CS|TAMS 0x0000000710000000, 0x0000000710000000| Complete 
| 207|0x0000000710100000, 0x0000000710200000, 0x0000000710200000|100%| E|CS|TAMS 0x0000000710100000, 0x0000000710100000| Complete 
| 208|0x0000000710200000, 0x0000000710300000, 0x0000000710300000|100%| E|CS|TAMS 0x0000000710200000, 0x0000000710200000| Complete 
| 209|0x0000000710300000, 0x0000000710400000, 0x0000000710400000|100%| E|CS|TAMS 0x0000000710300000, 0x0000000710300000| Complete 
| 210|0x0000000710400000, 0x0000000710500000, 0x0000000710500000|100%| E|CS|TAMS 0x0000000710400000, 0x0000000710400000| Complete 
| 211|0x0000000710500000, 0x0000000710600000, 0x0000000710600000|100%| E|CS|TAMS 0x0000000710500000, 0x0000000710500000| Complete 
| 212|0x0000000710600000, 0x0000000710700000, 0x0000000710700000|100%| E|CS|TAMS 0x0000000710600000, 0x0000000710600000| Complete 
| 213|0x0000000710700000, 0x0000000710800000, 0x0000000710800000|100%| E|CS|TAMS 0x0000000710700000, 0x0000000710700000| Complete 
| 214|0x0000000710800000, 0x0000000710900000, 0x0000000710900000|100%| E|CS|TAMS 0x0000000710800000, 0x0000000710800000| Complete 
| 215|0x0000000710900000, 0x0000000710a00000, 0x0000000710a00000|100%| E|CS|TAMS 0x0000000710900000, 0x0000000710900000| Complete 
| 216|0x0000000710a00000, 0x0000000710b00000, 0x0000000710b00000|100%| E|CS|TAMS 0x0000000710a00000, 0x0000000710a00000| Complete 
| 217|0x0000000710b00000, 0x0000000710c00000, 0x0000000710c00000|100%| E|CS|TAMS 0x0000000710b00000, 0x0000000710b00000| Complete 
| 218|0x0000000710c00000, 0x0000000710d00000, 0x0000000710d00000|100%| E|CS|TAMS 0x0000000710c00000, 0x0000000710c00000| Complete 
| 219|0x0000000710d00000, 0x0000000710e00000, 0x0000000710e00000|100%| E|CS|TAMS 0x0000000710d00000, 0x0000000710d00000| Complete 
| 220|0x0000000710e00000, 0x0000000710f00000, 0x0000000710f00000|100%| E|CS|TAMS 0x0000000710e00000, 0x0000000710e00000| Complete 
| 221|0x0000000710f00000, 0x0000000711000000, 0x0000000711000000|100%| E|CS|TAMS 0x0000000710f00000, 0x0000000710f00000| Complete 
| 222|0x0000000711000000, 0x0000000711100000, 0x0000000711100000|100%| E|CS|TAMS 0x0000000711000000, 0x0000000711000000| Complete 
| 223|0x0000000711100000, 0x0000000711200000, 0x0000000711200000|100%| E|CS|TAMS 0x0000000711100000, 0x0000000711100000| Complete 
| 224|0x0000000711200000, 0x0000000711300000, 0x0000000711300000|100%| E|CS|TAMS 0x0000000711200000, 0x0000000711200000| Complete 
| 225|0x0000000711300000, 0x0000000711400000, 0x0000000711400000|100%| E|CS|TAMS 0x0000000711300000, 0x0000000711300000| Complete 
| 226|0x0000000711400000, 0x0000000711500000, 0x0000000711500000|100%| E|CS|TAMS 0x0000000711400000, 0x0000000711400000| Complete 
| 227|0x0000000711500000, 0x0000000711600000, 0x0000000711600000|100%| E|CS|TAMS 0x0000000711500000, 0x0000000711500000| Complete 
| 228|0x0000000711600000, 0x0000000711700000, 0x0000000711700000|100%| E|CS|TAMS 0x0000000711600000, 0x0000000711600000| Complete 
| 229|0x0000000711700000, 0x0000000711800000, 0x0000000711800000|100%| E|CS|TAMS 0x0000000711700000, 0x0000000711700000| Complete 
| 230|0x0000000711800000, 0x0000000711900000, 0x0000000711900000|100%| E|CS|TAMS 0x0000000711800000, 0x0000000711800000| Complete 
| 231|0x0000000711900000, 0x0000000711a00000, 0x0000000711a00000|100%| E|CS|TAMS 0x0000000711900000, 0x0000000711900000| Complete 
| 232|0x0000000711a00000, 0x0000000711b00000, 0x0000000711b00000|100%| E|CS|TAMS 0x0000000711a00000, 0x0000000711a00000| Complete 
| 233|0x0000000711b00000, 0x0000000711c00000, 0x0000000711c00000|100%| E|CS|TAMS 0x0000000711b00000, 0x0000000711b00000| Complete 
| 234|0x0000000711c00000, 0x0000000711d00000, 0x0000000711d00000|100%| E|CS|TAMS 0x0000000711c00000, 0x0000000711c00000| Complete 
| 235|0x0000000711d00000, 0x0000000711e00000, 0x0000000711e00000|100%| E|CS|TAMS 0x0000000711d00000, 0x0000000711d00000| Complete 
| 236|0x0000000711e00000, 0x0000000711f00000, 0x0000000711f00000|100%| E|CS|TAMS 0x0000000711e00000, 0x0000000711e00000| Complete 
| 237|0x0000000711f00000, 0x0000000712000000, 0x0000000712000000|100%| E|CS|TAMS 0x0000000711f00000, 0x0000000711f00000| Complete 
| 238|0x0000000712000000, 0x0000000712100000, 0x0000000712100000|100%| E|CS|TAMS 0x0000000712000000, 0x0000000712000000| Complete 
| 239|0x0000000712100000, 0x0000000712200000, 0x0000000712200000|100%| E|CS|TAMS 0x0000000712100000, 0x0000000712100000| Complete 
| 240|0x0000000712200000, 0x0000000712300000, 0x0000000712300000|100%| E|CS|TAMS 0x0000000712200000, 0x0000000712200000| Complete 
| 241|0x0000000712300000, 0x0000000712400000, 0x0000000712400000|100%| E|CS|TAMS 0x0000000712300000, 0x0000000712300000| Complete 
| 242|0x0000000712400000, 0x0000000712500000, 0x0000000712500000|100%| E|CS|TAMS 0x0000000712400000, 0x0000000712400000| Complete 
| 243|0x0000000712500000, 0x0000000712600000, 0x0000000712600000|100%| E|CS|TAMS 0x0000000712500000, 0x0000000712500000| Complete 
| 244|0x0000000712600000, 0x0000000712700000, 0x0000000712700000|100%| E|CS|TAMS 0x0000000712600000, 0x0000000712600000| Complete 
| 245|0x0000000712700000, 0x000000071277d570, 0x0000000712800000| 48%| S|CS|TAMS 0x0000000712700000, 0x0000000712700000| Complete 
| 246|0x0000000712800000, 0x0000000712900000, 0x0000000712900000|100%| S|CS|TAMS 0x0000000712800000, 0x0000000712800000| Complete 
| 247|0x0000000712900000, 0x0000000712a00000, 0x0000000712a00000|100%| E|CS|TAMS 0x0000000712900000, 0x0000000712900000| Complete 
| 248|0x0000000712a00000, 0x0000000712b00000, 0x0000000712b00000|100%| E|CS|TAMS 0x0000000712a00000, 0x0000000712a00000| Complete 
| 249|0x0000000712b00000, 0x0000000712c00000, 0x0000000712c00000|100%| E|CS|TAMS 0x0000000712b00000, 0x0000000712b00000| Complete 
| 250|0x0000000712c00000, 0x0000000712d00000, 0x0000000712d00000|100%| E|CS|TAMS 0x0000000712c00000, 0x0000000712c00000| Complete 
| 251|0x0000000712d00000, 0x0000000712e00000, 0x0000000712e00000|100%| E|CS|TAMS 0x0000000712d00000, 0x0000000712d00000| Complete 
| 252|0x0000000712e00000, 0x0000000712f00000, 0x0000000712f00000|100%| E|CS|TAMS 0x0000000712e00000, 0x0000000712e00000| Complete 
| 253|0x0000000712f00000, 0x0000000713000000, 0x0000000713000000|100%| E|CS|TAMS 0x0000000712f00000, 0x0000000712f00000| Complete 

Card table byte_map: [0x00000260cd970000,0x00000260ce160000] _byte_map_base: 0x00000260ca157000

Marking Bits (Prev, Next): (CMBitMap*) 0x00000260b67dd120, (CMBitMap*) 0x00000260b67dd0e8
 Prev Bits: [0x00000260d2890000, 0x00000260d67c8000)
 Next Bits: [0x00000260ce950000, 0x00000260d2888000)

Polling page: 0x00000260b4790000

Metaspace:

Usage:
  Non-class:     28.54 MB capacity,    27.78 MB ( 97%) used,   625.53 KB (  2%) free+waste,   151.63 KB ( <1%) overhead. 
      Class:      4.65 MB capacity,     4.09 MB ( 88%) used,   497.01 KB ( 10%) free+waste,    79.31 KB (  2%) overhead. 
       Both:     33.19 MB capacity,    31.87 MB ( 96%) used,     1.10 MB (  3%) free+waste,   230.94 KB ( <1%) overhead. 

Virtual space:
  Non-class space:       30.00 MB reserved,      28.67 MB ( 96%) committed 
      Class space:        1.00 GB reserved,       4.70 MB ( <1%) committed 
             Both:        1.03 GB reserved,      33.37 MB (  3%) committed 

Chunk freelists:
   Non-Class:  896 bytes
       Class:  0 bytes
        Both:  896 bytes

CodeHeap 'non-profiled nmethods': size=120000Kb used=1771Kb max_used=1771Kb free=118228Kb
 bounds [0x00000260c5920000, 0x00000260c5b90000, 0x00000260cce50000]
CodeHeap 'profiled nmethods': size=120000Kb used=7284Kb max_used=7284Kb free=112715Kb
 bounds [0x00000260be3f0000, 0x00000260beb10000, 0x00000260c5920000]
CodeHeap 'non-nmethods': size=5760Kb used=1413Kb max_used=1466Kb free=4346Kb
 bounds [0x00000260bde50000, 0x00000260be0c0000, 0x00000260be3f0000]
 total_blobs=4488 nmethods=3634 adapters=765
 compilation: enabled
              stopped_count=0, restarted_count=0
 full_count=0

Compilation events (10 events):
Event: 10.073 Thread 0x00000260d9c3e000 nmethod 3630 0x00000260beb0c010 code [0x00000260beb0c1e0, 0x00000260beb0c468]
Event: 10.073 Thread 0x00000260d9c3e000 3632       1       javafx.scene.paint.Paint::acc_isMutable (2 bytes)
Event: 10.073 Thread 0x00000260d9c3e000 nmethod 3632 0x00000260c5ada510 code [0x00000260c5ada6a0, 0x00000260c5ada758]
Event: 10.081 Thread 0x00000260d9c3e000 3634       3       javafx.beans.property.DoublePropertyBase::<init> (25 bytes)
Event: 10.081 Thread 0x00000260d9c3e000 nmethod 3634 0x00000260beb0c510 code [0x00000260beb0c6e0, 0x00000260beb0ca78]
Event: 10.081 Thread 0x00000260d9c3e000 3633       1       com.sun.javafx.text.TextRun::getLocation (5 bytes)
Event: 10.081 Thread 0x00000260d9c3e000 nmethod 3633 0x00000260c5ada810 code [0x00000260c5ada9a0, 0x00000260c5adaa58]
Event: 10.085 Thread 0x00000260d9c38000 3636       4       com.sun.marlin.DRenderer::_endRendering (2473 bytes)
Event: 10.086 Thread 0x00000260d9c3e000 3637       3       com.sun.prism.impl.ps.BaseShaderContext::resetLastClip (7 bytes)
Event: 10.086 Thread 0x00000260d9c3e000 nmethod 3637 0x00000260beb0cc10 code [0x00000260beb0cdc0, 0x00000260beb0cf58]

GC Heap History (6 events):
Event: 0.894 GC heap before
{Heap before GC invocations=0 (full 0):
 garbage-first heap   total 260096K, used 23552K [0x0000000703200000, 0x0000000800000000)
  region size 1024K, 24 young (24576K), 0 survivors (0K)
 Metaspace       used 14060K, capacity 14358K, committed 14592K, reserved 1062912K
  class space    used 1371K, capacity 1484K, committed 1536K, reserved 1048576K
}
Event: 0.898 GC heap after
{Heap after GC invocations=1 (full 0):
 garbage-first heap   total 260096K, used 5938K [0x0000000703200000, 0x0000000800000000)
  region size 1024K, 3 young (3072K), 3 survivors (3072K)
 Metaspace       used 14060K, capacity 14358K, committed 14592K, reserved 1062912K
  class space    used 1371K, capacity 1484K, committed 1536K, reserved 1048576K
}
Event: 1.663 GC heap before
{Heap before GC invocations=1 (full 0):
 garbage-first heap   total 260096K, used 23346K [0x0000000703200000, 0x0000000800000000)
  region size 1024K, 20 young (20480K), 3 survivors (3072K)
 Metaspace       used 18592K, capacity 19105K, committed 19328K, reserved 1067008K
  class space    used 1937K, capacity 2142K, committed 2176K, reserved 1048576K
}
Event: 1.667 GC heap after
{Heap after GC invocations=2 (full 0):
 garbage-first heap   total 260096K, used 6811K [0x0000000703200000, 0x0000000800000000)
  region size 1024K, 2 young (2048K), 2 survivors (2048K)
 Metaspace       used 18592K, capacity 19105K, committed 19328K, reserved 1067008K
  class space    used 1937K, capacity 2142K, committed 2176K, reserved 1048576K
}
Event: 1.833 GC heap before
{Heap before GC invocations=2 (full 0):
 garbage-first heap   total 260096K, used 12955K [0x0000000703200000, 0x0000000800000000)
  region size 1024K, 9 young (9216K), 2 survivors (2048K)
 Metaspace       used 20722K, capacity 21230K, committed 21296K, reserved 1069056K
  class space    used 2220K, capacity 2428K, committed 2432K, reserved 1048576K
}
Event: 1.835 GC heap after
{Heap after GC invocations=3 (full 0):
 garbage-first heap   total 260096K, used 7269K [0x0000000703200000, 0x0000000800000000)
  region size 1024K, 2 young (2048K), 2 survivors (2048K)
 Metaspace       used 20722K, capacity 21230K, committed 21296K, reserved 1069056K
  class space    used 2220K, capacity 2428K, committed 2432K, reserved 1048576K
}

Deoptimization events (10 events):
Event: 3.151 Thread 0x00000260da859800 Uncommon trap: reason=profile_predicate action=maybe_recompile pc=0x00000260c5a6a5f4 method=javafx.css.CompoundSelector.applies(Ljavafx/css/Styleable;[Ljava/util/Set;I)Z @ 89 c2
Event: 3.212 Thread 0x00000260da859800 Uncommon trap: reason=unstable_if action=reinterpret pc=0x00000260c59dcba0 method=java.lang.invoke.InvokerBytecodeGenerator.loadInsnOpcode(Ljava/lang/invoke/LambdaForm$BasicType;)I @ 8 c2
Event: 3.260 Thread 0x00000260da34f000 Uncommon trap: reason=unstable_if action=reinterpret pc=0x00000260c5a33ac4 method=java.util.Arrays.equals([Ljava/lang/Object;[Ljava/lang/Object;)Z @ 23 c2
Event: 8.869 Thread 0x00000260da859800 Uncommon trap: reason=class_check action=maybe_recompile pc=0x00000260c59a48dc method=java.util.stream.FindOps$FindOp.evaluateSequential(Ljava/util/stream/PipelineHelper;Ljava/util/Spliterator;)Ljava/lang/Object; @ 5 c2
Event: 8.900 Thread 0x00000260da859800 Uncommon trap: reason=class_check action=maybe_recompile pc=0x00000260c59a48dc method=java.util.stream.FindOps$FindOp.evaluateSequential(Ljava/util/stream/PipelineHelper;Ljava/util/Spliterator;)Ljava/lang/Object; @ 5 c2
Event: 8.906 Thread 0x00000260da859800 Uncommon trap: reason=unstable_if action=reinterpret pc=0x00000260c5a67280 method=java.lang.CharacterDataLatin1.isWhitespace(I)Z @ 14 c2
Event: 8.913 Thread 0x00000260da859800 Uncommon trap: reason=class_check action=maybe_recompile pc=0x00000260c5abdfe8 method=javafx.scene.Node.updateLocalToParentTransform()V @ 11 c2
Event: 8.913 Thread 0x00000260da859800 Uncommon trap: reason=class_check action=maybe_recompile pc=0x00000260c5abdfe8 method=javafx.scene.Node.updateLocalToParentTransform()V @ 11 c2
Event: 8.913 Thread 0x00000260da859800 Uncommon trap: reason=class_check action=maybe_recompile pc=0x00000260c5abdfe8 method=javafx.scene.Node.updateLocalToParentTransform()V @ 11 c2
Event: 8.914 Thread 0x00000260da859800 Uncommon trap: reason=class_check action=maybe_recompile pc=0x00000260c5abdfe8 method=javafx.scene.Node.updateLocalToParentTransform()V @ 11 c2

Classes redefined (0 events):
No events

Internal exceptions (10 events):
Event: 2.336 Thread 0x00000260da859800 Exception <a 'java/io/FileNotFoundException'{0x0000000711b1d960}> (0x0000000711b1d960) thrown at [./open/src/hotspot/share/prims/jni.cpp, line 611]
Event: 2.370 Thread 0x00000260da859800 Exception <a 'java/io/FileNotFoundException'{0x0000000711a4ef00}> (0x0000000711a4ef00) thrown at [./open/src/hotspot/share/prims/jni.cpp, line 611]
Event: 2.454 Thread 0x00000260da859800 Exception <a 'java/lang/NoSuchMethodError'{0x00000007117ede50}: java.lang.invoke.DirectMethodHandle$Holder.invokeInterface(Ljava/lang/Object;Ljava/lang/Object;Ljava/lang/Object;)Ljava/lang/Object;> (0x00000007117ede50) thrown at [./open/src/hotspot/share/
Event: 2.455 Thread 0x00000260da859800 Exception <a 'java/lang/IncompatibleClassChangeError'{0x00000007117f1080}: Found class java.lang.Object, but interface was expected> (0x00000007117f1080) thrown at [./open/src/hotspot/share/interpreter/linkResolver.cpp, line 838]
Event: 2.485 Thread 0x00000260da859800 Exception <a 'java/lang/NoSuchMethodError'{0x000000071153f060}: java.lang.invoke.Invokers$Holder.linkToTargetMethod(Ljava/lang/Object;ILjava/lang/Object;)Ljava/lang/Object;> (0x000000071153f060) thrown at [./open/src/hotspot/share/interpreter/linkResolver
Event: 3.210 Thread 0x00000260da859800 Exception <a 'java/lang/NoSuchMethodError'{0x000000070fe1aaf0}: java.lang.invoke.DirectMethodHandle$Holder.invokeStaticInit(Ljava/lang/Object;Ljava/lang/Object;Ljava/lang/Object;)J> (0x000000070fe1aaf0) thrown at [./open/src/hotspot/share/interpreter/link
Event: 3.212 Thread 0x00000260da859800 Exception <a 'java/lang/NoSuchMethodError'{0x000000070fe32ff0}: java.lang.invoke.DirectMethodHandle$Holder.invokeStatic(Ljava/lang/Object;Ljava/lang/Object;J)Ljava/lang/Object;> (0x000000070fe32ff0) thrown at [./open/src/hotspot/share/interpreter/linkReso
Event: 3.213 Thread 0x00000260da859800 Exception <a 'java/lang/NoSuchMethodError'{0x000000070fe39168}: java.lang.invoke.Invokers$Holder.linkToTargetMethod(Ljava/lang/Object;JLjava/lang/Object;)Ljava/lang/Object;> (0x000000070fe39168) thrown at [./open/src/hotspot/share/interpreter/linkResolver
Event: 3.414 Thread 0x00000260da34f000 Exception <a 'java/lang/NoSuchMethodError'{0x000000070fb8a398}: java.lang.invoke.DirectMethodHandle$Holder.invokeStaticInit(Ljava/lang/Object;I)Ljava/lang/Object;> (0x000000070fb8a398) thrown at [./open/src/hotspot/share/interpreter/linkResolver.cpp, line
Event: 8.895 Thread 0x00000260da859800 Exception <a 'java/lang/NoSuchMethodError'{0x000000070f8b49f8}: java.lang.invoke.DirectMethodHandle$Holder.invokeStatic(Ljava/lang/Object;Ljava/lang/Object;Ljava/lang/Object;Ljava/lang/Object;Ljava/lang/Object;Ljava/lang/Object;I)Ljava/lang/Object;> (0x00

Events (10 events):
Event: 8.926 Thread 0x00000260da34f000 DEOPT PACKING pc=0x00000260be9eed86 sp=0x000000a41a4fcea0
Event: 8.926 Thread 0x00000260da34f000 DEOPT UNPACKING pc=0x00000260bde77e8e sp=0x000000a41a4fc300 mode 0
Event: 8.926 Thread 0x00000260da34f000 DEOPT PACKING pc=0x00000260be9eed86 sp=0x000000a41a4fcea0
Event: 8.926 Thread 0x00000260da34f000 DEOPT UNPACKING pc=0x00000260bde77e8e sp=0x000000a41a4fc300 mode 0
Event: 8.927 Thread 0x00000260da34f000 DEOPT PACKING pc=0x00000260be9eecc9 sp=0x000000a41a4fcab0
Event: 8.927 Thread 0x00000260da34f000 DEOPT UNPACKING pc=0x00000260bde77e8e sp=0x000000a41a4fbf00 mode 0
Event: 8.928 Thread 0x00000260da34f000 DEOPT PACKING pc=0x00000260be9eecc9 sp=0x000000a41a4fcab0
Event: 8.928 Thread 0x00000260da34f000 DEOPT UNPACKING pc=0x00000260bde77e8e sp=0x000000a41a4fbf00 mode 0
Event: 10.085 Thread 0x00000260da34f000 DEOPT PACKING pc=0x00000260bea3f17a sp=0x000000a41a4fca90
Event: 10.085 Thread 0x00000260da34f000 DEOPT UNPACKING pc=0x00000260bde77e8e sp=0x000000a41a4fbec8 mode 0


Dynamic libraries:
0x00007ff6d2530000 - 0x00007ff6d253f000 	C:\Program Files\Java\jdk-11.0.17\bin\java.exe
0x00007ff8997b0000 - 0x00007ff8999a8000 	C:\Windows\SYSTEM32\ntdll.dll
0x00007ff898c00000 - 0x00007ff898cbf000 	C:\Windows\System32\KERNEL32.DLL
0x00007ff897320000 - 0x00007ff8975f2000 	C:\Windows\System32\KERNELBASE.dll
0x00007ff897220000 - 0x00007ff897320000 	C:\Windows\System32\ucrtbase.dll
0x00007ff891e10000 - 0x00007ff891e28000 	C:\Program Files\Java\jdk-11.0.17\bin\jli.dll
0x00007ff88ef10000 - 0x00007ff88ef25000 	C:\Program Files\Java\jdk-11.0.17\bin\VCRUNTIME140.dll
0x00007ff8977d0000 - 0x00007ff89787e000 	C:\Windows\System32\ADVAPI32.dll
0x00007ff899130000 - 0x00007ff8991ce000 	C:\Windows\System32\msvcrt.dll
0x00007ff8984d0000 - 0x00007ff89856c000 	C:\Windows\System32\sechost.dll
0x00007ff898ad0000 - 0x00007ff898bf4000 	C:\Windows\System32\RPCRT4.dll
0x00007ff898920000 - 0x00007ff898ac1000 	C:\Windows\System32\USER32.dll
0x00007ff896eb0000 - 0x00007ff896ed2000 	C:\Windows\System32\win32u.dll
0x00007ff898870000 - 0x00007ff89889b000 	C:\Windows\System32\GDI32.dll
0x00007ff87dd70000 - 0x00007ff87e00a000 	C:\Windows\WinSxS\amd64_microsoft.windows.common-controls_6595b64144ccf1df_6.0.19041.1110_none_60b5254171f9507e\COMCTL32.dll
0x00007ff897650000 - 0x00007ff89775f000 	C:\Windows\System32\gdi32full.dll
0x00007ff897180000 - 0x00007ff89721d000 	C:\Windows\System32\msvcp_win.dll
0x00007ff8883b0000 - 0x00007ff8883ba000 	C:\Windows\SYSTEM32\VERSION.dll
0x00007ff898840000 - 0x00007ff898870000 	C:\Windows\System32\IMM32.DLL
0x00007ff84aac0000 - 0x00007ff84ab5b000 	C:\Program Files\Java\jdk-11.0.17\bin\msvcp140.dll
0x00007fffbdec0000 - 0x00007fffbe9da000 	C:\Program Files\Java\jdk-11.0.17\bin\server\jvm.dll
0x00007ff898040000 - 0x00007ff898048000 	C:\Windows\System32\PSAPI.DLL
0x00007ff877980000 - 0x00007ff8779a7000 	C:\Windows\SYSTEM32\WINMM.dll
0x00007ff873bb0000 - 0x00007ff873bb9000 	C:\Windows\SYSTEM32\WSOCK32.dll
0x00007ff897fd0000 - 0x00007ff89803b000 	C:\Windows\System32\WS2_32.dll
0x00007ff895690000 - 0x00007ff8956a2000 	C:\Windows\SYSTEM32\kernel.appcore.dll
0x00007ff894420000 - 0x00007ff894430000 	C:\Program Files\Java\jdk-11.0.17\bin\verify.dll
0x00007ff894c20000 - 0x00007ff894e04000 	C:\Windows\SYSTEM32\DBGHELP.DLL
0x00007ff8777f0000 - 0x00007ff877825000 	C:\Windows\SYSTEM32\dbgcore.DLL
0x00007ff897040000 - 0x00007ff8970c2000 	C:\Windows\System32\bcryptPrimitives.dll
0x00007ff88e600000 - 0x00007ff88e628000 	C:\Program Files\Java\jdk-11.0.17\bin\java.dll
0x00007ff894350000 - 0x00007ff89435a000 	C:\Program Files\Java\jdk-11.0.17\bin\jimage.dll
0x00007ff88e680000 - 0x00007ff88e696000 	C:\Program Files\Java\jdk-11.0.17\bin\zip.dll
0x00007ff897880000 - 0x00007ff897fc5000 	C:\Windows\System32\SHELL32.dll
0x00007ff894e10000 - 0x00007ff8955a2000 	C:\Windows\SYSTEM32\windows.storage.dll
0x00007ff899300000 - 0x00007ff899655000 	C:\Windows\System32\combase.dll
0x00007ff8968e0000 - 0x00007ff896910000 	C:\Windows\SYSTEM32\Wldp.dll
0x00007ff8991d0000 - 0x00007ff89927d000 	C:\Windows\System32\SHCORE.dll
0x00007ff899280000 - 0x00007ff8992d5000 	C:\Windows\System32\shlwapi.dll
0x00007ff896dc0000 - 0x00007ff896ddf000 	C:\Windows\SYSTEM32\profapi.dll
0x00007ff88df50000 - 0x00007ff88df69000 	C:\Program Files\Java\jdk-11.0.17\bin\net.dll
0x00007ff890c10000 - 0x00007ff890d1a000 	C:\Windows\SYSTEM32\WINHTTP.dll
0x00007ff896640000 - 0x00007ff8966aa000 	C:\Windows\system32\mswsock.dll
0x00007ff88df30000 - 0x00007ff88df42000 	C:\Program Files\Java\jdk-11.0.17\bin\nio.dll
0x00000260b66c0000 - 0x00000260b66c3000 	C:\Program Files\Java\jdk-11.0.17\bin\api-ms-win-core-console-l1-1-0.dll
0x00000260b66d0000 - 0x00000260b66d3000 	C:\Program Files\Java\jdk-11.0.17\bin\api-ms-win-core-datetime-l1-1-0.dll
0x00000260b66e0000 - 0x00000260b66e3000 	C:\Program Files\Java\jdk-11.0.17\bin\api-ms-win-core-debug-l1-1-0.dll
0x00000260b66f0000 - 0x00000260b66f3000 	C:\Program Files\Java\jdk-11.0.17\bin\api-ms-win-core-errorhandling-l1-1-0.dll
0x00000260b6700000 - 0x00000260b6704000 	C:\Program Files\Java\jdk-11.0.17\bin\api-ms-win-core-file-l1-1-0.dll
0x00000260b6710000 - 0x00000260b6713000 	C:\Program Files\Java\jdk-11.0.17\bin\api-ms-win-core-file-l1-2-0.dll
0x00000260b6720000 - 0x00000260b6723000 	C:\Program Files\Java\jdk-11.0.17\bin\api-ms-win-core-file-l2-1-0.dll
0x00000260b6730000 - 0x00000260b6733000 	C:\Program Files\Java\jdk-11.0.17\bin\api-ms-win-core-handle-l1-1-0.dll
0x00000260b6740000 - 0x00000260b6743000 	C:\Program Files\Java\jdk-11.0.17\bin\api-ms-win-core-heap-l1-1-0.dll
0x00000260b6750000 - 0x00000260b6753000 	C:\Program Files\Java\jdk-11.0.17\bin\api-ms-win-core-interlocked-l1-1-0.dll
0x00000260da860000 - 0x00000260da863000 	C:\Program Files\Java\jdk-11.0.17\bin\api-ms-win-core-libraryloader-l1-1-0.dll
0x00000260da870000 - 0x00000260da873000 	C:\Program Files\Java\jdk-11.0.17\bin\api-ms-win-core-localization-l1-2-0.dll
0x00000260da880000 - 0x00000260da883000 	C:\Program Files\Java\jdk-11.0.17\bin\api-ms-win-core-memory-l1-1-0.dll
0x00000260da890000 - 0x00000260da893000 	C:\Program Files\Java\jdk-11.0.17\bin\api-ms-win-core-namedpipe-l1-1-0.dll
0x00000260da8a0000 - 0x00000260da8a3000 	C:\Program Files\Java\jdk-11.0.17\bin\api-ms-win-core-processenvironment-l1-1-0.dll
0x00000260da8b0000 - 0x00000260da8b3000 	C:\Program Files\Java\jdk-11.0.17\bin\api-ms-win-core-processthreads-l1-1-0.dll
0x00000260da8c0000 - 0x00000260da8c3000 	C:\Program Files\Java\jdk-11.0.17\bin\api-ms-win-core-processthreads-l1-1-1.dll
0x00000260da8d0000 - 0x00000260da8d3000 	C:\Program Files\Java\jdk-11.0.17\bin\api-ms-win-core-profile-l1-1-0.dll
0x00000260da8e0000 - 0x00000260da8e3000 	C:\Program Files\Java\jdk-11.0.17\bin\api-ms-win-core-rtlsupport-l1-1-0.dll
0x00000260da8f0000 - 0x00000260da8f3000 	C:\Program Files\Java\jdk-11.0.17\bin\api-ms-win-core-string-l1-1-0.dll
0x00000260da900000 - 0x00000260da903000 	C:\Program Files\Java\jdk-11.0.17\bin\api-ms-win-core-synch-l1-1-0.dll
0x00000260da910000 - 0x00000260da913000 	C:\Program Files\Java\jdk-11.0.17\bin\api-ms-win-core-synch-l1-2-0.dll
0x00000260da920000 - 0x00000260da923000 	C:\Program Files\Java\jdk-11.0.17\bin\api-ms-win-core-sysinfo-l1-1-0.dll
0x00000260da930000 - 0x00000260da933000 	C:\Program Files\Java\jdk-11.0.17\bin\api-ms-win-core-timezone-l1-1-0.dll
0x00000260da940000 - 0x00000260da943000 	C:\Program Files\Java\jdk-11.0.17\bin\api-ms-win-core-util-l1-1-0.dll
0x00000260da950000 - 0x00000260da953000 	C:\Program Files\Java\jdk-11.0.17\bin\api-ms-win-crt-conio-l1-1-0.dll
0x00000260da960000 - 0x00000260da964000 	C:\Program Files\Java\jdk-11.0.17\bin\api-ms-win-crt-convert-l1-1-0.dll
0x00000260da970000 - 0x00000260da973000 	C:\Program Files\Java\jdk-11.0.17\bin\api-ms-win-crt-environment-l1-1-0.dll
0x00000260da980000 - 0x00000260da983000 	C:\Program Files\Java\jdk-11.0.17\bin\api-ms-win-crt-filesystem-l1-1-0.dll
0x00000260da990000 - 0x00000260da993000 	C:\Program Files\Java\jdk-11.0.17\bin\api-ms-win-crt-heap-l1-1-0.dll
0x00000260da9a0000 - 0x00000260da9a3000 	C:\Program Files\Java\jdk-11.0.17\bin\api-ms-win-crt-locale-l1-1-0.dll
0x00000260da9b0000 - 0x00000260da9b5000 	C:\Program Files\Java\jdk-11.0.17\bin\api-ms-win-crt-math-l1-1-0.dll
0x00000260da9c0000 - 0x00000260da9c5000 	C:\Program Files\Java\jdk-11.0.17\bin\api-ms-win-crt-multibyte-l1-1-0.dll
0x00000260da9d0000 - 0x00000260da9e0000 	C:\Program Files\Java\jdk-11.0.17\bin\api-ms-win-crt-private-l1-1-0.dll
0x00000260da9e0000 - 0x00000260da9e3000 	C:\Program Files\Java\jdk-11.0.17\bin\api-ms-win-crt-process-l1-1-0.dll
0x00000260da9f0000 - 0x00000260da9f4000 	C:\Program Files\Java\jdk-11.0.17\bin\api-ms-win-crt-runtime-l1-1-0.dll
0x00000260daa00000 - 0x00000260daa04000 	C:\Program Files\Java\jdk-11.0.17\bin\api-ms-win-crt-stdio-l1-1-0.dll
0x00000260daa10000 - 0x00000260daa14000 	C:\Program Files\Java\jdk-11.0.17\bin\api-ms-win-crt-string-l1-1-0.dll
0x00000260daa20000 - 0x00000260daa23000 	C:\Program Files\Java\jdk-11.0.17\bin\api-ms-win-crt-time-l1-1-0.dll
0x00000260daa30000 - 0x00000260daa33000 	C:\Program Files\Java\jdk-11.0.17\bin\api-ms-win-crt-utility-l1-1-0.dll
0x00007ff833850000 - 0x00007ff83394a000 	C:\Program Files\Java\jdk-11.0.17\bin\ucrtbase.dll
0x00007ff88eb80000 - 0x00007ff88ebce000 	C:\Windows\System32\concrt140.dll
0x00007ff87db40000 - 0x00007ff87db4c000 	C:\Windows\SYSTEM32\VCRUNTIME140_1.dll
0x00007ff88eb50000 - 0x00007ff88eb73000 	C:\Users\hungy\.openjfx\cache\11\prism_d3d.dll
0x00007ff822e00000 - 0x00007ff822fce000 	C:\Windows\system32\d3d9.dll
0x00007ff8944e0000 - 0x00007ff89450f000 	C:\Windows\SYSTEM32\dwmapi.dll
0x00007ff8940a0000 - 0x00007ff89413e000 	C:\Windows\system32\uxtheme.dll
0x00007ff850f40000 - 0x00007ff8510ec000 	C:\Windows\System32\DriverStore\FileRepository\iigd_dch.inf_amd64_228928c563187e33\igdumdim64.dll
0x00007ff898200000 - 0x00007ff89832a000 	C:\Windows\System32\ole32.dll
0x00007ff846850000 - 0x00007ff84a4ac000 	C:\Windows\System32\DriverStore\FileRepository\iigd_dch.inf_amd64_228928c563187e33\igd9dxva64.dll
0x00007ff898770000 - 0x00007ff89883d000 	C:\Windows\System32\OLEAUT32.dll
0x00007ff898cc0000 - 0x00007ff899128000 	C:\Windows\System32\SETUPAPI.dll
0x00007ff897600000 - 0x00007ff89764e000 	C:\Windows\System32\cfgmgr32.dll
0x00007ff896e80000 - 0x00007ff896ea7000 	C:\Windows\System32\bcrypt.dll
0x00007ff887b60000 - 0x00007ff887f50000 	C:\Windows\System32\DriverStore\FileRepository\iigd_dch.inf_amd64_228928c563187e33\igdgmm64.dll
0x00007ff88dc60000 - 0x00007ff88dca5000 	C:\Users\hungy\.openjfx\cache\11\glass.dll
0x00007ff899660000 - 0x00007ff89973a000 	C:\Windows\System32\COMDLG32.dll
0x00007ff8985d0000 - 0x00007ff8986e4000 	C:\Windows\System32\MSCTF.dll
0x00007ff88b180000 - 0x00007ff88b1a7000 	C:\Windows\System32\DriverStore\FileRepository\iigd_dch.inf_amd64_228928c563187e33\igdinfo64.dll
0x00007ff87e3e0000 - 0x00007ff882a24000 	C:\Windows\System32\DriverStore\FileRepository\iigd_dch.inf_amd64_228928c563187e33\igc64.dll
0x00007ff889ca0000 - 0x00007ff889cdb000 	C:\Windows\SYSTEM32\dxcore.dll
0x00007ff88e890000 - 0x00007ff88e8a4000 	C:\Users\hungy\.openjfx\cache\11\javafx_font.dll
0x00007ff885210000 - 0x00007ff88548f000 	C:\Windows\SYSTEM32\dwrite.dll
0x00007ff898420000 - 0x00007ff8984c9000 	C:\Windows\System32\clbcatq.dll
0x00007ff891270000 - 0x00007ff891424000 	C:\Windows\SYSTEM32\WindowsCodecs.dll
0x00007ff85a700000 - 0x00007ff85a73e000 	C:\Windows\system32\dataexchange.dll
0x00007ff8930d0000 - 0x00007ff893333000 	C:\Windows\system32\d3d11.dll
0x00007ff893420000 - 0x00007ff893603000 	C:\Windows\system32\dcomp.dll
0x00007ff895710000 - 0x00007ff895803000 	C:\Windows\system32\dxgi.dll
0x00007ff890f70000 - 0x00007ff891170000 	C:\Windows\system32\twinapi.appcore.dll
0x00007ff88dc20000 - 0x00007ff88dc54000 	C:\Program Files\Common Files\Microsoft Shared\Ink\rtscom.dll
0x00007ff886d80000 - 0x00007ff886e79000 	C:\Windows\SYSTEM32\textinputframework.dll
0x00007ff893cf0000 - 0x00007ff893de2000 	C:\Windows\System32\CoreMessaging.dll
0x00007ff893990000 - 0x00007ff893cee000 	C:\Windows\System32\CoreUIComponents.dll
0x00007ff896010000 - 0x00007ff896043000 	C:\Windows\SYSTEM32\ntmarta.dll
0x00007ff892550000 - 0x00007ff8926a4000 	C:\Windows\SYSTEM32\wintypes.dll
0x00007ff878f20000 - 0x00007ff878f86000 	C:\Windows\system32\Oleacc.dll

dbghelp: loaded successfully - version: 4.0.5 - missing functions: none
symbol engine: initialized successfully - sym options: 0x614 - pdb path: .;C:\Program Files\Java\jdk-11.0.17\bin;C:\Windows\SYSTEM32;C:\Windows\WinSxS\amd64_microsoft.windows.common-controls_6595b64144ccf1df_6.0.19041.1110_none_60b5254171f9507e;C:\Program Files\Java\jdk-11.0.17\bin\server;C:\Users\hungy\.openjfx\cache\11;C:\Windows\System32\DriverStore\FileRepository\iigd_dch.inf_amd64_228928c563187e33;C:\Program Files\Common Files\Microsoft Shared\Ink

VM Arguments:
jvm_args: -Dfile.encoding=UTF-8 -Duser.country=US -Duser.language=en -Duser.variant 
java_command: seedu.dengue.Main
java_class_path (initial): C:\Users\hungy\Desktop\tp\build\classes\java\main;C:\Users\hungy\Desktop\tp\build\resources\main;C:\Users\hungy\caches\modules-2\files-2.1\org.openjfx\javafx-fxml\11\d5ff9262ef49d166db658d15f37e3ecff38fde4b\javafx-fxml-11-win.jar;C:\Users\hungy\caches\modules-2\files-2.1\org.openjfx\javafx-fxml\11\e0f5bb81e21054b59f2ebfa727d40a90ee0260d3\javafx-fxml-11-mac.jar;C:\Users\hungy\caches\modules-2\files-2.1\org.openjfx\javafx-fxml\11\e7a757b580fc3e2e1a121768606c7836eef418c\javafx-fxml-11-linux.jar;C:\Users\hungy\caches\modules-2\files-2.1\org.openjfx\javafx-controls\11\af8d24de44e16a19ae959028eb23a48c145fb682\javafx-controls-11-win.jar;C:\Users\hungy\caches\modules-2\files-2.1\org.openjfx\javafx-controls\11\e3a24a14e8732abc6dc173f15872dc63e2a32e16\javafx-controls-11-mac.jar;C:\Users\hungy\caches\modules-2\files-2.1\org.openjfx\javafx-controls\11\794488e3b1f4635d9a1b842bdc872a5eb8fd54ca\javafx-controls-11-linux.jar;C:\Users\hungy\caches\modules-2\files-2.1\org.openjfx\javafx-controls\11\58d961774262ec972bf304e16c154a8e18c2050b\javafx-controls-11.jar;C:\Users\hungy\caches\modules-2\files-2.1\org.openjfx\javafx-graphics\11\9345c7ea43dbcc73a62eca5332717b4ce617e6c6\javafx-graphics-11-win.jar;C:\Users\hungy\caches\modules-2\files-2.1\org.openjfx\javafx-graphics\11\af47a6d3668d3ce1c61e1fe13c44471b6f8d469\javafx-graphics-11-mac.jar;C:\Users\hungy\caches\modules-2\files-2.1\org.openjfx\javafx-graphics\11\4ab9edd8d481a420044c473fdb5718ccdd35c836\javafx-graphics-11-linux.jar;C:\Users\hungy\caches\modules-2\files-2.1\org.openjfx\javafx-graphics\11\a736dd079047ec0b72b8c4970842a5c5e0c19f2f\javafx-graphics-11.jar;C:\Users\hungy\caches\modules-2\files-2.1\org.openjfx\javafx-base\11\ad3a4acfaa28b484d30c40c1f009445cc3f6e68b\javafx-base-11-win.jar;C:\Users\hungy\caches\modules-2\files-2.1\org.openjfx\javafx-base\11\4b060dad0affd866df9d959e064faa8a1a2f4af0\javafx-base-11-mac.jar;C:\Users\hungy\caches\modules-2\files-2.1\org.openjfx\javafx-base\11\f8d1ced6047b010f
Launcher Type: SUN_STANDARD

[Global flags]
     intx CICompilerCount                          = 4                                         {product} {ergonomic}
     uint ConcGCThreads                            = 2                                         {product} {ergonomic}
     uint G1ConcRefinementThreads                  = 8                                         {product} {ergonomic}
   size_t G1HeapRegionSize                         = 1048576                                   {product} {ergonomic}
    uintx GCDrainStackTargetSize                   = 64                                        {product} {ergonomic}
   size_t InitialHeapSize                          = 266338304                                 {product} {ergonomic}
   size_t MarkStackSize                            = 4194304                                   {product} {ergonomic}
   size_t MaxHeapSize                              = 4242538496                                {product} {ergonomic}
   size_t MaxNewSize                               = 2544893952                                {product} {ergonomic}
   size_t MinHeapDeltaBytes                        = 1048576                                   {product} {ergonomic}
    uintx NonNMethodCodeHeapSize                   = 5836300                                {pd product} {ergonomic}
    uintx NonProfiledCodeHeapSize                  = 122910970                              {pd product} {ergonomic}
    uintx ProfiledCodeHeapSize                     = 122910970                              {pd product} {ergonomic}
    uintx ReservedCodeCacheSize                    = 251658240                              {pd product} {ergonomic}
     bool SegmentedCodeCache                       = true                                      {product} {ergonomic}
     bool UseCompressedClassPointers               = true                                 {lp64_product} {ergonomic}
     bool UseCompressedOops                        = true                                 {lp64_product} {ergonomic}
     bool UseG1GC                                  = true                                      {product} {ergonomic}
     bool UseLargePagesIndividualAllocation        = false                                  {pd product} {ergonomic}

Logging:
Log output configuration:
 #0: stdout all=warning uptime,level,tags
 #1: stderr all=off uptime,level,tags

Environment Variables:
PATH=C:\Program Files\Common Files\Oracle\Java\javapath;C:\ProgramData\Oracle\Java\javapath;C:\Windows\system32;C:\Windows;C:\Windows\System32\Wbem;C:\Windows\System32\WindowsPowerShell\v1.0\;C:\Windows\System32\OpenSSH\;C:\Program Files\MATLAB\R2021a\runtime\win64;C:\Program Files\MATLAB\R2021a\bin;c:\WINDOWS\System32\WBem;C:\Program Files (x86)\Pulse Secure\VC142.CRT\X64\;C:\Program Files (x86)\Pulse Secure\VC142.CRT\X86\;C:\Program Files (x86)\Common Files\Pulse Secure\TNC Client Plugin\;C:\Program Files\Git\cmd;C:\Program Files\GitHub CLI\;C:\Program Files\MySQL\MySQL Shell 8.0\bin\;C:\Users\hungy\AppData\Local\Programs\Python\Python39\Scripts\;C:\Users\hungy\AppData\Local\Programs\Python\Python39\;C:\Users\hungy\AppData\Local\Programs\Python\Python310\Scripts\;C:\Users\hungy\AppData\Local\Programs\Python\Python310\;C:\Users\hungy\AppData\Local\Microsoft\WindowsApps;C:\Users\hungy\AppData\Local\Programs\Microsoft VS Code\bin;C:\Users\hungy\AppData\Local\Programs\MiKTeX\miktex\bin\x64\
USERNAME=hungy
OS=Windows_NT
PROCESSOR_IDENTIFIER=Intel64 Family 6 Model 140 Stepping 1, GenuineIntel



---------------  S Y S T E M  ---------------

OS: Windows 10 , 64 bit Build 19041 (10.0.19041.2546)
Hyper-V role detected

CPU:total 8 (initial active 8) (4 cores per cpu, 2 threads per core) family 6 model 140 stepping 1 microcode 0x78, cmov, cx8, fxsr, mmx, sse, sse2, sse3, ssse3, sse4.1, sse4.2, popcnt, avx, avx2, aes, clmul, erms, 3dnowpref, lzcnt, ht, tsc, tscinvbit, bmi1, bmi2, adx, evex, sha, fma

Memory: 4k page, system-wide physical 16179M (675M free)
TotalPageFile size 65331M (AvailPageFile size 3M)
current process WorkingSet (physical memory assigned to process): 227M, peak: 255M
current process commit charge ("private bytes"): 455M, peak: 483M

vm_info: Java HotSpot(TM) 64-Bit Server VM (11.0.17+10-LTS-269) for windows-amd64 JRE (11.0.17+10-LTS-269), built on Sep 13 2022 19:26:37 by "mach5one" with MS VC++ 15.9 (VS2017)

END.
