#
# A fatal error has been detected by the Java Runtime Environment:
#
#  Internal Error (safepoint.cpp:899), pid=70986, tid=28419
#  fatal error: Illegal threadstate encountered: 4
#
# JRE version: Java(TM) SE Runtime Environment (12.0.2+10) (build 12.0.2+10)
# Java VM: Java HotSpot(TM) 64-Bit Server VM (12.0.2+10, mixed mode, sharing, tiered, compressed oops, g1 gc, bsd-amd64)
# No core dump will be written. Core dumps have been disabled. To enable core dumping, try "ulimit -c unlimited" before starting Java again
#
# If you would like to submit a bug report, please visit:
#   http://bugreport.java.com/bugreport/crash.jsp
# The crash happened outside the Java Virtual Machine in native code.
# See problematic frame for where to report the bug.
#

---------------  S U M M A R Y ------------

Command Line: -Dfile.encoding=UTF-8 -Duser.country=GB -Duser.language=en -Duser.variant seedu.address.Main

Host: MacBookAir8,1 x86_64 1600 MHz, 4 cores, 8G, Darwin 21.6.0
Time: Sun Feb 19 18:22:34 2023 +08 elapsed time: 22 seconds (0d 0h 0m 22s)

---------------  T H R E A D  ---------------

Current thread (0x00007f8bfa981800):  JavaThread "InvokeLaterDispatcher" daemon [_thread_in_native, id=28419, stack(0x00007000015f2000,0x00007000016f2000)]

Stack: [0x00007000015f2000,0x00007000016f2000],  sp=0x00007000016f0390,  free space=1016k
Native frames: (J=compiled Java code, A=aot compiled Java code, j=interpreted, Vv=VM code, C=native code)
V  [libjvm.dylib+0x734734]  _ZN7VMError14report_and_dieEiPKcS1_P13__va_list_tagP6ThreadPhPvS7_S1_im+0x5c0
V  [libjvm.dylib+0x734d4b]  _ZN7VMError14report_and_dieEP6ThreadPvPKciS4_S4_P13__va_list_tag+0x47
V  [libjvm.dylib+0x25b4b1]  _Z12report_fatalPKciS0_z+0xb5
V  [libjvm.dylib+0x649d97]  _ZN20SafepointSynchronize5blockEP10JavaThread+0x1d1
V  [libjvm.dylib+0x6e44a0]  _ZN10JavaThread44check_safepoint_and_suspend_for_native_transEPS_+0xa2
V  [libjvm.dylib+0x3c8a26]  jni_DeleteGlobalRef+0x8b
C  [libglass.dylib+0x8871]  -[GlassRunnable dealloc]+0x31
C  [Foundation+0x818be]  -[_NSThreadPerformInfo dealloc]+0x2a
C  [Foundation+0x4e446]  -[NSObject(NSThreadPerformAdditions) performSelectorOnMainThread:withObject:waitUntilDone:]+0x7c
j  com.sun.glass.ui.mac.MacApplication._submitForLaterInvocation(Ljava/lang/Runnable;)V+0
j  com.sun.glass.ui.mac.MacApplication.submitForLaterInvocation(Ljava/lang/Runnable;)V+2
j  com.sun.glass.ui.InvokeLaterDispatcher.run()V+82
v  ~StubRoutines::call_stub
V  [libjvm.dylib+0x392641]  _ZN9JavaCalls11call_helperEP9JavaValueRK12methodHandleP17JavaCallArgumentsP6Thread+0x285
V  [libjvm.dylib+0x391a20]  _ZN9JavaCalls12call_virtualEP9JavaValueP5KlassP6SymbolS5_P17JavaCallArgumentsP6Thread+0xee
V  [libjvm.dylib+0x391adc]  _ZN9JavaCalls12call_virtualEP9JavaValue6HandleP5KlassP6SymbolS6_P6Thread+0x62
V  [libjvm.dylib+0x4101e8]  _ZL12thread_entryP10JavaThreadP6Thread+0x78
V  [libjvm.dylib+0x6e2ecc]  _ZN10JavaThread17thread_main_innerEv+0x82
V  [libjvm.dylib+0x6e2d16]  _ZN10JavaThread3runEv+0x16c
V  [libjvm.dylib+0x6e0c1c]  _ZN6Thread8call_runEv+0x68
V  [libjvm.dylib+0x5db0df]  _ZL19thread_native_entryP6Thread+0x139
C  [libsystem_pthread.dylib+0x64e1]  _pthread_start+0x7d
C  [libsystem_pthread.dylib+0x1f6b]  thread_start+0xf

Java frames: (J=compiled Java code, j=interpreted, Vv=VM code)
j  com.sun.glass.ui.mac.MacApplication._submitForLaterInvocation(Ljava/lang/Runnable;)V+0
j  com.sun.glass.ui.mac.MacApplication.submitForLaterInvocation(Ljava/lang/Runnable;)V+2
j  com.sun.glass.ui.InvokeLaterDispatcher.run()V+82
v  ~StubRoutines::call_stub

---------------  P R O C E S S  ---------------

Threads class SMR info:
_java_thread_list=0x00006000039910a0, length=16, elements={
0x00007f8bfa80e800, 0x00007f8bfb84b800, 0x00007f8bfa846000, 0x00007f8bfa848800,
0x00007f8bfb01b800, 0x00007f8bfa847000, 0x00007f8bfb853000, 0x00007f8bfb855800,
0x00007f8bfb019000, 0x00007f8bf985f000, 0x00007f8bfa92b800, 0x00007f8bfa981800,
0x00007f8bf986e000, 0x00007f8bfab0e000, 0x00007f8bfbaa8000, 0x00007f8bf9c15000
}

Java Threads: ( => current thread )
  0x00007f8bfa80e800 JavaThread "main" [_thread_blocked, id=6659, stack(0x00007000002b6000,0x00007000003b6000)]
  0x00007f8bfb84b800 JavaThread "Reference Handler" daemon [_thread_blocked, id=18947, stack(0x00007000009cb000,0x0000700000acb000)]
  0x00007f8bfa846000 JavaThread "Finalizer" daemon [_thread_blocked, id=18691, stack(0x0000700000ace000,0x0000700000bce000)]
  0x00007f8bfa848800 JavaThread "Signal Dispatcher" daemon [_thread_blocked, id=16899, stack(0x0000700000cd7000,0x0000700000dd7000)]
  0x00007f8bfb01b800 JavaThread "C2 CompilerThread0" daemon [_thread_in_native, id=21763, stack(0x0000700000dda000,0x0000700000eda000)]
  0x00007f8bfa847000 JavaThread "C1 CompilerThread0" daemon [_thread_blocked, id=22531, stack(0x0000700000edd000,0x0000700000fdd000)]
  0x00007f8bfb853000 JavaThread "Sweeper thread" daemon [_thread_blocked, id=23299, stack(0x0000700000fe0000,0x00007000010e0000)]
  0x00007f8bfb855800 JavaThread "Service Thread" daemon [_thread_blocked, id=43011, stack(0x00007000010e3000,0x00007000011e3000)]
  0x00007f8bfb019000 JavaThread "Common-Cleaner" daemon [_thread_blocked, id=24579, stack(0x00007000012e9000,0x00007000013e9000)]
  0x00007f8bf985f000 JavaThread "JavaFX-Launcher" [_thread_blocked, id=42243, stack(0x00007000013ec000,0x00007000014ec000)]
  0x00007f8bfa92b800 JavaThread "QuantumRenderer-0" daemon [_thread_blocked, id=25347, stack(0x00007000014ef000,0x00007000015ef000)]
=>0x00007f8bfa981800 JavaThread "InvokeLaterDispatcher" daemon [_thread_in_native, id=28419, stack(0x00007000015f2000,0x00007000016f2000)]
  0x00007f8bf986e000 JavaThread "JavaFX Application Thread" [_thread_in_native_trans, id=259, stack(0x00007ff7b91ad000,0x00007ff7b99ad000)]
  0x00007f8bfab0e000 JavaThread "Thread-3" daemon [_thread_in_native, id=84999, stack(0x00007000017fb000,0x000070000187b000)]
  0x00007f8bfbaa8000 JavaThread "Prism Font Disposer" daemon [_thread_blocked, id=74763, stack(0x0000700001d10000,0x0000700001e10000)]
  0x00007f8bf9c15000 JavaThread "Cleaner-0" daemon [_thread_blocked, id=62979, stack(0x000070000201f000,0x000070000211f000)]

Other Threads:
  0x00007f8bf9836800 VMThread "VM Thread" [stack: 0x00007000008c8000,0x00007000009c8000] [id=19459]
  0x00007f8bfb01c000 WatcherThread [stack: 0x00007000011e6000,0x00007000012e6000] [id=42755]
  0x00007f8bf9819000 GCTaskThread "GC Thread#0" [stack: 0x00007000003b9000,0x00007000004b9000] [id=11267]
  0x00007f8bf9a3e800 GCTaskThread "GC Thread#1" [stack: 0x0000700001984000,0x0000700001a84000] [id=56071]
  0x00007f8bf99bc800 GCTaskThread "GC Thread#2" [stack: 0x0000700001a87000,0x0000700001b87000] [id=78603]
  0x00007f8bf9a07800 GCTaskThread "GC Thread#3" [stack: 0x0000700001b8a000,0x0000700001c8a000] [id=55559]
  0x00007f8bfa834800 ConcurrentGCThread "G1 Main Marker" [stack: 0x00007000004bc000,0x00007000005bc000] [id=20739]
  0x00007f8bfa835000 ConcurrentGCThread "G1 Conc#0" [stack: 0x00007000005bf000,0x00007000006bf000] [id=19971]
  0x00007f8bfb849000 ConcurrentGCThread "G1 Refine#0" [stack: 0x00007000006c2000,0x00007000007c2000] [id=12291]
  0x00007f8bfb84a000 ConcurrentGCThread "G1 Young RemSet Sampling" [stack: 0x00007000007c5000,0x00007000008c5000] [id=12547]

Threads with active compile tasks:
C2 CompilerThread0  2367   !   4       jdk.internal.loader.BuiltinClassLoader::loadClassOrNull (143 bytes)

VM state:not at safepoint (normal execution)

VM Mutex/Monitor currently owned by a thread: None

Heap address: 0x0000000780000000, size: 2048 MB, Compressed Oops mode: Zero based, Oop shift amount: 3
Narrow klass base: 0x0000000800000000, Narrow klass shift: 3
Compressed class space size: 1073741824 Address: 0x0000000801101000

Heap:
 garbage-first heap   total 48128K, used 20187K [0x0000000780000000, 0x0000000800000000)
  region size 1024K, 10 young (10240K), 2 survivors (2048K)
 Metaspace       used 22138K, capacity 23233K, committed 23420K, reserved 1069056K
  class space    used 3204K, capacity 3668K, committed 3760K, reserved 1048576K
Heap Regions: E=young(eden), S=young(survivor), O=old, HS=humongous(starts), HC=humongous(continues), CS=collection set, F=free, A=archive, TAMS=top-at-mark-start (previous, next)
|   0|0x0000000780000000, 0x0000000780100000, 0x0000000780100000|100%| O|  |TAMS 0x0000000780100000, 0x0000000780000000| Untracked 
|   1|0x0000000780100000, 0x0000000780200000, 0x0000000780200000|100%| O|  |TAMS 0x0000000780200000, 0x0000000780100000| Untracked 
|   2|0x0000000780200000, 0x0000000780300000, 0x0000000780300000|100%| O|  |TAMS 0x0000000780300000, 0x0000000780200000| Untracked 
|   3|0x0000000780300000, 0x0000000780400000, 0x0000000780400000|100%| O|  |TAMS 0x0000000780400000, 0x0000000780300000| Untracked 
|   4|0x0000000780400000, 0x0000000780500000, 0x0000000780500000|100%| O|  |TAMS 0x0000000780409000, 0x0000000780400000| Untracked 
|   5|0x0000000780500000, 0x0000000780600000, 0x0000000780600000|100%| O|  |TAMS 0x0000000780500000, 0x0000000780500000| Untracked 
|   6|0x0000000780600000, 0x0000000780700000, 0x0000000780700000|100%| O|  |TAMS 0x0000000780600000, 0x0000000780600000| Untracked 
|   7|0x0000000780700000, 0x0000000780800000, 0x0000000780800000|100%| O|  |TAMS 0x0000000780700000, 0x0000000780700000| Untracked 
|   8|0x0000000780800000, 0x0000000780847600, 0x0000000780900000| 27%| O|  |TAMS 0x0000000780800000, 0x0000000780800000| Untracked 
|   9|0x0000000780900000, 0x0000000780a00000, 0x0000000780a00000|100%|HS|  |TAMS 0x0000000780900000, 0x0000000780900000| Complete 
|  10|0x0000000780a00000, 0x0000000780b00000, 0x0000000780b00000|100%|HC|  |TAMS 0x0000000780a00000, 0x0000000780a00000| Complete 
|  11|0x0000000780b00000, 0x0000000780b00000, 0x0000000780c00000|  0%| F|  |TAMS 0x0000000780b00000, 0x0000000780b00000| Untracked 
|  12|0x0000000780c00000, 0x0000000780c00000, 0x0000000780d00000|  0%| F|  |TAMS 0x0000000780c00000, 0x0000000780c00000| Untracked 
|  13|0x0000000780d00000, 0x0000000780d00000, 0x0000000780e00000|  0%| F|  |TAMS 0x0000000780d00000, 0x0000000780d00000| Untracked 
|  14|0x0000000780e00000, 0x0000000780e00000, 0x0000000780f00000|  0%| F|  |TAMS 0x0000000780e00000, 0x0000000780e00000| Untracked 
|  15|0x0000000780f00000, 0x0000000780f00000, 0x0000000781000000|  0%| F|  |TAMS 0x0000000780f00000, 0x0000000780f00000| Untracked 
|  16|0x0000000781000000, 0x0000000781000000, 0x0000000781100000|  0%| F|  |TAMS 0x0000000781000000, 0x0000000781000000| Untracked 
|  17|0x0000000781100000, 0x0000000781100000, 0x0000000781200000|  0%| F|  |TAMS 0x0000000781100000, 0x0000000781100000| Untracked 
|  18|0x0000000781200000, 0x0000000781200000, 0x0000000781300000|  0%| F|  |TAMS 0x0000000781200000, 0x0000000781200000| Untracked 
|  19|0x0000000781300000, 0x0000000781300000, 0x0000000781400000|  0%| F|  |TAMS 0x0000000781300000, 0x0000000781300000| Untracked 
|  20|0x0000000781400000, 0x0000000781400000, 0x0000000781500000|  0%| F|  |TAMS 0x0000000781400000, 0x0000000781400000| Untracked 
|  21|0x0000000781500000, 0x0000000781500000, 0x0000000781600000|  0%| F|  |TAMS 0x0000000781500000, 0x0000000781500000| Untracked 
|  22|0x0000000781600000, 0x0000000781600000, 0x0000000781700000|  0%| F|  |TAMS 0x0000000781600000, 0x0000000781600000| Untracked 
|  23|0x0000000781700000, 0x0000000781700000, 0x0000000781800000|  0%| F|  |TAMS 0x0000000781700000, 0x0000000781700000| Untracked 
|  24|0x0000000781800000, 0x0000000781800000, 0x0000000781900000|  0%| F|  |TAMS 0x0000000781800000, 0x0000000781800000| Untracked 
|  25|0x0000000781900000, 0x0000000781900000, 0x0000000781a00000|  0%| F|  |TAMS 0x0000000781900000, 0x0000000781900000| Untracked 
|  26|0x0000000781a00000, 0x0000000781a00000, 0x0000000781b00000|  0%| F|  |TAMS 0x0000000781a00000, 0x0000000781a00000| Untracked 
|  27|0x0000000781b00000, 0x0000000781b00000, 0x0000000781c00000|  0%| F|  |TAMS 0x0000000781b00000, 0x0000000781b00000| Untracked 
|  28|0x0000000781c00000, 0x0000000781c00000, 0x0000000781d00000|  0%| F|  |TAMS 0x0000000781c00000, 0x0000000781c00000| Untracked 
|  29|0x0000000781d00000, 0x0000000781d00000, 0x0000000781e00000|  0%| F|  |TAMS 0x0000000781d00000, 0x0000000781d00000| Untracked 
|  30|0x0000000781e00000, 0x0000000781e00000, 0x0000000781f00000|  0%| F|  |TAMS 0x0000000781e00000, 0x0000000781e00000| Untracked 
|  31|0x0000000781f00000, 0x0000000781f00000, 0x0000000782000000|  0%| F|  |TAMS 0x0000000781f00000, 0x0000000781f00000| Untracked 
|  32|0x0000000782000000, 0x0000000782000000, 0x0000000782100000|  0%| F|  |TAMS 0x0000000782000000, 0x0000000782000000| Untracked 
|  33|0x0000000782100000, 0x0000000782100000, 0x0000000782200000|  0%| F|  |TAMS 0x0000000782100000, 0x0000000782100000| Untracked 
|  34|0x0000000782200000, 0x0000000782200000, 0x0000000782300000|  0%| F|  |TAMS 0x0000000782200000, 0x0000000782200000| Untracked 
|  35|0x0000000782300000, 0x00000007823d3b48, 0x0000000782400000| 82%| E|  |TAMS 0x0000000782300000, 0x0000000782300000| Complete 
|  36|0x0000000782400000, 0x0000000782500000, 0x0000000782500000|100%| E|CS|TAMS 0x0000000782400000, 0x0000000782400000| Complete 
|  37|0x0000000782500000, 0x0000000782600000, 0x0000000782600000|100%| E|CS|TAMS 0x0000000782500000, 0x0000000782500000| Complete 
|  38|0x0000000782600000, 0x0000000782700000, 0x0000000782700000|100%| E|CS|TAMS 0x0000000782600000, 0x0000000782600000| Complete 
|  39|0x0000000782700000, 0x0000000782800000, 0x0000000782800000|100%| E|CS|TAMS 0x0000000782700000, 0x0000000782700000| Complete 
|  40|0x0000000782800000, 0x0000000782900000, 0x0000000782900000|100%| E|CS|TAMS 0x0000000782800000, 0x0000000782800000| Complete 
|  41|0x0000000782900000, 0x0000000782a00000, 0x0000000782a00000|100%| E|CS|TAMS 0x0000000782900000, 0x0000000782900000| Complete 
| 111|0x0000000786f00000, 0x0000000786fb77a0, 0x0000000787000000| 71%| S|CS|TAMS 0x0000000786f00000, 0x0000000786f00000| Complete 
| 112|0x0000000787000000, 0x0000000787100000, 0x0000000787100000|100%| S|CS|TAMS 0x0000000787000000, 0x0000000787000000| Complete 
| 127|0x0000000787f00000, 0x0000000788000000, 0x0000000788000000|100%| E|CS|TAMS 0x0000000787f00000, 0x0000000787f00000| Complete 
|1022|0x00000007bfe00000, 0x00000007bfe48000, 0x00000007bff00000| 28%|OA|  |TAMS 0x00000007bfe48000, 0x00000007bfe00000| Untracked 
|1023|0x00000007bff00000, 0x00000007bff70000, 0x00000007c0000000| 43%|CA|  |TAMS 0x00000007bff70000, 0x00000007bff00000| Untracked 

Card table byte_map: [0x0000000106cfc000,0x00000001070fc000] _byte_map_base: 0x00000001030fc000

Marking Bits (Prev, Next): (CMBitMap*) 0x00007f8bfa827e58, (CMBitMap*) 0x00007f8bfa827e18
 Prev Bits: [0x0000000121d39000, 0x0000000123d39000)
 Next Bits: [0x000000011fd39000, 0x0000000121d39000)

Polling page: 0x0000000106688000

Metaspace:

Usage:
  Non-class:     19.11 MB capacity,    18.49 MB ( 97%) used,   509.59 KB (  3%) free+waste,   121.25 KB ( <1%) overhead. 
      Class:      3.58 MB capacity,     3.13 MB ( 87%) used,   398.89 KB ( 11%) free+waste,    64.94 KB (  2%) overhead. 
       Both:     22.69 MB capacity,    21.62 MB ( 95%) used,   908.48 KB (  4%) free+waste,   186.19 KB ( <1%) overhead. 

Virtual space:
  Non-class space:       20.00 MB reserved,      19.20 MB ( 96%) committed 
      Class space:        1.00 GB reserved,       3.67 MB ( <1%) committed 
             Both:        1.02 GB reserved,      22.87 MB (  2%) committed 

Chunk freelists:
   Non-Class:  2.38 KB
       Class:  1.00 KB
        Both:  3.38 KB

CodeHeap 'non-profiled nmethods': size=120032Kb used=814Kb max_used=814Kb free=119217Kb
 bounds [0x0000000118801000, 0x0000000118a71000, 0x000000011fd39000]
CodeHeap 'profiled nmethods': size=120032Kb used=4282Kb max_used=4282Kb free=115749Kb
 bounds [0x00000001112c9000, 0x00000001116f9000, 0x0000000118801000]
CodeHeap 'non-nmethods': size=5696Kb used=1367Kb max_used=1401Kb free=4328Kb
 bounds [0x0000000110d39000, 0x0000000110fa9000, 0x00000001112c9000]
 total_blobs=3468 nmethods=2356 adapters=721
 compilation: enabled
              stopped_count=0, restarted_count=0
 full_count=0

Compilation events (10 events):
Event: 21.961 Thread 0x00007f8bfa847000 2402       3       javafx.scene.Node$1::isDirty (6 bytes)
Event: 21.961 Thread 0x00007f8bfa847000 nmethod 2402 0x00000001116f6710 code [0x00000001116f68e0, 0x00000001116f6b50]
Event: 21.961 Thread 0x00007f8bfa847000 2403       1       com.sun.prism.impl.BaseGraphics::getClipRectIndex (5 bytes)
Event: 21.961 Thread 0x00007f8bfa847000 nmethod 2403 0x00000001188cc510 code [0x00000001188cc6c0, 0x00000001188cc7f0]
Event: 21.961 Thread 0x00007f8bfa847000 2404       3       java.lang.Math::floor (5 bytes)
Event: 21.962 Thread 0x00007f8bfa847000 nmethod 2404 0x00000001116f6c90 code [0x00000001116f6e80, 0x00000001116f7048]
Event: 21.962 Thread 0x00007f8bfa847000 2406       3       com.sun.prism.GraphicsPipeline::getPipeline (4 bytes)
Event: 21.962 Thread 0x00007f8bfa847000 nmethod 2406 0x00000001116f7110 code [0x00000001116f72c0, 0x00000001116f7410]
Event: 21.962 Thread 0x00007f8bfa847000 2405       3       java.lang.StrictMath::floor (12 bytes)
Event: 21.963 Thread 0x00007f8bfa847000 nmethod 2405 0x00000001116f7490 code [0x00000001116f7680, 0x00000001116f7808]

GC Heap History (8 events):
Event: 3.185 GC heap before
{Heap before GC invocations=0 (full 0):
 garbage-first heap   total 133120K, used 15072K [0x0000000780000000, 0x0000000800000000)
  region size 1024K, 14 young (14336K), 0 survivors (0K)
 Metaspace       used 4113K, capacity 6966K, committed 7296K, reserved 1056768K
  class space    used 467K, capacity 773K, committed 896K, reserved 1048576K
}
Event: 3.200 GC heap after
{Heap after GC invocations=1 (full 0):
 garbage-first heap   total 133120K, used 5111K [0x0000000780000000, 0x0000000800000000)
  region size 1024K, 2 young (2048K), 2 survivors (2048K)
 Metaspace       used 4113K, capacity 6966K, committed 7296K, reserved 1056768K
  class space    used 467K, capacity 773K, committed 896K, reserved 1048576K
}
Event: 5.710 GC heap before
{Heap before GC invocations=1 (full 0):
 garbage-first heap   total 133120K, used 16375K [0x0000000780000000, 0x0000000800000000)
  region size 1024K, 13 young (13312K), 2 survivors (2048K)
 Metaspace       used 6966K, capacity 9355K, committed 9600K, reserved 1058816K
  class space    used 764K, capacity 1036K, committed 1152K, reserved 1048576K
}
Event: 5.722 GC heap after
{Heap after GC invocations=2 (full 0):
 garbage-first heap   total 133120K, used 5450K [0x0000000780000000, 0x0000000800000000)
  region size 1024K, 1 young (1024K), 1 survivors (1024K)
 Metaspace       used 6966K, capacity 9355K, committed 9600K, reserved 1058816K
  class space    used 764K, capacity 1036K, committed 1152K, reserved 1048576K
}
Event: 11.189 GC heap before
{Heap before GC invocations=2 (full 0):
 garbage-first heap   total 133120K, used 40266K [0x0000000780000000, 0x0000000800000000)
  region size 1024K, 35 young (35840K), 1 survivors (1024K)
 Metaspace       used 16444K, capacity 17267K, committed 17664K, reserved 1064960K
  class space    used 2248K, capacity 2460K, committed 2560K, reserved 1048576K
}
Event: 11.215 GC heap after
{Heap after GC invocations=3 (full 0):
 garbage-first heap   total 133120K, used 9270K [0x0000000780000000, 0x0000000800000000)
  region size 1024K, 5 young (5120K), 5 survivors (5120K)
 Metaspace       used 16444K, capacity 17267K, committed 17664K, reserved 1064960K
  class space    used 2248K, capacity 2460K, committed 2560K, reserved 1048576K
}
Event: 14.131 GC heap before
{Heap before GC invocations=3 (full 0):
 garbage-first heap   total 133120K, used 23606K [0x0000000780000000, 0x0000000800000000)
  region size 1024K, 20 young (20480K), 5 survivors (5120K)
 Metaspace       used 20255K, capacity 21278K, committed 21296K, reserved 1067008K
  class space    used 2968K, capacity 3376K, committed 3376K, reserved 1048576K
}
Event: 14.163 GC heap after
{Heap after GC invocations=4 (full 0):
 garbage-first heap   total 133120K, used 10971K [0x0000000780000000, 0x0000000800000000)
  region size 1024K, 2 young (2048K), 2 survivors (2048K)
 Metaspace       used 20255K, capacity 21278K, committed 21296K, reserved 1067008K
  class space    used 2968K, capacity 3376K, committed 3376K, reserved 1048576K
}

Deoptimization events (10 events):
Event: 6.943 Thread 0x00007f8bf985f000 Uncommon trap: reason=bimorphic_or_optimized_type_check action=maybe_recompile pc=0x00000001188407d0 method=java.util.HashMap.putVal(ILjava/lang/Object;Ljava/lang/Object;ZZ)Ljava/lang/Object; @ 91 c2
Event: 8.967 Thread 0x00007f8bf986e000 Uncommon trap: reason=unstable_if action=reinterpret pc=0x0000000118852a68 method=java.util.HashMap.putVal(ILjava/lang/Object;Ljava/lang/Object;ZZ)Ljava/lang/Object; @ 162 c2
Event: 8.967 Thread 0x00007f8bf986e000 Uncommon trap: reason=unstable_if action=reinterpret pc=0x0000000118854888 method=java.util.HashMap.getNode(ILjava/lang/Object;)Ljava/util/HashMap$Node; @ 84 c2
Event: 9.935 Thread 0x00007f8bf986e000 Uncommon trap: reason=unstable_if action=reinterpret pc=0x0000000118829b54 method=java.lang.StringLatin1.canEncode(I)Z @ 4 c2
Event: 10.903 Thread 0x00007f8bf986e000 Uncommon trap: reason=class_check action=maybe_recompile pc=0x00000001188276f0 method=java.lang.String.equals(Ljava/lang/Object;)Z @ 8 c2
Event: 10.903 Thread 0x00007f8bf986e000 Uncommon trap: reason=class_check action=maybe_recompile pc=0x00000001188276f0 method=java.lang.String.equals(Ljava/lang/Object;)Z @ 8 c2
Event: 10.903 Thread 0x00007f8bf986e000 Uncommon trap: reason=class_check action=maybe_recompile pc=0x00000001188276f0 method=java.lang.String.equals(Ljava/lang/Object;)Z @ 8 c2
Event: 10.907 Thread 0x00007f8bf986e000 Uncommon trap: reason=class_check action=maybe_recompile pc=0x00000001188276f0 method=java.lang.String.equals(Ljava/lang/Object;)Z @ 8 c2
Event: 12.231 Thread 0x00007f8bf986e000 Uncommon trap: reason=unstable_if action=reinterpret pc=0x000000011882a1e4 method=java.lang.CharacterData.of(I)Ljava/lang/CharacterData; @ 4 c2
Event: 12.236 Thread 0x00007f8bf986e000 Uncommon trap: reason=unstable_if action=reinterpret pc=0x0000000118816430 method=java.lang.String.isLatin1()Z @ 10 c2

Classes redefined (0 events):
No events

Internal exceptions (10 events):
Event: 9.973 Thread 0x00007f8bf986e000 Exception <a 'java/io/FileNotFoundException'{0x0000000786405638}> (0x0000000786405638) thrown at [/scratch/mesos/slaves/ae206c0d-865c-4d69-a16b-c4e90bf2719f-S399/frameworks/1735e8a2-a1db-478c-8104-60c8b0af87dd-0196/executors/d4337cad-8111-46d8-8d39-fb2ce6
Event: 10.554 Thread 0x00007f8bf986e000 Exception <a 'java/io/FileNotFoundException'{0x00000007861349d0}> (0x00000007861349d0) thrown at [/scratch/mesos/slaves/ae206c0d-865c-4d69-a16b-c4e90bf2719f-S399/frameworks/1735e8a2-a1db-478c-8104-60c8b0af87dd-0196/executors/d4337cad-8111-46d8-8d39-fb2ce6
Event: 10.757 Thread 0x00007f8bf986e000 Exception <a 'java/io/FileNotFoundException'{0x00000007860631e0}> (0x00000007860631e0) thrown at [/scratch/mesos/slaves/ae206c0d-865c-4d69-a16b-c4e90bf2719f-S399/frameworks/1735e8a2-a1db-478c-8104-60c8b0af87dd-0196/executors/d4337cad-8111-46d8-8d39-fb2ce6
Event: 10.936 Thread 0x00007f8bf986e000 Exception <a 'java/lang/NoSuchMethodError'{0x00000007860e7138}: java.lang.invoke.DirectMethodHandle$Holder.invokeSpecial(Ljava/lang/Object;Ljava/lang/Object;Ljava/lang/Object;Ljava/lang/Object;)V> (0x00000007860e7138) thrown at [/scratch/mesos/slaves/ae20
Event: 11.242 Thread 0x00007f8bf986e000 Exception <a 'java/lang/NoSuchMethodError'{0x0000000787f5a4b8}: java.lang.invoke.DirectMethodHandle$Holder.invokeInterface(Ljava/lang/Object;Ljava/lang/Object;Ljava/lang/Object;)Ljava/lang/Object;> (0x0000000787f5a4b8) thrown at [/scratch/mesos/slaves/ae2
Event: 11.242 Thread 0x00007f8bf986e000 Exception <a 'java/lang/IncompatibleClassChangeError'{0x0000000787f5d3c0}: Found class java.lang.Object, but interface was expected> (0x0000000787f5d3c0) thrown at [/scratch/mesos/slaves/ae206c0d-865c-4d69-a16b-c4e90bf2719f-S399/frameworks/1735e8a2-a1db-4
Event: 12.287 Thread 0x00007f8bf986e000 Exception <a 'java/lang/NoSuchMethodError'{0x0000000787d2f4f8}: java.lang.invoke.Invokers$Holder.linkToTargetMethod(Ljava/lang/Object;ILjava/lang/Object;)Ljava/lang/Object;> (0x0000000787d2f4f8) thrown at [/scratch/mesos/slaves/ae206c0d-865c-4d69-a16b-c4e
Event: 14.221 Thread 0x00007f8bf986e000 Exception <a 'java/lang/NoSuchMethodError'{0x0000000787fac328}: java.lang.invoke.DirectMethodHandle$Holder.invokeStatic(Ljava/lang/Object;Ljava/lang/Object;II)Ljava/lang/Object;> (0x0000000787fac328) thrown at [/scratch/mesos/slaves/ae206c0d-865c-4d69-a16
Event: 16.085 Thread 0x00007f8bf986e000 Exception <a 'java/lang/NoSuchMethodError'{0x0000000782963d20}: java.lang.invoke.DirectMethodHandle$Holder.invokeStaticInit(Ljava/lang/Object;Ljava/lang/Object;Ljava/lang/Object;)J> (0x0000000782963d20) thrown at [/scratch/mesos/slaves/ae206c0d-865c-4d69-
Event: 16.092 Thread 0x00007f8bf986e000 Exception <a 'java/lang/NoSuchMethodError'{0x0000000782978238}: java.lang.invoke.Invokers$Holder.linkToTargetMethod(Ljava/lang/Object;JLjava/lang/Object;)Ljava/lang/Object;> (0x0000000782978238) thrown at [/scratch/mesos/slaves/ae206c0d-865c-4d69-a16b-c4e

Events (10 events):
Event: 21.291 loading class java/util/EnumMap$ValueIterator
Event: 21.291 loading class java/util/EnumMap$EnumMapIterator
Event: 21.291 loading class java/util/EnumMap$EnumMapIterator done
Event: 21.291 loading class java/util/EnumMap$ValueIterator done
Event: 21.291 loading class javafx/event/Event
Event: 21.291 loading class javafx/event/Event done
Event: 21.291 loading class javafx/event/Event
Event: 21.291 loading class javafx/event/Event done
Event: 21.291 loading class javafx/scene/Node
Event: 21.291 loading class javafx/scene/Node done


Dynamic libraries:
0x000000010666a000 	/Library/Java/JavaVirtualMachines/jdk-12.0.2.jdk/Contents/Home/lib/libjli.dylib
0x00007ff824aae000 	/usr/lib/libz.1.dylib
0x00007ff824b8e000 	/usr/lib/libSystem.B.dylib
0x00007ff824b89000 	/usr/lib/system/libcache.dylib
0x00007ff824b45000 	/usr/lib/system/libcommonCrypto.dylib
0x00007ff824b6e000 	/usr/lib/system/libcompiler_rt.dylib
0x00007ff824b64000 	/usr/lib/system/libcopyfile.dylib
0x00007ff819b1c000 	/usr/lib/system/libcorecrypto.dylib
0x00007ff819bda000 	/usr/lib/system/libdispatch.dylib
0x00007ff819d9a000 	/usr/lib/system/libdyld.dylib
0x00007ff824b80000 	/usr/lib/system/libkeymgr.dylib
0x00007ff824b23000 	/usr/lib/system/libmacho.dylib
0x00007ff8241a4000 	/usr/lib/system/libquarantine.dylib
0x00007ff824b7e000 	/usr/lib/system/libremovefile.dylib
0x00007ff81ed2f000 	/usr/lib/system/libsystem_asl.dylib
0x00007ff819ac5000 	/usr/lib/system/libsystem_blocks.dylib
0x00007ff819c5e000 	/usr/lib/system/libsystem_c.dylib
0x00007ff824b76000 	/usr/lib/system/libsystem_collections.dylib
0x00007ff823458000 	/usr/lib/system/libsystem_configuration.dylib
0x00007ff822701000 	/usr/lib/system/libsystem_containermanager.dylib
0x00007ff82485b000 	/usr/lib/system/libsystem_coreservices.dylib
0x00007ff81c3d0000 	/usr/lib/system/libsystem_darwin.dylib
0x00007ff824b81000 	/usr/lib/system/libsystem_dnssd.dylib
0x00007ff819c5b000 	/usr/lib/system/libsystem_featureflags.dylib
0x00007ff819db0000 	/usr/lib/system/libsystem_info.dylib
0x00007ff824ac1000 	/usr/lib/system/libsystem_m.dylib
0x00007ff819bae000 	/usr/lib/system/libsystem_malloc.dylib
0x00007ff81ecca000 	/usr/lib/system/libsystem_networkextension.dylib
0x00007ff81c7f6000 	/usr/lib/system/libsystem_notify.dylib
0x00007ff82ae00000 	/usr/lib/system/libsystem_product_info_filter.dylib
0x00007ff82345c000 	/usr/lib/system/libsystem_sandbox.dylib
0x00007ff824b7b000 	/usr/lib/system/libsystem_secinit.dylib
0x00007ff819d56000 	/usr/lib/system/libsystem_kernel.dylib
0x00007ff819da6000 	/usr/lib/system/libsystem_platform.dylib
0x00007ff819d8e000 	/usr/lib/system/libsystem_pthread.dylib
0x00007ff82057d000 	/usr/lib/system/libsystem_symptoms.dylib
0x00007ff819b03000 	/usr/lib/system/libsystem_trace.dylib
0x00007ff824b51000 	/usr/lib/system/libunwind.dylib
0x00007ff819ac7000 	/usr/lib/system/libxpc.dylib
0x00007ff819d40000 	/usr/lib/libc++abi.dylib
0x00007ff819c21000 	/usr/lib/libobjc.A.dylib
0x00007ff824b5c000 	/usr/lib/liboah.dylib
0x00007ff819ce7000 	/usr/lib/libc++.1.dylib
0x00007ff830c02000 	/System/Library/Frameworks/Cocoa.framework/Versions/A/Cocoa
0x00007ff81c854000 	/System/Library/Frameworks/AppKit.framework/Versions/C/AppKit
0x00007ff81fd6b000 	/System/Library/Frameworks/CoreData.framework/Versions/A/CoreData
0x00007ff81ac57000 	/System/Library/Frameworks/Foundation.framework/Versions/C/Foundation
0x00007ff81d6e4000 	/System/Library/PrivateFrameworks/UIFoundation.framework/Versions/A/UIFoundation
0x00007ff82ab03000 	/System/Library/PrivateFrameworks/RemoteViewServices.framework/Versions/A/RemoteViewServices
0x00007ff822de2000 	/System/Library/PrivateFrameworks/XCTTargetBootstrap.framework/Versions/A/XCTTargetBootstrap
0x00007ff826999000 	/System/Library/PrivateFrameworks/InternationalSupport.framework/Versions/A/InternationalSupport
0x00007ff826a23000 	/System/Library/PrivateFrameworks/UserActivity.framework/Versions/A/UserActivity
0x00007ff825d75000 	/usr/lib/libspindump.dylib
0x00007ff81d973000 	/System/Library/Frameworks/UniformTypeIdentifiers.framework/Versions/A/UniformTypeIdentifiers
0x00007ff821506000 	/usr/lib/libapp_launch_measurement.dylib
0x00007ff82073d000 	/System/Library/PrivateFrameworks/CoreAnalytics.framework/Versions/A/CoreAnalytics
0x00007ff821509000 	/System/Library/PrivateFrameworks/CoreAutoLayout.framework/Versions/A/CoreAutoLayout
0x00007ff822739000 	/System/Library/Frameworks/Metal.framework/Versions/A/Metal
0x00007ff823468000 	/usr/lib/liblangid.dylib
0x00007ff822de7000 	/System/Library/PrivateFrameworks/CoreSVG.framework/Versions/A/CoreSVG
0x00007ff81ed5f000 	/System/Library/PrivateFrameworks/SkyLight.framework/Versions/A/SkyLight
0x00007ff81f0fe000 	/System/Library/Frameworks/CoreGraphics.framework/Versions/A/CoreGraphics
0x00007ff82b1c3000 	/System/Library/Frameworks/Accelerate.framework/Versions/A/Accelerate
0x00007ff8257f4000 	/System/Library/PrivateFrameworks/IconServices.framework/Versions/A/IconServices
0x00007ff82271e000 	/System/Library/Frameworks/IOSurface.framework/Versions/A/IOSurface
0x00007ff82076b000 	/usr/lib/libDiagnosticMessagesClient.dylib
0x00007ff82e8a6000 	/System/Library/Frameworks/ApplicationServices.framework/Versions/A/ApplicationServices
0x00007ff822dce000 	/System/Library/PrivateFrameworks/DFRFoundation.framework/Versions/A/DFRFoundation
0x00007ff81c13c000 	/usr/lib/libicucore.A.dylib
0x00007ff82778f000 	/System/Library/Frameworks/AudioToolbox.framework/Versions/A/AudioToolbox
0x00007ff8269a5000 	/System/Library/PrivateFrameworks/DataDetectorsCore.framework/Versions/A/DataDetectorsCore
0x00007ff922ea2000 	/System/Library/PrivateFrameworks/TextInput.framework/Versions/A/TextInput
0x00007ff81ece2000 	/usr/lib/libMobileGestalt.dylib
0x00007ff822ada000 	/System/Library/Frameworks/Carbon.framework/Versions/A/Frameworks/HIToolbox.framework/Versions/A/HIToolbox
0x00007ff820f08000 	/System/Library/Frameworks/QuartzCore.framework/Versions/A/QuartzCore
0x00007ff81bde1000 	/System/Library/Frameworks/Security.framework/Versions/A/Security
0x00007ff82ab3b000 	/System/Library/Frameworks/Carbon.framework/Versions/A/Frameworks/SpeechRecognition.framework/Versions/A/SpeechRecognition
0x00007ff821266000 	/System/Library/PrivateFrameworks/CoreUI.framework/Versions/A/CoreUI
0x00007ff81b6ab000 	/System/Library/Frameworks/CoreAudio.framework/Versions/A/CoreAudio
0x00007ff82085a000 	/System/Library/Frameworks/DiskArbitration.framework/Versions/A/DiskArbitration
0x00007ff826165000 	/System/Library/PrivateFrameworks/MultitouchSupport.framework/Versions/A/MultitouchSupport
0x00007ff81ece1000 	/usr/lib/libenergytrace.dylib
0x00007ff81c740000 	/System/Library/Frameworks/IOKit.framework/Versions/A/IOKit
0x00007ff82af2b000 	/System/Library/Frameworks/CoreServices.framework/Versions/A/CoreServices
0x00007ff8214a0000 	/System/Library/PrivateFrameworks/PerformanceAnalysis.framework/Versions/A/PerformanceAnalysis
0x00007ffa32b81000 	/System/Library/Frameworks/OpenGL.framework/Versions/A/OpenGL
0x00007ff8240ca000 	/System/Library/PrivateFrameworks/MobileKeyBag.framework/Versions/A/MobileKeyBag
0x00007ff81f7ca000 	/System/Library/Frameworks/ColorSync.framework/Versions/A/ColorSync
0x00007ff819ddb000 	/System/Library/Frameworks/CoreFoundation.framework/Versions/A/CoreFoundation
0x00007ff82305e000 	/System/Library/Frameworks/CoreImage.framework/Versions/A/CoreImage
0x00007ff81b4bf000 	/System/Library/Frameworks/CoreText.framework/Versions/A/CoreText
0x00007ff822e17000 	/System/Library/Frameworks/ImageIO.framework/Versions/A/ImageIO
0x00007ff824b94000 	/System/Library/PrivateFrameworks/SoftLinking.framework/Versions/A/SoftLinking
0x00007ff821551000 	/usr/lib/libxml2.2.dylib
0x00007ff824e18000 	/usr/lib/libcompression.dylib
0x00007ff8268cc000 	/System/Library/PrivateFrameworks/TextureIO.framework/Versions/A/TextureIO
0x00007ff825506000 	/usr/lib/libate.dylib
0x00007ff8252e2000 	/usr/lib/liblzma.5.dylib
0x00007ff81a969000 	/System/Library/Frameworks/SystemConfiguration.framework/Versions/A/SystemConfiguration
0x00007ff824b90000 	/usr/lib/libfakelink.dylib
0x00007ff81e83a000 	/System/Library/Frameworks/CFNetwork.framework/Versions/A/CFNetwork
0x00007ff824cd1000 	/usr/lib/libarchive.2.dylib
0x00007ff823464000 	/System/Library/PrivateFrameworks/AppleSystemInfo.framework/Versions/A/AppleSystemInfo
0x00007ff8241cb000 	/usr/lib/libbsm.0.dylib
0x00007ff81de49000 	/usr/lib/libnetwork.dylib
0x00007ff824b29000 	/usr/lib/system/libkxld.dylib
0x00007ff823dfe000 	/System/Library/PrivateFrameworks/IOMobileFramebuffer.framework/Versions/A/IOMobileFramebuffer
0x00007ffb32558000 	/usr/lib/libCoreEntitlements.dylib
0x00007ff82483d000 	/System/Library/PrivateFrameworks/AppleFSCompression.framework/Versions/A/AppleFSCompression
0x00007ff8241b3000 	/usr/lib/libcoretls.dylib
0x00007ff8252fc000 	/usr/lib/libcoretls_cfhelpers.dylib
0x00007ff824e13000 	/usr/lib/libpam.2.dylib
0x00007ff82019c000 	/usr/lib/libsqlite3.dylib
0x00007ff82536b000 	/usr/lib/libxar.1.dylib
0x00007ff82484d000 	/usr/lib/libbz2.1.0.dylib
0x00007ff824b95000 	/usr/lib/libpcap.A.dylib
0x00007ff820575000 	/usr/lib/libdns_services.dylib
0x00007ff824de3000 	/usr/lib/libapple_nghttp2.dylib
0x00007ff824bcf000 	/usr/lib/libiconv.2.dylib
0x00007ff824b22000 	/usr/lib/libcharset.1.dylib
0x00007ff8214d4000 	/System/Library/Frameworks/CoreServices.framework/Versions/A/Frameworks/FSEvents.framework/Versions/A/FSEvents
0x00007ff81c3da000 	/System/Library/Frameworks/CoreServices.framework/Versions/A/Frameworks/CarbonCore.framework/Versions/A/CarbonCore
0x00007ff8207be000 	/System/Library/Frameworks/CoreServices.framework/Versions/A/Frameworks/Metadata.framework/Versions/A/Metadata
0x00007ff824860000 	/System/Library/Frameworks/CoreServices.framework/Versions/A/Frameworks/OSServices.framework/Versions/A/OSServices
0x00007ff824d58000 	/System/Library/Frameworks/CoreServices.framework/Versions/A/Frameworks/SearchKit.framework/Versions/A/SearchKit
0x00007ff820507000 	/System/Library/Frameworks/CoreServices.framework/Versions/A/Frameworks/AE.framework/Versions/A/AE
0x00007ff81a2de000 	/System/Library/Frameworks/CoreServices.framework/Versions/A/Frameworks/LaunchServices.framework/Versions/A/LaunchServices
0x00007ff825293000 	/System/Library/Frameworks/CoreServices.framework/Versions/A/Frameworks/DictionaryServices.framework/Versions/A/DictionaryServices
0x00007ff8214e1000 	/System/Library/Frameworks/CoreServices.framework/Versions/A/Frameworks/SharedFileList.framework/Versions/A/SharedFileList
0x00007ff8241a7000 	/usr/lib/libCheckFix.dylib
0x00007ff81ed46000 	/System/Library/PrivateFrameworks/TCC.framework/Versions/A/TCC
0x00007ff82346a000 	/System/Library/PrivateFrameworks/CoreNLP.framework/Versions/A/CoreNLP
0x00007ff82076e000 	/System/Library/PrivateFrameworks/MetadataUtilities.framework/Versions/A/MetadataUtilities
0x00007ff81aa1a000 	/usr/lib/libmecabra.dylib
0x00007ff8241db000 	/usr/lib/libmecab.dylib
0x00007ff81a9e5000 	/usr/lib/libCRFSuite.dylib
0x00007ff824235000 	/usr/lib/libgermantok.dylib
0x00007ff824dbe000 	/usr/lib/libThaiTokenizer.dylib
0x00007ff820861000 	/System/Library/Frameworks/Accelerate.framework/Versions/A/Frameworks/vImage.framework/Versions/A/vImage
0x00007ff82af02000 	/System/Library/Frameworks/Accelerate.framework/Versions/A/Frameworks/vecLib.framework/Versions/A/vecLib
0x00007ff8253ac000 	/System/Library/Frameworks/Accelerate.framework/Versions/A/Frameworks/vecLib.framework/Versions/A/libvMisc.dylib
0x00007ff823c29000 	/System/Library/Frameworks/Accelerate.framework/Versions/A/Frameworks/vecLib.framework/Versions/A/libvDSP.dylib
0x00007ff81a659000 	/System/Library/Frameworks/Accelerate.framework/Versions/A/Frameworks/vecLib.framework/Versions/A/libBLAS.dylib
0x00007ff824ef5000 	/System/Library/Frameworks/Accelerate.framework/Versions/A/Frameworks/vecLib.framework/Versions/A/libLAPACK.dylib
0x00007ff824238000 	/System/Library/Frameworks/Accelerate.framework/Versions/A/Frameworks/vecLib.framework/Versions/A/libLinearAlgebra.dylib
0x00007ff824dfb000 	/System/Library/Frameworks/Accelerate.framework/Versions/A/Frameworks/vecLib.framework/Versions/A/libSparseBLAS.dylib
0x00007ff824eef000 	/System/Library/Frameworks/Accelerate.framework/Versions/A/Frameworks/vecLib.framework/Versions/A/libQuadrature.dylib
0x00007ff823555000 	/System/Library/Frameworks/Accelerate.framework/Versions/A/Frameworks/vecLib.framework/Versions/A/libBNNS.dylib
0x00007ff81a8f3000 	/System/Library/Frameworks/Accelerate.framework/Versions/A/Frameworks/vecLib.framework/Versions/A/libSparse.dylib
0x00007ff82354e000 	/System/Library/PrivateFrameworks/LinguisticData.framework/Versions/A/LinguisticData
0x00007ff81a8a9000 	/System/Library/PrivateFrameworks/Lexicon.framework/Versions/A/Lexicon
0x00007ff8253a5000 	/usr/lib/libChineseTokenizer.dylib
0x00007ff81b014000 	/System/Library/PrivateFrameworks/LanguageModeling.framework/Versions/A/LanguageModeling
0x00007ff824dc0000 	/System/Library/PrivateFrameworks/AppleSauce.framework/Versions/A/AppleSauce
0x00007ff823dec000 	/System/Library/PrivateFrameworks/CoreEmoji.framework/Versions/A/CoreEmoji
0x00007ff824cc0000 	/usr/lib/libcmph.dylib
0x00007ff8214b8000 	/System/Library/Frameworks/OpenDirectory.framework/Versions/A/Frameworks/CFOpenDirectory.framework/Versions/A/CFOpenDirectory
0x00007ff8214ac000 	/System/Library/Frameworks/OpenDirectory.framework/Versions/A/OpenDirectory
0x00007ff8252fe000 	/System/Library/PrivateFrameworks/APFS.framework/Versions/A/APFS
0x00007ff824102000 	/System/Library/Frameworks/SecurityFoundation.framework/Versions/A/SecurityFoundation
0x00007ff825379000 	/usr/lib/libutil.dylib
0x00007ff81c704000 	/System/Library/PrivateFrameworks/CoreServicesStore.framework/Versions/A/CoreServicesStore
0x00007ff82537d000 	/usr/lib/libxslt.1.dylib
0x00007ff82418f000 	/System/Library/PrivateFrameworks/BackgroundTaskManagement.framework/Versions/A/BackgroundTaskManagement
0x00007ff8267ec000 	/System/Library/Frameworks/ImageIO.framework/Versions/A/Resources/libRadiance.dylib
0x00007ff8267f5000 	/System/Library/Frameworks/ImageIO.framework/Versions/A/Resources/libJPEG.dylib
0x00007ff826744000 	/System/Library/Frameworks/ImageIO.framework/Versions/A/Resources/libPng.dylib
0x00007ff826765000 	/System/Library/Frameworks/ImageIO.framework/Versions/A/Resources/libTIFF.dylib
0x00007ff826855000 	/System/Library/Frameworks/ImageIO.framework/Versions/A/Resources/libGIF.dylib
0x00007ff82607f000 	/System/Library/Frameworks/ImageIO.framework/Versions/A/Resources/libJP2.dylib
0x00007ff8257bb000 	/usr/lib/libexpat.1.dylib
0x00007ff826034000 	/System/Library/PrivateFrameworks/AppleJPEG.framework/Versions/A/AppleJPEG
0x00007ff82299e000 	/System/Library/PrivateFrameworks/FontServices.framework/libFontParser.dylib
0x00007ff8204b1000 	/System/Library/PrivateFrameworks/RunningBoardServices.framework/Versions/A/RunningBoardServices
0x00007ff8311bd000 	/System/Library/PrivateFrameworks/IOSurfaceAccelerator.framework/Versions/A/IOSurfaceAccelerator
0x00007ff826161000 	/System/Library/PrivateFrameworks/WatchdogClient.framework/Versions/A/WatchdogClient
0x00007ff81b102000 	/System/Library/Frameworks/CoreDisplay.framework/Versions/A/CoreDisplay
0x00007ff82289c000 	/System/Library/Frameworks/CoreMedia.framework/Versions/A/CoreMedia
0x00007ff822730000 	/System/Library/PrivateFrameworks/IOAccelerator.framework/Versions/A/IOAccelerator
0x00007ff821635000 	/System/Library/Frameworks/CoreVideo.framework/Versions/A/CoreVideo
0x00007ff824e11000 	/System/Library/Frameworks/MetalPerformanceShaders.framework/Versions/A/MetalPerformanceShaders
0x00007ff82619e000 	/System/Library/Frameworks/VideoToolbox.framework/Versions/A/VideoToolbox
0x00007ff8203fb000 	/System/Library/PrivateFrameworks/BaseBoard.framework/Versions/A/BaseBoard
0x00007ff820182000 	/System/Library/PrivateFrameworks/ProtocolBuffer.framework/Versions/A/ProtocolBuffer
0x00007ff8267e5000 	/System/Library/PrivateFrameworks/GPUWrangler.framework/Versions/A/GPUWrangler
0x00007ff8267c9000 	/System/Library/PrivateFrameworks/IOPresentment.framework/Versions/A/IOPresentment
0x00007ff8267ef000 	/System/Library/PrivateFrameworks/DSExternalDisplay.framework/Versions/A/DSExternalDisplay
0x00007ffa32b75000 	/System/Library/Frameworks/OpenGL.framework/Versions/A/Libraries/libCoreFSCache.dylib
0x00007ffb1fc4b000 	/System/Library/PrivateFrameworks/GPUCompiler.framework/Versions/31001/Libraries/libGPUCompilerUtils.dylib
0x00007ff82685a000 	/System/Library/PrivateFrameworks/CMCaptureCore.framework/Versions/A/CMCaptureCore
0x00007ff825d63000 	/System/Library/PrivateFrameworks/AppServerSupport.framework/Versions/A/AppServerSupport
0x00007ff828028000 	/System/Library/PrivateFrameworks/perfdata.framework/Versions/A/perfdata
0x00007ff81b22e000 	/System/Library/PrivateFrameworks/AudioToolboxCore.framework/Versions/A/AudioToolboxCore
0x00007ff82287a000 	/System/Library/PrivateFrameworks/caulk.framework/Versions/A/caulk
0x00007ff82793a000 	/usr/lib/libAudioStatistics.dylib
0x00007ff91f630000 	/System/Library/PrivateFrameworks/SystemPolicy.framework/Versions/A/SystemPolicy
0x00007ff827b95000 	/usr/lib/libSMC.dylib
0x00007ff830ab5000 	/System/Library/Frameworks/CoreMIDI.framework/Versions/A/CoreMIDI
0x00007ff826713000 	/usr/lib/libAudioToolboxUtility.dylib
0x00007ff91b858000 	/System/Library/PrivateFrameworks/OSAServicesClient.framework/Versions/A/OSAServicesClient
0x00007ff828035000 	/usr/lib/libperfcheck.dylib
0x00007ff9200dd000 	/usr/lib/libmis.dylib
0x00007ffa32bd0000 	/System/Library/Frameworks/OpenGL.framework/Versions/A/Libraries/libGLU.dylib
0x00007ffa32b94000 	/System/Library/Frameworks/OpenGL.framework/Versions/A/Libraries/libGFXShared.dylib
0x00007ffa32d9d000 	/System/Library/Frameworks/OpenGL.framework/Versions/A/Libraries/libGL.dylib
0x00007ffa32b9d000 	/System/Library/Frameworks/OpenGL.framework/Versions/A/Libraries/libGLImage.dylib
0x00007ffa32b91000 	/System/Library/Frameworks/OpenGL.framework/Versions/A/Libraries/libCVMSPluginSupport.dylib
0x00007ffa32b7c000 	/System/Library/Frameworks/OpenGL.framework/Versions/A/Libraries/libCoreVMClient.dylib
0x00007ff8233e6000 	/System/Library/Frameworks/MetalPerformanceShaders.framework/Versions/A/Frameworks/MPSCore.framework/Versions/A/MPSCore
0x00007ff8247a8000 	/System/Library/Frameworks/MetalPerformanceShaders.framework/Versions/A/Frameworks/MPSImage.framework/Versions/A/MPSImage
0x00007ff82424e000 	/System/Library/Frameworks/MetalPerformanceShaders.framework/Versions/A/Frameworks/MPSNeuralNetwork.framework/Versions/A/MPSNeuralNetwork
0x00007ff8246c2000 	/System/Library/Frameworks/MetalPerformanceShaders.framework/Versions/A/Frameworks/MPSMatrix.framework/Versions/A/MPSMatrix
0x00007ff82447d000 	/System/Library/Frameworks/MetalPerformanceShaders.framework/Versions/A/Frameworks/MPSRayIntersector.framework/Versions/A/MPSRayIntersector
0x00007ff8246fa000 	/System/Library/Frameworks/MetalPerformanceShaders.framework/Versions/A/Frameworks/MPSNDArray.framework/Versions/A/MPSNDArray
0x00007ffa38655000 	/System/Library/Frameworks/MetalPerformanceShaders.framework/Versions/A/Frameworks/MPSFunctions.framework/Versions/A/MPSFunctions
0x00007ff81a535000 	/System/Library/PrivateFrameworks/MetalTools.framework/Versions/A/MetalTools
0x00007ff823462000 	/System/Library/PrivateFrameworks/AggregateDictionary.framework/Versions/A/AggregateDictionary
0x00007ff82559d000 	/usr/lib/libIOReport.dylib
0x00007ffa341ac000 	/System/Library/Frameworks/OpenCL.framework/Versions/A/OpenCL
0x00007ff825901000 	/System/Library/PrivateFrameworks/FaceCore.framework/Versions/A/FaceCore
0x00007ff8258f2000 	/System/Library/PrivateFrameworks/GraphVisualizer.framework/Versions/A/GraphVisualizer
0x00007ffb1fb56000 	/System/Library/PrivateFrameworks/FontServices.framework/Versions/A/FontServices
0x00007ff825d1b000 	/System/Library/PrivateFrameworks/OTSVG.framework/Versions/A/OTSVG
0x00007ff82121b000 	/System/Library/Frameworks/ApplicationServices.framework/Versions/A/Frameworks/ATS.framework/Versions/A/Resources/libFontRegistry.dylib
0x00007ff825d6b000 	/System/Library/PrivateFrameworks/FontServices.framework/libhvf.dylib
0x00007ffb1fb57000 	/System/Library/PrivateFrameworks/FontServices.framework/libXTFontStaticRegistryData.dylib
0x00007ff82576b000 	/System/Library/PrivateFrameworks/AppleVA.framework/Versions/A/AppleVA
0x00007ff82795a000 	/System/Library/Frameworks/ApplicationServices.framework/Versions/A/Frameworks/ATS.framework/Versions/A/ATS
0x00007ff81f8c8000 	/System/Library/Frameworks/ApplicationServices.framework/Versions/A/Frameworks/HIServices.framework/Versions/A/HIServices
0x00007ff826864000 	/System/Library/Frameworks/ApplicationServices.framework/Versions/A/Frameworks/PrintCore.framework/Versions/A/PrintCore
0x00007ff827ce8000 	/System/Library/Frameworks/ApplicationServices.framework/Versions/A/Frameworks/QD.framework/Versions/A/QD
0x00007ff827ce0000 	/System/Library/Frameworks/ApplicationServices.framework/Versions/A/Frameworks/ColorSyncLegacy.framework/Versions/A/ColorSyncLegacy
0x00007ff82794a000 	/System/Library/Frameworks/ApplicationServices.framework/Versions/A/Frameworks/SpeechSynthesis.framework/Versions/A/SpeechSynthesis
0x00007ff826825000 	/System/Library/Frameworks/ApplicationServices.framework/Versions/A/Frameworks/ATSUI.framework/Versions/A/ATSUI
0x00007ff827c75000 	/usr/lib/libcups.2.dylib
0x00007ff828044000 	/System/Library/Frameworks/Kerberos.framework/Versions/A/Kerberos
0x00007ff828053000 	/System/Library/Frameworks/GSS.framework/Versions/A/GSS
0x00007ff8279c6000 	/usr/lib/libresolv.9.dylib
0x00007ff825d7a000 	/System/Library/PrivateFrameworks/Heimdal.framework/Versions/A/Heimdal
0x00007ff82ec38000 	/System/Library/Frameworks/Kerberos.framework/Versions/A/Libraries/libHeimdalProxy.dylib
0x00007ff820585000 	/System/Library/Frameworks/Network.framework/Versions/A/Network
0x00007ff8257d5000 	/usr/lib/libheimdal-asn1.dylib
0x00007ff82809e000 	/System/Library/PrivateFrameworks/CommonAuth.framework/Versions/A/CommonAuth
0x00007ff8278cc000 	/System/Library/PrivateFrameworks/AudioSession.framework/Versions/A/AudioSession
0x00007ff825865000 	/System/Library/PrivateFrameworks/MediaExperience.framework/Versions/A/MediaExperience
0x00007ff82775e000 	/System/Library/PrivateFrameworks/AudioSession.framework/libSessionUtility.dylib
0x00007ff827cf4000 	/System/Library/PrivateFrameworks/AudioResourceArbitration.framework/Versions/A/AudioResourceArbitration
0x00007ff82bd75000 	/System/Library/PrivateFrameworks/PowerLog.framework/Versions/A/PowerLog
0x00007ff8257de000 	/System/Library/PrivateFrameworks/IconFoundation.framework/Versions/A/IconFoundation
0x00007ff82ab2b000 	/System/Library/PrivateFrameworks/SpeechRecognitionCore.framework/Versions/A/SpeechRecognitionCore
0x000000010736e000 	/Library/Java/JavaVirtualMachines/jdk-12.0.2.jdk/Contents/Home/lib/server/libjvm.dylib
0x0000000106692000 	/Library/Java/JavaVirtualMachines/jdk-12.0.2.jdk/Contents/Home/lib/libverify.dylib
0x00000001066c2000 	/Library/Java/JavaVirtualMachines/jdk-12.0.2.jdk/Contents/Home/lib/libjava.dylib
0x00000001066a6000 	/Library/Java/JavaVirtualMachines/jdk-12.0.2.jdk/Contents/Home/lib/libzip.dylib
0x00000001066ae000 	/Library/Java/JavaVirtualMachines/jdk-12.0.2.jdk/Contents/Home/lib/libjimage.dylib
0x000000010715b000 	/Library/Java/JavaVirtualMachines/jdk-12.0.2.jdk/Contents/Home/lib/libnio.dylib
0x000000010717c000 	/Library/Java/JavaVirtualMachines/jdk-12.0.2.jdk/Contents/Home/lib/libnet.dylib
0x0000000107169000 	/Users/izzhafeez/.openjfx/cache/11/libprism_es2.dylib
0x00007ff81c6c6000 	/System/Library/PrivateFrameworks/CoreServicesInternal.framework/Versions/A/CoreServicesInternal
0x00007ffa32da8000 	/System/Library/Frameworks/OpenGL.framework/Versions/A/Resources/GLEngine.bundle/GLEngine
0x00007ffa32c0e000 	/System/Library/Frameworks/OpenGL.framework/Versions/A/Libraries/libGLProgrammability.dylib
0x00007ffa27c24000 	/System/Library/Extensions/AppleIntelKBLGraphicsGLDriver.bundle/Contents/MacOS/AppleIntelKBLGraphicsGLDriver
0x00007ff92a278000 	/System/Library/PrivateFrameworks/GPUSupport.framework/Versions/A/Libraries/libGPUSupportMercury.dylib
0x00007ffa32f32000 	/System/Library/Frameworks/OpenGL.framework/Versions/A/Resources/GLRendererFloat.bundle/GLRendererFloat
0x00000001087e5000 	/Users/izzhafeez/.openjfx/cache/11/libglass.dylib
0x00007ff82c366000 	/System/Library/Frameworks/FileProvider.framework/Versions/A/FileProvider
0x00007ff820368000 	/System/Library/Frameworks/Accounts.framework/Versions/A/Accounts
0x00007ff82c4df000 	/System/Library/PrivateFrameworks/GenerationalStorage.framework/Versions/A/GenerationalStorage
0x00007ff82cfef000 	/System/Library/PrivateFrameworks/CoreSymbolication.framework/Versions/A/CoreSymbolication
0x00007ff82bd6a000 	/System/Library/PrivateFrameworks/SymptomDiagnosticReporter.framework/Versions/A/SymptomDiagnosticReporter
0x00007ff81d987000 	/System/Library/PrivateFrameworks/DesktopServicesPriv.framework/Versions/A/DesktopServicesPriv
0x00007ff81c805000 	/usr/lib/libsandbox.1.dylib
0x00007ff8216b4000 	/System/Library/PrivateFrameworks/UserManagement.framework/Versions/A/UserManagement
0x00007ff82cfb4000 	/System/Library/PrivateFrameworks/DebugSymbols.framework/Versions/A/DebugSymbols
0x00007ff827cd5000 	/System/Library/PrivateFrameworks/NetAuth.framework/Versions/A/NetAuth
0x00007ff828be4000 	/System/Library/PrivateFrameworks/Sharing.framework/Versions/A/Sharing
0x00007ff821687000 	/System/Library/PrivateFrameworks/login.framework/Versions/A/Frameworks/loginsupport.framework/Versions/A/loginsupport
0x00007ff82e152000 	/System/Library/PrivateFrameworks/Apple80211.framework/Versions/A/Apple80211
0x00007ff82488d000 	/System/Library/PrivateFrameworks/AuthKit.framework/Versions/A/AuthKit
0x00007ff823ee2000 	/System/Library/PrivateFrameworks/CoreUtils.framework/Versions/A/CoreUtils
0x00007ff823e09000 	/System/Library/Frameworks/CoreWLAN.framework/Versions/A/CoreWLAN
0x00007ff828d43000 	/System/Library/Frameworks/IOBluetooth.framework/Versions/A/IOBluetooth
0x00007ff82e1ba000 	/System/Library/PrivateFrameworks/CoreWiFi.framework/Versions/A/CoreWiFi
0x00007ff82cb89000 	/System/Library/PrivateFrameworks/FrontBoardServices.framework/Versions/A/FrontBoardServices
0x00007ff82cc1a000 	/System/Library/PrivateFrameworks/BoardServices.framework/Versions/A/BoardServices
0x00007ff8240f1000 	/System/Library/PrivateFrameworks/AssertionServices.framework/Versions/A/AssertionServices
0x00007ff82e33d000 	/System/Library/PrivateFrameworks/BackBoardServices.framework/Versions/A/BackBoardServices
0x00007ff82812f000 	/System/Library/PrivateFrameworks/CorePhoneNumbers.framework/Versions/A/CorePhoneNumbers
0x00007ff8279f3000 	/System/Library/PrivateFrameworks/MultiverseSupport.framework/Versions/A/MultiverseSupport
0x00007ff82e5b1000 	/System/Library/PrivateFrameworks/RemoteServiceDiscovery.framework/Versions/A/RemoteServiceDiscovery
0x00007ff82be87000 	/System/Library/PrivateFrameworks/DiskManagement.framework/Versions/A/DiskManagement
0x00007ff82bd9b000 	/System/Library/PrivateFrameworks/AppleIDAuthSupport.framework/Versions/A/AppleIDAuthSupport
0x00007ffb1a4d1000 	/System/Library/PrivateFrameworks/AAAFoundation.framework/Versions/A/AAAFoundation
0x00007ff828110000 	/System/Library/PrivateFrameworks/KeychainCircle.framework/Versions/A/KeychainCircle
0x00007ff82e5c1000 	/System/Library/PrivateFrameworks/RemoteXPC.framework/Versions/A/RemoteXPC
0x00007ff82be53000 	/System/Library/PrivateFrameworks/MediaKit.framework/Versions/A/MediaKit
0x00007ff82bda7000 	/System/Library/Frameworks/DiscRecording.framework/Versions/A/DiscRecording
0x00007ff8256e3000 	/usr/lib/libCoreStorage.dylib
0x00007ff82e62c000 	/usr/lib/libcsfde.dylib
0x00007ff828e10000 	/System/Library/PrivateFrameworks/ProtectedCloudStorage.framework/Versions/A/ProtectedCloudStorage
0x00007ff82e628000 	/System/Library/PrivateFrameworks/EFILogin.framework/Versions/A/EFILogin
0x00007ff82c505000 	/System/Library/PrivateFrameworks/OctagonTrust.framework/Versions/A/OctagonTrust
0x00007ffb1edb9000 	/System/Library/PrivateFrameworks/CoreUtilsExtras.framework/Versions/A/CoreUtilsExtras
0x00007ff82bcce000 	/System/Library/Frameworks/CoreBluetooth.framework/Versions/A/CoreBluetooth
0x00007ff82ecbd000 	/System/Library/Frameworks/AudioUnit.framework/Versions/A/AudioUnit
0x00007ff8256db000 	/usr/lib/libMatch.1.dylib
0x00007ff924701000 	/System/Library/Frameworks/Accelerate.framework/Versions/A/Frameworks/vImage.framework/Versions/A/Libraries/libCGInterfaces.dylib
0x000000012a4b2000 	/usr/lib/libobjc-trampolines.dylib
0x00007ff8213ac000 	/System/Library/PrivateFrameworks/ViewBridge.framework/Versions/A/ViewBridge
0x00007ffb32647000 	/usr/lib/libRosetta.dylib
0x00007ffb1ab93000 	/System/Library/PrivateFrameworks/AccessibilityBundles.framework/Versions/A/AccessibilityBundles
0x000000012c96e000 	/Users/izzhafeez/.openjfx/cache/11/libjavafx_font.dylib
0x00007ff825e32000 	/System/Library/PrivateFrameworks/login.framework/Versions/A/login
0x00007ff91dee7000 	/usr/lib/libFosl_dynamic.dylib
0x00007ff923ea8000 	/usr/lib/libncurses.5.4.dylib
0x00007ffa25da8000 	/System/Library/Extensions/AppleIntelKBLGraphicsMTLDriver.bundle/Contents/MacOS/AppleIntelKBLGraphicsMTLDriver
0x00007ff9200f8000 	/System/Library/PrivateFrameworks/GPURawCounter.framework/Versions/A/GPURawCounter


VM Arguments:
jvm_args: -Dfile.encoding=UTF-8 -Duser.country=GB -Duser.language=en -Duser.variant 
java_command: seedu.address.Main
java_class_path (initial): /Users/izzhafeez/Documents/School/CS2103T/tp/build/classes/java/main:/Users/izzhafeez/Documents/School/CS2103T/tp/build/resources/main:/Users/izzhafeez/.gradle/caches/modules-2/files-2.1/org.openjfx/javafx-fxml/11/d5ff9262ef49d166db658d15f37e3ecff38fde4b/javafx-fxml-11-win.jar:/Users/izzhafeez/.gradle/caches/modules-2/files-2.1/org.openjfx/javafx-fxml/11/e0f5bb81e21054b59f2ebfa727d40a90ee0260d3/javafx-fxml-11-mac.jar:/Users/izzhafeez/.gradle/caches/modules-2/files-2.1/org.openjfx/javafx-fxml/11/e7a757b580fc3e2e1a121768606c7836eef418c/javafx-fxml-11-linux.jar:/Users/izzhafeez/.gradle/caches/modules-2/files-2.1/org.openjfx/javafx-controls/11/af8d24de44e16a19ae959028eb23a48c145fb682/javafx-controls-11-win.jar:/Users/izzhafeez/.gradle/caches/modules-2/files-2.1/org.openjfx/javafx-controls/11/e3a24a14e8732abc6dc173f15872dc63e2a32e16/javafx-controls-11-mac.jar:/Users/izzhafeez/.gradle/caches/modules-2/files-2.1/org.openjfx/javafx-controls/11/794488e3b1f4635d9a1b842bdc872a5eb8fd54ca/javafx-controls-11-linux.jar:/Users/izzhafeez/.gradle/caches/modules-2/files-2.1/org.openjfx/javafx-controls/11/58d961774262ec972bf304e16c154a8e18c2050b/javafx-controls-11.jar:/Users/izzhafeez/.gradle/caches/modules-2/files-2.1/org.openjfx/javafx-graphics/11/9345c7ea43dbcc73a62eca5332717b4ce617e6c6/javafx-graphics-11-win.jar:/Users/izzhafeez/.gradle/caches/modules-2/files-2.1/org.openjfx/javafx-graphics/11/af47a6d3668d3ce1c61e1fe13c44471b6f8d469/javafx-graphics-11-mac.jar:/Users/izzhafeez/.gradle/caches/modules-2/files-2.1/org.openjfx/javafx-graphics/11/4ab9edd8d481a420044c473fdb5718ccdd35c836/javafx-graphics-11-linux.jar:/Users/izzhafeez/.gradle/caches/modules-2/files-2.1/org.openjfx/javafx-graphics/11/a736dd079047ec0b72b8c4970842a5c5e0c19f2f/javafx-graphics-11.jar:/Users/izzhafeez/.gradle/caches/modules-2/files-2.1/org.openjfx/javafx-base/11/ad3a4acfaa28b484d30c40c1f009445cc3f6e68b/javafx-base-11-win.jar:/Users/izzhafeez/.gradle/caches/modules-2/files-2.1/org.open
Launcher Type: SUN_STANDARD

[Global flags]
     intx CICompilerCount                          = 3                                         {product} {ergonomic}
     uint ConcGCThreads                            = 1                                         {product} {ergonomic}
     uint G1ConcRefinementThreads                  = 4                                         {product} {ergonomic}
   size_t G1HeapRegionSize                         = 1048576                                   {product} {ergonomic}
    uintx GCDrainStackTargetSize                   = 64                                        {product} {ergonomic}
   size_t InitialHeapSize                          = 134217728                                 {product} {ergonomic}
   size_t MarkStackSize                            = 4194304                                   {product} {ergonomic}
   size_t MaxHeapSize                              = 2147483648                                {product} {ergonomic}
   size_t MaxNewSize                               = 1287651328                                {product} {ergonomic}
   size_t MinHeapDeltaBytes                        = 1048576                                   {product} {ergonomic}
    uintx NonNMethodCodeHeapSize                   = 5830732                                {pd product} {ergonomic}
    uintx NonProfiledCodeHeapSize                  = 122913754                              {pd product} {ergonomic}
    uintx ProfiledCodeHeapSize                     = 122913754                              {pd product} {ergonomic}
    uintx ReservedCodeCacheSize                    = 251658240                              {pd product} {ergonomic}
     bool SegmentedCodeCache                       = true                                      {product} {ergonomic}
     bool UseCompressedClassPointers               = true                                 {lp64_product} {ergonomic}
     bool UseCompressedOops                        = true                                 {lp64_product} {ergonomic}
     bool UseG1GC                                  = true                                      {product} {ergonomic}

Logging:
Log output configuration:
 #0: stdout all=warning uptime,level,tags
 #1: stderr all=off uptime,level,tags

Environment Variables:
PATH=/Users/izzhafeez/.cargo/bin:/Users/izzhafeez/opt/anaconda3/bin:/Users/izzhafeez/opt/anaconda3/condabin:/Library/Frameworks/Python.framework/Versions/3.8/bin:/anaconda3/bin:/Library/Frameworks/Python.framework/Versions/3.7/bin:/usr/local/bin:/usr/bin:/bin:/usr/sbin:/sbin:/Library/PostgreSQL/14/bin:/Library/TeX/texbin:/Library/Apple/usr/bin
SHELL=/bin/bash

Signal Handlers:
SIGSEGV: [libjvm.dylib+0x735418], sa_mask[0]=11111111011111110111111111111111, sa_flags=SA_ONSTACK|SA_RESTART|SA_SIGINFO
SIGBUS: [libjvm.dylib+0x735418], sa_mask[0]=11111111011111110111111111111111, sa_flags=SA_RESTART|SA_SIGINFO
SIGFPE: [libjvm.dylib+0x735418], sa_mask[0]=11111111011111110111111111111111, sa_flags=SA_RESTART|SA_SIGINFO
SIGPIPE: [libjvm.dylib+0x5dce9e], sa_mask[0]=11111111011111110111111111111111, sa_flags=SA_RESTART|SA_SIGINFO
SIGXFSZ: [libjvm.dylib+0x5dce9e], sa_mask[0]=11111111011111110111111111111111, sa_flags=SA_RESTART|SA_SIGINFO
SIGILL: [libjvm.dylib+0x735418], sa_mask[0]=11111111011111110111111111111111, sa_flags=SA_RESTART|SA_SIGINFO
SIGUSR2: [libjvm.dylib+0x5dd483], sa_mask[0]=00100000000000000000000000000000, sa_flags=SA_RESTART|SA_SIGINFO
SIGHUP: [libjvm.dylib+0x5dc143], sa_mask[0]=11111111011111110111111111111111, sa_flags=SA_RESTART|SA_SIGINFO
SIGINT: [libjvm.dylib+0x5dc143], sa_mask[0]=11111111011111110111111111111111, sa_flags=SA_RESTART|SA_SIGINFO
SIGTERM: [libjvm.dylib+0x5dc143], sa_mask[0]=11111111011111110111111111111111, sa_flags=SA_RESTART|SA_SIGINFO
SIGQUIT: [libjvm.dylib+0x5dc143], sa_mask[0]=11111111011111110111111111111111, sa_flags=SA_RESTART|SA_SIGINFO


---------------  S Y S T E M  ---------------

OS:uname:Darwin 21.6.0 Darwin Kernel Version 21.6.0: Mon Dec 19 20:44:01 PST 2022; root:xnu-8020.240.18~2/RELEASE_X86_64 x86_64
rlimit: STACK 8192k, CORE 0k, NPROC 1392, NOFILE 10240, AS infinity, DATA infinity, FSIZE infinity
load average:114.47 56.77 34.81

CPU:total 4 (initial active 4) (2 cores per cpu, 2 threads per core) family 6 model 142 stepping 9, cmov, cx8, fxsr, mmx, sse, sse2, sse3, ssse3, sse4.1, sse4.2, popcnt, avx, avx2, aes, clmul, erms, 3dnowpref, lzcnt, ht, tsc, tscinvbit, bmi1, bmi2, adx, fma

Memory: 4k page, physical 8388608k(142268k free)

vm_info: Java HotSpot(TM) 64-Bit Server VM (12.0.2+10) for bsd-amd64 JRE (12.0.2+10), built on Jul 16 2019 00:56:38 by "mach5one" with gcc 4.2.1 Compatible Apple LLVM 9.1.0 (clang-902.0.39.2)

END.
