#
# A fatal error has been detected by the Java Runtime Environment:
#
#  Internal Error (safepoint.cpp:919), pid=84329, tid=35587
#  fatal error: Illegal threadstate encountered: 4
#
# JRE version: OpenJDK Runtime Environment Temurin-11.0.13+8 (11.0.13+8) (build 11.0.13+8)
# Java VM: OpenJDK 64-Bit Server VM Temurin-11.0.13+8 (11.0.13+8, mixed mode, tiered, compressed oops, g1 gc, bsd-amd64)
# No core dump will be written. Core dumps have been disabled. To enable core dumping, try "ulimit -c unlimited" before starting Java again
#
# If you would like to submit a bug report, please visit:
#   https://github.com/adoptium/adoptium-support/issues
# The crash happened outside the Java Virtual Machine in native code.
# See problematic frame for where to report the bug.
#

---------------  S U M M A R Y ------------

Command Line: -Dfile.encoding=UTF-8 -Duser.country=GB -Duser.language=en -Duser.variant seedu.address.Main

Host: MacBookAir8,1 x86_64 1600 MHz, 4 cores, 8G, Darwin 21.5.0
Time: Wed Apr  5 00:38:19 2023 +08 elapsed time: 53.893431 seconds (0d 0h 0m 53s)

---------------  T H R E A D  ---------------

Current thread (0x00007fe032978000):  JavaThread "InvokeLaterDispatcher" daemon [_thread_in_native, id=35587, stack(0x0000700006464000,0x0000700006564000)]

Stack: [0x0000700006464000,0x0000700006564000],  sp=0x0000700006562320,  free space=1016k
Native frames: (J=compiled Java code, A=aot compiled Java code, j=interpreted, Vv=VM code, C=native code)
V  [libjvm.dylib+0x7c3ee8]  _ZN7VMError14report_and_dieEiPKcS1_P13__va_list_tagP6ThreadPhPvS7_S1_im+0x652
V  [libjvm.dylib+0x276925]  _Z12report_fatal11VMErrorTypePKciS1_z+0xc0
V  [libjvm.dylib+0x69a191]  _ZN20SafepointSynchronize5blockEP10JavaThread+0x1d9
V  [libjvm.dylib+0x69b6ff]  _ZN18SafepointMechanism23block_if_requested_slowEP10JavaThread+0x1d
V  [libjvm.dylib+0x77c95a]  _ZN10JavaThread44check_safepoint_and_suspend_for_native_transEPS_+0x9c
V  [libjvm.dylib+0x3f186a]  jni_DeleteGlobalRef+0x93
C  [libglass.dylib+0x8871]  -[GlassRunnable dealloc]+0x31
C  [Foundation+0x818ee]  -[_NSThreadPerformInfo dealloc]+0x2a
C  [Foundation+0x4e466]  -[NSObject(NSThreadPerformAdditions) performSelectorOnMainThread:withObject:waitUntilDone:]+0x7c
J 3354  com.sun.glass.ui.mac.MacApplication._submitForLaterInvocation(Ljava/lang/Runnable;)V (0 bytes) @ 0x000000012269560f [0x0000000122695540+0x00000000000000cf]
J 3353 c1 com.sun.glass.ui.mac.MacApplication.submitForLaterInvocation(Ljava/lang/Runnable;)V (6 bytes) @ 0x000000011b62d534 [0x000000011b62d4c0+0x0000000000000074]
j  com.sun.glass.ui.InvokeLaterDispatcher.run()V+82
v  ~StubRoutines::call_stub
V  [libjvm.dylib+0x3b5a80]  _ZN9JavaCalls11call_helperEP9JavaValueRK12methodHandleP17JavaCallArgumentsP6Thread+0x1fe
V  [libjvm.dylib+0x3b4ee6]  _ZN9JavaCalls12call_virtualEP9JavaValueP5KlassP6SymbolS5_P17JavaCallArgumentsP6Thread+0xee
V  [libjvm.dylib+0x3b4fa2]  _ZN9JavaCalls12call_virtualEP9JavaValue6HandleP5KlassP6SymbolS6_P6Thread+0x62
V  [libjvm.dylib+0x43c182]  _ZL12thread_entryP10JavaThreadP6Thread+0x78
V  [libjvm.dylib+0x77b3e4]  _ZN10JavaThread17thread_main_innerEv+0x82
V  [libjvm.dylib+0x77b22e]  _ZN10JavaThread3runEv+0x122
V  [libjvm.dylib+0x779148]  _ZN6Thread8call_runEv+0x68
V  [libjvm.dylib+0x6277ed]  _ZL19thread_native_entryP6Thread+0x139
C  [libsystem_pthread.dylib+0x64e1]  _pthread_start+0x7d
C  [libsystem_pthread.dylib+0x1f6b]  thread_start+0xf

Java frames: (J=compiled Java code, j=interpreted, Vv=VM code)
J 3354  com.sun.glass.ui.mac.MacApplication._submitForLaterInvocation(Ljava/lang/Runnable;)V (0 bytes) @ 0x000000012269559c [0x0000000122695540+0x000000000000005c]
J 3353 c1 com.sun.glass.ui.mac.MacApplication.submitForLaterInvocation(Ljava/lang/Runnable;)V (6 bytes) @ 0x000000011b62d534 [0x000000011b62d4c0+0x0000000000000074]
j  com.sun.glass.ui.InvokeLaterDispatcher.run()V+82
v  ~StubRoutines::call_stub

---------------  P R O C E S S  ---------------

Threads class SMR info:
_java_thread_list=0x00006000018a0e60, length=16, elements={
0x00007fe033011800, 0x00007fe031857800, 0x00007fe032883000, 0x00007fe033023000,
0x00007fe03185b800, 0x00007fe03186a800, 0x00007fe03186b000, 0x00007fe03186c000,
0x00007fe033069000, 0x00007fe033063800, 0x00007fe0318e6800, 0x00007fe032978000,
0x00007fe032a4d000, 0x00007fe033244800, 0x00007fe033484000, 0x00007fe031df1000
}

Java Threads: ( => current thread )
  0x00007fe033011800 JavaThread "main" [_thread_blocked, id=6147, stack(0x0000700005128000,0x0000700005228000)]
  0x00007fe031857800 JavaThread "Reference Handler" daemon [_thread_blocked, id=17667, stack(0x000070000583d000,0x000070000593d000)]
  0x00007fe032883000 JavaThread "Finalizer" daemon [_thread_blocked, id=17411, stack(0x0000700005940000,0x0000700005a40000)]
  0x00007fe033023000 JavaThread "Signal Dispatcher" daemon [_thread_blocked, id=15363, stack(0x0000700005b49000,0x0000700005c49000)]
  0x00007fe03185b800 JavaThread "Service Thread" daemon [_thread_blocked, id=22019, stack(0x0000700005c4c000,0x0000700005d4c000)]
  0x00007fe03186a800 JavaThread "C2 CompilerThread0" daemon [_thread_blocked, id=43267, stack(0x0000700005d4f000,0x0000700005e4f000)]
  0x00007fe03186b000 JavaThread "C1 CompilerThread0" daemon [_thread_blocked, id=22787, stack(0x0000700005e52000,0x0000700005f52000)]
  0x00007fe03186c000 JavaThread "Sweeper thread" daemon [_thread_blocked, id=41987, stack(0x0000700005f55000,0x0000700006055000)]
  0x00007fe033069000 JavaThread "Common-Cleaner" daemon [_thread_blocked, id=23299, stack(0x000070000615b000,0x000070000625b000)]
  0x00007fe033063800 JavaThread "JavaFX-Launcher" [_thread_blocked, id=23811, stack(0x000070000625e000,0x000070000635e000)]
  0x00007fe0318e6800 JavaThread "QuantumRenderer-0" daemon [_thread_blocked, id=24067, stack(0x0000700006361000,0x0000700006461000)]
=>0x00007fe032978000 JavaThread "InvokeLaterDispatcher" daemon [_thread_in_native, id=35587, stack(0x0000700006464000,0x0000700006564000)]
  0x00007fe032a4d000 JavaThread "JavaFX Application Thread" [_thread_in_native_trans, id=259, stack(0x00007ff7afe14000,0x00007ff7b0614000)]
  0x00007fe033244800 JavaThread "Thread-3" daemon [_thread_in_native, id=46343, stack(0x00007000065ea000,0x000070000666a000)]
  0x00007fe033484000 JavaThread "Prism Font Disposer" daemon [_thread_blocked, id=71435, stack(0x0000700006aff000,0x0000700006bff000)]
  0x00007fe031df1000 JavaThread "Cleaner-0" daemon [_thread_blocked, id=69139, stack(0x0000700006c02000,0x0000700006d02000)]

Other Threads:
  0x00007fe032882000 VMThread "VM Thread" [stack: 0x000070000573a000,0x000070000583a000] [id=12547]
  0x00007fe032880800 WatcherThread [stack: 0x0000700006058000,0x0000700006158000] [id=41731]
  0x00007fe033020800 GCTaskThread "GC Thread#0" [stack: 0x000070000522b000,0x000070000532b000] [id=20739]
  0x00007fe03120f000 GCTaskThread "GC Thread#1" [stack: 0x0000700006773000,0x0000700006873000] [id=84743]
  0x00007fe03120a000 GCTaskThread "GC Thread#2" [stack: 0x0000700006876000,0x0000700006976000] [id=80899]
  0x00007fe03120b000 GCTaskThread "GC Thread#3" [stack: 0x0000700006979000,0x0000700006a79000] [id=49923]
  0x00007fe03282a800 ConcurrentGCThread "G1 Main Marker" [stack: 0x000070000532e000,0x000070000542e000] [id=11779]
  0x00007fe03282b000 ConcurrentGCThread "G1 Conc#0" [stack: 0x0000700005431000,0x0000700005531000] [id=19715]
  0x00007fe03287c000 ConcurrentGCThread "G1 Refine#0" [stack: 0x0000700005534000,0x0000700005634000] [id=19203]
  0x00007fe03287c800 ConcurrentGCThread "G1 Young RemSet Sampling" [stack: 0x0000700005637000,0x0000700005737000] [id=12291]

Threads with active compile tasks:

VM state:not at safepoint (normal execution)

VM Mutex/Monitor currently owned by a thread: None

Heap address: 0x0000000780000000, size: 2048 MB, Compressed Oops mode: Zero based, Oop shift amount: 3
Narrow klass base: 0x0000000800000000, Narrow klass shift: 0
Compressed class space size: 1073741824 Address: 0x0000000800000000

Heap:
 garbage-first heap   total 131072K, used 24505K [0x0000000780000000, 0x0000000800000000)
  region size 1024K, 14 young (14336K), 4 survivors (4096K)
 Metaspace       used 33639K, capacity 35060K, committed 35248K, reserved 1079296K
  class space    used 4196K, capacity 4827K, committed 4864K, reserved 1048576K
Heap Regions: E=young(eden), S=young(survivor), O=old, HS=humongous(starts), HC=humongous(continues), CS=collection set, F=free, A=archive, TAMS=top-at-mark-start (previous, next)
|   0|0x0000000780000000, 0x0000000780100000, 0x0000000780100000|100%| O|  |TAMS 0x0000000780100000, 0x0000000780000000| Untracked 
|   1|0x0000000780100000, 0x0000000780200000, 0x0000000780200000|100%| O|  |TAMS 0x0000000780199400, 0x0000000780100000| Untracked 
|   2|0x0000000780200000, 0x0000000780300000, 0x0000000780300000|100%| O|  |TAMS 0x0000000780200000, 0x0000000780200000| Untracked 
|   3|0x0000000780300000, 0x0000000780400000, 0x0000000780400000|100%| O|  |TAMS 0x0000000780300000, 0x0000000780300000| Untracked 
|   4|0x0000000780400000, 0x0000000780500000, 0x0000000780500000|100%| O|  |TAMS 0x0000000780400000, 0x0000000780400000| Untracked 
|   5|0x0000000780500000, 0x0000000780600000, 0x0000000780600000|100%| O|  |TAMS 0x0000000780500000, 0x0000000780500000| Untracked 
|   6|0x0000000780600000, 0x0000000780700000, 0x0000000780700000|100%| O|  |TAMS 0x0000000780600000, 0x0000000780600000| Untracked 
|   7|0x0000000780700000, 0x0000000780800000, 0x0000000780800000|100%|HS|  |TAMS 0x0000000780700000, 0x0000000780700000| Complete 
|   8|0x0000000780800000, 0x0000000780900000, 0x0000000780900000|100%|HC|  |TAMS 0x0000000780800000, 0x0000000780800000| Complete 
|   9|0x0000000780900000, 0x0000000780a00000, 0x0000000780a00000|100%| O|  |TAMS 0x0000000780900000, 0x0000000780900000| Untracked 
|  10|0x0000000780a00000, 0x0000000780b00000, 0x0000000780b00000|100%| O|  |TAMS 0x0000000780a00000, 0x0000000780a00000| Untracked 
|  11|0x0000000780b00000, 0x0000000780b1c800, 0x0000000780c00000| 11%| O|  |TAMS 0x0000000780b00000, 0x0000000780b00000| Untracked 
|  12|0x0000000780c00000, 0x0000000780c00000, 0x0000000780d00000|  0%| F|  |TAMS 0x0000000780c00000, 0x0000000780c00000| Untracked 
|  13|0x0000000780d00000, 0x0000000780d00000, 0x0000000780e00000|  0%| F|  |TAMS 0x0000000780d00000, 0x0000000780d00000| Untracked 
|  14|0x0000000780e00000, 0x0000000780e00000, 0x0000000780f00000|  0%| F|  |TAMS 0x0000000780e00000, 0x0000000780e00000| Untracked 
|  15|0x0000000780f00000, 0x0000000780f00000, 0x0000000781000000|  0%| F|  |TAMS 0x0000000780f00000, 0x0000000780f00000| Untracked 
|  16|0x0000000781000000, 0x0000000781000000, 0x0000000781100000|  0%| F|  |TAMS 0x0000000781000000, 0x0000000781000000| Untracked 
|  17|0x0000000781100000, 0x0000000781100000, 0x0000000781200000|  0%| F|  |TAMS 0x0000000781100000, 0x0000000781100000| Untracked 
|  18|0x0000000781200000, 0x0000000781200000, 0x0000000781300000|  0%| F|  |TAMS 0x0000000781200000, 0x0000000781200000| Untracked 
|  19|0x0000000781300000, 0x0000000781300000, 0x0000000781400000|  0%| F|  |TAMS 0x0000000781300000, 0x0000000781300000| Untracked 
|  20|0x0000000781400000, 0x0000000781400000, 0x0000000781500000|  0%| F|  |TAMS 0x0000000781400000, 0x0000000781400000| Untracked 
|  21|0x0000000781500000, 0x0000000781500000, 0x0000000781600000|  0%| F|  |TAMS 0x0000000781500000, 0x0000000781500000| Untracked 
|  22|0x0000000781600000, 0x0000000781600000, 0x0000000781700000|  0%| F|  |TAMS 0x0000000781600000, 0x0000000781600000| Untracked 
|  23|0x0000000781700000, 0x0000000781700000, 0x0000000781800000|  0%| F|  |TAMS 0x0000000781700000, 0x0000000781700000| Untracked 
|  24|0x0000000781800000, 0x0000000781800000, 0x0000000781900000|  0%| F|  |TAMS 0x0000000781800000, 0x0000000781800000| Untracked 
|  25|0x0000000781900000, 0x0000000781900000, 0x0000000781a00000|  0%| F|  |TAMS 0x0000000781900000, 0x0000000781900000| Untracked 
|  26|0x0000000781a00000, 0x0000000781a00000, 0x0000000781b00000|  0%| F|  |TAMS 0x0000000781a00000, 0x0000000781a00000| Untracked 
|  27|0x0000000781b00000, 0x0000000781b00000, 0x0000000781c00000|  0%| F|  |TAMS 0x0000000781b00000, 0x0000000781b00000| Untracked 
|  28|0x0000000781c00000, 0x0000000781c00000, 0x0000000781d00000|  0%| F|  |TAMS 0x0000000781c00000, 0x0000000781c00000| Untracked 
|  29|0x0000000781d00000, 0x0000000781d00000, 0x0000000781e00000|  0%| F|  |TAMS 0x0000000781d00000, 0x0000000781d00000| Untracked 
|  30|0x0000000781e00000, 0x0000000781e00000, 0x0000000781f00000|  0%| F|  |TAMS 0x0000000781e00000, 0x0000000781e00000| Untracked 
|  31|0x0000000781f00000, 0x0000000781f00000, 0x0000000782000000|  0%| F|  |TAMS 0x0000000781f00000, 0x0000000781f00000| Untracked 
|  32|0x0000000782000000, 0x0000000782000000, 0x0000000782100000|  0%| F|  |TAMS 0x0000000782000000, 0x0000000782000000| Untracked 
|  33|0x0000000782100000, 0x0000000782100000, 0x0000000782200000|  0%| F|  |TAMS 0x0000000782100000, 0x0000000782100000| Untracked 
|  34|0x0000000782200000, 0x0000000782200000, 0x0000000782300000|  0%| F|  |TAMS 0x0000000782200000, 0x0000000782200000| Untracked 
|  35|0x0000000782300000, 0x0000000782300000, 0x0000000782400000|  0%| F|  |TAMS 0x0000000782300000, 0x0000000782300000| Untracked 
|  36|0x0000000782400000, 0x0000000782400000, 0x0000000782500000|  0%| F|  |TAMS 0x0000000782400000, 0x0000000782400000| Untracked 
|  37|0x0000000782500000, 0x0000000782500000, 0x0000000782600000|  0%| F|  |TAMS 0x0000000782500000, 0x0000000782500000| Untracked 
|  38|0x0000000782600000, 0x0000000782600000, 0x0000000782700000|  0%| F|  |TAMS 0x0000000782600000, 0x0000000782600000| Untracked 
|  39|0x0000000782700000, 0x0000000782700000, 0x0000000782800000|  0%| F|  |TAMS 0x0000000782700000, 0x0000000782700000| Untracked 
|  40|0x0000000782800000, 0x0000000782800000, 0x0000000782900000|  0%| F|  |TAMS 0x0000000782800000, 0x0000000782800000| Untracked 
|  41|0x0000000782900000, 0x0000000782900000, 0x0000000782a00000|  0%| F|  |TAMS 0x0000000782900000, 0x0000000782900000| Untracked 
|  42|0x0000000782a00000, 0x0000000782a00000, 0x0000000782b00000|  0%| F|  |TAMS 0x0000000782a00000, 0x0000000782a00000| Untracked 
|  43|0x0000000782b00000, 0x0000000782b00000, 0x0000000782c00000|  0%| F|  |TAMS 0x0000000782b00000, 0x0000000782b00000| Untracked 
|  44|0x0000000782c00000, 0x0000000782c00000, 0x0000000782d00000|  0%| F|  |TAMS 0x0000000782c00000, 0x0000000782c00000| Untracked 
|  45|0x0000000782d00000, 0x0000000782d00000, 0x0000000782e00000|  0%| F|  |TAMS 0x0000000782d00000, 0x0000000782d00000| Untracked 
|  46|0x0000000782e00000, 0x0000000782e00000, 0x0000000782f00000|  0%| F|  |TAMS 0x0000000782e00000, 0x0000000782e00000| Untracked 
|  47|0x0000000782f00000, 0x0000000782f00000, 0x0000000783000000|  0%| F|  |TAMS 0x0000000782f00000, 0x0000000782f00000| Untracked 
|  48|0x0000000783000000, 0x0000000783000000, 0x0000000783100000|  0%| F|  |TAMS 0x0000000783000000, 0x0000000783000000| Untracked 
|  49|0x0000000783100000, 0x0000000783100000, 0x0000000783200000|  0%| F|  |TAMS 0x0000000783100000, 0x0000000783100000| Untracked 
|  50|0x0000000783200000, 0x0000000783200000, 0x0000000783300000|  0%| F|  |TAMS 0x0000000783200000, 0x0000000783200000| Untracked 
|  51|0x0000000783300000, 0x0000000783300000, 0x0000000783400000|  0%| F|  |TAMS 0x0000000783300000, 0x0000000783300000| Untracked 
|  52|0x0000000783400000, 0x0000000783400000, 0x0000000783500000|  0%| F|  |TAMS 0x0000000783400000, 0x0000000783400000| Untracked 
|  53|0x0000000783500000, 0x0000000783500000, 0x0000000783600000|  0%| F|  |TAMS 0x0000000783500000, 0x0000000783500000| Untracked 
|  54|0x0000000783600000, 0x0000000783600000, 0x0000000783700000|  0%| F|  |TAMS 0x0000000783600000, 0x0000000783600000| Untracked 
|  55|0x0000000783700000, 0x0000000783700000, 0x0000000783800000|  0%| F|  |TAMS 0x0000000783700000, 0x0000000783700000| Untracked 
|  56|0x0000000783800000, 0x0000000783800000, 0x0000000783900000|  0%| F|  |TAMS 0x0000000783800000, 0x0000000783800000| Untracked 
|  57|0x0000000783900000, 0x0000000783900000, 0x0000000783a00000|  0%| F|  |TAMS 0x0000000783900000, 0x0000000783900000| Untracked 
|  58|0x0000000783a00000, 0x0000000783a00000, 0x0000000783b00000|  0%| F|  |TAMS 0x0000000783a00000, 0x0000000783a00000| Untracked 
|  59|0x0000000783b00000, 0x0000000783b00000, 0x0000000783c00000|  0%| F|  |TAMS 0x0000000783b00000, 0x0000000783b00000| Untracked 
|  60|0x0000000783c00000, 0x0000000783c00000, 0x0000000783d00000|  0%| F|  |TAMS 0x0000000783c00000, 0x0000000783c00000| Untracked 
|  61|0x0000000783d00000, 0x0000000783d00000, 0x0000000783e00000|  0%| F|  |TAMS 0x0000000783d00000, 0x0000000783d00000| Untracked 
|  62|0x0000000783e00000, 0x0000000783e00000, 0x0000000783f00000|  0%| F|  |TAMS 0x0000000783e00000, 0x0000000783e00000| Untracked 
|  63|0x0000000783f00000, 0x0000000783f00000, 0x0000000784000000|  0%| F|  |TAMS 0x0000000783f00000, 0x0000000783f00000| Untracked 
|  64|0x0000000784000000, 0x0000000784000000, 0x0000000784100000|  0%| F|  |TAMS 0x0000000784000000, 0x0000000784000000| Untracked 
|  65|0x0000000784100000, 0x0000000784100000, 0x0000000784200000|  0%| F|  |TAMS 0x0000000784100000, 0x0000000784100000| Untracked 
|  66|0x0000000784200000, 0x0000000784200000, 0x0000000784300000|  0%| F|  |TAMS 0x0000000784200000, 0x0000000784200000| Untracked 
|  67|0x0000000784300000, 0x0000000784300000, 0x0000000784400000|  0%| F|  |TAMS 0x0000000784300000, 0x0000000784300000| Untracked 
|  68|0x0000000784400000, 0x0000000784400000, 0x0000000784500000|  0%| F|  |TAMS 0x0000000784400000, 0x0000000784400000| Untracked 
|  69|0x0000000784500000, 0x0000000784500000, 0x0000000784600000|  0%| F|  |TAMS 0x0000000784500000, 0x0000000784500000| Untracked 
|  70|0x0000000784600000, 0x0000000784600000, 0x0000000784700000|  0%| F|  |TAMS 0x0000000784600000, 0x0000000784600000| Untracked 
|  71|0x0000000784700000, 0x0000000784700000, 0x0000000784800000|  0%| F|  |TAMS 0x0000000784700000, 0x0000000784700000| Untracked 
|  72|0x0000000784800000, 0x0000000784800000, 0x0000000784900000|  0%| F|  |TAMS 0x0000000784800000, 0x0000000784800000| Untracked 
|  73|0x0000000784900000, 0x0000000784900000, 0x0000000784a00000|  0%| F|  |TAMS 0x0000000784900000, 0x0000000784900000| Untracked 
|  74|0x0000000784a00000, 0x0000000784a00000, 0x0000000784b00000|  0%| F|  |TAMS 0x0000000784a00000, 0x0000000784a00000| Untracked 
|  75|0x0000000784b00000, 0x0000000784b00000, 0x0000000784c00000|  0%| F|  |TAMS 0x0000000784b00000, 0x0000000784b00000| Untracked 
|  76|0x0000000784c00000, 0x0000000784c00000, 0x0000000784d00000|  0%| F|  |TAMS 0x0000000784c00000, 0x0000000784c00000| Untracked 
|  77|0x0000000784d00000, 0x0000000784d00000, 0x0000000784e00000|  0%| F|  |TAMS 0x0000000784d00000, 0x0000000784d00000| Untracked 
|  78|0x0000000784e00000, 0x0000000784e00000, 0x0000000784f00000|  0%| F|  |TAMS 0x0000000784e00000, 0x0000000784e00000| Untracked 
|  79|0x0000000784f00000, 0x0000000784f00000, 0x0000000785000000|  0%| F|  |TAMS 0x0000000784f00000, 0x0000000784f00000| Untracked 
|  80|0x0000000785000000, 0x0000000785000000, 0x0000000785100000|  0%| F|  |TAMS 0x0000000785000000, 0x0000000785000000| Untracked 
|  81|0x0000000785100000, 0x0000000785100000, 0x0000000785200000|  0%| F|  |TAMS 0x0000000785100000, 0x0000000785100000| Untracked 
|  82|0x0000000785200000, 0x0000000785200000, 0x0000000785300000|  0%| F|  |TAMS 0x0000000785200000, 0x0000000785200000| Untracked 
|  83|0x0000000785300000, 0x0000000785300000, 0x0000000785400000|  0%| F|  |TAMS 0x0000000785300000, 0x0000000785300000| Untracked 
|  84|0x0000000785400000, 0x0000000785400000, 0x0000000785500000|  0%| F|  |TAMS 0x0000000785400000, 0x0000000785400000| Untracked 
|  85|0x0000000785500000, 0x0000000785500000, 0x0000000785600000|  0%| F|  |TAMS 0x0000000785500000, 0x0000000785500000| Untracked 
|  86|0x0000000785600000, 0x00000007856d1ee0, 0x0000000785700000| 82%| S|CS|TAMS 0x0000000785600000, 0x0000000785600000| Complete 
|  87|0x0000000785700000, 0x0000000785800000, 0x0000000785800000|100%| S|CS|TAMS 0x0000000785700000, 0x0000000785700000| Complete 
|  88|0x0000000785800000, 0x0000000785900000, 0x0000000785900000|100%| S|CS|TAMS 0x0000000785800000, 0x0000000785800000| Complete 
|  89|0x0000000785900000, 0x0000000785a00000, 0x0000000785a00000|100%| S|CS|TAMS 0x0000000785900000, 0x0000000785900000| Complete 
|  90|0x0000000785a00000, 0x0000000785a00000, 0x0000000785b00000|  0%| F|  |TAMS 0x0000000785a00000, 0x0000000785a00000| Untracked 
|  91|0x0000000785b00000, 0x0000000785b00000, 0x0000000785c00000|  0%| F|  |TAMS 0x0000000785b00000, 0x0000000785b00000| Untracked 
|  92|0x0000000785c00000, 0x0000000785c00000, 0x0000000785d00000|  0%| F|  |TAMS 0x0000000785c00000, 0x0000000785c00000| Untracked 
|  93|0x0000000785d00000, 0x0000000785d00000, 0x0000000785e00000|  0%| F|  |TAMS 0x0000000785d00000, 0x0000000785d00000| Untracked 
|  94|0x0000000785e00000, 0x0000000785e00000, 0x0000000785f00000|  0%| F|  |TAMS 0x0000000785e00000, 0x0000000785e00000| Untracked 
|  95|0x0000000785f00000, 0x0000000785f00000, 0x0000000786000000|  0%| F|  |TAMS 0x0000000785f00000, 0x0000000785f00000| Untracked 
|  96|0x0000000786000000, 0x0000000786000000, 0x0000000786100000|  0%| F|  |TAMS 0x0000000786000000, 0x0000000786000000| Untracked 
|  97|0x0000000786100000, 0x0000000786100000, 0x0000000786200000|  0%| F|  |TAMS 0x0000000786100000, 0x0000000786100000| Untracked 
|  98|0x0000000786200000, 0x0000000786200000, 0x0000000786300000|  0%| F|  |TAMS 0x0000000786200000, 0x0000000786200000| Untracked 
|  99|0x0000000786300000, 0x0000000786300000, 0x0000000786400000|  0%| F|  |TAMS 0x0000000786300000, 0x0000000786300000| Untracked 
| 100|0x0000000786400000, 0x0000000786400000, 0x0000000786500000|  0%| F|  |TAMS 0x0000000786400000, 0x0000000786400000| Untracked 
| 101|0x0000000786500000, 0x0000000786500000, 0x0000000786600000|  0%| F|  |TAMS 0x0000000786500000, 0x0000000786500000| Untracked 
| 102|0x0000000786600000, 0x0000000786600000, 0x0000000786700000|  0%| F|  |TAMS 0x0000000786600000, 0x0000000786600000| Untracked 
| 103|0x0000000786700000, 0x0000000786700000, 0x0000000786800000|  0%| F|  |TAMS 0x0000000786700000, 0x0000000786700000| Untracked 
| 104|0x0000000786800000, 0x0000000786800000, 0x0000000786900000|  0%| F|  |TAMS 0x0000000786800000, 0x0000000786800000| Untracked 
| 105|0x0000000786900000, 0x0000000786900000, 0x0000000786a00000|  0%| F|  |TAMS 0x0000000786900000, 0x0000000786900000| Untracked 
| 106|0x0000000786a00000, 0x0000000786a00000, 0x0000000786b00000|  0%| F|  |TAMS 0x0000000786a00000, 0x0000000786a00000| Untracked 
| 107|0x0000000786b00000, 0x0000000786b00000, 0x0000000786c00000|  0%| F|  |TAMS 0x0000000786b00000, 0x0000000786b00000| Untracked 
| 108|0x0000000786c00000, 0x0000000786c00000, 0x0000000786d00000|  0%| F|  |TAMS 0x0000000786c00000, 0x0000000786c00000| Untracked 
| 109|0x0000000786d00000, 0x0000000786d00000, 0x0000000786e00000|  0%| F|  |TAMS 0x0000000786d00000, 0x0000000786d00000| Untracked 
| 110|0x0000000786e00000, 0x0000000786e00000, 0x0000000786f00000|  0%| F|  |TAMS 0x0000000786e00000, 0x0000000786e00000| Untracked 
| 111|0x0000000786f00000, 0x0000000786f00000, 0x0000000787000000|  0%| F|  |TAMS 0x0000000786f00000, 0x0000000786f00000| Untracked 
| 112|0x0000000787000000, 0x0000000787000000, 0x0000000787100000|  0%| F|  |TAMS 0x0000000787000000, 0x0000000787000000| Untracked 
| 113|0x0000000787100000, 0x0000000787100000, 0x0000000787200000|  0%| F|  |TAMS 0x0000000787100000, 0x0000000787100000| Untracked 
| 114|0x0000000787200000, 0x0000000787200000, 0x0000000787300000|  0%| F|  |TAMS 0x0000000787200000, 0x0000000787200000| Untracked 
| 115|0x0000000787300000, 0x0000000787300000, 0x0000000787400000|  0%| F|  |TAMS 0x0000000787300000, 0x0000000787300000| Untracked 
| 116|0x0000000787400000, 0x0000000787400000, 0x0000000787500000|  0%| F|  |TAMS 0x0000000787400000, 0x0000000787400000| Untracked 
| 117|0x0000000787500000, 0x0000000787500000, 0x0000000787600000|  0%| F|  |TAMS 0x0000000787500000, 0x0000000787500000| Untracked 
| 118|0x0000000787600000, 0x0000000787700000, 0x0000000787700000|100%| E|  |TAMS 0x0000000787600000, 0x0000000787600000| Complete 
| 119|0x0000000787700000, 0x0000000787800000, 0x0000000787800000|100%| E|CS|TAMS 0x0000000787700000, 0x0000000787700000| Complete 
| 120|0x0000000787800000, 0x0000000787900000, 0x0000000787900000|100%| E|CS|TAMS 0x0000000787800000, 0x0000000787800000| Complete 
| 121|0x0000000787900000, 0x0000000787a00000, 0x0000000787a00000|100%| E|CS|TAMS 0x0000000787900000, 0x0000000787900000| Complete 
| 122|0x0000000787a00000, 0x0000000787b00000, 0x0000000787b00000|100%| E|CS|TAMS 0x0000000787a00000, 0x0000000787a00000| Complete 
| 123|0x0000000787b00000, 0x0000000787c00000, 0x0000000787c00000|100%| E|CS|TAMS 0x0000000787b00000, 0x0000000787b00000| Complete 
| 124|0x0000000787c00000, 0x0000000787d00000, 0x0000000787d00000|100%| E|CS|TAMS 0x0000000787c00000, 0x0000000787c00000| Complete 
| 125|0x0000000787d00000, 0x0000000787e00000, 0x0000000787e00000|100%| E|CS|TAMS 0x0000000787d00000, 0x0000000787d00000| Complete 
| 126|0x0000000787e00000, 0x0000000787f00000, 0x0000000787f00000|100%| E|CS|TAMS 0x0000000787e00000, 0x0000000787e00000| Complete 
| 127|0x0000000787f00000, 0x0000000788000000, 0x0000000788000000|100%| E|CS|TAMS 0x0000000787f00000, 0x0000000787f00000| Complete 

Card table byte_map: [0x00000001100ba000,0x00000001104ba000] _byte_map_base: 0x000000010c4ba000

Marking Bits (Prev, Next): (CMBitMap*) 0x00007fe032821c50, (CMBitMap*) 0x00007fe032821c18
 Prev Bits: [0x000000012ba8f000, 0x000000012da8f000)
 Next Bits: [0x0000000129a8f000, 0x000000012ba8f000)

Polling page: 0x000000010fa2b000

Metaspace:

Usage:
  Non-class:     29.52 MB capacity,    28.75 MB ( 97%) used,   625.88 KB (  2%) free+waste,   163.81 KB ( <1%) overhead. 
      Class:      4.71 MB capacity,     4.10 MB ( 87%) used,   547.21 KB ( 11%) free+waste,    83.19 KB (  2%) overhead. 
       Both:     34.24 MB capacity,    32.85 MB ( 96%) used,     1.15 MB (  3%) free+waste,   247.00 KB ( <1%) overhead. 

Virtual space:
  Non-class space:       30.00 MB reserved,      29.67 MB ( 99%) committed 
      Class space:        1.00 GB reserved,       4.75 MB ( <1%) committed 
             Both:        1.03 GB reserved,      34.42 MB (  3%) committed 

Chunk freelists:
   Non-Class:  47.00 KB
       Class:  5.00 KB
        Both:  52.00 KB

MaxMetaspaceSize: unlimited
CompressedClassSpaceSize: 1.00 GB
Initial GC threshold: 20.80 MB
Current GC threshold: 34.87 MB
CDS: off

CodeHeap 'non-profiled nmethods': size=120032Kb used=1613Kb max_used=1613Kb free=118418Kb
 bounds [0x0000000122557000, 0x00000001227c7000, 0x0000000129a8f000]
CodeHeap 'profiled nmethods': size=120032Kb used=8357Kb max_used=8357Kb free=111675Kb
 bounds [0x000000011b01f000, 0x000000011b84f000, 0x0000000122557000]
CodeHeap 'non-nmethods': size=5696Kb used=1488Kb max_used=1528Kb free=4207Kb
 bounds [0x000000011aa8f000, 0x000000011acff000, 0x000000011b01f000]
 total_blobs=5028 nmethods=4187 adapters=754
 compilation: enabled
              stopped_count=0, restarted_count=0
 full_count=0

Compilation events (20 events):
Event: 53.834 Thread 0x00007fe03186b000 nmethod 4219 0x000000011b842590 code [0x000000011b8427a0, 0x000000011b842ca0]
Event: 53.835 Thread 0x00007fe03186b000 4221       3       com.sun.scenario.effect.impl.prism.ps.PPSDrawable::isLost (25 bytes)
Event: 53.836 Thread 0x00007fe03186b000 nmethod 4221 0x000000011b842f10 code [0x000000011b8430e0, 0x000000011b843340]
Event: 53.836 Thread 0x00007fe03186b000 4222       3       com.sun.marlin.DTransformingPathConsumer2D$PathClipFilter::lineTo (208 bytes)
Event: 53.837 Thread 0x00007fe03186b000 nmethod 4222 0x000000011b843410 code [0x000000011b843620, 0x000000011b843bd0]
Event: 53.839 Thread 0x00007fe03186a800 nmethod 4215 0x00000001226e9590 code [0x00000001226e9720, 0x00000001226e9938]
Event: 53.839 Thread 0x00007fe03186a800 4216       4       com.sun.javafx.text.TextRun::getPosY (39 bytes)
Event: 53.839 Thread 0x00007fe03186b000 4223       3       com.sun.javafx.sg.prism.NGNode::needsBlending (22 bytes)
Event: 53.839 Thread 0x00007fe03186b000 nmethod 4223 0x000000011b843d90 code [0x000000011b843f40, 0x000000011b8440f0]
Event: 53.839 Thread 0x00007fe03186a800 nmethod 4216 0x00000001226e9a90 code [0x00000001226e9c20, 0x00000001226e9cb8]
Event: 53.839 Thread 0x00007fe03186a800 4220       4       java.lang.StringConcatHelper::mixLen (10 bytes)
Event: 53.840 Thread 0x00007fe03186b000 4224       1       com.sun.javafx.sg.prism.NGRectangle::getShape (5 bytes)
Event: 53.840 Thread 0x00007fe03186b000 nmethod 4224 0x00000001226e9d90 code [0x00000001226e9f40, 0x00000001226e9ff0]
Event: 53.840 Thread 0x00007fe03186b000 4225       3       com.sun.javafx.geom.RectBounds::intersectWith (33 bytes)
Event: 53.841 Thread 0x00007fe03186b000 nmethod 4225 0x000000011b844190 code [0x000000011b844340, 0x000000011b844480]
Event: 53.841 Thread 0x00007fe03186b000 4226       3       com.sun.javafx.geom.RectBounds::intersectWith (77 bytes)
Event: 53.841 Thread 0x00007fe03186a800 nmethod 4220 0x00000001226ea090 code [0x00000001226ea220, 0x00000001226ea298]
Event: 53.841 Thread 0x00007fe03186b000 nmethod 4226 0x000000011b844590 code [0x000000011b8447a0, 0x000000011b844c90]
Event: 53.841 Thread 0x00007fe03186b000 4227  s    3       com.sun.scenario.effect.impl.Renderer::getRenderer (223 bytes)
Event: 53.844 Thread 0x00007fe03186b000 nmethod 4227 0x000000011b844e10 code [0x000000011b845200, 0x000000011b847340]

GC Heap History (8 events):
Event: 1.614 GC heap before
{Heap before GC invocations=0 (full 0):
 garbage-first heap   total 131072K, used 13312K [0x0000000780000000, 0x0000000800000000)
  region size 1024K, 14 young (14336K), 0 survivors (0K)
 Metaspace       used 10068K, capacity 10417K, committed 10624K, reserved 1058816K
  class space    used 990K, capacity 1138K, committed 1152K, reserved 1048576K
}
Event: 1.629 GC heap after
{Heap after GC invocations=1 (full 0):
 garbage-first heap   total 131072K, used 3685K [0x0000000780000000, 0x0000000800000000)
  region size 1024K, 2 young (2048K), 2 survivors (2048K)
 Metaspace       used 10068K, capacity 10417K, committed 10624K, reserved 1058816K
  class space    used 990K, capacity 1138K, committed 1152K, reserved 1048576K
}
Event: 2.960 GC heap before
{Heap before GC invocations=1 (full 0):
 garbage-first heap   total 131072K, used 31333K [0x0000000780000000, 0x0000000800000000)
  region size 1024K, 30 young (30720K), 2 survivors (2048K)
 Metaspace       used 20512K, capacity 21051K, committed 21296K, reserved 1069056K
  class space    used 2185K, capacity 2413K, committed 2432K, reserved 1048576K
}
Event: 2.972 GC heap after
{Heap after GC invocations=2 (full 0):
 garbage-first heap   total 131072K, used 6757K [0x0000000780000000, 0x0000000800000000)
  region size 1024K, 5 young (5120K), 5 survivors (5120K)
 Metaspace       used 20512K, capacity 21051K, committed 21296K, reserved 1069056K
  class space    used 2185K, capacity 2413K, committed 2432K, reserved 1048576K
}
Event: 4.121 GC heap before
{Heap before GC invocations=3 (full 0):
 garbage-first heap   total 131072K, used 27237K [0x0000000780000000, 0x0000000800000000)
  region size 1024K, 25 young (25600K), 5 survivors (5120K)
 Metaspace       used 25390K, capacity 26097K, committed 26288K, reserved 1073152K
  class space    used 3023K, capacity 3297K, committed 3328K, reserved 1048576K
}
Event: 4.157 GC heap after
{Heap after GC invocations=4 (full 0):
 garbage-first heap   total 131072K, used 9539K [0x0000000780000000, 0x0000000800000000)
  region size 1024K, 4 young (4096K), 4 survivors (4096K)
 Metaspace       used 25390K, capacity 26097K, committed 26288K, reserved 1073152K
  class space    used 3023K, capacity 3297K, committed 3328K, reserved 1048576K
}
Event: 39.132 GC heap before
{Heap before GC invocations=4 (full 0):
 garbage-first heap   total 131072K, used 46403K [0x0000000780000000, 0x0000000800000000)
  region size 1024K, 38 young (38912K), 4 survivors (4096K)
 Metaspace       used 32816K, capacity 34182K, committed 34480K, reserved 1079296K
  class space    used 4163K, capacity 4757K, committed 4864K, reserved 1048576K
}
Event: 39.200 GC heap after
{Heap after GC invocations=5 (full 0):
 garbage-first heap   total 131072K, used 15289K [0x0000000780000000, 0x0000000800000000)
  region size 1024K, 4 young (4096K), 4 survivors (4096K)
 Metaspace       used 32816K, capacity 34182K, committed 34480K, reserved 1079296K
  class space    used 4163K, capacity 4757K, committed 4864K, reserved 1048576K
}

Deoptimization events (20 events):
Event: 39.781 Thread 0x00007fe032a4d000 DEOPT PACKING pc=0x00000001226b0c8c sp=0x00007ff7b060c450
Event: 39.781 Thread 0x00007fe032a4d000 DEOPT UNPACKING pc=0x000000011aad8ea5 sp=0x00007ff7b060c3e0 mode 2
Event: 39.781 Thread 0x00007fe032a4d000 Uncommon trap: trap_request=0xffffffbe fr.pc=0x00000001226b0c8c relative=0x000000000000032c
Event: 39.781 Thread 0x00007fe032a4d000 Uncommon trap: reason=profile_predicate action=maybe_recompile pc=0x00000001226b0c8c method=javafx.css.CompoundSelector.applies(Ljavafx/css/Styleable;[Ljava/util/Set;I)Z @ 89 c2
Event: 39.781 Thread 0x00007fe032a4d000 DEOPT PACKING pc=0x00000001226b0c8c sp=0x00007ff7b060c450
Event: 39.781 Thread 0x00007fe032a4d000 DEOPT UNPACKING pc=0x000000011aad8ea5 sp=0x00007ff7b060c3e0 mode 2
Event: 39.781 Thread 0x00007fe032a4d000 Uncommon trap: trap_request=0xffffffbe fr.pc=0x00000001226b0c8c relative=0x000000000000032c
Event: 39.781 Thread 0x00007fe032a4d000 Uncommon trap: reason=profile_predicate action=maybe_recompile pc=0x00000001226b0c8c method=javafx.css.CompoundSelector.applies(Ljavafx/css/Styleable;[Ljava/util/Set;I)Z @ 89 c2
Event: 39.781 Thread 0x00007fe032a4d000 DEOPT PACKING pc=0x00000001226b0c8c sp=0x00007ff7b060c340
Event: 39.781 Thread 0x00007fe032a4d000 DEOPT UNPACKING pc=0x000000011aad8ea5 sp=0x00007ff7b060c2d0 mode 2
Event: 39.781 Thread 0x00007fe032a4d000 Uncommon trap: trap_request=0xffffffbe fr.pc=0x00000001226b0c8c relative=0x000000000000032c
Event: 39.781 Thread 0x00007fe032a4d000 Uncommon trap: reason=profile_predicate action=maybe_recompile pc=0x00000001226b0c8c method=javafx.css.CompoundSelector.applies(Ljavafx/css/Styleable;[Ljava/util/Set;I)Z @ 89 c2
Event: 39.781 Thread 0x00007fe032a4d000 DEOPT PACKING pc=0x00000001226b0c8c sp=0x00007ff7b060c340
Event: 39.781 Thread 0x00007fe032a4d000 DEOPT UNPACKING pc=0x000000011aad8ea5 sp=0x00007ff7b060c2d0 mode 2
Event: 45.778 Thread 0x00007fe032a4d000 Uncommon trap: trap_request=0xffffff4d fr.pc=0x00000001226caa34 relative=0x00000000000008f4
Event: 45.778 Thread 0x00007fe032a4d000 Uncommon trap: reason=unstable_if action=reinterpret pc=0x00000001226caa34 method=javafx.scene.Node.intersectsBounds(Lcom/sun/javafx/geom/PickRay;)D @ 902 c2
Event: 45.778 Thread 0x00007fe032a4d000 DEOPT PACKING pc=0x00000001226caa34 sp=0x00007ff7b060cfa0
Event: 45.778 Thread 0x00007fe032a4d000 DEOPT UNPACKING pc=0x000000011aad8ea5 sp=0x00007ff7b060ce78 mode 2
Event: 49.228 Thread 0x00007fe0318e6800 DEOPT PACKING pc=0x000000011b50c1f7 sp=0x000070000645df80
Event: 49.228 Thread 0x00007fe0318e6800 DEOPT UNPACKING pc=0x000000011aad964a sp=0x000070000645d428 mode 0

Classes redefined (0 events):
No events

Internal exceptions (20 events):
Event: 3.030 Thread 0x00007fe032a4d000 Exception <a 'java/lang/NoSuchMethodError'{0x0000000787ff4ab8}: 'void java.lang.invoke.DirectMethodHandle$Holder.invokeSpecial(java.lang.Object, java.lang.Object, java.lang.Object, java.lang.Object, java.lang.Object)'> (0x0000000787ff4ab8) thrown at [./src/hotspot/share/interpreter/linkResolver.cpp, line 773]
Event: 3.333 Thread 0x00007fe032a4d000 Exception <a 'java/lang/NoSuchMethodError'{0x00000007879cf158}: 'void java.lang.invoke.DirectMethodHandle$Holder.invokeStaticInit(java.lang.Object, java.lang.Object)'> (0x00000007879cf158) thrown at [./src/hotspot/share/interpreter/linkResolver.cpp, line 773]
Event: 3.613 Thread 0x00007fe032a4d000 Exception <a 'java/io/FileNotFoundException'{0x0000000787387200}> (0x0000000787387200) thrown at [./src/hotspot/share/prims/jni.cpp, line 616]
Event: 3.819 Thread 0x00007fe032a4d000 Exception <a 'java/io/FileNotFoundException'{0x00000007870c4b40}> (0x00000007870c4b40) thrown at [./src/hotspot/share/prims/jni.cpp, line 616]
Event: 3.898 Thread 0x00007fe032a4d000 Exception <a 'java/io/FileNotFoundException'{0x0000000786ff1c90}> (0x0000000786ff1c90) thrown at [./src/hotspot/share/prims/jni.cpp, line 616]
Event: 3.991 Thread 0x00007fe032a4d000 Exception <a 'java/lang/NoSuchMethodError'{0x0000000786e73a38}: 'void java.lang.invoke.DirectMethodHandle$Holder.invokeSpecial(java.lang.Object, java.lang.Object, java.lang.Object, java.lang.Object)'> (0x0000000786e73a38) thrown at [./src/hotspot/share/interpreter/linkResolver.cpp, line 773]
Event: 4.195 Thread 0x00007fe032a4d000 Exception <a 'java/lang/NoSuchMethodError'{0x0000000787fafa88}: 'java.lang.Object java.lang.invoke.DirectMethodHandle$Holder.invokeInterface(java.lang.Object, java.lang.Object, java.lang.Object)'> (0x0000000787fafa88) thrown at [./src/hotspot/share/interpreter/linkResolver.cpp, line 773]
Event: 4.196 Thread 0x00007fe032a4d000 Exception <a 'java/lang/IncompatibleClassChangeError'{0x0000000787fb2cb8}: Found class java.lang.Object, but interface was expected> (0x0000000787fb2cb8) thrown at [./src/hotspot/share/interpreter/linkResolver.cpp, line 839]
Event: 4.768 Thread 0x00007fe032a4d000 Exception <a 'java/lang/NoSuchMethodError'{0x0000000787da0ab8}: 'java.lang.Object java.lang.invoke.Invokers$Holder.linkToTargetMethod(java.lang.Object, int, java.lang.Object)'> (0x0000000787da0ab8) thrown at [./src/hotspot/share/interpreter/linkResolver.cpp, line 773]
Event: 6.461 Thread 0x00007fe032a4d000 Exception <a 'java/lang/NoSuchMethodError'{0x0000000786350de0}: 'long java.lang.invoke.DirectMethodHandle$Holder.invokeStaticInit(java.lang.Object, java.lang.Object, java.lang.Object)'> (0x0000000786350de0) thrown at [./src/hotspot/share/interpreter/linkResolver.cpp, line 773]
Event: 6.468 Thread 0x00007fe032a4d000 Exception <a 'java/lang/NoSuchMethodError'{0x0000000786369428}: 'java.lang.Object java.lang.invoke.DirectMethodHandle$Holder.invokeStatic(java.lang.Object, java.lang.Object, long)'> (0x0000000786369428) thrown at [./src/hotspot/share/interpreter/linkResolver.cpp, line 773]
Event: 6.468 Thread 0x00007fe032a4d000 Exception <a 'java/lang/NoSuchMethodError'{0x000000078636f5a0}: 'java.lang.Object java.lang.invoke.Invokers$Holder.linkToTargetMethod(java.lang.Object, long, java.lang.Object)'> (0x000000078636f5a0) thrown at [./src/hotspot/share/interpreter/linkResolver.cpp, line 773]
Event: 6.881 Thread 0x00007fe0318e6800 Exception <a 'java/lang/NoSuchMethodError'{0x0000000785f5d188}: 'java.lang.Object java.lang.invoke.DirectMethodHandle$Holder.invokeStaticInit(java.lang.Object, int)'> (0x0000000785f5d188) thrown at [./src/hotspot/share/interpreter/linkResolver.cpp, line 773]
Event: 7.161 Thread 0x00007fe032a4d000 Exception <a 'java/lang/NoSuchMethodError'{0x00000007862c26e0}: 'java.lang.Object java.lang.invoke.DirectMethodHandle$Holder.invokeStatic(java.lang.Object, java.lang.Object, long, int, int, int)'> (0x00000007862c26e0) thrown at [./src/hotspot/share/interpreter/linkResolver.cpp, line 773]
Event: 7.164 Thread 0x00007fe032a4d000 Exception <a 'java/lang/NoSuchMethodError'{0x00000007862d6348}: 'java.lang.Object java.lang.invoke.DirectMethodHandle$Holder.invokeStatic(java.lang.Object, java.lang.Object, int, java.lang.Object, long, int, int, int, int)'> (0x00000007862d6348) thrown at [./src/hotspot/share/interpreter/linkResolver.cpp, line 773]
Event: 39.098 Thread 0x00007fe032a4d000 Exception <a 'java/lang/NoSuchMethodError'{0x0000000785a3f858}: 'java.lang.Object java.lang.invoke.DirectMethodHandle$Holder.invokeSpecial(java.lang.Object, java.lang.Object, int, int, int, java.lang.Object, java.lang.Object, java.lang.Object)'> (0x0000000785a3f858) thrown at [./src/hotspot/share/interpreter/linkResolver.cpp, line 773]
Event: 39.098 Thread 0x00007fe032a4d000 Exception <a 'java/lang/NoSuchMethodError'{0x0000000785a433e8}: 'java.lang.Object java.lang.invoke.DelegatingMethodHandle$Holder.reinvoke_L(java.lang.Object, int, int, int, java.lang.Object, java.lang.Object, java.lang.Object)'> (0x0000000785a433e8) thrown at [./src/hotspot/share/interpreter/linkResolver.cpp, line 773]
Event: 46.839 Thread 0x00007fe032a4d000 Exception <a 'java/lang/NoSuchMethodError'{0x0000000787739f50}: 'java.lang.Object java.lang.invoke.DirectMethodHandle$Holder.invokeStatic(java.lang.Object, java.lang.Object, int, int, int, int, int, java.lang.Object)'> (0x0000000787739f50) thrown at [./src/hotspot/share/interpreter/linkResolver.cpp, line 773]
Event: 46.842 Thread 0x00007fe032a4d000 Exception <a 'java/lang/NoSuchMethodError'{0x000000078774a7e8}: 'java.lang.Object java.lang.invoke.DirectMethodHandle$Holder.invokeStatic(java.lang.Object, java.lang.Object, java.lang.Object, int, int, int, int, int)'> (0x000000078774a7e8) thrown at [./src/hotspot/share/interpreter/linkResolver.cpp, line 773]
Event: 46.843 Thread 0x00007fe032a4d000 Exception <a 'java/lang/NoSuchMethodError'{0x0000000787751058}: 'java.lang.Object java.lang.invoke.Invokers$Holder.linkToTargetMethod(java.lang.Object, java.lang.Object, int, int, int, int, int, java.lang.Object)'> (0x0000000787751058) thrown at [./src/hotspot/share/interpreter/linkResolver.cpp, line 773]

Events (20 events):
Event: 46.831 loading class javafx/scene/Scene$DragDetectedState
Event: 46.831 loading class javafx/scene/Scene$DragDetectedState done
Event: 46.832 loading class javafx/event/Event
Event: 46.832 loading class javafx/event/Event done
Event: 46.832 loading class javafx/event/ActionEvent
Event: 46.832 loading class javafx/event/ActionEvent done
Event: 46.832 loading class javafx/event/ActionEvent
Event: 46.832 loading class javafx/event/ActionEvent done
Event: 46.832 loading class javafx/scene/Scene$ClickCounter
Event: 46.832 loading class javafx/scene/Scene$ClickCounter done
Event: 46.832 loading class java/text/StringCharacterIterator
Event: 46.833 loading class java/text/StringCharacterIterator done
Event: 46.837 loading class com/sun/glass/ui/ClipboardAssistance
Event: 46.837 loading class com/sun/glass/ui/ClipboardAssistance done
Event: 46.838 loading class com/sun/javafx/tk/quantum/GlassViewEventHandler
Event: 46.838 loading class com/sun/javafx/tk/quantum/GlassViewEventHandler done
Event: 46.841 loading class com/sun/glass/ui/ClipboardAssistance
Event: 46.841 loading class com/sun/glass/ui/ClipboardAssistance done
Event: 46.841 loading class com/sun/javafx/tk/quantum/GlassSceneDnDEventHandler
Event: 46.841 loading class com/sun/javafx/tk/quantum/GlassSceneDnDEventHandler done


Dynamic libraries:
0x000000010fa0c000 	/Library/Java/JavaVirtualMachines/temurin-11.jdk/Contents/Home/lib/jli/libjli.dylib
0x00007ff825126000 	/System/Library/Frameworks/Cocoa.framework/Versions/A/Cocoa
0x00007ff810d8f000 	/System/Library/Frameworks/AppKit.framework/Versions/C/AppKit
0x00007ff8142a2000 	/System/Library/Frameworks/CoreData.framework/Versions/A/CoreData
0x00007ff80f193000 	/System/Library/Frameworks/Foundation.framework/Versions/C/Foundation
0x00007ff8190bb000 	/usr/lib/libSystem.B.dylib
0x00007ff811c1e000 	/System/Library/PrivateFrameworks/UIFoundation.framework/Versions/A/UIFoundation
0x00007ff81f02a000 	/System/Library/PrivateFrameworks/RemoteViewServices.framework/Versions/A/RemoteViewServices
0x00007ff817310000 	/System/Library/PrivateFrameworks/XCTTargetBootstrap.framework/Versions/A/XCTTargetBootstrap
0x00007ff81aec2000 	/System/Library/PrivateFrameworks/InternationalSupport.framework/Versions/A/InternationalSupport
0x00007ff81af4c000 	/System/Library/PrivateFrameworks/UserActivity.framework/Versions/A/UserActivity
0x00007ff81a2a2000 	/usr/lib/libspindump.dylib
0x00007ff811eac000 	/System/Library/Frameworks/UniformTypeIdentifiers.framework/Versions/A/UniformTypeIdentifiers
0x00007ff815a38000 	/usr/lib/libapp_launch_measurement.dylib
0x00007ff814c73000 	/System/Library/PrivateFrameworks/CoreAnalytics.framework/Versions/A/CoreAnalytics
0x00007ff815a3b000 	/System/Library/PrivateFrameworks/CoreAutoLayout.framework/Versions/A/CoreAutoLayout
0x00007ff816c6a000 	/System/Library/Frameworks/Metal.framework/Versions/A/Metal
0x00007ff817995000 	/usr/lib/liblangid.dylib
0x00007ff817315000 	/System/Library/PrivateFrameworks/CoreSVG.framework/Versions/A/CoreSVG
0x00007ff813297000 	/System/Library/PrivateFrameworks/SkyLight.framework/Versions/A/SkyLight
0x00007ff813635000 	/System/Library/Frameworks/CoreGraphics.framework/Versions/A/CoreGraphics
0x00007ff81f6ea000 	/System/Library/Frameworks/Accelerate.framework/Versions/A/Accelerate
0x00007ff819d21000 	/System/Library/PrivateFrameworks/IconServices.framework/Versions/A/IconServices
0x00007ff816c4f000 	/System/Library/Frameworks/IOSurface.framework/Versions/A/IOSurface
0x00007ff814ca1000 	/usr/lib/libDiagnosticMessagesClient.dylib
0x00007ff818fdb000 	/usr/lib/libz.1.dylib
0x00007ff822dca000 	/System/Library/Frameworks/ApplicationServices.framework/Versions/A/ApplicationServices
0x00007ff8172fc000 	/System/Library/PrivateFrameworks/DFRFoundation.framework/Versions/A/DFRFoundation
0x00007ff810677000 	/usr/lib/libicucore.A.dylib
0x00007ff81bcb7000 	/System/Library/Frameworks/AudioToolbox.framework/Versions/A/AudioToolbox
0x00007ff81aece000 	/System/Library/PrivateFrameworks/DataDetectorsCore.framework/Versions/A/DataDetectorsCore
0x00007ff9173b5000 	/System/Library/PrivateFrameworks/TextInput.framework/Versions/A/TextInput
0x00007ff81321a000 	/usr/lib/libMobileGestalt.dylib
0x00007ff817008000 	/System/Library/Frameworks/Carbon.framework/Versions/A/Frameworks/HIToolbox.framework/Versions/A/HIToolbox
0x00007ff81543e000 	/System/Library/Frameworks/QuartzCore.framework/Versions/A/QuartzCore
0x00007ff81031c000 	/System/Library/Frameworks/Security.framework/Versions/A/Security
0x00007ff81f062000 	/System/Library/Frameworks/Carbon.framework/Versions/A/Frameworks/SpeechRecognition.framework/Versions/A/SpeechRecognition
0x00007ff815798000 	/System/Library/PrivateFrameworks/CoreUI.framework/Versions/A/CoreUI
0x00007ff80fbe7000 	/System/Library/Frameworks/CoreAudio.framework/Versions/A/CoreAudio
0x00007ff814d90000 	/System/Library/Frameworks/DiskArbitration.framework/Versions/A/DiskArbitration
0x00007ff81a690000 	/System/Library/PrivateFrameworks/MultitouchSupport.framework/Versions/A/MultitouchSupport
0x00007ff813219000 	/usr/lib/libenergytrace.dylib
0x00007ff810c7b000 	/System/Library/Frameworks/IOKit.framework/Versions/A/IOKit
0x00007ff81f452000 	/System/Library/Frameworks/CoreServices.framework/Versions/A/CoreServices
0x00007ff8159d2000 	/System/Library/PrivateFrameworks/PerformanceAnalysis.framework/Versions/A/PerformanceAnalysis
0x00007ffa2709a000 	/System/Library/Frameworks/OpenGL.framework/Versions/A/OpenGL
0x00007ff8185f7000 	/System/Library/PrivateFrameworks/MobileKeyBag.framework/Versions/A/MobileKeyBag
0x00007ff80e157000 	/usr/lib/libobjc.A.dylib
0x00007ff813d01000 	/System/Library/Frameworks/ColorSync.framework/Versions/A/ColorSync
0x00007ff80e311000 	/System/Library/Frameworks/CoreFoundation.framework/Versions/A/CoreFoundation
0x00007ff81758b000 	/System/Library/Frameworks/CoreImage.framework/Versions/A/CoreImage
0x00007ff80f9fb000 	/System/Library/Frameworks/CoreText.framework/Versions/A/CoreText
0x00007ff817345000 	/System/Library/Frameworks/ImageIO.framework/Versions/A/ImageIO
0x00007ff8190c1000 	/System/Library/PrivateFrameworks/SoftLinking.framework/Versions/A/SoftLinking
0x00007ff815a83000 	/usr/lib/libxml2.2.dylib
0x00007ff80e21d000 	/usr/lib/libc++.1.dylib
0x00007ff819345000 	/usr/lib/libcompression.dylib
0x00007ff81adf5000 	/System/Library/PrivateFrameworks/TextureIO.framework/Versions/A/TextureIO
0x00007ff819a33000 	/usr/lib/libate.dylib
0x00007ff8190b6000 	/usr/lib/system/libcache.dylib
0x00007ff819072000 	/usr/lib/system/libcommonCrypto.dylib
0x00007ff81909b000 	/usr/lib/system/libcompiler_rt.dylib
0x00007ff819091000 	/usr/lib/system/libcopyfile.dylib
0x00007ff80e052000 	/usr/lib/system/libcorecrypto.dylib
0x00007ff80e110000 	/usr/lib/system/libdispatch.dylib
0x00007ff80e2d0000 	/usr/lib/system/libdyld.dylib
0x00007ff8190ad000 	/usr/lib/system/libkeymgr.dylib
0x00007ff819050000 	/usr/lib/system/libmacho.dylib
0x00007ff8186d1000 	/usr/lib/system/libquarantine.dylib
0x00007ff8190ab000 	/usr/lib/system/libremovefile.dylib
0x00007ff813267000 	/usr/lib/system/libsystem_asl.dylib
0x00007ff80dffb000 	/usr/lib/system/libsystem_blocks.dylib
0x00007ff80e194000 	/usr/lib/system/libsystem_c.dylib
0x00007ff8190a3000 	/usr/lib/system/libsystem_collections.dylib
0x00007ff817985000 	/usr/lib/system/libsystem_configuration.dylib
0x00007ff816c32000 	/usr/lib/system/libsystem_containermanager.dylib
0x00007ff818d88000 	/usr/lib/system/libsystem_coreservices.dylib
0x00007ff81090b000 	/usr/lib/system/libsystem_darwin.dylib
0x00007ff8190ae000 	/usr/lib/system/libsystem_dnssd.dylib
0x00007ff80e191000 	/usr/lib/system/libsystem_featureflags.dylib
0x00007ff80e2e6000 	/usr/lib/system/libsystem_info.dylib
0x00007ff818fee000 	/usr/lib/system/libsystem_m.dylib
0x00007ff80e0e4000 	/usr/lib/system/libsystem_malloc.dylib
0x00007ff813202000 	/usr/lib/system/libsystem_networkextension.dylib
0x00007ff810d31000 	/usr/lib/system/libsystem_notify.dylib
0x00007ff81f327000 	/usr/lib/system/libsystem_product_info_filter.dylib
0x00007ff817989000 	/usr/lib/system/libsystem_sandbox.dylib
0x00007ff8190a8000 	/usr/lib/system/libsystem_secinit.dylib
0x00007ff80e28c000 	/usr/lib/system/libsystem_kernel.dylib
0x00007ff80e2dc000 	/usr/lib/system/libsystem_platform.dylib
0x00007ff80e2c4000 	/usr/lib/system/libsystem_pthread.dylib
0x00007ff814ab3000 	/usr/lib/system/libsystem_symptoms.dylib
0x00007ff80e039000 	/usr/lib/system/libsystem_trace.dylib
0x00007ff81907e000 	/usr/lib/system/libunwind.dylib
0x00007ff80dffd000 	/usr/lib/system/libxpc.dylib
0x00007ff80e276000 	/usr/lib/libc++abi.dylib
0x00007ff819089000 	/usr/lib/liboah.dylib
0x00007ff81980f000 	/usr/lib/liblzma.5.dylib
0x00007ff80eea2000 	/System/Library/Frameworks/SystemConfiguration.framework/Versions/A/SystemConfiguration
0x00007ff8190bd000 	/usr/lib/libfakelink.dylib
0x00007ff812d73000 	/System/Library/Frameworks/CFNetwork.framework/Versions/A/CFNetwork
0x00007ff8191fe000 	/usr/lib/libarchive.2.dylib
0x00007ff817991000 	/System/Library/PrivateFrameworks/AppleSystemInfo.framework/Versions/A/AppleSystemInfo
0x00007ff8186f8000 	/usr/lib/libbsm.0.dylib
0x00007ff812382000 	/usr/lib/libnetwork.dylib
0x00007ff819056000 	/usr/lib/system/libkxld.dylib
0x00007ff81832b000 	/System/Library/PrivateFrameworks/IOMobileFramebuffer.framework/Versions/A/IOMobileFramebuffer
0x00007ffb2646e000 	/usr/lib/libCoreEntitlements.dylib
0x00007ff818d6a000 	/System/Library/PrivateFrameworks/AppleFSCompression.framework/Versions/A/AppleFSCompression
0x00007ff8186e0000 	/usr/lib/libcoretls.dylib
0x00007ff819829000 	/usr/lib/libcoretls_cfhelpers.dylib
0x00007ff819340000 	/usr/lib/libpam.2.dylib
0x00007ff8146d3000 	/usr/lib/libsqlite3.dylib
0x00007ff819898000 	/usr/lib/libxar.1.dylib
0x00007ff818d7a000 	/usr/lib/libbz2.1.0.dylib
0x00007ff8190c2000 	/usr/lib/libpcap.A.dylib
0x00007ff814aab000 	/usr/lib/libdns_services.dylib
0x00007ff819310000 	/usr/lib/libapple_nghttp2.dylib
0x00007ff8190fc000 	/usr/lib/libiconv.2.dylib
0x00007ff81904f000 	/usr/lib/libcharset.1.dylib
0x00007ff815a06000 	/System/Library/Frameworks/CoreServices.framework/Versions/A/Frameworks/FSEvents.framework/Versions/A/FSEvents
0x00007ff810915000 	/System/Library/Frameworks/CoreServices.framework/Versions/A/Frameworks/CarbonCore.framework/Versions/A/CarbonCore
0x00007ff814cf4000 	/System/Library/Frameworks/CoreServices.framework/Versions/A/Frameworks/Metadata.framework/Versions/A/Metadata
0x00007ff818d8d000 	/System/Library/Frameworks/CoreServices.framework/Versions/A/Frameworks/OSServices.framework/Versions/A/OSServices
0x00007ff819285000 	/System/Library/Frameworks/CoreServices.framework/Versions/A/Frameworks/SearchKit.framework/Versions/A/SearchKit
0x00007ff814a3e000 	/System/Library/Frameworks/CoreServices.framework/Versions/A/Frameworks/AE.framework/Versions/A/AE
0x00007ff80e814000 	/System/Library/Frameworks/CoreServices.framework/Versions/A/Frameworks/LaunchServices.framework/Versions/A/LaunchServices
0x00007ff8197c0000 	/System/Library/Frameworks/CoreServices.framework/Versions/A/Frameworks/DictionaryServices.framework/Versions/A/DictionaryServices
0x00007ff815a13000 	/System/Library/Frameworks/CoreServices.framework/Versions/A/Frameworks/SharedFileList.framework/Versions/A/SharedFileList
0x00007ff8186d4000 	/usr/lib/libCheckFix.dylib
0x00007ff81327e000 	/System/Library/PrivateFrameworks/TCC.framework/Versions/A/TCC
0x00007ff817997000 	/System/Library/PrivateFrameworks/CoreNLP.framework/Versions/A/CoreNLP
0x00007ff814ca4000 	/System/Library/PrivateFrameworks/MetadataUtilities.framework/Versions/A/MetadataUtilities
0x00007ff80ef56000 	/usr/lib/libmecabra.dylib
0x00007ff818708000 	/usr/lib/libmecab.dylib
0x00007ff80ef21000 	/usr/lib/libCRFSuite.dylib
0x00007ff818762000 	/usr/lib/libgermantok.dylib
0x00007ff8192eb000 	/usr/lib/libThaiTokenizer.dylib
0x00007ff814d97000 	/System/Library/Frameworks/Accelerate.framework/Versions/A/Frameworks/vImage.framework/Versions/A/vImage
0x00007ff81f429000 	/System/Library/Frameworks/Accelerate.framework/Versions/A/Frameworks/vecLib.framework/Versions/A/vecLib
0x00007ff8198d9000 	/System/Library/Frameworks/Accelerate.framework/Versions/A/Frameworks/vecLib.framework/Versions/A/libvMisc.dylib
0x00007ff818156000 	/System/Library/Frameworks/Accelerate.framework/Versions/A/Frameworks/vecLib.framework/Versions/A/libvDSP.dylib
0x00007ff80eb92000 	/System/Library/Frameworks/Accelerate.framework/Versions/A/Frameworks/vecLib.framework/Versions/A/libBLAS.dylib
0x00007ff819422000 	/System/Library/Frameworks/Accelerate.framework/Versions/A/Frameworks/vecLib.framework/Versions/A/libLAPACK.dylib
0x00007ff818765000 	/System/Library/Frameworks/Accelerate.framework/Versions/A/Frameworks/vecLib.framework/Versions/A/libLinearAlgebra.dylib
0x00007ff819328000 	/System/Library/Frameworks/Accelerate.framework/Versions/A/Frameworks/vecLib.framework/Versions/A/libSparseBLAS.dylib
0x00007ff81941c000 	/System/Library/Frameworks/Accelerate.framework/Versions/A/Frameworks/vecLib.framework/Versions/A/libQuadrature.dylib
0x00007ff817a82000 	/System/Library/Frameworks/Accelerate.framework/Versions/A/Frameworks/vecLib.framework/Versions/A/libBNNS.dylib
0x00007ff80ee2c000 	/System/Library/Frameworks/Accelerate.framework/Versions/A/Frameworks/vecLib.framework/Versions/A/libSparse.dylib
0x00007ff817a7b000 	/System/Library/PrivateFrameworks/LinguisticData.framework/Versions/A/LinguisticData
0x00007ff80ede2000 	/System/Library/PrivateFrameworks/Lexicon.framework/Versions/A/Lexicon
0x00007ff8198d2000 	/usr/lib/libChineseTokenizer.dylib
0x00007ff80f550000 	/System/Library/PrivateFrameworks/LanguageModeling.framework/Versions/A/LanguageModeling
0x00007ff8192ed000 	/System/Library/PrivateFrameworks/AppleSauce.framework/Versions/A/AppleSauce
0x00007ff818319000 	/System/Library/PrivateFrameworks/CoreEmoji.framework/Versions/A/CoreEmoji
0x00007ff8191ed000 	/usr/lib/libcmph.dylib
0x00007ff8159ea000 	/System/Library/Frameworks/OpenDirectory.framework/Versions/A/Frameworks/CFOpenDirectory.framework/Versions/A/CFOpenDirectory
0x00007ff8159de000 	/System/Library/Frameworks/OpenDirectory.framework/Versions/A/OpenDirectory
0x00007ff81982b000 	/System/Library/PrivateFrameworks/APFS.framework/Versions/A/APFS
0x00007ff81862f000 	/System/Library/Frameworks/SecurityFoundation.framework/Versions/A/SecurityFoundation
0x00007ff8198a6000 	/usr/lib/libutil.dylib
0x00007ff810c3f000 	/System/Library/PrivateFrameworks/CoreServicesStore.framework/Versions/A/CoreServicesStore
0x00007ff8198aa000 	/usr/lib/libxslt.1.dylib
0x00007ff8186bc000 	/System/Library/PrivateFrameworks/BackgroundTaskManagement.framework/Versions/A/BackgroundTaskManagement
0x00007ff81ad15000 	/System/Library/Frameworks/ImageIO.framework/Versions/A/Resources/libRadiance.dylib
0x00007ff81ad1e000 	/System/Library/Frameworks/ImageIO.framework/Versions/A/Resources/libJPEG.dylib
0x00007ff81ac6f000 	/System/Library/Frameworks/ImageIO.framework/Versions/A/Resources/libPng.dylib
0x00007ff81ac90000 	/System/Library/Frameworks/ImageIO.framework/Versions/A/Resources/libTIFF.dylib
0x00007ff81ad7e000 	/System/Library/Frameworks/ImageIO.framework/Versions/A/Resources/libGIF.dylib
0x00007ff81a5aa000 	/System/Library/Frameworks/ImageIO.framework/Versions/A/Resources/libJP2.dylib
0x00007ff819ce8000 	/usr/lib/libexpat.1.dylib
0x00007ff81a55f000 	/System/Library/PrivateFrameworks/AppleJPEG.framework/Versions/A/AppleJPEG
0x00007ff816ecc000 	/System/Library/PrivateFrameworks/FontServices.framework/libFontParser.dylib
0x00007ff8149e8000 	/System/Library/PrivateFrameworks/RunningBoardServices.framework/Versions/A/RunningBoardServices
0x00007ff8256e1000 	/System/Library/PrivateFrameworks/IOSurfaceAccelerator.framework/Versions/A/IOSurfaceAccelerator
0x00007ff81a68c000 	/System/Library/PrivateFrameworks/WatchdogClient.framework/Versions/A/WatchdogClient
0x00007ff80f63e000 	/System/Library/Frameworks/CoreDisplay.framework/Versions/A/CoreDisplay
0x00007ff816dca000 	/System/Library/Frameworks/CoreMedia.framework/Versions/A/CoreMedia
0x00007ff816c61000 	/System/Library/PrivateFrameworks/IOAccelerator.framework/Versions/A/IOAccelerator
0x00007ff815b67000 	/System/Library/Frameworks/CoreVideo.framework/Versions/A/CoreVideo
0x00007ff81933e000 	/System/Library/Frameworks/MetalPerformanceShaders.framework/Versions/A/MetalPerformanceShaders
0x00007ff81a6c9000 	/System/Library/Frameworks/VideoToolbox.framework/Versions/A/VideoToolbox
0x00007ff814932000 	/System/Library/PrivateFrameworks/BaseBoard.framework/Versions/A/BaseBoard
0x00007ff8146b9000 	/System/Library/PrivateFrameworks/ProtocolBuffer.framework/Versions/A/ProtocolBuffer
0x00007ff81ad0e000 	/System/Library/PrivateFrameworks/GPUWrangler.framework/Versions/A/GPUWrangler
0x00007ff81acf2000 	/System/Library/PrivateFrameworks/IOPresentment.framework/Versions/A/IOPresentment
0x00007ff81ad18000 	/System/Library/PrivateFrameworks/DSExternalDisplay.framework/Versions/A/DSExternalDisplay
0x00007ffa2708e000 	/System/Library/Frameworks/OpenGL.framework/Versions/A/Libraries/libCoreFSCache.dylib
0x00007ffb13b92000 	/System/Library/PrivateFrameworks/GPUCompiler.framework/Versions/31001/Libraries/libGPUCompilerUtils.dylib
0x00007ff81ad83000 	/System/Library/PrivateFrameworks/CMCaptureCore.framework/Versions/A/CMCaptureCore
0x00007ff81a290000 	/System/Library/PrivateFrameworks/AppServerSupport.framework/Versions/A/AppServerSupport
0x00007ff81c54f000 	/System/Library/PrivateFrameworks/perfdata.framework/Versions/A/perfdata
0x00007ff80f76a000 	/System/Library/PrivateFrameworks/AudioToolboxCore.framework/Versions/A/AudioToolboxCore
0x00007ff816da8000 	/System/Library/PrivateFrameworks/caulk.framework/Versions/A/caulk
0x00007ff81be61000 	/usr/lib/libAudioStatistics.dylib
0x00007ff913b58000 	/System/Library/PrivateFrameworks/SystemPolicy.framework/Versions/A/SystemPolicy
0x00007ff81c0bc000 	/usr/lib/libSMC.dylib
0x00007ff824fd9000 	/System/Library/Frameworks/CoreMIDI.framework/Versions/A/CoreMIDI
0x00007ff81ac3e000 	/usr/lib/libAudioToolboxUtility.dylib
0x00007ff90fd8d000 	/System/Library/PrivateFrameworks/OSAServicesClient.framework/Versions/A/OSAServicesClient
0x00007ff81c55c000 	/usr/lib/libperfcheck.dylib
0x00007ff914602000 	/usr/lib/libmis.dylib
0x00007ffa270e9000 	/System/Library/Frameworks/OpenGL.framework/Versions/A/Libraries/libGLU.dylib
0x00007ffa270ad000 	/System/Library/Frameworks/OpenGL.framework/Versions/A/Libraries/libGFXShared.dylib
0x00007ffa272b6000 	/System/Library/Frameworks/OpenGL.framework/Versions/A/Libraries/libGL.dylib
0x00007ffa270b6000 	/System/Library/Frameworks/OpenGL.framework/Versions/A/Libraries/libGLImage.dylib
0x00007ffa270aa000 	/System/Library/Frameworks/OpenGL.framework/Versions/A/Libraries/libCVMSPluginSupport.dylib
0x00007ffa27095000 	/System/Library/Frameworks/OpenGL.framework/Versions/A/Libraries/libCoreVMClient.dylib
0x00007ff817913000 	/System/Library/Frameworks/MetalPerformanceShaders.framework/Versions/A/Frameworks/MPSCore.framework/Versions/A/MPSCore
0x00007ff818cd5000 	/System/Library/Frameworks/MetalPerformanceShaders.framework/Versions/A/Frameworks/MPSImage.framework/Versions/A/MPSImage
0x00007ff81877b000 	/System/Library/Frameworks/MetalPerformanceShaders.framework/Versions/A/Frameworks/MPSNeuralNetwork.framework/Versions/A/MPSNeuralNetwork
0x00007ff818bef000 	/System/Library/Frameworks/MetalPerformanceShaders.framework/Versions/A/Frameworks/MPSMatrix.framework/Versions/A/MPSMatrix
0x00007ff8189aa000 	/System/Library/Frameworks/MetalPerformanceShaders.framework/Versions/A/Frameworks/MPSRayIntersector.framework/Versions/A/MPSRayIntersector
0x00007ff818c27000 	/System/Library/Frameworks/MetalPerformanceShaders.framework/Versions/A/Frameworks/MPSNDArray.framework/Versions/A/MPSNDArray
0x00007ffa2c2b0000 	/System/Library/Frameworks/MetalPerformanceShaders.framework/Versions/A/Frameworks/MPSFunctions.framework/Versions/A/MPSFunctions
0x00007ff80ea6b000 	/System/Library/PrivateFrameworks/MetalTools.framework/Versions/A/MetalTools
0x00007ff81798f000 	/System/Library/PrivateFrameworks/AggregateDictionary.framework/Versions/A/AggregateDictionary
0x00007ff819aca000 	/usr/lib/libIOReport.dylib
0x00007ffa286c5000 	/System/Library/Frameworks/OpenCL.framework/Versions/A/OpenCL
0x00007ff819e2e000 	/System/Library/PrivateFrameworks/FaceCore.framework/Versions/A/FaceCore
0x00007ff819e1f000 	/System/Library/PrivateFrameworks/GraphVisualizer.framework/Versions/A/GraphVisualizer
0x00007ffb13a9d000 	/System/Library/PrivateFrameworks/FontServices.framework/Versions/A/FontServices
0x00007ff81a248000 	/System/Library/PrivateFrameworks/OTSVG.framework/Versions/A/OTSVG
0x00007ff81574e000 	/System/Library/Frameworks/ApplicationServices.framework/Versions/A/Frameworks/ATS.framework/Versions/A/Resources/libFontRegistry.dylib
0x00007ff81a298000 	/System/Library/PrivateFrameworks/FontServices.framework/libhvf.dylib
0x00007ffb13a9e000 	/System/Library/PrivateFrameworks/FontServices.framework/libXTFontStaticRegistryData.dylib
0x00007ff819c98000 	/System/Library/PrivateFrameworks/AppleVA.framework/Versions/A/AppleVA
0x00007ff81be81000 	/System/Library/Frameworks/ApplicationServices.framework/Versions/A/Frameworks/ATS.framework/Versions/A/ATS
0x00007ff813dff000 	/System/Library/Frameworks/ApplicationServices.framework/Versions/A/Frameworks/HIServices.framework/Versions/A/HIServices
0x00007ff81ad8d000 	/System/Library/Frameworks/ApplicationServices.framework/Versions/A/Frameworks/PrintCore.framework/Versions/A/PrintCore
0x00007ff81c20f000 	/System/Library/Frameworks/ApplicationServices.framework/Versions/A/Frameworks/QD.framework/Versions/A/QD
0x00007ff81c207000 	/System/Library/Frameworks/ApplicationServices.framework/Versions/A/Frameworks/ColorSyncLegacy.framework/Versions/A/ColorSyncLegacy
0x00007ff81be71000 	/System/Library/Frameworks/ApplicationServices.framework/Versions/A/Frameworks/SpeechSynthesis.framework/Versions/A/SpeechSynthesis
0x00007ff81ad4e000 	/System/Library/Frameworks/ApplicationServices.framework/Versions/A/Frameworks/ATSUI.framework/Versions/A/ATSUI
0x00007ff81c19c000 	/usr/lib/libcups.2.dylib
0x00007ff81c56b000 	/System/Library/Frameworks/Kerberos.framework/Versions/A/Kerberos
0x00007ff81c57a000 	/System/Library/Frameworks/GSS.framework/Versions/A/GSS
0x00007ff81beed000 	/usr/lib/libresolv.9.dylib
0x00007ff81a2a7000 	/System/Library/PrivateFrameworks/Heimdal.framework/Versions/A/Heimdal
0x00007ff82315c000 	/System/Library/Frameworks/Kerberos.framework/Versions/A/Libraries/libHeimdalProxy.dylib
0x00007ff814abb000 	/System/Library/Frameworks/Network.framework/Versions/A/Network
0x00007ff819d02000 	/usr/lib/libheimdal-asn1.dylib
0x00007ff81c5c5000 	/System/Library/PrivateFrameworks/CommonAuth.framework/Versions/A/CommonAuth
0x00007ff81bdf3000 	/System/Library/PrivateFrameworks/AudioSession.framework/Versions/A/AudioSession
0x00007ff819d92000 	/System/Library/PrivateFrameworks/MediaExperience.framework/Versions/A/MediaExperience
0x00007ff81bc86000 	/System/Library/PrivateFrameworks/AudioSession.framework/libSessionUtility.dylib
0x00007ff81c21b000 	/System/Library/PrivateFrameworks/AudioResourceArbitration.framework/Versions/A/AudioResourceArbitration
0x00007ff82029c000 	/System/Library/PrivateFrameworks/PowerLog.framework/Versions/A/PowerLog
0x00007ff819d0b000 	/System/Library/PrivateFrameworks/IconFoundation.framework/Versions/A/IconFoundation
0x00007ff81f052000 	/System/Library/PrivateFrameworks/SpeechRecognitionCore.framework/Versions/A/SpeechRecognitionCore
0x000000011158e000 	/Library/Java/JavaVirtualMachines/temurin-11.jdk/Contents/Home/lib/server/libjvm.dylib
0x000000010fa3b000 	/Library/Java/JavaVirtualMachines/temurin-11.jdk/Contents/Home/lib/libverify.dylib
0x000000010fa78000 	/Library/Java/JavaVirtualMachines/temurin-11.jdk/Contents/Home/lib/libjava.dylib
0x000000010fa4c000 	/Library/Java/JavaVirtualMachines/temurin-11.jdk/Contents/Home/lib/libjimage.dylib
0x000000010fa64000 	/Library/Java/JavaVirtualMachines/temurin-11.jdk/Contents/Home/lib/libzip.dylib
0x000000011111e000 	/Library/Java/JavaVirtualMachines/temurin-11.jdk/Contents/Home/lib/libnio.dylib
0x000000011114a000 	/Library/Java/JavaVirtualMachines/temurin-11.jdk/Contents/Home/lib/libnet.dylib
0x0000000111131000 	/Users/janetan/.openjfx/cache/11/libprism_es2.dylib
0x00007ff810c01000 	/System/Library/PrivateFrameworks/CoreServicesInternal.framework/Versions/A/CoreServicesInternal
0x00007ffa272c1000 	/System/Library/Frameworks/OpenGL.framework/Versions/A/Resources/GLEngine.bundle/GLEngine
0x00007ffa27127000 	/System/Library/Frameworks/OpenGL.framework/Versions/A/Libraries/libGLProgrammability.dylib
0x00007ffa1c149000 	/System/Library/Extensions/AppleIntelKBLGraphicsGLDriver.bundle/Contents/MacOS/AppleIntelKBLGraphicsGLDriver
0x00007ff91e787000 	/System/Library/PrivateFrameworks/GPUSupport.framework/Versions/A/Libraries/libGPUSupportMercury.dylib
0x00007ffa2744b000 	/System/Library/Frameworks/OpenGL.framework/Versions/A/Resources/GLRendererFloat.bundle/GLRendererFloat
0x0000000131fcc000 	/Users/janetan/.openjfx/cache/11/libglass.dylib
0x00007ff82088d000 	/System/Library/Frameworks/FileProvider.framework/Versions/A/FileProvider
0x00007ff81489f000 	/System/Library/Frameworks/Accounts.framework/Versions/A/Accounts
0x00007ff820a06000 	/System/Library/PrivateFrameworks/GenerationalStorage.framework/Versions/A/GenerationalStorage
0x00007ff821516000 	/System/Library/PrivateFrameworks/CoreSymbolication.framework/Versions/A/CoreSymbolication
0x00007ff820291000 	/System/Library/PrivateFrameworks/SymptomDiagnosticReporter.framework/Versions/A/SymptomDiagnosticReporter
0x00007ff811ec0000 	/System/Library/PrivateFrameworks/DesktopServicesPriv.framework/Versions/A/DesktopServicesPriv
0x00007ff810d40000 	/usr/lib/libsandbox.1.dylib
0x00007ff815be6000 	/System/Library/PrivateFrameworks/UserManagement.framework/Versions/A/UserManagement
0x00007ff8214db000 	/System/Library/PrivateFrameworks/DebugSymbols.framework/Versions/A/DebugSymbols
0x00007ff81c1fc000 	/System/Library/PrivateFrameworks/NetAuth.framework/Versions/A/NetAuth
0x00007ff81d10b000 	/System/Library/PrivateFrameworks/Sharing.framework/Versions/A/Sharing
0x00007ff815bb9000 	/System/Library/PrivateFrameworks/login.framework/Versions/A/Frameworks/loginsupport.framework/Versions/A/loginsupport
0x00007ff822679000 	/System/Library/PrivateFrameworks/Apple80211.framework/Versions/A/Apple80211
0x00007ff818dba000 	/System/Library/PrivateFrameworks/AuthKit.framework/Versions/A/AuthKit
0x00007ff81840f000 	/System/Library/PrivateFrameworks/CoreUtils.framework/Versions/A/CoreUtils
0x00007ff818336000 	/System/Library/Frameworks/CoreWLAN.framework/Versions/A/CoreWLAN
0x00007ff81d26a000 	/System/Library/Frameworks/IOBluetooth.framework/Versions/A/IOBluetooth
0x00007ff8226e1000 	/System/Library/PrivateFrameworks/CoreWiFi.framework/Versions/A/CoreWiFi
0x00007ff8210b0000 	/System/Library/PrivateFrameworks/FrontBoardServices.framework/Versions/A/FrontBoardServices
0x00007ff821141000 	/System/Library/PrivateFrameworks/BoardServices.framework/Versions/A/BoardServices
0x00007ff81861e000 	/System/Library/PrivateFrameworks/AssertionServices.framework/Versions/A/AssertionServices
0x00007ff822864000 	/System/Library/PrivateFrameworks/BackBoardServices.framework/Versions/A/BackBoardServices
0x00007ff81c656000 	/System/Library/PrivateFrameworks/CorePhoneNumbers.framework/Versions/A/CorePhoneNumbers
0x00007ff81bf1a000 	/System/Library/PrivateFrameworks/MultiverseSupport.framework/Versions/A/MultiverseSupport
0x00007ff822ad7000 	/System/Library/PrivateFrameworks/RemoteServiceDiscovery.framework/Versions/A/RemoteServiceDiscovery
0x00007ff8203ae000 	/System/Library/PrivateFrameworks/DiskManagement.framework/Versions/A/DiskManagement
0x00007ff8202c2000 	/System/Library/PrivateFrameworks/AppleIDAuthSupport.framework/Versions/A/AppleIDAuthSupport
0x00007ffb0e434000 	/System/Library/PrivateFrameworks/AAAFoundation.framework/Versions/A/AAAFoundation
0x00007ff81c637000 	/System/Library/PrivateFrameworks/KeychainCircle.framework/Versions/A/KeychainCircle
0x00007ff822ae7000 	/System/Library/PrivateFrameworks/RemoteXPC.framework/Versions/A/RemoteXPC
0x00007ff82037a000 	/System/Library/PrivateFrameworks/MediaKit.framework/Versions/A/MediaKit
0x00007ff8202ce000 	/System/Library/Frameworks/DiscRecording.framework/Versions/A/DiscRecording
0x00007ff819c10000 	/usr/lib/libCoreStorage.dylib
0x00007ff822b52000 	/usr/lib/libcsfde.dylib
0x00007ff81d337000 	/System/Library/PrivateFrameworks/ProtectedCloudStorage.framework/Versions/A/ProtectedCloudStorage
0x00007ff822b4e000 	/System/Library/PrivateFrameworks/EFILogin.framework/Versions/A/EFILogin
0x00007ff820a2c000 	/System/Library/PrivateFrameworks/OctagonTrust.framework/Versions/A/OctagonTrust
0x00007ffb12d00000 	/System/Library/PrivateFrameworks/CoreUtilsExtras.framework/Versions/A/CoreUtilsExtras
0x00007ff8201f5000 	/System/Library/Frameworks/CoreBluetooth.framework/Versions/A/CoreBluetooth
0x00007ff8231e1000 	/System/Library/Frameworks/AudioUnit.framework/Versions/A/AudioUnit
0x00007ff819c08000 	/usr/lib/libMatch.1.dylib
0x00007ff918c14000 	/System/Library/Frameworks/Accelerate.framework/Versions/A/Frameworks/vImage.framework/Versions/A/Libraries/libCGInterfaces.dylib
0x000000013346f000 	/usr/lib/libobjc-trampolines.dylib
0x00007ff8158de000 	/System/Library/PrivateFrameworks/ViewBridge.framework/Versions/A/ViewBridge
0x00007ffb0eaf6000 	/System/Library/PrivateFrameworks/AccessibilityBundles.framework/Versions/A/AccessibilityBundles
0x0000000136652000 	/Users/janetan/.openjfx/cache/11/libjavafx_font.dylib
0x00007ff81a35e000 	/System/Library/PrivateFrameworks/login.framework/Versions/A/login
0x0000000136a8e000 	/System/Library/Frameworks/FileProvider.framework/OverrideBundles/CloudDocsFileProvider.bundle/Contents/MacOS/CloudDocsFileProvider
0x00007ff815dfd000 	/System/Library/PrivateFrameworks/CloudDocs.framework/Versions/A/CloudDocs
0x00007ff822e80000 	/System/Library/PrivateFrameworks/AppleAccount.framework/Versions/A/AppleAccount
0x00007ff81d31e000 	/System/Library/PrivateFrameworks/AppContainer.framework/Versions/A/AppContainer
0x00007ff81cdda000 	/System/Library/PrivateFrameworks/IDS.framework/Versions/A/IDS
0x00007ff822fd8000 	/System/Library/PrivateFrameworks/AppleIDSSOAuthentication.framework/Versions/A/AppleIDSSOAuthentication
0x00007ff815bbc000 	/System/Library/PrivateFrameworks/ApplePushService.framework/Versions/A/ApplePushService
0x00007ff822bd4000 	/System/Library/PrivateFrameworks/AppSupport.framework/Versions/A/AppSupport
0x00007ff81bbeb000 	/System/Library/PrivateFrameworks/IMFoundation.framework/Versions/A/IMFoundation
0x00007ff90f5d1000 	/System/Library/PrivateFrameworks/Marco.framework/Versions/A/Marco
0x00007ff81cf4e000 	/System/Library/PrivateFrameworks/IDSFoundation.framework/Versions/A/IDSFoundation
0x00007ff81491a000 	/System/Library/PrivateFrameworks/CommonUtilities.framework/Versions/A/CommonUtilities
0x00007ff914212000 	/System/Library/PrivateFrameworks/FTServices.framework/Versions/A/FTServices
0x00007ff826a36000 	/System/Library/PrivateFrameworks/Engram.framework/Versions/A/Engram
0x00007ff8269dd000 	/usr/lib/libtidy.A.dylib
0x00007ff81a50b000 	/System/Library/PrivateFrameworks/Bom.framework/Versions/A/Bom
0x00007ff81bf2a000 	/usr/lib/libParallelCompression.dylib
0x00007ff819ad3000 	/System/Library/PrivateFrameworks/CrashReporterSupport.framework/Versions/A/CrashReporterSupport
0x00007ff91e550000 	/System/Library/PrivateFrameworks/FTAWD.framework/Versions/A/FTAWD
0x00007ff920619000 	/System/Library/PrivateFrameworks/OSAnalytics.framework/Versions/A/OSAnalytics
0x00007ff92b7ae000 	/System/Library/PrivateFrameworks/Symbolication.framework/Versions/A/Symbolication
0x00007ff9145df000 	/System/Library/PrivateFrameworks/MallocStackLogging.framework/Versions/A/MallocStackLogging
0x00007ff81f762000 	/System/Library/PrivateFrameworks/CoreDaemon.framework/Versions/B/CoreDaemon
0x00007ff81f75d000 	/System/Library/PrivateFrameworks/AppleSRP.framework/Versions/A/AppleSRP
0x00007ff8186c6000 	/System/Library/Frameworks/ServiceManagement.framework/Versions/A/ServiceManagement
0x00007ff81d333000 	/System/Library/PrivateFrameworks/SecCodeWrapper.framework/Versions/A/SecCodeWrapper
0x0000000136a5c000 	/System/Library/Frameworks/FileProvider.framework/OverrideBundles/FileProviderOverride.bundle/Contents/MacOS/FileProviderOverride
0x0000000136b27000 	/System/Library/Frameworks/FileProvider.framework/OverrideBundles/FinderSyncCollaborationFileProviderOverride.bundle/Contents/MacOS/FinderSyncCollaborationFileProviderOverride
0x00007ff924cf2000 	/System/Library/PrivateFrameworks/FinderSyncPriv.framework/Versions/A/FinderSyncPriv
0x00007ff912417000 	/usr/lib/libFosl_dynamic.dylib
0x00007ff9183bb000 	/usr/lib/libncurses.5.4.dylib
0x00007ffa1a2cd000 	/System/Library/Extensions/AppleIntelKBLGraphicsMTLDriver.bundle/Contents/MacOS/AppleIntelKBLGraphicsMTLDriver
0x00007ff91461d000 	/System/Library/PrivateFrameworks/GPURawCounter.framework/Versions/A/GPURawCounter
0x00007ffb2655d000 	/usr/lib/libRosetta.dylib
0x00007ff81f76e000 	/System/Library/PrivateFrameworks/SystemAdministration.framework/Versions/A/SystemAdministration
0x00007ff81afb7000 	/System/Library/Frameworks/MediaToolbox.framework/Versions/A/MediaToolbox
0x00007ff81f01e000 	/System/Library/Frameworks/DirectoryService.framework/Versions/A/DirectoryService
0x00007ff8229f0000 	/System/Library/PrivateFrameworks/DiskImages.framework/Versions/A/DiskImages
0x00007ff822bcc000 	/System/Library/PrivateFrameworks/LoginUIKit.framework/Versions/A/Frameworks/LoginUICore.framework/Versions/A/LoginUICore
0x00007ff81a507000 	/usr/lib/libodfde.dylib
0x00007ff82085d000 	/System/Library/PrivateFrameworks/CoreAVCHD.framework/Versions/A/CoreAVCHD
0x00007ff81f732000 	/System/Library/Frameworks/MediaAccessibility.framework/Versions/A/MediaAccessibility
0x00007ff820859000 	/System/Library/PrivateFrameworks/Mangrove.framework/Versions/A/Mangrove
0x00007ff81f73d000 	/System/Library/PrivateFrameworks/AlgosScoreFramework.framework/Versions/A/AlgosScoreFramework
0x00007ffb0fff4000 	/System/Library/PrivateFrameworks/CMPhoto.framework/Versions/A/CMPhoto
0x00007ff8213b1000 	/System/Library/PrivateFrameworks/AppleVPA.framework/Versions/A/AppleVPA
0x00007ff82049e000 	/System/Library/PrivateFrameworks/CoreAUC.framework/Versions/A/CoreAUC
0x00007ff822b5e000 	/usr/lib/libcurl.4.dylib
0x00007ffb269c9000 	/usr/lib/libcrypto.46.dylib
0x00007ffb26ebe000 	/usr/lib/libssl.48.dylib
0x00007ff822882000 	/System/Library/Frameworks/LDAP.framework/Versions/A/LDAP
0x00007ff8228ba000 	/System/Library/PrivateFrameworks/TrustEvaluationAgent.framework/Versions/A/TrustEvaluationAgent
0x00007ff81bf06000 	/usr/lib/libsasl2.2.dylib
0x00007ff91b3eb000 	/System/Library/CoreServices/RawCamera.bundle/Contents/MacOS/RawCamera
0x00007ff81c5d5000 	/System/Library/PrivateFrameworks/MobileAsset.framework/Versions/A/MobileAsset
0x00007ff823208000 	/System/Library/PrivateFrameworks/StreamingZip.framework/Versions/A/StreamingZip


VM Arguments:
jvm_args: -Dfile.encoding=UTF-8 -Duser.country=GB -Duser.language=en -Duser.variant 
java_command: seedu.address.Main
java_class_path (initial): /Users/janetan/tp/build/classes/java/main:/Users/janetan/tp/build/resources/main:/Users/janetan/.gradle/caches/modules-2/files-2.1/org.openjfx/javafx-fxml/11/d5ff9262ef49d166db658d15f37e3ecff38fde4b/javafx-fxml-11-win.jar:/Users/janetan/.gradle/caches/modules-2/files-2.1/org.openjfx/javafx-fxml/11/e0f5bb81e21054b59f2ebfa727d40a90ee0260d3/javafx-fxml-11-mac.jar:/Users/janetan/.gradle/caches/modules-2/files-2.1/org.openjfx/javafx-fxml/11/e7a757b580fc3e2e1a121768606c7836eef418c/javafx-fxml-11-linux.jar:/Users/janetan/.gradle/caches/modules-2/files-2.1/org.openjfx/javafx-controls/11/af8d24de44e16a19ae959028eb23a48c145fb682/javafx-controls-11-win.jar:/Users/janetan/.gradle/caches/modules-2/files-2.1/org.openjfx/javafx-controls/11/e3a24a14e8732abc6dc173f15872dc63e2a32e16/javafx-controls-11-mac.jar:/Users/janetan/.gradle/caches/modules-2/files-2.1/org.openjfx/javafx-controls/11/794488e3b1f4635d9a1b842bdc872a5eb8fd54ca/javafx-controls-11-linux.jar:/Users/janetan/.gradle/caches/modules-2/files-2.1/org.openjfx/javafx-controls/11/58d961774262ec972bf304e16c154a8e18c2050b/javafx-controls-11.jar:/Users/janetan/.gradle/caches/modules-2/files-2.1/org.openjfx/javafx-graphics/11/9345c7ea43dbcc73a62eca5332717b4ce617e6c6/javafx-graphics-11-win.jar:/Users/janetan/.gradle/caches/modules-2/files-2.1/org.openjfx/javafx-graphics/11/af47a6d3668d3ce1c61e1fe13c44471b6f8d469/javafx-graphics-11-mac.jar:/Users/janetan/.gradle/caches/modules-2/files-2.1/org.openjfx/javafx-graphics/11/4ab9edd8d481a420044c473fdb5718ccdd35c836/javafx-graphics-11-linux.jar:/Users/janetan/.gradle/caches/modules-2/files-2.1/org.openjfx/javafx-graphics/11/a736dd079047ec0b72b8c4970842a5c5e0c19f2f/javafx-graphics-11.jar:/Users/janetan/.gradle/caches/modules-2/files-2.1/org.openjfx/javafx-base/11/ad3a4acfaa28b484d30c40c1f009445cc3f6e68b/javafx-base-11-win.jar:/Users/janetan/.gradle/caches/modules-2/files-2.1/org.openjfx/javafx-base/11/4b060dad0affd866df9d959e064faa8a1a2f4af0/javafx-base-11-mac.j
Launcher Type: SUN_STANDARD

[Global flags]
     intx CICompilerCount                          = 3                                         {product} {ergonomic}
     uint ConcGCThreads                            = 1                                         {product} {ergonomic}
     uint G1ConcRefinementThreads                  = 4                                         {product} {ergonomic}
   size_t G1HeapRegionSize                         = 1048576                                   {product} {ergonomic}
    uintx GCDrainStackTargetSize                   = 64                                        {product} {ergonomic}
   size_t InitialHeapSize                          = 134217728                                 {product} {ergonomic}
   size_t MarkStackSize                            = 4194304                                   {product} {ergonomic}
   size_t MaxHeapSize                              = 2147483648                                {product} {ergonomic}
   size_t MaxNewSize                               = 1287651328                                {product} {ergonomic}
   size_t MinHeapDeltaBytes                        = 1048576                                   {product} {ergonomic}
    uintx NonNMethodCodeHeapSize                   = 5830732                                {pd product} {ergonomic}
    uintx NonProfiledCodeHeapSize                  = 122913754                              {pd product} {ergonomic}
    uintx ProfiledCodeHeapSize                     = 122913754                              {pd product} {ergonomic}
    uintx ReservedCodeCacheSize                    = 251658240                              {pd product} {ergonomic}
     bool SegmentedCodeCache                       = true                                      {product} {ergonomic}
     bool UseCompressedClassPointers               = true                                 {lp64_product} {ergonomic}
     bool UseCompressedOops                        = true                                 {lp64_product} {ergonomic}
     bool UseG1GC                                  = true                                      {product} {ergonomic}

Logging:
Log output configuration:
 #0: stdout all=warning uptime,level,tags
 #1: stderr all=off uptime,level,tags

Environment Variables:
PATH=/Users/janetan/opt/anaconda3/bin:/Users/janetan/opt/anaconda3/condabin:/Library/Frameworks/Python.framework/Versions/3.9/bin:/Library/Frameworks/Python.framework/Versions/3.9/bin:/usr/local/bin:/usr/bin:/bin:/usr/sbin:/sbin:/opt/X11/bin:/Library/Apple/usr/bin
SHELL=/bin/bash
DISPLAY=/private/tmp/com.apple.launchd.2uGpTLMh9J/org.xquartz:0
LC_CTYPE=en_GB.UTF-8

Signal Handlers:
SIGSEGV: [libjvm.dylib+0x7c4d6c], sa_mask[0]=11111111011111110111111111111111, sa_flags=SA_ONSTACK|SA_RESTART|SA_SIGINFO
SIGBUS: [libjvm.dylib+0x7c4d6c], sa_mask[0]=11111111011111110111111111111111, sa_flags=SA_RESTART|SA_SIGINFO
SIGFPE: [libjvm.dylib+0x7c4d6c], sa_mask[0]=11111111011111110111111111111111, sa_flags=SA_RESTART|SA_SIGINFO
SIGPIPE: [libjvm.dylib+0x6298ca], sa_mask[0]=11111111011111110111111111111111, sa_flags=SA_RESTART|SA_SIGINFO
SIGXFSZ: [libjvm.dylib+0x6298ca], sa_mask[0]=11111111011111110111111111111111, sa_flags=SA_RESTART|SA_SIGINFO
SIGILL: [libjvm.dylib+0x7c4d6c], sa_mask[0]=11111111011111110111111111111111, sa_flags=SA_RESTART|SA_SIGINFO
SIGUSR2: [libjvm.dylib+0x629eb1], sa_mask[0]=00100000000000000000000000000000, sa_flags=SA_RESTART|SA_SIGINFO
SIGHUP: [libjvm.dylib+0x628a93], sa_mask[0]=11111111011111110111111111111111, sa_flags=SA_RESTART|SA_SIGINFO
SIGINT: [libjvm.dylib+0x628a93], sa_mask[0]=11111111011111110111111111111111, sa_flags=SA_RESTART|SA_SIGINFO
SIGTERM: [libjvm.dylib+0x628a93], sa_mask[0]=11111111011111110111111111111111, sa_flags=SA_RESTART|SA_SIGINFO
SIGQUIT: [libjvm.dylib+0x628a93], sa_mask[0]=11111111011111110111111111111111, sa_flags=SA_RESTART|SA_SIGINFO


---------------  S Y S T E M  ---------------

OS:uname:Darwin 21.5.0 Darwin Kernel Version 21.5.0: Tue Apr 26 21:08:22 PDT 2022; root:xnu-8020.121.3~4/RELEASE_X86_64 x86_64
OS uptime: 15 days 8:10 hours
rlimit (soft/hard): STACK 8192k/65532k , CORE 0k/infinity , NPROC 1392/2088 , NOFILE 10240/infinity , AS infinity/infinity , CPU infinity/infinity , DATA infinity/infinity , FSIZE infinity/infinity , MEMLOCK infinity/infinity , RSS infinity/infinity
load average:43.60 36.82 21.01

CPU:total 4 (initial active 4) (2 cores per cpu, 2 threads per core) family 6 model 142 stepping 9 microcode 0xf0, cmov, cx8, fxsr, mmx, sse, sse2, sse3, ssse3, sse4.1, sse4.2, popcnt, avx, avx2, aes, clmul, erms, 3dnowpref, lzcnt, ht, tsc, tscinvbit, bmi1, bmi2, adx, fma

Memory: 4k page, physical 8388608k(59744k free), swap 5242880k(736512k free)

vm_info: OpenJDK 64-Bit Server VM (11.0.13+8) for bsd-amd64 JRE (11.0.13+8), built on Oct 20 2021 01:56:05 by "jenkins" with clang 4.2.1 Compatible Apple LLVM 10.0.1 (clang-1001.0.46.4)

END.
