#
# A fatal error has been detected by the Java Runtime Environment:
#
#  Internal Error (safepoint.cpp:899), pid=55449, tid=27651
#  fatal error: Illegal threadstate encountered: 4
#
# JRE version: Java(TM) SE Runtime Environment (12.0.2+10) (build 12.0.2+10)
# Java VM: Java HotSpot(TM) 64-Bit Server VM (12.0.2+10, mixed mode, sharing, tiered, compressed oops, g1 gc, bsd-amd64)
# No core dump will be written. Core dumps have been disabled. To enable core dumping, try "ulimit -c unlimited" before starting Java again
#
# If you would like to submit a bug report, please visit:
#   http://bugreport.java.com/bugreport/crash.jsp
# The crash happened outside the Java Virtual Machine in native code.
# See problematic frame for where to report the bug.
#

---------------  S U M M A R Y ------------

Command Line: -Dfile.encoding=UTF-8 -Duser.country=GB -Duser.language=en -Duser.variant seedu.address.Main

Host: MacBookAir8,1 x86_64 1600 MHz, 4 cores, 8G, Darwin 21.6.0
Time: Sun Feb 26 17:33:31 2023 +08 elapsed time: 85 seconds (0d 0h 1m 25s)

---------------  T H R E A D  ---------------

Current thread (0x00007f7964263000):  JavaThread "InvokeLaterDispatcher" daemon [_thread_in_native, id=27651, stack(0x00007000037a0000,0x00007000038a0000)]

Stack: [0x00007000037a0000,0x00007000038a0000],  sp=0x000070000389e3e0,  free space=1016k
Native frames: (J=compiled Java code, A=aot compiled Java code, j=interpreted, Vv=VM code, C=native code)
V  [libjvm.dylib+0x734734]  _ZN7VMError14report_and_dieEiPKcS1_P13__va_list_tagP6ThreadPhPvS7_S1_im+0x5c0
V  [libjvm.dylib+0x734d4b]  _ZN7VMError14report_and_dieEP6ThreadPvPKciS4_S4_P13__va_list_tag+0x47
V  [libjvm.dylib+0x25b4b1]  _Z12report_fatalPKciS0_z+0xb5
V  [libjvm.dylib+0x649d97]  _ZN20SafepointSynchronize5blockEP10JavaThread+0x1d1
V  [libjvm.dylib+0x6e44a0]  _ZN10JavaThread44check_safepoint_and_suspend_for_native_transEPS_+0xa2
V  [libjvm.dylib+0x3c8a26]  jni_DeleteGlobalRef+0x8b
C  [libglass.dylib+0x8871]  -[GlassRunnable dealloc]+0x31
C  [Foundation+0x818be]  -[_NSThreadPerformInfo dealloc]+0x2a
C  [Foundation+0x4e446]  -[NSObject(NSThreadPerformAdditions) performSelectorOnMainThread:withObject:waitUntilDone:]+0x7c
J 3443  com.sun.glass.ui.mac.MacApplication._submitForLaterInvocation(Ljava/lang/Runnable;)V (0 bytes) @ 0x0000000115d7b38f [0x0000000115d7b2c0+0x00000000000000cf]
J 3442 c1 com.sun.glass.ui.mac.MacApplication.submitForLaterInvocation(Ljava/lang/Runnable;)V (6 bytes) @ 0x000000010ed91ad4 [0x000000010ed91a40+0x0000000000000094]
j  com.sun.glass.ui.InvokeLaterDispatcher.run()V+82
v  ~StubRoutines::call_stub
V  [libjvm.dylib+0x392641]  _ZN9JavaCalls11call_helperEP9JavaValueRK12methodHandleP17JavaCallArgumentsP6Thread+0x285
V  [libjvm.dylib+0x391a20]  _ZN9JavaCalls12call_virtualEP9JavaValueP5KlassP6SymbolS5_P17JavaCallArgumentsP6Thread+0xee
V  [libjvm.dylib+0x391adc]  _ZN9JavaCalls12call_virtualEP9JavaValue6HandleP5KlassP6SymbolS6_P6Thread+0x62
V  [libjvm.dylib+0x4101e8]  _ZL12thread_entryP10JavaThreadP6Thread+0x78
V  [libjvm.dylib+0x6e2ecc]  _ZN10JavaThread17thread_main_innerEv+0x82
V  [libjvm.dylib+0x6e2d16]  _ZN10JavaThread3runEv+0x16c
V  [libjvm.dylib+0x6e0c1c]  _ZN6Thread8call_runEv+0x68
V  [libjvm.dylib+0x5db0df]  _ZL19thread_native_entryP6Thread+0x139
C  [libsystem_pthread.dylib+0x64e1]  _pthread_start+0x7d
C  [libsystem_pthread.dylib+0x1f6b]  thread_start+0xf

Java frames: (J=compiled Java code, j=interpreted, Vv=VM code)
J 3443  com.sun.glass.ui.mac.MacApplication._submitForLaterInvocation(Ljava/lang/Runnable;)V (0 bytes) @ 0x0000000115d7b31c [0x0000000115d7b2c0+0x000000000000005c]
J 3442 c1 com.sun.glass.ui.mac.MacApplication.submitForLaterInvocation(Ljava/lang/Runnable;)V (6 bytes) @ 0x000000010ed91ad4 [0x000000010ed91a40+0x0000000000000094]
j  com.sun.glass.ui.InvokeLaterDispatcher.run()V+82
v  ~StubRoutines::call_stub

---------------  P R O C E S S  ---------------

Threads class SMR info:
_java_thread_list=0x00006000032e7ba0, length=16, elements={
0x00007f7962812800, 0x00007f7963873800, 0x00007f7963876800, 0x00007f7964017800,
0x00007f796387b000, 0x00007f796202b800, 0x00007f796202c800, 0x00007f796203f800,
0x00007f7962040000, 0x00007f7963899800, 0x00007f79640d6000, 0x00007f7964263000,
0x00007f796394d800, 0x00007f79620e0800, 0x00007f7962f4c000, 0x00007f79638d9000
}

Java Threads: ( => current thread )
  0x00007f7962812800 JavaThread "main" [_thread_blocked, id=10243, stack(0x0000700002464000,0x0000700002564000)]
  0x00007f7963873800 JavaThread "Reference Handler" daemon [_thread_blocked, id=20227, stack(0x0000700002b79000,0x0000700002c79000)]
  0x00007f7963876800 JavaThread "Finalizer" daemon [_thread_blocked, id=19715, stack(0x0000700002c7c000,0x0000700002d7c000)]
  0x00007f7964017800 JavaThread "Signal Dispatcher" daemon [_thread_blocked, id=17667, stack(0x0000700002e85000,0x0000700002f85000)]
  0x00007f796387b000 JavaThread "C2 CompilerThread0" daemon [_thread_blocked, id=21763, stack(0x0000700002f88000,0x0000700003088000)]
  0x00007f796202b800 JavaThread "C1 CompilerThread0" daemon [_thread_blocked, id=42755, stack(0x000070000308b000,0x000070000318b000)]
  0x00007f796202c800 JavaThread "Sweeper thread" daemon [_thread_blocked, id=22019, stack(0x000070000318e000,0x000070000328e000)]
  0x00007f796203f800 JavaThread "Service Thread" daemon [_thread_blocked, id=41731, stack(0x0000700003291000,0x0000700003391000)]
  0x00007f7962040000 JavaThread "Common-Cleaner" daemon [_thread_blocked, id=40707, stack(0x0000700003497000,0x0000700003597000)]
  0x00007f7963899800 JavaThread "JavaFX-Launcher" [_thread_blocked, id=40195, stack(0x000070000359a000,0x000070000369a000)]
  0x00007f79640d6000 JavaThread "QuantumRenderer-0" daemon [_thread_blocked, id=23555, stack(0x000070000369d000,0x000070000379d000)]
=>0x00007f7964263000 JavaThread "InvokeLaterDispatcher" daemon [_thread_in_native, id=27651, stack(0x00007000037a0000,0x00007000038a0000)]
  0x00007f796394d800 JavaThread "JavaFX Application Thread" [_thread_in_native_trans, id=259, stack(0x00007ff7bb7a1000,0x00007ff7bbfa1000)]
  0x00007f79620e0800 JavaThread "Thread-3" daemon [_thread_in_native, id=46087, stack(0x00007000039a9000,0x0000700003a29000)]
  0x00007f7962f4c000 JavaThread "Prism Font Disposer" daemon [_thread_blocked, id=76039, stack(0x0000700003ebe000,0x0000700003fbe000)]
  0x00007f79638d9000 JavaThread "Cleaner-0" daemon [_thread_blocked, id=66307, stack(0x0000700003fc1000,0x00007000040c1000)]

Other Threads:
  0x00007f7962848000 VMThread "VM Thread" [stack: 0x0000700002a76000,0x0000700002b76000] [id=20739]
  0x00007f796380c000 WatcherThread [stack: 0x0000700003394000,0x0000700003494000] [id=41475]
  0x00007f7963827800 GCTaskThread "GC Thread#0" [stack: 0x0000700002567000,0x0000700002667000] [id=12035]
  0x00007f7962bf5800 GCTaskThread "GC Thread#1" [stack: 0x0000700003bb5000,0x0000700003cb5000] [id=55051]
  0x00007f7962bf6800 GCTaskThread "GC Thread#2" [stack: 0x0000700003cb8000,0x0000700003db8000] [id=54791]
  0x00007f7962c32000 GCTaskThread "GC Thread#3" [stack: 0x0000700003dbb000,0x0000700003ebb000] [id=76295]
  0x00007f7963835000 ConcurrentGCThread "G1 Main Marker" [stack: 0x000070000266a000,0x000070000276a000] [id=21507]
  0x00007f7963835800 ConcurrentGCThread "G1 Conc#0" [stack: 0x000070000276d000,0x000070000286d000] [id=13315]
  0x00007f7963853000 ConcurrentGCThread "G1 Refine#0" [stack: 0x0000700002870000,0x0000700002970000] [id=13571]
  0x00007f7963853800 ConcurrentGCThread "G1 Young RemSet Sampling" [stack: 0x0000700002973000,0x0000700002a73000] [id=14083]

Threads with active compile tasks:

VM state:not at safepoint (normal execution)

VM Mutex/Monitor currently owned by a thread: None

Heap address: 0x0000000780000000, size: 2048 MB, Compressed Oops mode: Zero based, Oop shift amount: 3
Narrow klass base: 0x0000000800000000, Narrow klass shift: 3
Compressed class space size: 1073741824 Address: 0x0000000801101000

Heap:
 garbage-first heap   total 61440K, used 28316K [0x0000000780000000, 0x0000000800000000)
  region size 1024K, 13 young (13312K), 2 survivors (2048K)
 Metaspace       used 25824K, capacity 27130K, committed 27264K, reserved 1073152K
  class space    used 3378K, capacity 3897K, committed 3968K, reserved 1048576K
Heap Regions: E=young(eden), S=young(survivor), O=old, HS=humongous(starts), HC=humongous(continues), CS=collection set, F=free, A=archive, TAMS=top-at-mark-start (previous, next)
|   0|0x0000000780000000, 0x0000000780100000, 0x0000000780100000|100%| O|  |TAMS 0x0000000780100000, 0x0000000780000000| Untracked 
|   1|0x0000000780100000, 0x0000000780200000, 0x0000000780200000|100%| O|  |TAMS 0x0000000780200000, 0x0000000780100000| Untracked 
|   2|0x0000000780200000, 0x0000000780300000, 0x0000000780300000|100%| O|  |TAMS 0x0000000780300000, 0x0000000780200000| Untracked 
|   3|0x0000000780300000, 0x0000000780400000, 0x0000000780400000|100%| O|  |TAMS 0x0000000780400000, 0x0000000780300000| Untracked 
|   4|0x0000000780400000, 0x0000000780500000, 0x0000000780500000|100%|HS|  |TAMS 0x0000000780500000, 0x0000000780400000| Complete 
|   5|0x0000000780500000, 0x0000000780600000, 0x0000000780600000|100%|HC|  |TAMS 0x0000000780600000, 0x0000000780500000| Complete 
|   6|0x0000000780600000, 0x00000007806aa800, 0x0000000780700000| 66%| O|  |TAMS 0x0000000780600000, 0x0000000780600000| Untracked 
|   7|0x0000000780700000, 0x0000000780800000, 0x0000000780800000|100%|HS|  |TAMS 0x0000000780700000, 0x0000000780700000| Complete 
|   8|0x0000000780800000, 0x0000000780900000, 0x0000000780900000|100%|HC|  |TAMS 0x0000000780800000, 0x0000000780800000| Complete 
|   9|0x0000000780900000, 0x0000000780a00000, 0x0000000780a00000|100%| O|  |TAMS 0x0000000780900000, 0x0000000780900000| Untracked 
|  10|0x0000000780a00000, 0x0000000780b00000, 0x0000000780b00000|100%| O|  |TAMS 0x0000000780a00000, 0x0000000780a00000| Untracked 
|  11|0x0000000780b00000, 0x0000000780c00000, 0x0000000780c00000|100%| O|  |TAMS 0x0000000780b00000, 0x0000000780b00000| Untracked 
|  12|0x0000000780c00000, 0x0000000780d00000, 0x0000000780d00000|100%| O|  |TAMS 0x0000000780c00000, 0x0000000780c00000| Untracked 
|  13|0x0000000780d00000, 0x0000000780e00000, 0x0000000780e00000|100%| O|  |TAMS 0x0000000780d00000, 0x0000000780d00000| Untracked 
|  14|0x0000000780e00000, 0x0000000780f00000, 0x0000000780f00000|100%| O|  |TAMS 0x0000000780e00000, 0x0000000780e00000| Untracked 
|  15|0x0000000780f00000, 0x0000000780f00000, 0x0000000781000000|  0%| F|  |TAMS 0x0000000780f00000, 0x0000000780f00000| Untracked 
|  16|0x0000000781000000, 0x0000000781000000, 0x0000000781100000|  0%| F|  |TAMS 0x0000000781000000, 0x0000000781000000| Untracked 
|  17|0x0000000781100000, 0x0000000781100000, 0x0000000781200000|  0%| F|  |TAMS 0x0000000781100000, 0x0000000781100000| Untracked 
|  18|0x0000000781200000, 0x00000007812cfe00, 0x0000000781300000| 81%| O|  |TAMS 0x0000000781200000, 0x0000000781200000| Untracked 
|  19|0x0000000781300000, 0x0000000781300000, 0x0000000781400000|  0%| F|  |TAMS 0x0000000781300000, 0x0000000781300000| Untracked 
|  20|0x0000000781400000, 0x0000000781400000, 0x0000000781500000|  0%| F|  |TAMS 0x0000000781400000, 0x0000000781400000| Untracked 
|  21|0x0000000781500000, 0x0000000781500000, 0x0000000781600000|  0%| F|  |TAMS 0x0000000781500000, 0x0000000781500000| Untracked 
|  22|0x0000000781600000, 0x0000000781600000, 0x0000000781700000|  0%| F|  |TAMS 0x0000000781600000, 0x0000000781600000| Untracked 
|  23|0x0000000781700000, 0x0000000781700000, 0x0000000781800000|  0%| F|  |TAMS 0x0000000781700000, 0x0000000781700000| Untracked 
|  24|0x0000000781800000, 0x0000000781800000, 0x0000000781900000|  0%| F|  |TAMS 0x0000000781800000, 0x0000000781800000| Untracked 
|  25|0x0000000781900000, 0x0000000781900000, 0x0000000781a00000|  0%| F|  |TAMS 0x0000000781900000, 0x0000000781900000| Untracked 
|  26|0x0000000781a00000, 0x0000000781a00000, 0x0000000781b00000|  0%| F|  |TAMS 0x0000000781a00000, 0x0000000781a00000| Untracked 
|  27|0x0000000781b00000, 0x0000000781b74aa0, 0x0000000781c00000| 45%| S|CS|TAMS 0x0000000781b00000, 0x0000000781b00000| Complete 
|  28|0x0000000781c00000, 0x0000000781c00000, 0x0000000781d00000|  0%| F|  |TAMS 0x0000000781c00000, 0x0000000781c00000| Untracked 
|  29|0x0000000781d00000, 0x0000000781d00000, 0x0000000781e00000|  0%| F|  |TAMS 0x0000000781d00000, 0x0000000781d00000| Untracked 
|  30|0x0000000781e00000, 0x0000000781f00000, 0x0000000781f00000|100%| S|CS|TAMS 0x0000000781e00000, 0x0000000781e00000| Complete 
|  31|0x0000000781f00000, 0x0000000781f00000, 0x0000000782000000|  0%| F|  |TAMS 0x0000000781f00000, 0x0000000781f00000| Untracked 
|  32|0x0000000782000000, 0x0000000782000000, 0x0000000782100000|  0%| F|  |TAMS 0x0000000782000000, 0x0000000782000000| Untracked 
|  33|0x0000000782100000, 0x0000000782100000, 0x0000000782200000|  0%| F|  |TAMS 0x0000000782100000, 0x0000000782100000| Untracked 
|  34|0x0000000782200000, 0x0000000782200000, 0x0000000782300000|  0%| F|  |TAMS 0x0000000782200000, 0x0000000782200000| Untracked 
|  35|0x0000000782300000, 0x0000000782300000, 0x0000000782400000|  0%| F|  |TAMS 0x0000000782300000, 0x0000000782300000| Untracked 
|  36|0x0000000782400000, 0x0000000782400000, 0x0000000782500000|  0%| F|  |TAMS 0x0000000782400000, 0x0000000782400000| Untracked 
|  37|0x0000000782500000, 0x0000000782500000, 0x0000000782600000|  0%| F|  |TAMS 0x0000000782500000, 0x0000000782500000| Untracked 
|  38|0x0000000782600000, 0x0000000782600000, 0x0000000782700000|  0%| F|  |TAMS 0x0000000782600000, 0x0000000782600000| Untracked 
|  39|0x0000000782700000, 0x0000000782700000, 0x0000000782800000|  0%| F|  |TAMS 0x0000000782700000, 0x0000000782700000| Untracked 
|  40|0x0000000782800000, 0x0000000782800000, 0x0000000782900000|  0%| F|  |TAMS 0x0000000782800000, 0x0000000782800000| Untracked 
|  41|0x0000000782900000, 0x0000000782900000, 0x0000000782a00000|  0%| F|  |TAMS 0x0000000782900000, 0x0000000782900000| Untracked 
|  42|0x0000000782a00000, 0x0000000782a00000, 0x0000000782b00000|  0%| F|  |TAMS 0x0000000782a00000, 0x0000000782a00000| Untracked 
|  43|0x0000000782b00000, 0x0000000782b00000, 0x0000000782c00000|  0%| F|  |TAMS 0x0000000782b00000, 0x0000000782b00000| Untracked 
|  44|0x0000000782c00000, 0x0000000782c00000, 0x0000000782d00000|  0%| F|  |TAMS 0x0000000782c00000, 0x0000000782c00000| Untracked 
|  45|0x0000000782d00000, 0x0000000782d00000, 0x0000000782e00000|  0%| F|  |TAMS 0x0000000782d00000, 0x0000000782d00000| Untracked 
|  46|0x0000000782e00000, 0x0000000782e00000, 0x0000000782f00000|  0%| F|  |TAMS 0x0000000782e00000, 0x0000000782e00000| Untracked 
|  47|0x0000000782f00000, 0x0000000782f03d40, 0x0000000783000000|  1%| E|  |TAMS 0x0000000782f00000, 0x0000000782f00000| Complete 
|  48|0x0000000783000000, 0x0000000783100000, 0x0000000783100000|100%| E|CS|TAMS 0x0000000783000000, 0x0000000783000000| Complete 
|  49|0x0000000783100000, 0x0000000783200000, 0x0000000783200000|100%| E|CS|TAMS 0x0000000783100000, 0x0000000783100000| Complete 
|  50|0x0000000783200000, 0x0000000783300000, 0x0000000783300000|100%| E|CS|TAMS 0x0000000783200000, 0x0000000783200000| Complete 
|  51|0x0000000783300000, 0x0000000783400000, 0x0000000783400000|100%| E|CS|TAMS 0x0000000783300000, 0x0000000783300000| Complete 
|  91|0x0000000785b00000, 0x0000000785c00000, 0x0000000785c00000|100%| E|CS|TAMS 0x0000000785b00000, 0x0000000785b00000| Complete 
|  92|0x0000000785c00000, 0x0000000785d00000, 0x0000000785d00000|100%| E|CS|TAMS 0x0000000785c00000, 0x0000000785c00000| Complete 
|  93|0x0000000785d00000, 0x0000000785e00000, 0x0000000785e00000|100%| E|CS|TAMS 0x0000000785d00000, 0x0000000785d00000| Complete 
|  94|0x0000000785e00000, 0x0000000785f00000, 0x0000000785f00000|100%| E|CS|TAMS 0x0000000785e00000, 0x0000000785e00000| Complete 
|  95|0x0000000785f00000, 0x0000000786000000, 0x0000000786000000|100%| E|CS|TAMS 0x0000000785f00000, 0x0000000785f00000| Complete 
| 127|0x0000000787f00000, 0x0000000788000000, 0x0000000788000000|100%| E|CS|TAMS 0x0000000787f00000, 0x0000000787f00000| Complete 
|1022|0x00000007bfe00000, 0x00000007bfe48000, 0x00000007bff00000| 28%|OA|  |TAMS 0x00000007bfe48000, 0x00000007bfe00000| Untracked 
|1023|0x00000007bff00000, 0x00000007bff70000, 0x00000007c0000000| 43%|CA|  |TAMS 0x00000007bff70000, 0x00000007bff00000| Untracked 

Card table byte_map: [0x0000000104708000,0x0000000104b08000] _byte_map_base: 0x0000000100b08000

Marking Bits (Prev, Next): (CMBitMap*) 0x00007f7963828458, (CMBitMap*) 0x00007f7963828418
 Prev Bits: [0x000000011f57e000, 0x000000012157e000)
 Next Bits: [0x000000011d57e000, 0x000000011f57e000)

Polling page: 0x0000000104094000

Metaspace:

Usage:
  Non-class:     22.69 MB capacity,    21.92 MB ( 97%) used,   647.00 KB (  3%) free+waste,   139.75 KB ( <1%) overhead. 
      Class:      3.81 MB capacity,     3.30 MB ( 87%) used,   447.00 KB ( 11%) free+waste,    71.56 KB (  2%) overhead. 
       Both:     26.49 MB capacity,    25.22 MB ( 95%) used,     1.07 MB (  4%) free+waste,   211.31 KB ( <1%) overhead. 

Virtual space:
  Non-class space:       24.00 MB reserved,      22.75 MB ( 95%) committed 
      Class space:        1.00 GB reserved,       3.88 MB ( <1%) committed 
             Both:        1.02 GB reserved,      26.62 MB (  3%) committed 

Chunk freelists:
   Non-Class:  7.88 KB
       Class:  384 bytes
        Both:  8.25 KB

CodeHeap 'non-profiled nmethods': size=120032Kb used=2175Kb max_used=2175Kb free=117856Kb
 bounds [0x0000000115c46000, 0x0000000115eb6000, 0x000000011d17e000]
CodeHeap 'profiled nmethods': size=120032Kb used=11533Kb max_used=11533Kb free=108498Kb
 bounds [0x000000010e70e000, 0x000000010f25e000, 0x0000000115c46000]
CodeHeap 'non-nmethods': size=5696Kb used=1390Kb max_used=1441Kb free=4305Kb
 bounds [0x000000010e17e000, 0x000000010e3ee000, 0x000000010e70e000]
 total_blobs=7261 nmethods=5632 adapters=746
 compilation: enabled
              stopped_count=0, restarted_count=0
 full_count=0

Compilation events (10 events):
Event: 83.457 Thread 0x00007f796202b800 5769       1       com.sun.prism.impl.ps.BaseShaderContext$State::access$700 (5 bytes)
Event: 83.457 Thread 0x00007f796202b800 nmethod 5769 0x0000000115e64490 code [0x0000000115e64640, 0x0000000115e64730]
Event: 84.455 Thread 0x00007f796387b000 5770       4       com.sun.prism.es2.ES2Shader::getUniform (63 bytes)
Event: 84.478 Thread 0x00007f796387b000 nmethod 5770 0x0000000115e64810 code [0x0000000115e64a00, 0x0000000115e65168]
Event: 84.955 Thread 0x00007f796202b800 5771       3       javafx.scene.control.TextInputControl::isEditable (11 bytes)
Event: 84.956 Thread 0x00007f796202b800 nmethod 5771 0x000000010f251690 code [0x000000010f251860, 0x000000010f251c88]
Event: 84.956 Thread 0x00007f796387b000 5772       4       com.sun.prism.impl.ps.BaseShaderContext::getSpecialShader (104 bytes)
Event: 84.959 Thread 0x00007f796387b000 nmethod 5772 0x0000000115e65610 code [0x0000000115e657c0, 0x0000000115e65938]
Event: 85.404 Thread 0x00007f796387b000 5773       4       java.util.WeakHashMap::entrySet (27 bytes)
Event: 85.407 Thread 0x00007f796387b000 nmethod 5773 0x0000000115e65b90 code [0x0000000115e65d20, 0x0000000115e65ef8]

GC Heap History (10 events):
Event: 62.924 GC heap before
{Heap before GC invocations=5 (full 0):
 garbage-first heap   total 51200K, used 40330K [0x0000000780000000, 0x0000000800000000)
  region size 1024K, 30 young (30720K), 5 survivors (5120K)
 Metaspace       used 24086K, capacity 25271K, committed 25344K, reserved 1071104K
  class space    used 3350K, capacity 3835K, committed 3840K, reserved 1048576K
}
Event: 62.951 GC heap after
{Heap after GC invocations=6 (full 0):
 garbage-first heap   total 61440K, used 17749K [0x0000000780000000, 0x0000000800000000)
  region size 1024K, 3 young (3072K), 3 survivors (3072K)
 Metaspace       used 24086K, capacity 25271K, committed 25344K, reserved 1071104K
  class space    used 3350K, capacity 3835K, committed 3840K, reserved 1048576K
}
Event: 67.763 GC heap before
{Heap before GC invocations=6 (full 0):
 garbage-first heap   total 61440K, used 42325K [0x0000000780000000, 0x0000000800000000)
  region size 1024K, 27 young (27648K), 3 survivors (3072K)
 Metaspace       used 24798K, capacity 26083K, committed 26240K, reserved 1071104K
  class space    used 3376K, capacity 3897K, committed 3968K, reserved 1048576K
}
Event: 67.773 GC heap after
{Heap after GC invocations=7 (full 0):
 garbage-first heap   total 61440K, used 18026K [0x0000000780000000, 0x0000000800000000)
  region size 1024K, 2 young (2048K), 2 survivors (2048K)
 Metaspace       used 24798K, capacity 26083K, committed 26240K, reserved 1071104K
  class space    used 3376K, capacity 3897K, committed 3968K, reserved 1048576K
}
Event: 68.771 GC heap before
{Heap before GC invocations=7 (full 0):
 garbage-first heap   total 61440K, used 42602K [0x0000000780000000, 0x0000000800000000)
  region size 1024K, 26 young (26624K), 2 survivors (2048K)
 Metaspace       used 25300K, capacity 26599K, committed 26752K, reserved 1073152K
  class space    used 3376K, capacity 3897K, committed 3968K, reserved 1048576K
}
Event: 68.774 GC heap after
{Heap after GC invocations=8 (full 0):
 garbage-first heap   total 61440K, used 17850K [0x0000000780000000, 0x0000000800000000)
  region size 1024K, 2 young (2048K), 2 survivors (2048K)
 Metaspace       used 25300K, capacity 26599K, committed 26752K, reserved 1073152K
  class space    used 3376K, capacity 3897K, committed 3968K, reserved 1048576K
}
Event: 74.635 GC heap before
{Heap before GC invocations=8 (full 0):
 garbage-first heap   total 61440K, used 43450K [0x0000000780000000, 0x0000000800000000)
  region size 1024K, 27 young (27648K), 2 survivors (2048K)
 Metaspace       used 25570K, capacity 26867K, committed 27008K, reserved 1073152K
  class space    used 3378K, capacity 3897K, committed 3968K, reserved 1048576K
}
Event: 74.643 GC heap after
{Heap after GC invocations=9 (full 0):
 garbage-first heap   total 61440K, used 19099K [0x0000000780000000, 0x0000000800000000)
  region size 1024K, 3 young (3072K), 3 survivors (3072K)
 Metaspace       used 25570K, capacity 26867K, committed 27008K, reserved 1073152K
  class space    used 3378K, capacity 3897K, committed 3968K, reserved 1048576K
}
Event: 78.433 GC heap before
{Heap before GC invocations=9 (full 0):
 garbage-first heap   total 61440K, used 44699K [0x0000000780000000, 0x0000000800000000)
  region size 1024K, 29 young (29696K), 3 survivors (3072K)
 Metaspace       used 25781K, capacity 27066K, committed 27264K, reserved 1073152K
  class space    used 3378K, capacity 3897K, committed 3968K, reserved 1048576K
}
Event: 78.438 GC heap after
{Heap after GC invocations=10 (full 0):
 garbage-first heap   total 61440K, used 18076K [0x0000000780000000, 0x0000000800000000)
  region size 1024K, 2 young (2048K), 2 survivors (2048K)
 Metaspace       used 25781K, capacity 27066K, committed 27264K, reserved 1073152K
  class space    used 3378K, capacity 3897K, committed 3968K, reserved 1048576K
}

Deoptimization events (10 events):
Event: 67.125 Thread 0x00007f796394d800 Uncommon trap: reason=class_check action=maybe_recompile pc=0x0000000115da7848 method=javafx.scene.Node.updateLocalToParentTransform()V @ 11 c2
Event: 67.125 Thread 0x00007f796394d800 Uncommon trap: reason=class_check action=maybe_recompile pc=0x0000000115da7848 method=javafx.scene.Node.updateLocalToParentTransform()V @ 11 c2
Event: 74.662 Thread 0x00007f796394d800 Uncommon trap: reason=class_check action=maybe_recompile pc=0x0000000115dedab4 method=java.util.Collections$UnmodifiableList.get(I)Ljava/lang/Object; @ 5 c2
Event: 74.662 Thread 0x00007f796394d800 Uncommon trap: reason=class_check action=maybe_recompile pc=0x0000000115dedab4 method=java.util.Collections$UnmodifiableList.get(I)Ljava/lang/Object; @ 5 c2
Event: 74.663 Thread 0x00007f796394d800 Uncommon trap: reason=class_check action=maybe_recompile pc=0x0000000115dedab4 method=java.util.Collections$UnmodifiableList.get(I)Ljava/lang/Object; @ 5 c2
Event: 74.663 Thread 0x00007f796394d800 Uncommon trap: reason=class_check action=maybe_recompile pc=0x0000000115dedab4 method=java.util.Collections$UnmodifiableList.get(I)Ljava/lang/Object; @ 5 c2
Event: 77.991 Thread 0x00007f796394d800 Uncommon trap: reason=profile_predicate action=maybe_recompile pc=0x0000000115e2018c method=javafx.scene.CssStyleHelper$CacheContainer.<init>(Ljavafx/scene/Node;Lcom/sun/javafx/css/StyleMap;I)V @ 164 c2
Event: 77.991 Thread 0x00007f796394d800 Uncommon trap: reason=profile_predicate action=maybe_recompile pc=0x0000000115e2018c method=javafx.scene.CssStyleHelper$CacheContainer.<init>(Ljavafx/scene/Node;Lcom/sun/javafx/css/StyleMap;I)V @ 164 c2
Event: 77.991 Thread 0x00007f796394d800 Uncommon trap: reason=profile_predicate action=maybe_recompile pc=0x0000000115e2018c method=javafx.scene.CssStyleHelper$CacheContainer.<init>(Ljavafx/scene/Node;Lcom/sun/javafx/css/StyleMap;I)V @ 164 c2
Event: 77.992 Thread 0x00007f796394d800 Uncommon trap: reason=profile_predicate action=maybe_recompile pc=0x0000000115e2018c method=javafx.scene.CssStyleHelper$CacheContainer.<init>(Ljavafx/scene/Node;Lcom/sun/javafx/css/StyleMap;I)V @ 164 c2

Classes redefined (0 events):
No events

Internal exceptions (10 events):
Event: 3.892 Thread 0x00007f796394d800 Exception <a 'java/io/FileNotFoundException'{0x00000007874c6b40}> (0x00000007874c6b40) thrown at [/scratch/mesos/slaves/ae206c0d-865c-4d69-a16b-c4e90bf2719f-S399/frameworks/1735e8a2-a1db-478c-8104-60c8b0af87dd-0196/executors/d4337cad-8111-46d8-8d39-fb2ce6
Event: 3.915 Thread 0x00007f796394d800 Exception <a 'java/lang/NoSuchMethodError'{0x000000078734aea8}: java.lang.invoke.DirectMethodHandle$Holder.invokeSpecial(Ljava/lang/Object;Ljava/lang/Object;Ljava/lang/Object;Ljava/lang/Object;)V> (0x000000078734aea8) thrown at [/scratch/mesos/slaves/ae20
Event: 4.012 Thread 0x00007f796394d800 Exception <a 'java/lang/NoSuchMethodError'{0x00000007870bdae8}: java.lang.invoke.DirectMethodHandle$Holder.invokeInterface(Ljava/lang/Object;Ljava/lang/Object;Ljava/lang/Object;)Ljava/lang/Object;> (0x00000007870bdae8) thrown at [/scratch/mesos/slaves/ae2
Event: 4.012 Thread 0x00007f796394d800 Exception <a 'java/lang/IncompatibleClassChangeError'{0x00000007870c09f0}: Found class java.lang.Object, but interface was expected> (0x00000007870c09f0) thrown at [/scratch/mesos/slaves/ae206c0d-865c-4d69-a16b-c4e90bf2719f-S399/frameworks/1735e8a2-a1db-4
Event: 4.416 Thread 0x00007f796394d800 Exception <a 'java/lang/NoSuchMethodError'{0x0000000786e91be0}: java.lang.invoke.Invokers$Holder.linkToTargetMethod(Ljava/lang/Object;ILjava/lang/Object;)Ljava/lang/Object;> (0x0000000786e91be0) thrown at [/scratch/mesos/slaves/ae206c0d-865c-4d69-a16b-c4e
Event: 5.095 Thread 0x00007f796394d800 Exception <a 'java/lang/NoSuchMethodError'{0x00000007828fc280}: java.lang.invoke.DirectMethodHandle$Holder.invokeStatic(Ljava/lang/Object;Ljava/lang/Object;II)Ljava/lang/Object;> (0x00000007828fc280) thrown at [/scratch/mesos/slaves/ae206c0d-865c-4d69-a16
Event: 5.469 Thread 0x00007f796394d800 Exception <a 'java/lang/NoSuchMethodError'{0x0000000781d6a820}: java.lang.invoke.DirectMethodHandle$Holder.invokeStaticInit(Ljava/lang/Object;Ljava/lang/Object;Ljava/lang/Object;)J> (0x0000000781d6a820) thrown at [/scratch/mesos/slaves/ae206c0d-865c-4d69-
Event: 5.472 Thread 0x00007f796394d800 Exception <a 'java/lang/NoSuchMethodError'{0x0000000781d7ed38}: java.lang.invoke.Invokers$Holder.linkToTargetMethod(Ljava/lang/Object;JLjava/lang/Object;)Ljava/lang/Object;> (0x0000000781d7ed38) thrown at [/scratch/mesos/slaves/ae206c0d-865c-4d69-a16b-c4e
Event: 5.851 Thread 0x00007f79640d6000 Exception <a 'java/lang/NoSuchMethodError'{0x00000007819f8098}: java.lang.invoke.DirectMethodHandle$Holder.invokeStaticInit(Ljava/lang/Object;I)Ljava/lang/Object;> (0x00000007819f8098) thrown at [/scratch/mesos/slaves/ae206c0d-865c-4d69-a16b-c4e90bf2719f-
Event: 67.109 Thread 0x00007f796394d800 Exception <a 'java/lang/NoSuchMethodError'{0x00000007827996a0}: java.lang.invoke.DirectMethodHandle$Holder.invokeStatic(Ljava/lang/Object;Ljava/lang/Object;ILjava/lang/Object;DDDDDDIIIIIIII)Ljava/lang/Object;> (0x00000007827996a0) thrown at [/scratch/meso

Events (10 events):
Event: 78.487 Thread 0x00007f796394d800 DEOPT PACKING pc=0x000000010ee38362 sp=0x00007ff7bbf99b50
Event: 78.487 Thread 0x00007f796394d800 DEOPT UNPACKING pc=0x000000010e1a71ba sp=0x00007ff7bbf990b0 mode 0
Event: 78.490 Thread 0x00007f796394d800 DEOPT PACKING pc=0x000000010ef0a009 sp=0x00007ff7bbf9aa00
Event: 78.490 Thread 0x00007f796394d800 DEOPT UNPACKING pc=0x000000010e1a71ba sp=0x00007ff7bbf9a018 mode 0
Event: 78.516 Thread 0x00007f796394d800 DEOPT PACKING pc=0x000000010ee38362 sp=0x00007ff7bbf99b50
Event: 78.516 Thread 0x00007f796394d800 DEOPT UNPACKING pc=0x000000010e1a71ba sp=0x00007ff7bbf990b0 mode 0
Event: 78.522 Thread 0x00007f796394d800 DEOPT PACKING pc=0x000000010ef0a009 sp=0x00007ff7bbf9aa00
Event: 78.522 Thread 0x00007f796394d800 DEOPT UNPACKING pc=0x000000010e1a71ba sp=0x00007ff7bbf9a018 mode 0
Event: 78.529 Thread 0x00007f796394d800 DEOPT PACKING pc=0x000000010ee38362 sp=0x00007ff7bbf997f0
Event: 78.529 Thread 0x00007f796394d800 DEOPT UNPACKING pc=0x000000010e1a71ba sp=0x00007ff7bbf98d50 mode 0


Dynamic libraries:
0x0000000104076000 	/Library/Java/JavaVirtualMachines/jdk-12.0.2.jdk/Contents/Home/lib/libjli.dylib
0x00007ff818932000 	/usr/lib/libz.1.dylib
0x00007ff818a12000 	/usr/lib/libSystem.B.dylib
0x00007ff818a0d000 	/usr/lib/system/libcache.dylib
0x00007ff8189c9000 	/usr/lib/system/libcommonCrypto.dylib
0x00007ff8189f2000 	/usr/lib/system/libcompiler_rt.dylib
0x00007ff8189e8000 	/usr/lib/system/libcopyfile.dylib
0x00007ff80d9a0000 	/usr/lib/system/libcorecrypto.dylib
0x00007ff80da5e000 	/usr/lib/system/libdispatch.dylib
0x00007ff80dc1e000 	/usr/lib/system/libdyld.dylib
0x00007ff818a04000 	/usr/lib/system/libkeymgr.dylib
0x00007ff8189a7000 	/usr/lib/system/libmacho.dylib
0x00007ff818028000 	/usr/lib/system/libquarantine.dylib
0x00007ff818a02000 	/usr/lib/system/libremovefile.dylib
0x00007ff812bb3000 	/usr/lib/system/libsystem_asl.dylib
0x00007ff80d949000 	/usr/lib/system/libsystem_blocks.dylib
0x00007ff80dae2000 	/usr/lib/system/libsystem_c.dylib
0x00007ff8189fa000 	/usr/lib/system/libsystem_collections.dylib
0x00007ff8172dc000 	/usr/lib/system/libsystem_configuration.dylib
0x00007ff816585000 	/usr/lib/system/libsystem_containermanager.dylib
0x00007ff8186df000 	/usr/lib/system/libsystem_coreservices.dylib
0x00007ff810254000 	/usr/lib/system/libsystem_darwin.dylib
0x00007ff818a05000 	/usr/lib/system/libsystem_dnssd.dylib
0x00007ff80dadf000 	/usr/lib/system/libsystem_featureflags.dylib
0x00007ff80dc34000 	/usr/lib/system/libsystem_info.dylib
0x00007ff818945000 	/usr/lib/system/libsystem_m.dylib
0x00007ff80da32000 	/usr/lib/system/libsystem_malloc.dylib
0x00007ff812b4e000 	/usr/lib/system/libsystem_networkextension.dylib
0x00007ff81067a000 	/usr/lib/system/libsystem_notify.dylib
0x00007ff81ec84000 	/usr/lib/system/libsystem_product_info_filter.dylib
0x00007ff8172e0000 	/usr/lib/system/libsystem_sandbox.dylib
0x00007ff8189ff000 	/usr/lib/system/libsystem_secinit.dylib
0x00007ff80dbda000 	/usr/lib/system/libsystem_kernel.dylib
0x00007ff80dc2a000 	/usr/lib/system/libsystem_platform.dylib
0x00007ff80dc12000 	/usr/lib/system/libsystem_pthread.dylib
0x00007ff814401000 	/usr/lib/system/libsystem_symptoms.dylib
0x00007ff80d987000 	/usr/lib/system/libsystem_trace.dylib
0x00007ff8189d5000 	/usr/lib/system/libunwind.dylib
0x00007ff80d94b000 	/usr/lib/system/libxpc.dylib
0x00007ff80dbc4000 	/usr/lib/libc++abi.dylib
0x00007ff80daa5000 	/usr/lib/libobjc.A.dylib
0x00007ff8189e0000 	/usr/lib/liboah.dylib
0x00007ff80db6b000 	/usr/lib/libc++.1.dylib
0x00007ff824a86000 	/System/Library/Frameworks/Cocoa.framework/Versions/A/Cocoa
0x00007ff8106d8000 	/System/Library/Frameworks/AppKit.framework/Versions/C/AppKit
0x00007ff813bef000 	/System/Library/Frameworks/CoreData.framework/Versions/A/CoreData
0x00007ff80eadb000 	/System/Library/Frameworks/Foundation.framework/Versions/C/Foundation
0x00007ff811568000 	/System/Library/PrivateFrameworks/UIFoundation.framework/Versions/A/UIFoundation
0x00007ff81e987000 	/System/Library/PrivateFrameworks/RemoteViewServices.framework/Versions/A/RemoteViewServices
0x00007ff816c66000 	/System/Library/PrivateFrameworks/XCTTargetBootstrap.framework/Versions/A/XCTTargetBootstrap
0x00007ff81a81d000 	/System/Library/PrivateFrameworks/InternationalSupport.framework/Versions/A/InternationalSupport
0x00007ff81a8a7000 	/System/Library/PrivateFrameworks/UserActivity.framework/Versions/A/UserActivity
0x00007ff819bf9000 	/usr/lib/libspindump.dylib
0x00007ff8117f7000 	/System/Library/Frameworks/UniformTypeIdentifiers.framework/Versions/A/UniformTypeIdentifiers
0x00007ff81538a000 	/usr/lib/libapp_launch_measurement.dylib
0x00007ff8145c1000 	/System/Library/PrivateFrameworks/CoreAnalytics.framework/Versions/A/CoreAnalytics
0x00007ff81538d000 	/System/Library/PrivateFrameworks/CoreAutoLayout.framework/Versions/A/CoreAutoLayout
0x00007ff8165bd000 	/System/Library/Frameworks/Metal.framework/Versions/A/Metal
0x00007ff8172ec000 	/usr/lib/liblangid.dylib
0x00007ff816c6b000 	/System/Library/PrivateFrameworks/CoreSVG.framework/Versions/A/CoreSVG
0x00007ff812be3000 	/System/Library/PrivateFrameworks/SkyLight.framework/Versions/A/SkyLight
0x00007ff812f82000 	/System/Library/Frameworks/CoreGraphics.framework/Versions/A/CoreGraphics
0x00007ff81f047000 	/System/Library/Frameworks/Accelerate.framework/Versions/A/Accelerate
0x00007ff819678000 	/System/Library/PrivateFrameworks/IconServices.framework/Versions/A/IconServices
0x00007ff8165a2000 	/System/Library/Frameworks/IOSurface.framework/Versions/A/IOSurface
0x00007ff8145ef000 	/usr/lib/libDiagnosticMessagesClient.dylib
0x00007ff82272a000 	/System/Library/Frameworks/ApplicationServices.framework/Versions/A/ApplicationServices
0x00007ff816c52000 	/System/Library/PrivateFrameworks/DFRFoundation.framework/Versions/A/DFRFoundation
0x00007ff80ffc0000 	/usr/lib/libicucore.A.dylib
0x00007ff81b613000 	/System/Library/Frameworks/AudioToolbox.framework/Versions/A/AudioToolbox
0x00007ff81a829000 	/System/Library/PrivateFrameworks/DataDetectorsCore.framework/Versions/A/DataDetectorsCore
0x00007ff916d26000 	/System/Library/PrivateFrameworks/TextInput.framework/Versions/A/TextInput
0x00007ff812b66000 	/usr/lib/libMobileGestalt.dylib
0x00007ff81695e000 	/System/Library/Frameworks/Carbon.framework/Versions/A/Frameworks/HIToolbox.framework/Versions/A/HIToolbox
0x00007ff814d8c000 	/System/Library/Frameworks/QuartzCore.framework/Versions/A/QuartzCore
0x00007ff80fc65000 	/System/Library/Frameworks/Security.framework/Versions/A/Security
0x00007ff81e9bf000 	/System/Library/Frameworks/Carbon.framework/Versions/A/Frameworks/SpeechRecognition.framework/Versions/A/SpeechRecognition
0x00007ff8150ea000 	/System/Library/PrivateFrameworks/CoreUI.framework/Versions/A/CoreUI
0x00007ff80f52f000 	/System/Library/Frameworks/CoreAudio.framework/Versions/A/CoreAudio
0x00007ff8146de000 	/System/Library/Frameworks/DiskArbitration.framework/Versions/A/DiskArbitration
0x00007ff819fe9000 	/System/Library/PrivateFrameworks/MultitouchSupport.framework/Versions/A/MultitouchSupport
0x00007ff812b65000 	/usr/lib/libenergytrace.dylib
0x00007ff8105c4000 	/System/Library/Frameworks/IOKit.framework/Versions/A/IOKit
0x00007ff81edaf000 	/System/Library/Frameworks/CoreServices.framework/Versions/A/CoreServices
0x00007ff815324000 	/System/Library/PrivateFrameworks/PerformanceAnalysis.framework/Versions/A/PerformanceAnalysis
0x00007ffa26a05000 	/System/Library/Frameworks/OpenGL.framework/Versions/A/OpenGL
0x00007ff817f4e000 	/System/Library/PrivateFrameworks/MobileKeyBag.framework/Versions/A/MobileKeyBag
0x00007ff81364e000 	/System/Library/Frameworks/ColorSync.framework/Versions/A/ColorSync
0x00007ff80dc5f000 	/System/Library/Frameworks/CoreFoundation.framework/Versions/A/CoreFoundation
0x00007ff816ee2000 	/System/Library/Frameworks/CoreImage.framework/Versions/A/CoreImage
0x00007ff80f343000 	/System/Library/Frameworks/CoreText.framework/Versions/A/CoreText
0x00007ff816c9b000 	/System/Library/Frameworks/ImageIO.framework/Versions/A/ImageIO
0x00007ff818a18000 	/System/Library/PrivateFrameworks/SoftLinking.framework/Versions/A/SoftLinking
0x00007ff8153d5000 	/usr/lib/libxml2.2.dylib
0x00007ff818c9c000 	/usr/lib/libcompression.dylib
0x00007ff81a750000 	/System/Library/PrivateFrameworks/TextureIO.framework/Versions/A/TextureIO
0x00007ff81938a000 	/usr/lib/libate.dylib
0x00007ff819166000 	/usr/lib/liblzma.5.dylib
0x00007ff80e7ed000 	/System/Library/Frameworks/SystemConfiguration.framework/Versions/A/SystemConfiguration
0x00007ff818a14000 	/usr/lib/libfakelink.dylib
0x00007ff8126be000 	/System/Library/Frameworks/CFNetwork.framework/Versions/A/CFNetwork
0x00007ff818b55000 	/usr/lib/libarchive.2.dylib
0x00007ff8172e8000 	/System/Library/PrivateFrameworks/AppleSystemInfo.framework/Versions/A/AppleSystemInfo
0x00007ff81804f000 	/usr/lib/libbsm.0.dylib
0x00007ff811ccd000 	/usr/lib/libnetwork.dylib
0x00007ff8189ad000 	/usr/lib/system/libkxld.dylib
0x00007ff817c82000 	/System/Library/PrivateFrameworks/IOMobileFramebuffer.framework/Versions/A/IOMobileFramebuffer
0x00007ffb263dc000 	/usr/lib/libCoreEntitlements.dylib
0x00007ff8186c1000 	/System/Library/PrivateFrameworks/AppleFSCompression.framework/Versions/A/AppleFSCompression
0x00007ff818037000 	/usr/lib/libcoretls.dylib
0x00007ff819180000 	/usr/lib/libcoretls_cfhelpers.dylib
0x00007ff818c97000 	/usr/lib/libpam.2.dylib
0x00007ff814020000 	/usr/lib/libsqlite3.dylib
0x00007ff8191ef000 	/usr/lib/libxar.1.dylib
0x00007ff8186d1000 	/usr/lib/libbz2.1.0.dylib
0x00007ff818a19000 	/usr/lib/libpcap.A.dylib
0x00007ff8143f9000 	/usr/lib/libdns_services.dylib
0x00007ff818c67000 	/usr/lib/libapple_nghttp2.dylib
0x00007ff818a53000 	/usr/lib/libiconv.2.dylib
0x00007ff8189a6000 	/usr/lib/libcharset.1.dylib
0x00007ff815358000 	/System/Library/Frameworks/CoreServices.framework/Versions/A/Frameworks/FSEvents.framework/Versions/A/FSEvents
0x00007ff81025e000 	/System/Library/Frameworks/CoreServices.framework/Versions/A/Frameworks/CarbonCore.framework/Versions/A/CarbonCore
0x00007ff814642000 	/System/Library/Frameworks/CoreServices.framework/Versions/A/Frameworks/Metadata.framework/Versions/A/Metadata
0x00007ff8186e4000 	/System/Library/Frameworks/CoreServices.framework/Versions/A/Frameworks/OSServices.framework/Versions/A/OSServices
0x00007ff818bdc000 	/System/Library/Frameworks/CoreServices.framework/Versions/A/Frameworks/SearchKit.framework/Versions/A/SearchKit
0x00007ff81438b000 	/System/Library/Frameworks/CoreServices.framework/Versions/A/Frameworks/AE.framework/Versions/A/AE
0x00007ff80e162000 	/System/Library/Frameworks/CoreServices.framework/Versions/A/Frameworks/LaunchServices.framework/Versions/A/LaunchServices
0x00007ff819117000 	/System/Library/Frameworks/CoreServices.framework/Versions/A/Frameworks/DictionaryServices.framework/Versions/A/DictionaryServices
0x00007ff815365000 	/System/Library/Frameworks/CoreServices.framework/Versions/A/Frameworks/SharedFileList.framework/Versions/A/SharedFileList
0x00007ff81802b000 	/usr/lib/libCheckFix.dylib
0x00007ff812bca000 	/System/Library/PrivateFrameworks/TCC.framework/Versions/A/TCC
0x00007ff8172ee000 	/System/Library/PrivateFrameworks/CoreNLP.framework/Versions/A/CoreNLP
0x00007ff8145f2000 	/System/Library/PrivateFrameworks/MetadataUtilities.framework/Versions/A/MetadataUtilities
0x00007ff80e89e000 	/usr/lib/libmecabra.dylib
0x00007ff81805f000 	/usr/lib/libmecab.dylib
0x00007ff80e869000 	/usr/lib/libCRFSuite.dylib
0x00007ff8180b9000 	/usr/lib/libgermantok.dylib
0x00007ff818c42000 	/usr/lib/libThaiTokenizer.dylib
0x00007ff8146e5000 	/System/Library/Frameworks/Accelerate.framework/Versions/A/Frameworks/vImage.framework/Versions/A/vImage
0x00007ff81ed86000 	/System/Library/Frameworks/Accelerate.framework/Versions/A/Frameworks/vecLib.framework/Versions/A/vecLib
0x00007ff819230000 	/System/Library/Frameworks/Accelerate.framework/Versions/A/Frameworks/vecLib.framework/Versions/A/libvMisc.dylib
0x00007ff817aad000 	/System/Library/Frameworks/Accelerate.framework/Versions/A/Frameworks/vecLib.framework/Versions/A/libvDSP.dylib
0x00007ff80e4dd000 	/System/Library/Frameworks/Accelerate.framework/Versions/A/Frameworks/vecLib.framework/Versions/A/libBLAS.dylib
0x00007ff818d79000 	/System/Library/Frameworks/Accelerate.framework/Versions/A/Frameworks/vecLib.framework/Versions/A/libLAPACK.dylib
0x00007ff8180bc000 	/System/Library/Frameworks/Accelerate.framework/Versions/A/Frameworks/vecLib.framework/Versions/A/libLinearAlgebra.dylib
0x00007ff818c7f000 	/System/Library/Frameworks/Accelerate.framework/Versions/A/Frameworks/vecLib.framework/Versions/A/libSparseBLAS.dylib
0x00007ff818d73000 	/System/Library/Frameworks/Accelerate.framework/Versions/A/Frameworks/vecLib.framework/Versions/A/libQuadrature.dylib
0x00007ff8173d9000 	/System/Library/Frameworks/Accelerate.framework/Versions/A/Frameworks/vecLib.framework/Versions/A/libBNNS.dylib
0x00007ff80e777000 	/System/Library/Frameworks/Accelerate.framework/Versions/A/Frameworks/vecLib.framework/Versions/A/libSparse.dylib
0x00007ff8173d2000 	/System/Library/PrivateFrameworks/LinguisticData.framework/Versions/A/LinguisticData
0x00007ff80e72d000 	/System/Library/PrivateFrameworks/Lexicon.framework/Versions/A/Lexicon
0x00007ff819229000 	/usr/lib/libChineseTokenizer.dylib
0x00007ff80ee98000 	/System/Library/PrivateFrameworks/LanguageModeling.framework/Versions/A/LanguageModeling
0x00007ff818c44000 	/System/Library/PrivateFrameworks/AppleSauce.framework/Versions/A/AppleSauce
0x00007ff817c70000 	/System/Library/PrivateFrameworks/CoreEmoji.framework/Versions/A/CoreEmoji
0x00007ff818b44000 	/usr/lib/libcmph.dylib
0x00007ff81533c000 	/System/Library/Frameworks/OpenDirectory.framework/Versions/A/Frameworks/CFOpenDirectory.framework/Versions/A/CFOpenDirectory
0x00007ff815330000 	/System/Library/Frameworks/OpenDirectory.framework/Versions/A/OpenDirectory
0x00007ff819182000 	/System/Library/PrivateFrameworks/APFS.framework/Versions/A/APFS
0x00007ff817f86000 	/System/Library/Frameworks/SecurityFoundation.framework/Versions/A/SecurityFoundation
0x00007ff8191fd000 	/usr/lib/libutil.dylib
0x00007ff810588000 	/System/Library/PrivateFrameworks/CoreServicesStore.framework/Versions/A/CoreServicesStore
0x00007ff819201000 	/usr/lib/libxslt.1.dylib
0x00007ff818013000 	/System/Library/PrivateFrameworks/BackgroundTaskManagement.framework/Versions/A/BackgroundTaskManagement
0x00007ff81a670000 	/System/Library/Frameworks/ImageIO.framework/Versions/A/Resources/libRadiance.dylib
0x00007ff81a679000 	/System/Library/Frameworks/ImageIO.framework/Versions/A/Resources/libJPEG.dylib
0x00007ff81a5c8000 	/System/Library/Frameworks/ImageIO.framework/Versions/A/Resources/libPng.dylib
0x00007ff81a5e9000 	/System/Library/Frameworks/ImageIO.framework/Versions/A/Resources/libTIFF.dylib
0x00007ff81a6d9000 	/System/Library/Frameworks/ImageIO.framework/Versions/A/Resources/libGIF.dylib
0x00007ff819f03000 	/System/Library/Frameworks/ImageIO.framework/Versions/A/Resources/libJP2.dylib
0x00007ff81963f000 	/usr/lib/libexpat.1.dylib
0x00007ff819eb8000 	/System/Library/PrivateFrameworks/AppleJPEG.framework/Versions/A/AppleJPEG
0x00007ff816822000 	/System/Library/PrivateFrameworks/FontServices.framework/libFontParser.dylib
0x00007ff814335000 	/System/Library/PrivateFrameworks/RunningBoardServices.framework/Versions/A/RunningBoardServices
0x00007ff825041000 	/System/Library/PrivateFrameworks/IOSurfaceAccelerator.framework/Versions/A/IOSurfaceAccelerator
0x00007ff819fe5000 	/System/Library/PrivateFrameworks/WatchdogClient.framework/Versions/A/WatchdogClient
0x00007ff80ef86000 	/System/Library/Frameworks/CoreDisplay.framework/Versions/A/CoreDisplay
0x00007ff816720000 	/System/Library/Frameworks/CoreMedia.framework/Versions/A/CoreMedia
0x00007ff8165b4000 	/System/Library/PrivateFrameworks/IOAccelerator.framework/Versions/A/IOAccelerator
0x00007ff8154b9000 	/System/Library/Frameworks/CoreVideo.framework/Versions/A/CoreVideo
0x00007ff818c95000 	/System/Library/Frameworks/MetalPerformanceShaders.framework/Versions/A/MetalPerformanceShaders
0x00007ff81a022000 	/System/Library/Frameworks/VideoToolbox.framework/Versions/A/VideoToolbox
0x00007ff81427f000 	/System/Library/PrivateFrameworks/BaseBoard.framework/Versions/A/BaseBoard
0x00007ff814006000 	/System/Library/PrivateFrameworks/ProtocolBuffer.framework/Versions/A/ProtocolBuffer
0x00007ff81a669000 	/System/Library/PrivateFrameworks/GPUWrangler.framework/Versions/A/GPUWrangler
0x00007ff81a64d000 	/System/Library/PrivateFrameworks/IOPresentment.framework/Versions/A/IOPresentment
0x00007ff81a673000 	/System/Library/PrivateFrameworks/DSExternalDisplay.framework/Versions/A/DSExternalDisplay
0x00007ffa269f9000 	/System/Library/Frameworks/OpenGL.framework/Versions/A/Libraries/libCoreFSCache.dylib
0x00007ffb13acf000 	/System/Library/PrivateFrameworks/GPUCompiler.framework/Versions/31001/Libraries/libGPUCompilerUtils.dylib
0x00007ff81a6de000 	/System/Library/PrivateFrameworks/CMCaptureCore.framework/Versions/A/CMCaptureCore
0x00007ff819be7000 	/System/Library/PrivateFrameworks/AppServerSupport.framework/Versions/A/AppServerSupport
0x00007ff81beac000 	/System/Library/PrivateFrameworks/perfdata.framework/Versions/A/perfdata
0x00007ff80f0b2000 	/System/Library/PrivateFrameworks/AudioToolboxCore.framework/Versions/A/AudioToolboxCore
0x00007ff8166fe000 	/System/Library/PrivateFrameworks/caulk.framework/Versions/A/caulk
0x00007ff81b7be000 	/usr/lib/libAudioStatistics.dylib
0x00007ff9134b4000 	/System/Library/PrivateFrameworks/SystemPolicy.framework/Versions/A/SystemPolicy
0x00007ff81ba19000 	/usr/lib/libSMC.dylib
0x00007ff824939000 	/System/Library/Frameworks/CoreMIDI.framework/Versions/A/CoreMIDI
0x00007ff81a597000 	/usr/lib/libAudioToolboxUtility.dylib
0x00007ff90f6dc000 	/System/Library/PrivateFrameworks/OSAServicesClient.framework/Versions/A/OSAServicesClient
0x00007ff81beb9000 	/usr/lib/libperfcheck.dylib
0x00007ff913f61000 	/usr/lib/libmis.dylib
0x00007ffa26a54000 	/System/Library/Frameworks/OpenGL.framework/Versions/A/Libraries/libGLU.dylib
0x00007ffa26a18000 	/System/Library/Frameworks/OpenGL.framework/Versions/A/Libraries/libGFXShared.dylib
0x00007ffa26c21000 	/System/Library/Frameworks/OpenGL.framework/Versions/A/Libraries/libGL.dylib
0x00007ffa26a21000 	/System/Library/Frameworks/OpenGL.framework/Versions/A/Libraries/libGLImage.dylib
0x00007ffa26a15000 	/System/Library/Frameworks/OpenGL.framework/Versions/A/Libraries/libCVMSPluginSupport.dylib
0x00007ffa26a00000 	/System/Library/Frameworks/OpenGL.framework/Versions/A/Libraries/libCoreVMClient.dylib
0x00007ff81726a000 	/System/Library/Frameworks/MetalPerformanceShaders.framework/Versions/A/Frameworks/MPSCore.framework/Versions/A/MPSCore
0x00007ff81862c000 	/System/Library/Frameworks/MetalPerformanceShaders.framework/Versions/A/Frameworks/MPSImage.framework/Versions/A/MPSImage
0x00007ff8180d2000 	/System/Library/Frameworks/MetalPerformanceShaders.framework/Versions/A/Frameworks/MPSNeuralNetwork.framework/Versions/A/MPSNeuralNetwork
0x00007ff818546000 	/System/Library/Frameworks/MetalPerformanceShaders.framework/Versions/A/Frameworks/MPSMatrix.framework/Versions/A/MPSMatrix
0x00007ff818301000 	/System/Library/Frameworks/MetalPerformanceShaders.framework/Versions/A/Frameworks/MPSRayIntersector.framework/Versions/A/MPSRayIntersector
0x00007ff81857e000 	/System/Library/Frameworks/MetalPerformanceShaders.framework/Versions/A/Frameworks/MPSNDArray.framework/Versions/A/MPSNDArray
0x00007ffa2c4d9000 	/System/Library/Frameworks/MetalPerformanceShaders.framework/Versions/A/Frameworks/MPSFunctions.framework/Versions/A/MPSFunctions
0x00007ff80e3b9000 	/System/Library/PrivateFrameworks/MetalTools.framework/Versions/A/MetalTools
0x00007ff8172e6000 	/System/Library/PrivateFrameworks/AggregateDictionary.framework/Versions/A/AggregateDictionary
0x00007ff819421000 	/usr/lib/libIOReport.dylib
0x00007ffa28030000 	/System/Library/Frameworks/OpenCL.framework/Versions/A/OpenCL
0x00007ff819785000 	/System/Library/PrivateFrameworks/FaceCore.framework/Versions/A/FaceCore
0x00007ff819776000 	/System/Library/PrivateFrameworks/GraphVisualizer.framework/Versions/A/GraphVisualizer
0x00007ffb139da000 	/System/Library/PrivateFrameworks/FontServices.framework/Versions/A/FontServices
0x00007ff819b9f000 	/System/Library/PrivateFrameworks/OTSVG.framework/Versions/A/OTSVG
0x00007ff81509f000 	/System/Library/Frameworks/ApplicationServices.framework/Versions/A/Frameworks/ATS.framework/Versions/A/Resources/libFontRegistry.dylib
0x00007ff819bef000 	/System/Library/PrivateFrameworks/FontServices.framework/libhvf.dylib
0x00007ffb139db000 	/System/Library/PrivateFrameworks/FontServices.framework/libXTFontStaticRegistryData.dylib
0x00007ff8195ef000 	/System/Library/PrivateFrameworks/AppleVA.framework/Versions/A/AppleVA
0x00007ff81b7de000 	/System/Library/Frameworks/ApplicationServices.framework/Versions/A/Frameworks/ATS.framework/Versions/A/ATS
0x00007ff81374c000 	/System/Library/Frameworks/ApplicationServices.framework/Versions/A/Frameworks/HIServices.framework/Versions/A/HIServices
0x00007ff81a6e8000 	/System/Library/Frameworks/ApplicationServices.framework/Versions/A/Frameworks/PrintCore.framework/Versions/A/PrintCore
0x00007ff81bb6c000 	/System/Library/Frameworks/ApplicationServices.framework/Versions/A/Frameworks/QD.framework/Versions/A/QD
0x00007ff81bb64000 	/System/Library/Frameworks/ApplicationServices.framework/Versions/A/Frameworks/ColorSyncLegacy.framework/Versions/A/ColorSyncLegacy
0x00007ff81b7ce000 	/System/Library/Frameworks/ApplicationServices.framework/Versions/A/Frameworks/SpeechSynthesis.framework/Versions/A/SpeechSynthesis
0x00007ff81a6a9000 	/System/Library/Frameworks/ApplicationServices.framework/Versions/A/Frameworks/ATSUI.framework/Versions/A/ATSUI
0x00007ff81baf9000 	/usr/lib/libcups.2.dylib
0x00007ff81bec8000 	/System/Library/Frameworks/Kerberos.framework/Versions/A/Kerberos
0x00007ff81bed7000 	/System/Library/Frameworks/GSS.framework/Versions/A/GSS
0x00007ff81b84a000 	/usr/lib/libresolv.9.dylib
0x00007ff819bfe000 	/System/Library/PrivateFrameworks/Heimdal.framework/Versions/A/Heimdal
0x00007ff822abc000 	/System/Library/Frameworks/Kerberos.framework/Versions/A/Libraries/libHeimdalProxy.dylib
0x00007ff814409000 	/System/Library/Frameworks/Network.framework/Versions/A/Network
0x00007ff819659000 	/usr/lib/libheimdal-asn1.dylib
0x00007ff81bf22000 	/System/Library/PrivateFrameworks/CommonAuth.framework/Versions/A/CommonAuth
0x00007ff81b750000 	/System/Library/PrivateFrameworks/AudioSession.framework/Versions/A/AudioSession
0x00007ff8196e9000 	/System/Library/PrivateFrameworks/MediaExperience.framework/Versions/A/MediaExperience
0x00007ff81b5e2000 	/System/Library/PrivateFrameworks/AudioSession.framework/libSessionUtility.dylib
0x00007ff81bb78000 	/System/Library/PrivateFrameworks/AudioResourceArbitration.framework/Versions/A/AudioResourceArbitration
0x00007ff81fbf9000 	/System/Library/PrivateFrameworks/PowerLog.framework/Versions/A/PowerLog
0x00007ff819662000 	/System/Library/PrivateFrameworks/IconFoundation.framework/Versions/A/IconFoundation
0x00007ff81e9af000 	/System/Library/PrivateFrameworks/SpeechRecognitionCore.framework/Versions/A/SpeechRecognitionCore
0x0000000104d7a000 	/Library/Java/JavaVirtualMachines/jdk-12.0.2.jdk/Contents/Home/lib/server/libjvm.dylib
0x000000010409e000 	/Library/Java/JavaVirtualMachines/jdk-12.0.2.jdk/Contents/Home/lib/libverify.dylib
0x00000001040ce000 	/Library/Java/JavaVirtualMachines/jdk-12.0.2.jdk/Contents/Home/lib/libjava.dylib
0x00000001040b2000 	/Library/Java/JavaVirtualMachines/jdk-12.0.2.jdk/Contents/Home/lib/libzip.dylib
0x00000001040ba000 	/Library/Java/JavaVirtualMachines/jdk-12.0.2.jdk/Contents/Home/lib/libjimage.dylib
0x0000000104b67000 	/Library/Java/JavaVirtualMachines/jdk-12.0.2.jdk/Contents/Home/lib/libnio.dylib
0x0000000104b88000 	/Library/Java/JavaVirtualMachines/jdk-12.0.2.jdk/Contents/Home/lib/libnet.dylib
0x0000000104b75000 	/Users/izzhafeez/.openjfx/cache/11/libprism_es2.dylib
0x00007ff81054a000 	/System/Library/PrivateFrameworks/CoreServicesInternal.framework/Versions/A/CoreServicesInternal
0x00007ffa26c2c000 	/System/Library/Frameworks/OpenGL.framework/Versions/A/Resources/GLEngine.bundle/GLEngine
0x00007ffa26a92000 	/System/Library/Frameworks/OpenGL.framework/Versions/A/Libraries/libGLProgrammability.dylib
0x00007ffa1baa8000 	/System/Library/Extensions/AppleIntelKBLGraphicsGLDriver.bundle/Contents/MacOS/AppleIntelKBLGraphicsGLDriver
0x00007ff91e0fc000 	/System/Library/PrivateFrameworks/GPUSupport.framework/Versions/A/Libraries/libGPUSupportMercury.dylib
0x00007ffa26db6000 	/System/Library/Frameworks/OpenGL.framework/Versions/A/Resources/GLRendererFloat.bundle/GLRendererFloat
0x00000001264bf000 	/Users/izzhafeez/.openjfx/cache/11/libglass.dylib
0x00007ff8201ea000 	/System/Library/Frameworks/FileProvider.framework/Versions/A/FileProvider
0x00007ff8141ec000 	/System/Library/Frameworks/Accounts.framework/Versions/A/Accounts
0x00007ff820363000 	/System/Library/PrivateFrameworks/GenerationalStorage.framework/Versions/A/GenerationalStorage
0x00007ff820e73000 	/System/Library/PrivateFrameworks/CoreSymbolication.framework/Versions/A/CoreSymbolication
0x00007ff81fbee000 	/System/Library/PrivateFrameworks/SymptomDiagnosticReporter.framework/Versions/A/SymptomDiagnosticReporter
0x00007ff81180b000 	/System/Library/PrivateFrameworks/DesktopServicesPriv.framework/Versions/A/DesktopServicesPriv
0x00007ff810689000 	/usr/lib/libsandbox.1.dylib
0x00007ff815538000 	/System/Library/PrivateFrameworks/UserManagement.framework/Versions/A/UserManagement
0x00007ff820e38000 	/System/Library/PrivateFrameworks/DebugSymbols.framework/Versions/A/DebugSymbols
0x00007ff81bb59000 	/System/Library/PrivateFrameworks/NetAuth.framework/Versions/A/NetAuth
0x00007ff81ca68000 	/System/Library/PrivateFrameworks/Sharing.framework/Versions/A/Sharing
0x00007ff81550b000 	/System/Library/PrivateFrameworks/login.framework/Versions/A/Frameworks/loginsupport.framework/Versions/A/loginsupport
0x00007ff821fd6000 	/System/Library/PrivateFrameworks/Apple80211.framework/Versions/A/Apple80211
0x00007ff818711000 	/System/Library/PrivateFrameworks/AuthKit.framework/Versions/A/AuthKit
0x00007ff817d66000 	/System/Library/PrivateFrameworks/CoreUtils.framework/Versions/A/CoreUtils
0x00007ff817c8d000 	/System/Library/Frameworks/CoreWLAN.framework/Versions/A/CoreWLAN
0x00007ff81cbc7000 	/System/Library/Frameworks/IOBluetooth.framework/Versions/A/IOBluetooth
0x00007ff82203e000 	/System/Library/PrivateFrameworks/CoreWiFi.framework/Versions/A/CoreWiFi
0x00007ff820a0d000 	/System/Library/PrivateFrameworks/FrontBoardServices.framework/Versions/A/FrontBoardServices
0x00007ff820a9e000 	/System/Library/PrivateFrameworks/BoardServices.framework/Versions/A/BoardServices
0x00007ff817f75000 	/System/Library/PrivateFrameworks/AssertionServices.framework/Versions/A/AssertionServices
0x00007ff8221c1000 	/System/Library/PrivateFrameworks/BackBoardServices.framework/Versions/A/BackBoardServices
0x00007ff81bfb3000 	/System/Library/PrivateFrameworks/CorePhoneNumbers.framework/Versions/A/CorePhoneNumbers
0x00007ff81b877000 	/System/Library/PrivateFrameworks/MultiverseSupport.framework/Versions/A/MultiverseSupport
0x00007ff822435000 	/System/Library/PrivateFrameworks/RemoteServiceDiscovery.framework/Versions/A/RemoteServiceDiscovery
0x00007ff81fd0b000 	/System/Library/PrivateFrameworks/DiskManagement.framework/Versions/A/DiskManagement
0x00007ff81fc1f000 	/System/Library/PrivateFrameworks/AppleIDAuthSupport.framework/Versions/A/AppleIDAuthSupport
0x00007ffb0e355000 	/System/Library/PrivateFrameworks/AAAFoundation.framework/Versions/A/AAAFoundation
0x00007ff81bf94000 	/System/Library/PrivateFrameworks/KeychainCircle.framework/Versions/A/KeychainCircle
0x00007ff822445000 	/System/Library/PrivateFrameworks/RemoteXPC.framework/Versions/A/RemoteXPC
0x00007ff81fcd7000 	/System/Library/PrivateFrameworks/MediaKit.framework/Versions/A/MediaKit
0x00007ff81fc2b000 	/System/Library/Frameworks/DiscRecording.framework/Versions/A/DiscRecording
0x00007ff819567000 	/usr/lib/libCoreStorage.dylib
0x00007ff8224b0000 	/usr/lib/libcsfde.dylib
0x00007ff81cc94000 	/System/Library/PrivateFrameworks/ProtectedCloudStorage.framework/Versions/A/ProtectedCloudStorage
0x00007ff8224ac000 	/System/Library/PrivateFrameworks/EFILogin.framework/Versions/A/EFILogin
0x00007ff820389000 	/System/Library/PrivateFrameworks/OctagonTrust.framework/Versions/A/OctagonTrust
0x00007ffb12c3d000 	/System/Library/PrivateFrameworks/CoreUtilsExtras.framework/Versions/A/CoreUtilsExtras
0x00007ff81fb52000 	/System/Library/Frameworks/CoreBluetooth.framework/Versions/A/CoreBluetooth
0x00007ff822b41000 	/System/Library/Frameworks/AudioUnit.framework/Versions/A/AudioUnit
0x00007ff81955f000 	/usr/lib/libMatch.1.dylib
0x00007ff918585000 	/System/Library/Frameworks/Accelerate.framework/Versions/A/Frameworks/vImage.framework/Versions/A/Libraries/libCGInterfaces.dylib
0x0000000127d6d000 	/usr/lib/libobjc-trampolines.dylib
0x00007ff815230000 	/System/Library/PrivateFrameworks/ViewBridge.framework/Versions/A/ViewBridge
0x00007ffb0ea17000 	/System/Library/PrivateFrameworks/AccessibilityBundles.framework/Versions/A/AccessibilityBundles
0x000000012a5e3000 	/Users/izzhafeez/.openjfx/cache/11/libjavafx_font.dylib
0x00007ff819cb6000 	/System/Library/PrivateFrameworks/login.framework/Versions/A/login
0x000000012ace9000 	/System/Library/Frameworks/FileProvider.framework/OverrideBundles/CloudDocsFileProvider.bundle/Contents/MacOS/CloudDocsFileProvider
0x00007ff81574f000 	/System/Library/PrivateFrameworks/CloudDocs.framework/Versions/A/CloudDocs
0x00007ff8227e0000 	/System/Library/PrivateFrameworks/AppleAccount.framework/Versions/A/AppleAccount
0x00007ff81cc7b000 	/System/Library/PrivateFrameworks/AppContainer.framework/Versions/A/AppContainer
0x00007ff81c737000 	/System/Library/PrivateFrameworks/IDS.framework/Versions/A/IDS
0x00007ff822938000 	/System/Library/PrivateFrameworks/AppleIDSSOAuthentication.framework/Versions/A/AppleIDSSOAuthentication
0x00007ff81550e000 	/System/Library/PrivateFrameworks/ApplePushService.framework/Versions/A/ApplePushService
0x00007ff822532000 	/System/Library/PrivateFrameworks/AppSupport.framework/Versions/A/AppSupport
0x00007ff81b547000 	/System/Library/PrivateFrameworks/IMFoundation.framework/Versions/A/IMFoundation
0x00007ff90ef20000 	/System/Library/PrivateFrameworks/Marco.framework/Versions/A/Marco
0x00007ff81c8ab000 	/System/Library/PrivateFrameworks/IDSFoundation.framework/Versions/A/IDSFoundation
0x00007ff814267000 	/System/Library/PrivateFrameworks/CommonUtilities.framework/Versions/A/CommonUtilities
0x00007ff913b71000 	/System/Library/PrivateFrameworks/FTServices.framework/Versions/A/FTServices
0x00007ff826396000 	/System/Library/PrivateFrameworks/Engram.framework/Versions/A/Engram
0x00007ff82633d000 	/usr/lib/libtidy.A.dylib
0x00007ff819e63000 	/System/Library/PrivateFrameworks/Bom.framework/Versions/A/Bom
0x00007ff81b887000 	/usr/lib/libParallelCompression.dylib
0x00007ff81942a000 	/System/Library/PrivateFrameworks/CrashReporterSupport.framework/Versions/A/CrashReporterSupport
0x00007ff91dec5000 	/System/Library/PrivateFrameworks/FTAWD.framework/Versions/A/FTAWD
0x00007ff91ff9d000 	/System/Library/PrivateFrameworks/OSAnalytics.framework/Versions/A/OSAnalytics
0x00007ff92b155000 	/System/Library/PrivateFrameworks/Symbolication.framework/Versions/A/Symbolication
0x00007ff913f3e000 	/System/Library/PrivateFrameworks/MallocStackLogging.framework/Versions/A/MallocStackLogging
0x00007ff81f0bf000 	/System/Library/PrivateFrameworks/CoreDaemon.framework/Versions/B/CoreDaemon
0x00007ff81f0ba000 	/System/Library/PrivateFrameworks/AppleSRP.framework/Versions/A/AppleSRP
0x00007ff81801d000 	/System/Library/Frameworks/ServiceManagement.framework/Versions/A/ServiceManagement
0x00007ff81cc90000 	/System/Library/PrivateFrameworks/SecCodeWrapper.framework/Versions/A/SecCodeWrapper
0x000000012acb7000 	/System/Library/Frameworks/FileProvider.framework/OverrideBundles/FileProviderOverride.bundle/Contents/MacOS/FileProviderOverride
0x000000012ad82000 	/System/Library/Frameworks/FileProvider.framework/OverrideBundles/FinderSyncCollaborationFileProviderOverride.bundle/Contents/MacOS/FinderSyncCollaborationFileProviderOverride
0x00007ff92467e000 	/System/Library/PrivateFrameworks/FinderSyncPriv.framework/Versions/A/FinderSyncPriv
0x00007ff81555d000 	/System/Library/Frameworks/CloudKit.framework/Versions/A/CloudKit
0x00007ff822bed000 	/System/Library/PrivateFrameworks/C2.framework/Versions/A/C2
0x00007ff8164e3000 	/System/Library/Frameworks/CoreLocation.framework/Versions/A/CoreLocation
0x00007ffb10138000 	/System/Library/PrivateFrameworks/CloudKitDistributedSync.framework/Versions/A/CloudKitDistributedSync
0x00007ff822be5000 	/System/Library/Frameworks/PushKit.framework/Versions/A/PushKit
0x00007ff820f49000 	/System/Library/PrivateFrameworks/CoreTime.framework/Versions/A/CoreTime
0x00007ff8246de000 	/System/Library/PrivateFrameworks/RTCReporting.framework/Versions/A/RTCReporting
0x00007ff81cf5d000 	/System/Library/PrivateFrameworks/GeoServices.framework/Versions/A/GeoServices
0x00007ff81b5ba000 	/System/Library/PrivateFrameworks/LocationSupport.framework/Versions/A/LocationSupport
0x00007ffb141c9000 	/System/Library/PrivateFrameworks/GeoServicesCore.framework/Versions/A/GeoServicesCore
0x00007ff90f71c000 	/System/Library/PrivateFrameworks/PhoneNumbers.framework/Versions/A/PhoneNumbers
0x00007ff911d6b000 	/usr/lib/libFosl_dynamic.dylib
0x00007ff917d2c000 	/usr/lib/libncurses.5.4.dylib
0x00007ffa19c2c000 	/System/Library/Extensions/AppleIntelKBLGraphicsMTLDriver.bundle/Contents/MacOS/AppleIntelKBLGraphicsMTLDriver
0x00007ff913f7c000 	/System/Library/PrivateFrameworks/GPURawCounter.framework/Versions/A/GPURawCounter
0x00007ffb264cb000 	/usr/lib/libRosetta.dylib
0x00007ff81f0cb000 	/System/Library/PrivateFrameworks/SystemAdministration.framework/Versions/A/SystemAdministration
0x00007ff81a912000 	/System/Library/Frameworks/MediaToolbox.framework/Versions/A/MediaToolbox
0x00007ff81e97b000 	/System/Library/Frameworks/DirectoryService.framework/Versions/A/DirectoryService
0x00007ff82234d000 	/System/Library/PrivateFrameworks/DiskImages.framework/Versions/A/DiskImages
0x00007ff82252a000 	/System/Library/PrivateFrameworks/LoginUIKit.framework/Versions/A/Frameworks/LoginUICore.framework/Versions/A/LoginUICore
0x00007ff819e5f000 	/usr/lib/libodfde.dylib
0x00007ff8201ba000 	/System/Library/PrivateFrameworks/CoreAVCHD.framework/Versions/A/CoreAVCHD
0x00007ff81f08f000 	/System/Library/Frameworks/MediaAccessibility.framework/Versions/A/MediaAccessibility
0x00007ff8201b6000 	/System/Library/PrivateFrameworks/Mangrove.framework/Versions/A/Mangrove
0x00007ff81f09a000 	/System/Library/PrivateFrameworks/AlgosScoreFramework.framework/Versions/A/AlgosScoreFramework
0x00007ffb0ff31000 	/System/Library/PrivateFrameworks/CMPhoto.framework/Versions/A/CMPhoto
0x00007ff820d0e000 	/System/Library/PrivateFrameworks/AppleVPA.framework/Versions/A/AppleVPA
0x00007ff81fdfb000 	/System/Library/PrivateFrameworks/CoreAUC.framework/Versions/A/CoreAUC
0x00007ff8224bc000 	/usr/lib/libcurl.4.dylib
0x00007ffb26937000 	/usr/lib/libcrypto.46.dylib
0x00007ffb26e2c000 	/usr/lib/libssl.48.dylib
0x00007ff8221df000 	/System/Library/Frameworks/LDAP.framework/Versions/A/LDAP
0x00007ff822217000 	/System/Library/PrivateFrameworks/TrustEvaluationAgent.framework/Versions/A/TrustEvaluationAgent
0x00007ff81b863000 	/usr/lib/libsasl2.2.dylib


VM Arguments:
jvm_args: -Dfile.encoding=UTF-8 -Duser.country=GB -Duser.language=en -Duser.variant 
java_command: seedu.address.Main
java_class_path (initial): /Users/izzhafeez/Documents/School/CS2103T/tp/build/classes/java/main:/Users/izzhafeez/Documents/School/CS2103T/tp/build/resources/main:/Users/izzhafeez/.gradle/caches/modules-2/files-2.1/org.openjfx/javafx-fxml/11/d5ff9262ef49d166db658d15f37e3ecff38fde4b/javafx-fxml-11-win.jar:/Users/izzhafeez/.gradle/caches/modules-2/files-2.1/org.openjfx/javafx-fxml/11/e0f5bb81e21054b59f2ebfa727d40a90ee0260d3/javafx-fxml-11-mac.jar:/Users/izzhafeez/.gradle/caches/modules-2/files-2.1/org.openjfx/javafx-fxml/11/e7a757b580fc3e2e1a121768606c7836eef418c/javafx-fxml-11-linux.jar:/Users/izzhafeez/.gradle/caches/modules-2/files-2.1/org.openjfx/javafx-controls/11/af8d24de44e16a19ae959028eb23a48c145fb682/javafx-controls-11-win.jar:/Users/izzhafeez/.gradle/caches/modules-2/files-2.1/org.openjfx/javafx-controls/11/e3a24a14e8732abc6dc173f15872dc63e2a32e16/javafx-controls-11-mac.jar:/Users/izzhafeez/.gradle/caches/modules-2/files-2.1/org.openjfx/javafx-controls/11/794488e3b1f4635d9a1b842bdc872a5eb8fd54ca/javafx-controls-11-linux.jar:/Users/izzhafeez/.gradle/caches/modules-2/files-2.1/org.openjfx/javafx-controls/11/58d961774262ec972bf304e16c154a8e18c2050b/javafx-controls-11.jar:/Users/izzhafeez/.gradle/caches/modules-2/files-2.1/org.openjfx/javafx-graphics/11/9345c7ea43dbcc73a62eca5332717b4ce617e6c6/javafx-graphics-11-win.jar:/Users/izzhafeez/.gradle/caches/modules-2/files-2.1/org.openjfx/javafx-graphics/11/af47a6d3668d3ce1c61e1fe13c44471b6f8d469/javafx-graphics-11-mac.jar:/Users/izzhafeez/.gradle/caches/modules-2/files-2.1/org.openjfx/javafx-graphics/11/4ab9edd8d481a420044c473fdb5718ccdd35c836/javafx-graphics-11-linux.jar:/Users/izzhafeez/.gradle/caches/modules-2/files-2.1/org.openjfx/javafx-graphics/11/a736dd079047ec0b72b8c4970842a5c5e0c19f2f/javafx-graphics-11.jar:/Users/izzhafeez/.gradle/caches/modules-2/files-2.1/org.openjfx/javafx-base/11/ad3a4acfaa28b484d30c40c1f009445cc3f6e68b/javafx-base-11-win.jar:/Users/izzhafeez/.gradle/caches/modules-2/files-2.1/org.open
Launcher Type: SUN_STANDARD

[Global flags]
     intx CICompilerCount                          = 3                                         {product} {ergonomic}
     uint ConcGCThreads                            = 1                                         {product} {ergonomic}
     uint G1ConcRefinementThreads                  = 4                                         {product} {ergonomic}
   size_t G1HeapRegionSize                         = 1048576                                   {product} {ergonomic}
    uintx GCDrainStackTargetSize                   = 64                                        {product} {ergonomic}
   size_t InitialHeapSize                          = 134217728                                 {product} {ergonomic}
   size_t MarkStackSize                            = 4194304                                   {product} {ergonomic}
   size_t MaxHeapSize                              = 2147483648                                {product} {ergonomic}
   size_t MaxNewSize                               = 1287651328                                {product} {ergonomic}
   size_t MinHeapDeltaBytes                        = 1048576                                   {product} {ergonomic}
    uintx NonNMethodCodeHeapSize                   = 5830732                                {pd product} {ergonomic}
    uintx NonProfiledCodeHeapSize                  = 122913754                              {pd product} {ergonomic}
    uintx ProfiledCodeHeapSize                     = 122913754                              {pd product} {ergonomic}
    uintx ReservedCodeCacheSize                    = 251658240                              {pd product} {ergonomic}
     bool SegmentedCodeCache                       = true                                      {product} {ergonomic}
     bool UseCompressedClassPointers               = true                                 {lp64_product} {ergonomic}
     bool UseCompressedOops                        = true                                 {lp64_product} {ergonomic}
     bool UseG1GC                                  = true                                      {product} {ergonomic}

Logging:
Log output configuration:
 #0: stdout all=warning uptime,level,tags
 #1: stderr all=off uptime,level,tags

Environment Variables:
PATH=/Users/izzhafeez/.cargo/bin:/Users/izzhafeez/opt/anaconda3/bin:/Users/izzhafeez/opt/anaconda3/condabin:/Library/Frameworks/Python.framework/Versions/3.8/bin:/anaconda3/bin:/Library/Frameworks/Python.framework/Versions/3.7/bin:/usr/local/bin:/usr/bin:/bin:/usr/sbin:/sbin:/Library/PostgreSQL/14/bin:/Library/TeX/texbin:/Library/Apple/usr/bin
SHELL=/bin/bash

Signal Handlers:
SIGSEGV: [libjvm.dylib+0x735418], sa_mask[0]=11111111011111110111111111111111, sa_flags=SA_ONSTACK|SA_RESTART|SA_SIGINFO
SIGBUS: [libjvm.dylib+0x735418], sa_mask[0]=11111111011111110111111111111111, sa_flags=SA_RESTART|SA_SIGINFO
SIGFPE: [libjvm.dylib+0x735418], sa_mask[0]=11111111011111110111111111111111, sa_flags=SA_RESTART|SA_SIGINFO
SIGPIPE: [libjvm.dylib+0x5dce9e], sa_mask[0]=11111111011111110111111111111111, sa_flags=SA_RESTART|SA_SIGINFO
SIGXFSZ: [libjvm.dylib+0x5dce9e], sa_mask[0]=11111111011111110111111111111111, sa_flags=SA_RESTART|SA_SIGINFO
SIGILL: [libjvm.dylib+0x735418], sa_mask[0]=11111111011111110111111111111111, sa_flags=SA_RESTART|SA_SIGINFO
SIGUSR2: [libjvm.dylib+0x5dd483], sa_mask[0]=00100000000000000000000000000000, sa_flags=SA_RESTART|SA_SIGINFO
SIGHUP: [libjvm.dylib+0x5dc143], sa_mask[0]=11111111011111110111111111111111, sa_flags=SA_RESTART|SA_SIGINFO
SIGINT: [libjvm.dylib+0x5dc143], sa_mask[0]=11111111011111110111111111111111, sa_flags=SA_RESTART|SA_SIGINFO
SIGTERM: [libjvm.dylib+0x5dc143], sa_mask[0]=11111111011111110111111111111111, sa_flags=SA_RESTART|SA_SIGINFO
SIGQUIT: [libjvm.dylib+0x5dc143], sa_mask[0]=11111111011111110111111111111111, sa_flags=SA_RESTART|SA_SIGINFO


---------------  S Y S T E M  ---------------

OS:uname:Darwin 21.6.0 Darwin Kernel Version 21.6.0: Mon Dec 19 20:44:01 PST 2022; root:xnu-8020.240.18~2/RELEASE_X86_64 x86_64
rlimit: STACK 8192k, CORE 0k, NPROC 1392, NOFILE 10240, AS infinity, DATA infinity, FSIZE infinity
load average:3.87 4.96 6.31

CPU:total 4 (initial active 4) (2 cores per cpu, 2 threads per core) family 6 model 142 stepping 9, cmov, cx8, fxsr, mmx, sse, sse2, sse3, ssse3, sse4.1, sse4.2, popcnt, avx, avx2, aes, clmul, erms, 3dnowpref, lzcnt, ht, tsc, tscinvbit, bmi1, bmi2, adx, fma

Memory: 4k page, physical 8388608k(51992k free)

vm_info: Java HotSpot(TM) 64-Bit Server VM (12.0.2+10) for bsd-amd64 JRE (12.0.2+10), built on Jul 16 2019 00:56:38 by "mach5one" with gcc 4.2.1 Compatible Apple LLVM 9.1.0 (clang-902.0.39.2)

END.
