#
# A fatal error has been detected by the Java Runtime Environment:
#
#  Internal Error (safepoint.cpp:899), pid=5004, tid=27651
#  fatal error: Illegal threadstate encountered: 4
#
# JRE version: Java(TM) SE Runtime Environment (12.0.2+10) (build 12.0.2+10)
# Java VM: Java HotSpot(TM) 64-Bit Server VM (12.0.2+10, mixed mode, sharing, tiered, compressed oops, g1 gc, bsd-amd64)
# No core dump will be written. Core dumps have been disabled. To enable core dumping, try "ulimit -c unlimited" before starting Java again
#
# If you would like to submit a bug report, please visit:
#   http://bugreport.java.com/bugreport/crash.jsp
# The crash happened outside the Java Virtual Machine in native code.
# See problematic frame for where to report the bug.
#

---------------  S U M M A R Y ------------

Command Line: -Dfile.encoding=UTF-8 -Duser.country=GB -Duser.language=en -Duser.variant seedu.address.Main

Host: MacBookAir8,1 x86_64 1600 MHz, 4 cores, 8G, Darwin 21.6.0
Time: Sat Mar 18 18:00:11 2023 +08 elapsed time: 66 seconds (0d 0h 1m 6s)

---------------  T H R E A D  ---------------

Current thread (0x00007f7de81f3000):  JavaThread "InvokeLaterDispatcher" daemon [_thread_in_native, id=27651, stack(0x000070000c7b1000,0x000070000c8b1000)]

Stack: [0x000070000c7b1000,0x000070000c8b1000],  sp=0x000070000c8af390,  free space=1016k
Native frames: (J=compiled Java code, A=aot compiled Java code, j=interpreted, Vv=VM code, C=native code)
V  [libjvm.dylib+0x734734]  _ZN7VMError14report_and_dieEiPKcS1_P13__va_list_tagP6ThreadPhPvS7_S1_im+0x5c0
V  [libjvm.dylib+0x734d4b]  _ZN7VMError14report_and_dieEP6ThreadPvPKciS4_S4_P13__va_list_tag+0x47
V  [libjvm.dylib+0x25b4b1]  _Z12report_fatalPKciS0_z+0xb5
V  [libjvm.dylib+0x649d97]  _ZN20SafepointSynchronize5blockEP10JavaThread+0x1d1
V  [libjvm.dylib+0x6e44a0]  _ZN10JavaThread44check_safepoint_and_suspend_for_native_transEPS_+0xa2
V  [libjvm.dylib+0x3c8a26]  jni_DeleteGlobalRef+0x8b
C  [libglass.dylib+0x8871]  -[GlassRunnable dealloc]+0x31
C  [Foundation+0x818be]  -[_NSThreadPerformInfo dealloc]+0x2a
C  [Foundation+0x4e446]  -[NSObject(NSThreadPerformAdditions) performSelectorOnMainThread:withObject:waitUntilDone:]+0x7c
j  com.sun.glass.ui.mac.MacApplication._submitForLaterInvocation(Ljava/lang/Runnable;)V+0
j  com.sun.glass.ui.mac.MacApplication.submitForLaterInvocation(Ljava/lang/Runnable;)V+2
j  com.sun.glass.ui.InvokeLaterDispatcher.run()V+82
v  ~StubRoutines::call_stub
V  [libjvm.dylib+0x392641]  _ZN9JavaCalls11call_helperEP9JavaValueRK12methodHandleP17JavaCallArgumentsP6Thread+0x285
V  [libjvm.dylib+0x391a20]  _ZN9JavaCalls12call_virtualEP9JavaValueP5KlassP6SymbolS5_P17JavaCallArgumentsP6Thread+0xee
V  [libjvm.dylib+0x391adc]  _ZN9JavaCalls12call_virtualEP9JavaValue6HandleP5KlassP6SymbolS6_P6Thread+0x62
V  [libjvm.dylib+0x4101e8]  _ZL12thread_entryP10JavaThreadP6Thread+0x78
V  [libjvm.dylib+0x6e2ecc]  _ZN10JavaThread17thread_main_innerEv+0x82
V  [libjvm.dylib+0x6e2d16]  _ZN10JavaThread3runEv+0x16c
V  [libjvm.dylib+0x6e0c1c]  _ZN6Thread8call_runEv+0x68
V  [libjvm.dylib+0x5db0df]  _ZL19thread_native_entryP6Thread+0x139
C  [libsystem_pthread.dylib+0x64e1]  _pthread_start+0x7d
C  [libsystem_pthread.dylib+0x1f6b]  thread_start+0xf

Java frames: (J=compiled Java code, j=interpreted, Vv=VM code)
j  com.sun.glass.ui.mac.MacApplication._submitForLaterInvocation(Ljava/lang/Runnable;)V+0
j  com.sun.glass.ui.mac.MacApplication.submitForLaterInvocation(Ljava/lang/Runnable;)V+2
j  com.sun.glass.ui.InvokeLaterDispatcher.run()V+82
v  ~StubRoutines::call_stub

---------------  P R O C E S S  ---------------

Threads class SMR info:
_java_thread_list=0x0000600001bd7780, length=16, elements={
0x00007f7de880a000, 0x00007f7dea00f800, 0x00007f7de8078000, 0x00007f7de9832000,
0x00007f7dea012800, 0x00007f7de807d800, 0x00007f7de9833000, 0x00007f7de9834000,
0x00007f7dea02e000, 0x00007f7dea042800, 0x00007f7dea153000, 0x00007f7de81f3000,
0x00007f7dea16a000, 0x00007f7de821b800, 0x00007f7de8235000, 0x00007f7dea2ff800
}

Java Threads: ( => current thread )
  0x00007f7de880a000 JavaThread "main" [_thread_blocked, id=5891, stack(0x000070000b3f2000,0x000070000b4f2000)]
  0x00007f7dea00f800 JavaThread "Reference Handler" daemon [_thread_blocked, id=14083, stack(0x000070000bb07000,0x000070000bc07000)]
  0x00007f7de8078000 JavaThread "Finalizer" daemon [_thread_blocked, id=14851, stack(0x000070000bc0a000,0x000070000bd0a000)]
  0x00007f7de9832000 JavaThread "Signal Dispatcher" daemon [_thread_blocked, id=17411, stack(0x000070000be96000,0x000070000bf96000)]
  0x00007f7dea012800 JavaThread "C2 CompilerThread0" daemon [_thread_blocked, id=21763, stack(0x000070000bf99000,0x000070000c099000)]
  0x00007f7de807d800 JavaThread "C1 CompilerThread0" daemon [_thread_blocked, id=22019, stack(0x000070000c09c000,0x000070000c19c000)]
  0x00007f7de9833000 JavaThread "Sweeper thread" daemon [_thread_blocked, id=22275, stack(0x000070000c19f000,0x000070000c29f000)]
  0x00007f7de9834000 JavaThread "Service Thread" daemon [_thread_blocked, id=22787, stack(0x000070000c2a2000,0x000070000c3a2000)]
  0x00007f7dea02e000 JavaThread "Common-Cleaner" daemon [_thread_blocked, id=23555, stack(0x000070000c4a8000,0x000070000c5a8000)]
  0x00007f7dea042800 JavaThread "JavaFX-Launcher" [_thread_blocked, id=41475, stack(0x000070000c5ab000,0x000070000c6ab000)]
  0x00007f7dea153000 JavaThread "QuantumRenderer-0" daemon [_thread_blocked, id=40707, stack(0x000070000c6ae000,0x000070000c7ae000)]
=>0x00007f7de81f3000 JavaThread "InvokeLaterDispatcher" daemon [_thread_in_native, id=27651, stack(0x000070000c7b1000,0x000070000c8b1000)]
  0x00007f7dea16a000 JavaThread "JavaFX Application Thread" [_thread_in_native, id=259, stack(0x00007ff7bde58000,0x00007ff7be658000)]
  0x00007f7de821b800 JavaThread "Thread-3" daemon [_thread_in_native, id=47111, stack(0x000070000c8b4000,0x000070000c934000)]
  0x00007f7de8235000 JavaThread "Prism Font Disposer" daemon [_thread_blocked, id=58635, stack(0x000070000cdc9000,0x000070000cec9000)]
  0x00007f7dea2ff800 JavaThread "Cleaner-0" daemon [_thread_blocked, id=60679, stack(0x000070000cfd2000,0x000070000d0d2000)]

Other Threads:
  0x00007f7de982f000 VMThread "VM Thread" [stack: 0x000070000ba04000,0x000070000bb04000] [id=19459]
  0x00007f7dea01b800 WatcherThread [stack: 0x000070000c3a5000,0x000070000c4a5000] [id=23299]
  0x00007f7de8027000 GCTaskThread "GC Thread#0" [stack: 0x000070000b4f5000,0x000070000b5f5000] [id=20995]
  0x00007f7dea208800 GCTaskThread "GC Thread#1" [stack: 0x000070000cac0000,0x000070000cbc0000] [id=79111]
  0x00007f7dea209800 GCTaskThread "GC Thread#2" [stack: 0x000070000cbc3000,0x000070000ccc3000] [id=54531]
  0x00007f7dea20a000 GCTaskThread "GC Thread#3" [stack: 0x000070000ccc6000,0x000070000cdc6000] [id=54787]
  0x00007f7de9820800 ConcurrentGCThread "G1 Main Marker" [stack: 0x000070000b5f8000,0x000070000b6f8000] [id=11523]
  0x00007f7de8815800 ConcurrentGCThread "G1 Conc#0" [stack: 0x000070000b6fb000,0x000070000b7fb000] [id=12291]
  0x00007f7de805c800 ConcurrentGCThread "G1 Refine#0" [stack: 0x000070000b7fe000,0x000070000b8fe000] [id=12547]
  0x00007f7de805d800 ConcurrentGCThread "G1 Young RemSet Sampling" [stack: 0x000070000b901000,0x000070000ba01000] [id=13059]

Threads with active compile tasks:

VM state:not at safepoint (normal execution)

VM Mutex/Monitor currently owned by a thread: None

Heap address: 0x0000000780000000, size: 2048 MB, Compressed Oops mode: Zero based, Oop shift amount: 3
Narrow klass base: 0x0000000800000000, Narrow klass shift: 3
Compressed class space size: 1073741824 Address: 0x0000000801101000

Heap:
 garbage-first heap   total 48128K, used 36749K [0x0000000780000000, 0x0000000800000000)
  region size 1024K, 26 young (26624K), 2 survivors (2048K)
 Metaspace       used 24470K, capacity 25643K, committed 25856K, reserved 1071104K
  class space    used 3344K, capacity 3838K, committed 3840K, reserved 1048576K
Heap Regions: E=young(eden), S=young(survivor), O=old, HS=humongous(starts), HC=humongous(continues), CS=collection set, F=free, A=archive, TAMS=top-at-mark-start (previous, next)
|   0|0x0000000780000000, 0x0000000780100000, 0x0000000780100000|100%| O|  |TAMS 0x0000000780100000, 0x0000000780000000| Untracked 
|   1|0x0000000780100000, 0x0000000780200000, 0x0000000780200000|100%| O|  |TAMS 0x0000000780200000, 0x0000000780100000| Untracked 
|   2|0x0000000780200000, 0x0000000780300000, 0x0000000780300000|100%| O|  |TAMS 0x0000000780300000, 0x0000000780200000| Untracked 
|   3|0x0000000780300000, 0x0000000780400000, 0x0000000780400000|100%| O|  |TAMS 0x0000000780400000, 0x0000000780300000| Untracked 
|   4|0x0000000780400000, 0x0000000780500000, 0x0000000780500000|100%| O|  |TAMS 0x000000078042fa00, 0x0000000780400000| Untracked 
|   5|0x0000000780500000, 0x0000000780600000, 0x0000000780600000|100%| O|  |TAMS 0x0000000780500000, 0x0000000780500000| Untracked 
|   6|0x0000000780600000, 0x0000000780700000, 0x0000000780700000|100%| O|  |TAMS 0x0000000780600000, 0x0000000780600000| Untracked 
|   7|0x0000000780700000, 0x0000000780800000, 0x0000000780800000|100%| O|  |TAMS 0x0000000780700000, 0x0000000780700000| Untracked 
|   8|0x0000000780800000, 0x000000078084d600, 0x0000000780900000| 30%| O|  |TAMS 0x0000000780800000, 0x0000000780800000| Untracked 
|   9|0x0000000780900000, 0x0000000780a00000, 0x0000000780a00000|100%|HS|  |TAMS 0x0000000780900000, 0x0000000780900000| Complete 
|  10|0x0000000780a00000, 0x0000000780b00000, 0x0000000780b00000|100%|HC|  |TAMS 0x0000000780a00000, 0x0000000780a00000| Complete 
|  11|0x0000000780b00000, 0x0000000780b00000, 0x0000000780c00000|  0%| F|  |TAMS 0x0000000780b00000, 0x0000000780b00000| Untracked 
|  12|0x0000000780c00000, 0x0000000780c00000, 0x0000000780d00000|  0%| F|  |TAMS 0x0000000780c00000, 0x0000000780c00000| Untracked 
|  13|0x0000000780d00000, 0x0000000780d00000, 0x0000000780e00000|  0%| F|  |TAMS 0x0000000780d00000, 0x0000000780d00000| Untracked 
|  14|0x0000000780e00000, 0x0000000780e00000, 0x0000000780f00000|  0%| F|  |TAMS 0x0000000780e00000, 0x0000000780e00000| Untracked 
|  15|0x0000000780f00000, 0x0000000780f00000, 0x0000000781000000|  0%| F|  |TAMS 0x0000000780f00000, 0x0000000780f00000| Untracked 
|  16|0x0000000781000000, 0x0000000781000000, 0x0000000781100000|  0%| F|  |TAMS 0x0000000781000000, 0x0000000781000000| Untracked 
|  17|0x0000000781100000, 0x0000000781100000, 0x0000000781200000|  0%| F|  |TAMS 0x0000000781100000, 0x0000000781100000| Untracked 
|  18|0x0000000781200000, 0x0000000781200000, 0x0000000781300000|  0%| F|  |TAMS 0x0000000781200000, 0x0000000781200000| Untracked 
|  19|0x0000000781300000, 0x0000000781400000, 0x0000000781400000|100%| E|  |TAMS 0x0000000781300000, 0x0000000781300000| Complete 
|  20|0x0000000781400000, 0x0000000781500000, 0x0000000781500000|100%| E|CS|TAMS 0x0000000781400000, 0x0000000781400000| Complete 
|  21|0x0000000781500000, 0x0000000781600000, 0x0000000781600000|100%| E|CS|TAMS 0x0000000781500000, 0x0000000781500000| Complete 
|  22|0x0000000781600000, 0x0000000781700000, 0x0000000781700000|100%| E|CS|TAMS 0x0000000781600000, 0x0000000781600000| Complete 
|  23|0x0000000781700000, 0x0000000781800000, 0x0000000781800000|100%| E|CS|TAMS 0x0000000781700000, 0x0000000781700000| Complete 
|  24|0x0000000781800000, 0x0000000781900000, 0x0000000781900000|100%| E|CS|TAMS 0x0000000781800000, 0x0000000781800000| Complete 
|  25|0x0000000781900000, 0x0000000781a00000, 0x0000000781a00000|100%| E|CS|TAMS 0x0000000781900000, 0x0000000781900000| Complete 
|  26|0x0000000781a00000, 0x0000000781b00000, 0x0000000781b00000|100%| E|CS|TAMS 0x0000000781a00000, 0x0000000781a00000| Complete 
|  27|0x0000000781b00000, 0x0000000781c00000, 0x0000000781c00000|100%| E|CS|TAMS 0x0000000781b00000, 0x0000000781b00000| Complete 
|  28|0x0000000781c00000, 0x0000000781d00000, 0x0000000781d00000|100%| E|CS|TAMS 0x0000000781c00000, 0x0000000781c00000| Complete 
|  29|0x0000000781d00000, 0x0000000781e00000, 0x0000000781e00000|100%| E|CS|TAMS 0x0000000781d00000, 0x0000000781d00000| Complete 
|  30|0x0000000781e00000, 0x0000000781f00000, 0x0000000781f00000|100%| E|CS|TAMS 0x0000000781e00000, 0x0000000781e00000| Complete 
|  31|0x0000000781f00000, 0x0000000782000000, 0x0000000782000000|100%| E|CS|TAMS 0x0000000781f00000, 0x0000000781f00000| Complete 
|  32|0x0000000782000000, 0x0000000782100000, 0x0000000782100000|100%| E|CS|TAMS 0x0000000782000000, 0x0000000782000000| Complete 
|  33|0x0000000782100000, 0x0000000782200000, 0x0000000782200000|100%| E|CS|TAMS 0x0000000782100000, 0x0000000782100000| Complete 
|  34|0x0000000782200000, 0x0000000782300000, 0x0000000782300000|100%| E|CS|TAMS 0x0000000782200000, 0x0000000782200000| Complete 
|  35|0x0000000782300000, 0x0000000782400000, 0x0000000782400000|100%| E|CS|TAMS 0x0000000782300000, 0x0000000782300000| Complete 
|  36|0x0000000782400000, 0x0000000782500000, 0x0000000782500000|100%| E|CS|TAMS 0x0000000782400000, 0x0000000782400000| Complete 
|  37|0x0000000782500000, 0x0000000782600000, 0x0000000782600000|100%| E|CS|TAMS 0x0000000782500000, 0x0000000782500000| Complete 
|  38|0x0000000782600000, 0x0000000782700000, 0x0000000782700000|100%| E|CS|TAMS 0x0000000782600000, 0x0000000782600000| Complete 
|  39|0x0000000782700000, 0x0000000782800000, 0x0000000782800000|100%| E|CS|TAMS 0x0000000782700000, 0x0000000782700000| Complete 
|  40|0x0000000782800000, 0x0000000782900000, 0x0000000782900000|100%| E|CS|TAMS 0x0000000782800000, 0x0000000782800000| Complete 
|  41|0x0000000782900000, 0x0000000782a00000, 0x0000000782a00000|100%| E|CS|TAMS 0x0000000782900000, 0x0000000782900000| Complete 
| 109|0x0000000786d00000, 0x0000000786dde120, 0x0000000786e00000| 86%| S|CS|TAMS 0x0000000786d00000, 0x0000000786d00000| Complete 
| 110|0x0000000786e00000, 0x0000000786f00000, 0x0000000786f00000|100%| S|CS|TAMS 0x0000000786e00000, 0x0000000786e00000| Complete 
| 127|0x0000000787f00000, 0x0000000788000000, 0x0000000788000000|100%| E|CS|TAMS 0x0000000787f00000, 0x0000000787f00000| Complete 
|1022|0x00000007bfe00000, 0x00000007bfe48000, 0x00000007bff00000| 28%|OA|  |TAMS 0x00000007bfe48000, 0x00000007bfe00000| Untracked 
|1023|0x00000007bff00000, 0x00000007bff70000, 0x00000007c0000000| 43%|CA|  |TAMS 0x00000007bff70000, 0x00000007bff00000| Untracked 

Card table byte_map: [0x0000000102051000,0x0000000102451000] _byte_map_base: 0x00000000fe451000

Marking Bits (Prev, Next): (CMBitMap*) 0x00007f7de9809c58, (CMBitMap*) 0x00007f7de9809c18
 Prev Bits: [0x0000000105820000, 0x0000000107820000)
 Next Bits: [0x0000000103820000, 0x0000000105820000)

Polling page: 0x00000001019dd000

Metaspace:

Usage:
  Non-class:     21.29 MB capacity,    20.63 MB ( 97%) used,   546.59 KB (  3%) free+waste,   132.81 KB ( <1%) overhead. 
      Class:      3.75 MB capacity,     3.27 MB ( 87%) used,   423.25 KB ( 11%) free+waste,    69.81 KB (  2%) overhead. 
       Both:     25.04 MB capacity,    23.90 MB ( 95%) used,   969.84 KB (  4%) free+waste,   202.62 KB ( <1%) overhead. 

Virtual space:
  Non-class space:       22.00 MB reserved,      21.50 MB ( 98%) committed 
      Class space:        1.00 GB reserved,       3.75 MB ( <1%) committed 
             Both:        1.02 GB reserved,      25.25 MB (  2%) committed 

Chunk freelists:
   Non-Class:  0 bytes
       Class:  0 bytes
        Both:  0 bytes

CodeHeap 'non-profiled nmethods': size=120032Kb used=1429Kb max_used=1429Kb free=118602Kb
 bounds [0x00000001187a6000, 0x0000000118a16000, 0x000000011fcde000]
CodeHeap 'profiled nmethods': size=120032Kb used=7991Kb max_used=7991Kb free=112040Kb
 bounds [0x000000011126e000, 0x0000000111a3e000, 0x00000001187a6000]
CodeHeap 'non-nmethods': size=5696Kb used=1383Kb max_used=1419Kb free=4312Kb
 bounds [0x0000000110cde000, 0x0000000110f4e000, 0x000000011126e000]
 total_blobs=5313 nmethods=3911 adapters=741
 compilation: enabled
              stopped_count=0, restarted_count=0
 full_count=0

Compilation events (10 events):
Event: 66.626 Thread 0x00007f7de807d800 3970       3       javafx.scene.Node::buildEventDispatchChain (100 bytes)
Event: 66.628 Thread 0x00007f7de807d800 nmethod 3970 0x0000000111a38590 code [0x0000000111a388a0, 0x0000000111a3a0a8]
Event: 66.634 Thread 0x00007f7de807d800 3971       3       com.sun.javafx.event.EventDispatchChainImpl::insertFirst (42 bytes)
Event: 66.634 Thread 0x00007f7de807d800 nmethod 3971 0x0000000111a3a690 code [0x0000000111a3a860, 0x0000000111a3abd0]
Event: 66.634 Thread 0x00007f7de807d800 3972       3       com.sun.javafx.css.PseudoClassState::contains (6 bytes)
Event: 66.635 Thread 0x00007f7de807d800 nmethod 3972 0x0000000111a3ad10 code [0x0000000111a3aec0, 0x0000000111a3b068]
Event: 66.635 Thread 0x00007f7de807d800 3973       3       com.sun.javafx.css.BitSet::contains (63 bytes)
Event: 66.635 Thread 0x00007f7de807d800 nmethod 3973 0x0000000111a3b110 code [0x0000000111a3b300, 0x0000000111a3b868]
Event: 66.711 Thread 0x00007f7de807d800 3974       3       java.util.concurrent.atomic.AtomicBoolean::set (14 bytes)
Event: 66.711 Thread 0x00007f7de807d800 nmethod 3974 0x0000000111a3ba10 code [0x0000000111a3bbc0, 0x0000000111a3bd90]

GC Heap History (8 events):
Event: 1.903 GC heap before
{Heap before GC invocations=0 (full 0):
 garbage-first heap   total 133120K, used 15072K [0x0000000780000000, 0x0000000800000000)
  region size 1024K, 14 young (14336K), 0 survivors (0K)
 Metaspace       used 4178K, capacity 6966K, committed 7296K, reserved 1056768K
  class space    used 473K, capacity 773K, committed 896K, reserved 1048576K
}
Event: 1.924 GC heap after
{Heap after GC invocations=1 (full 0):
 garbage-first heap   total 133120K, used 4985K [0x0000000780000000, 0x0000000800000000)
  region size 1024K, 2 young (2048K), 2 survivors (2048K)
 Metaspace       used 4178K, capacity 6966K, committed 7296K, reserved 1056768K
  class space    used 473K, capacity 773K, committed 896K, reserved 1048576K
}
Event: 2.980 GC heap before
{Heap before GC invocations=1 (full 0):
 garbage-first heap   total 133120K, used 16249K [0x0000000780000000, 0x0000000800000000)
  region size 1024K, 13 young (13312K), 2 survivors (2048K)
 Metaspace       used 7005K, capacity 9355K, committed 9600K, reserved 1058816K
  class space    used 769K, capacity 1036K, committed 1152K, reserved 1048576K
}
Event: 2.989 GC heap after
{Heap after GC invocations=2 (full 0):
 garbage-first heap   total 133120K, used 5611K [0x0000000780000000, 0x0000000800000000)
  region size 1024K, 1 young (1024K), 1 survivors (1024K)
 Metaspace       used 7005K, capacity 9355K, committed 9600K, reserved 1058816K
  class space    used 769K, capacity 1036K, committed 1152K, reserved 1048576K
}
Event: 6.343 GC heap before
{Heap before GC invocations=2 (full 0):
 garbage-first heap   total 133120K, used 40427K [0x0000000780000000, 0x0000000800000000)
  region size 1024K, 35 young (35840K), 1 survivors (1024K)
 Metaspace       used 15898K, capacity 16449K, committed 16640K, reserved 1062912K
  class space    used 2012K, capacity 2218K, committed 2304K, reserved 1048576K
}
Event: 6.354 GC heap after
{Heap after GC invocations=3 (full 0):
 garbage-first heap   total 133120K, used 9293K [0x0000000780000000, 0x0000000800000000)
  region size 1024K, 5 young (5120K), 5 survivors (5120K)
 Metaspace       used 15898K, capacity 16449K, committed 16640K, reserved 1062912K
  class space    used 2012K, capacity 2218K, committed 2304K, reserved 1048576K
}
Event: 8.467 GC heap before
{Heap before GC invocations=3 (full 0):
 garbage-first heap   total 133120K, used 25677K [0x0000000780000000, 0x0000000800000000)
  region size 1024K, 22 young (22528K), 5 survivors (5120K)
 Metaspace       used 20215K, capacity 21103K, committed 21248K, reserved 1067008K
  class space    used 2857K, capacity 3229K, committed 3328K, reserved 1048576K
}
Event: 8.491 GC heap after
{Heap after GC invocations=4 (full 0):
 garbage-first heap   total 133120K, used 11149K [0x0000000780000000, 0x0000000800000000)
  region size 1024K, 2 young (2048K), 2 survivors (2048K)
 Metaspace       used 20215K, capacity 21103K, committed 21248K, reserved 1067008K
  class space    used 2857K, capacity 3229K, committed 3328K, reserved 1048576K
}

Deoptimization events (10 events):
Event: 7.218 Thread 0x00007f7dea16a000 Uncommon trap: reason=unstable_if action=reinterpret pc=0x00000001187bbf30 method=java.lang.String.isLatin1()Z @ 10 c2
Event: 7.299 Thread 0x00007f7dea16a000 Uncommon trap: reason=class_check action=maybe_recompile pc=0x000000011881ad40 method=java.util.Objects.equals(Ljava/lang/Object;Ljava/lang/Object;)Z @ 11 c2
Event: 7.299 Thread 0x00007f7dea16a000 Uncommon trap: reason=class_check action=maybe_recompile pc=0x000000011881ad40 method=java.util.Objects.equals(Ljava/lang/Object;Ljava/lang/Object;)Z @ 11 c2
Event: 7.299 Thread 0x00007f7dea16a000 Uncommon trap: reason=class_check action=maybe_recompile pc=0x000000011881ad40 method=java.util.Objects.equals(Ljava/lang/Object;Ljava/lang/Object;)Z @ 11 c2
Event: 7.299 Thread 0x00007f7dea16a000 Uncommon trap: reason=class_check action=maybe_recompile pc=0x000000011881ad40 method=java.util.Objects.equals(Ljava/lang/Object;Ljava/lang/Object;)Z @ 11 c2
Event: 9.696 Thread 0x00007f7dea153000 Uncommon trap: reason=unstable_if action=reinterpret pc=0x000000011888ab90 method=java.util.Arrays.equals([Ljava/lang/Object;[Ljava/lang/Object;)Z @ 23 c2
Event: 29.175 Thread 0x00007f7dea16a000 Uncommon trap: reason=bimorphic_or_optimized_type_check action=maybe_recompile pc=0x000000011888d800 method=java.util.HashMap.putVal(ILjava/lang/Object;Ljava/lang/Object;ZZ)Ljava/lang/Object; @ 56 c2
Event: 29.175 Thread 0x00007f7dea16a000 Uncommon trap: reason=bimorphic_or_optimized_type_check action=maybe_recompile pc=0x000000011888d800 method=java.util.HashMap.putVal(ILjava/lang/Object;Ljava/lang/Object;ZZ)Ljava/lang/Object; @ 56 c2
Event: 29.178 Thread 0x00007f7dea16a000 Uncommon trap: reason=unstable_if action=reinterpret pc=0x0000000118848214 method=java.lang.StringLatin1.trim([B)Ljava/lang/String; @ 19 c2
Event: 29.277 Thread 0x00007f7dea16a000 Uncommon trap: reason=unstable_if action=reinterpret pc=0x00000001187e0c34 method=java.util.concurrent.ConcurrentHashMap.get(Ljava/lang/Object;)Ljava/lang/Object; @ 76 c2

Classes redefined (0 events):
No events

Internal exceptions (10 events):
Event: 7.758 Thread 0x00007f7dea16a000 Exception <a 'java/io/FileNotFoundException'{0x00000007878103f0}> (0x00000007878103f0) thrown at [/scratch/mesos/slaves/ae206c0d-865c-4d69-a16b-c4e90bf2719f-S399/frameworks/1735e8a2-a1db-478c-8104-60c8b0af87dd-0196/executors/d4337cad-8111-46d8-8d39-fb2ce6
Event: 9.196 Thread 0x00007f7dea16a000 Exception <a 'java/lang/NoSuchMethodError'{0x00000007821b3f68}: java.lang.invoke.DirectMethodHandle$Holder.invokeStatic(Ljava/lang/Object;Ljava/lang/Object;II)Ljava/lang/Object;> (0x00000007821b3f68) thrown at [/scratch/mesos/slaves/ae206c0d-865c-4d69-a16
Event: 9.974 Thread 0x00007f7dea153000 Exception <a 'java/lang/NoSuchMethodError'{0x0000000781c7ba28}: java.lang.invoke.DirectMethodHandle$Holder.invokeStaticInit(Ljava/lang/Object;I)Ljava/lang/Object;> (0x0000000781c7ba28) thrown at [/scratch/mesos/slaves/ae206c0d-865c-4d69-a16b-c4e90bf2719f-
Event: 27.298 Thread 0x00007f7dea16a000 Exception <a 'java/lang/NoSuchMethodError'{0x0000000781b69460}: java.lang.invoke.DirectMethodHandle$Holder.invokeStatic(Ljava/lang/Object;Ljava/lang/Object;IIIIILjava/lang/Object;)Ljava/lang/Object;> (0x0000000781b69460) thrown at [/scratch/mesos/slaves/a
Event: 27.300 Thread 0x00007f7dea16a000 Exception <a 'java/lang/NoSuchMethodError'{0x0000000781b78a58}: java.lang.invoke.DirectMethodHandle$Holder.invokeStatic(Ljava/lang/Object;Ljava/lang/Object;Ljava/lang/Object;IIIII)Ljava/lang/Object;> (0x0000000781b78a58) thrown at [/scratch/mesos/slaves/a
Event: 27.301 Thread 0x00007f7dea16a000 Exception <a 'java/lang/NoSuchMethodError'{0x0000000781b7e8d8}: java.lang.invoke.Invokers$Holder.linkToTargetMethod(Ljava/lang/Object;Ljava/lang/Object;IIIIILjava/lang/Object;)Ljava/lang/Object;> (0x0000000781b7e8d8) thrown at [/scratch/mesos/slaves/ae206
Event: 27.306 Thread 0x00007f7dea16a000 Exception <a 'java/lang/NoSuchMethodError'{0x0000000781a19810}: java.lang.invoke.DirectMethodHandle$Holder.invokeStaticInit(Ljava/lang/Object;Ljava/lang/Object;Ljava/lang/Object;)J> (0x0000000781a19810) thrown at [/scratch/mesos/slaves/ae206c0d-865c-4d69-
Event: 27.309 Thread 0x00007f7dea16a000 Exception <a 'java/lang/NoSuchMethodError'{0x0000000781a2dd28}: java.lang.invoke.Invokers$Holder.linkToTargetMethod(Ljava/lang/Object;JLjava/lang/Object;)Ljava/lang/Object;> (0x0000000781a2dd28) thrown at [/scratch/mesos/slaves/ae206c0d-865c-4d69-a16b-c4e
Event: 29.181 Thread 0x00007f7dea16a000 Exception <a 'java/lang/NoSuchMethodError'{0x0000000781964bf0}: java.lang.invoke.DirectMethodHandle$Holder.invokeVirtual(Ljava/lang/Object;Ljava/lang/Object;)I> (0x0000000781964bf0) thrown at [/scratch/mesos/slaves/ae206c0d-865c-4d69-a16b-c4e90bf2719f-S39
Event: 29.188 Thread 0x00007f7dea16a000 Exception <a 'java/lang/NoSuchMethodError'{0x000000078180f820}: java.lang.invoke.DirectMethodHandle$Holder.invokeStatic(Ljava/lang/Object;Ljava/lang/Object;Ljava/lang/Object;Ljava/lang/Object;Ljava/lang/Object;Ljava/lang/Object;Ljava/lang/Object;Ljava/lan

Events (10 events):
Event: 65.762 Thread 0x00007f7de9833000 flushing nmethod 0x000000011127ec90
Event: 65.762 Thread 0x00007f7de9833000 flushing nmethod 0x0000000111283f90
Event: 65.762 Thread 0x00007f7de9833000 flushing nmethod 0x0000000111284410
Event: 65.762 Thread 0x00007f7de9833000 flushing nmethod 0x0000000111284f10
Event: 65.762 Thread 0x00007f7de9833000 flushing nmethod 0x0000000111285410
Event: 65.762 Thread 0x00007f7de9833000 flushing nmethod 0x0000000111285f90
Event: 65.762 Thread 0x00007f7de9833000 flushing nmethod 0x0000000111286490
Event: 65.762 Thread 0x00007f7de9833000 flushing nmethod 0x0000000111286990
Event: 65.762 Thread 0x00007f7de9833000 flushing nmethod 0x0000000111286e90
Event: 65.762 Thread 0x00007f7de9833000 flushing nmethod 0x0000000111287390


Dynamic libraries:
0x00000001019bf000 	/Library/Java/JavaVirtualMachines/jdk-12.0.2.jdk/Contents/Home/lib/libjli.dylib
0x00007ff80d178000 	/usr/lib/libz.1.dylib
0x00007ff80d258000 	/usr/lib/libSystem.B.dylib
0x00007ff80d253000 	/usr/lib/system/libcache.dylib
0x00007ff80d20f000 	/usr/lib/system/libcommonCrypto.dylib
0x00007ff80d238000 	/usr/lib/system/libcompiler_rt.dylib
0x00007ff80d22e000 	/usr/lib/system/libcopyfile.dylib
0x00007ff8021e6000 	/usr/lib/system/libcorecrypto.dylib
0x00007ff8022a4000 	/usr/lib/system/libdispatch.dylib
0x00007ff802464000 	/usr/lib/system/libdyld.dylib
0x00007ff80d24a000 	/usr/lib/system/libkeymgr.dylib
0x00007ff80d1ed000 	/usr/lib/system/libmacho.dylib
0x00007ff80c86e000 	/usr/lib/system/libquarantine.dylib
0x00007ff80d248000 	/usr/lib/system/libremovefile.dylib
0x00007ff8073f9000 	/usr/lib/system/libsystem_asl.dylib
0x00007ff80218f000 	/usr/lib/system/libsystem_blocks.dylib
0x00007ff802328000 	/usr/lib/system/libsystem_c.dylib
0x00007ff80d240000 	/usr/lib/system/libsystem_collections.dylib
0x00007ff80bb22000 	/usr/lib/system/libsystem_configuration.dylib
0x00007ff80adcb000 	/usr/lib/system/libsystem_containermanager.dylib
0x00007ff80cf25000 	/usr/lib/system/libsystem_coreservices.dylib
0x00007ff804a9a000 	/usr/lib/system/libsystem_darwin.dylib
0x00007ff80d24b000 	/usr/lib/system/libsystem_dnssd.dylib
0x00007ff802325000 	/usr/lib/system/libsystem_featureflags.dylib
0x00007ff80247a000 	/usr/lib/system/libsystem_info.dylib
0x00007ff80d18b000 	/usr/lib/system/libsystem_m.dylib
0x00007ff802278000 	/usr/lib/system/libsystem_malloc.dylib
0x00007ff807394000 	/usr/lib/system/libsystem_networkextension.dylib
0x00007ff804ec0000 	/usr/lib/system/libsystem_notify.dylib
0x00007ff8134ca000 	/usr/lib/system/libsystem_product_info_filter.dylib
0x00007ff80bb26000 	/usr/lib/system/libsystem_sandbox.dylib
0x00007ff80d245000 	/usr/lib/system/libsystem_secinit.dylib
0x00007ff802420000 	/usr/lib/system/libsystem_kernel.dylib
0x00007ff802470000 	/usr/lib/system/libsystem_platform.dylib
0x00007ff802458000 	/usr/lib/system/libsystem_pthread.dylib
0x00007ff808c47000 	/usr/lib/system/libsystem_symptoms.dylib
0x00007ff8021cd000 	/usr/lib/system/libsystem_trace.dylib
0x00007ff80d21b000 	/usr/lib/system/libunwind.dylib
0x00007ff802191000 	/usr/lib/system/libxpc.dylib
0x00007ff80240a000 	/usr/lib/libc++abi.dylib
0x00007ff8022eb000 	/usr/lib/libobjc.A.dylib
0x00007ff80d226000 	/usr/lib/liboah.dylib
0x00007ff8023b1000 	/usr/lib/libc++.1.dylib
0x00007ff8192cc000 	/System/Library/Frameworks/Cocoa.framework/Versions/A/Cocoa
0x00007ff804f1e000 	/System/Library/Frameworks/AppKit.framework/Versions/C/AppKit
0x00007ff808435000 	/System/Library/Frameworks/CoreData.framework/Versions/A/CoreData
0x00007ff803321000 	/System/Library/Frameworks/Foundation.framework/Versions/C/Foundation
0x00007ff805dae000 	/System/Library/PrivateFrameworks/UIFoundation.framework/Versions/A/UIFoundation
0x00007ff8131cd000 	/System/Library/PrivateFrameworks/RemoteViewServices.framework/Versions/A/RemoteViewServices
0x00007ff80b4ac000 	/System/Library/PrivateFrameworks/XCTTargetBootstrap.framework/Versions/A/XCTTargetBootstrap
0x00007ff80f063000 	/System/Library/PrivateFrameworks/InternationalSupport.framework/Versions/A/InternationalSupport
0x00007ff80f0ed000 	/System/Library/PrivateFrameworks/UserActivity.framework/Versions/A/UserActivity
0x00007ff80e43f000 	/usr/lib/libspindump.dylib
0x00007ff80603d000 	/System/Library/Frameworks/UniformTypeIdentifiers.framework/Versions/A/UniformTypeIdentifiers
0x00007ff809bd0000 	/usr/lib/libapp_launch_measurement.dylib
0x00007ff808e07000 	/System/Library/PrivateFrameworks/CoreAnalytics.framework/Versions/A/CoreAnalytics
0x00007ff809bd3000 	/System/Library/PrivateFrameworks/CoreAutoLayout.framework/Versions/A/CoreAutoLayout
0x00007ff80ae03000 	/System/Library/Frameworks/Metal.framework/Versions/A/Metal
0x00007ff80bb32000 	/usr/lib/liblangid.dylib
0x00007ff80b4b1000 	/System/Library/PrivateFrameworks/CoreSVG.framework/Versions/A/CoreSVG
0x00007ff807429000 	/System/Library/PrivateFrameworks/SkyLight.framework/Versions/A/SkyLight
0x00007ff8077c8000 	/System/Library/Frameworks/CoreGraphics.framework/Versions/A/CoreGraphics
0x00007ff81388d000 	/System/Library/Frameworks/Accelerate.framework/Versions/A/Accelerate
0x00007ff80debe000 	/System/Library/PrivateFrameworks/IconServices.framework/Versions/A/IconServices
0x00007ff80ade8000 	/System/Library/Frameworks/IOSurface.framework/Versions/A/IOSurface
0x00007ff808e35000 	/usr/lib/libDiagnosticMessagesClient.dylib
0x00007ff816f70000 	/System/Library/Frameworks/ApplicationServices.framework/Versions/A/ApplicationServices
0x00007ff80b498000 	/System/Library/PrivateFrameworks/DFRFoundation.framework/Versions/A/DFRFoundation
0x00007ff804806000 	/usr/lib/libicucore.A.dylib
0x00007ff80fe59000 	/System/Library/Frameworks/AudioToolbox.framework/Versions/A/AudioToolbox
0x00007ff80f06f000 	/System/Library/PrivateFrameworks/DataDetectorsCore.framework/Versions/A/DataDetectorsCore
0x00007ff90b56c000 	/System/Library/PrivateFrameworks/TextInput.framework/Versions/A/TextInput
0x00007ff8073ac000 	/usr/lib/libMobileGestalt.dylib
0x00007ff80b1a4000 	/System/Library/Frameworks/Carbon.framework/Versions/A/Frameworks/HIToolbox.framework/Versions/A/HIToolbox
0x00007ff8095d2000 	/System/Library/Frameworks/QuartzCore.framework/Versions/A/QuartzCore
0x00007ff8044ab000 	/System/Library/Frameworks/Security.framework/Versions/A/Security
0x00007ff813205000 	/System/Library/Frameworks/Carbon.framework/Versions/A/Frameworks/SpeechRecognition.framework/Versions/A/SpeechRecognition
0x00007ff809930000 	/System/Library/PrivateFrameworks/CoreUI.framework/Versions/A/CoreUI
0x00007ff803d75000 	/System/Library/Frameworks/CoreAudio.framework/Versions/A/CoreAudio
0x00007ff808f24000 	/System/Library/Frameworks/DiskArbitration.framework/Versions/A/DiskArbitration
0x00007ff80e82f000 	/System/Library/PrivateFrameworks/MultitouchSupport.framework/Versions/A/MultitouchSupport
0x00007ff8073ab000 	/usr/lib/libenergytrace.dylib
0x00007ff804e0a000 	/System/Library/Frameworks/IOKit.framework/Versions/A/IOKit
0x00007ff8135f5000 	/System/Library/Frameworks/CoreServices.framework/Versions/A/CoreServices
0x00007ff809b6a000 	/System/Library/PrivateFrameworks/PerformanceAnalysis.framework/Versions/A/PerformanceAnalysis
0x00007ffa1b24b000 	/System/Library/Frameworks/OpenGL.framework/Versions/A/OpenGL
0x00007ff80c794000 	/System/Library/PrivateFrameworks/MobileKeyBag.framework/Versions/A/MobileKeyBag
0x00007ff807e94000 	/System/Library/Frameworks/ColorSync.framework/Versions/A/ColorSync
0x00007ff8024a5000 	/System/Library/Frameworks/CoreFoundation.framework/Versions/A/CoreFoundation
0x00007ff80b728000 	/System/Library/Frameworks/CoreImage.framework/Versions/A/CoreImage
0x00007ff803b89000 	/System/Library/Frameworks/CoreText.framework/Versions/A/CoreText
0x00007ff80b4e1000 	/System/Library/Frameworks/ImageIO.framework/Versions/A/ImageIO
0x00007ff80d25e000 	/System/Library/PrivateFrameworks/SoftLinking.framework/Versions/A/SoftLinking
0x00007ff809c1b000 	/usr/lib/libxml2.2.dylib
0x00007ff80d4e2000 	/usr/lib/libcompression.dylib
0x00007ff80ef96000 	/System/Library/PrivateFrameworks/TextureIO.framework/Versions/A/TextureIO
0x00007ff80dbd0000 	/usr/lib/libate.dylib
0x00007ff80d9ac000 	/usr/lib/liblzma.5.dylib
0x00007ff803033000 	/System/Library/Frameworks/SystemConfiguration.framework/Versions/A/SystemConfiguration
0x00007ff80d25a000 	/usr/lib/libfakelink.dylib
0x00007ff806f04000 	/System/Library/Frameworks/CFNetwork.framework/Versions/A/CFNetwork
0x00007ff80d39b000 	/usr/lib/libarchive.2.dylib
0x00007ff80bb2e000 	/System/Library/PrivateFrameworks/AppleSystemInfo.framework/Versions/A/AppleSystemInfo
0x00007ff80c895000 	/usr/lib/libbsm.0.dylib
0x00007ff806513000 	/usr/lib/libnetwork.dylib
0x00007ff80d1f3000 	/usr/lib/system/libkxld.dylib
0x00007ff80c4c8000 	/System/Library/PrivateFrameworks/IOMobileFramebuffer.framework/Versions/A/IOMobileFramebuffer
0x00007ffb1ac22000 	/usr/lib/libCoreEntitlements.dylib
0x00007ff80cf07000 	/System/Library/PrivateFrameworks/AppleFSCompression.framework/Versions/A/AppleFSCompression
0x00007ff80c87d000 	/usr/lib/libcoretls.dylib
0x00007ff80d9c6000 	/usr/lib/libcoretls_cfhelpers.dylib
0x00007ff80d4dd000 	/usr/lib/libpam.2.dylib
0x00007ff808866000 	/usr/lib/libsqlite3.dylib
0x00007ff80da35000 	/usr/lib/libxar.1.dylib
0x00007ff80cf17000 	/usr/lib/libbz2.1.0.dylib
0x00007ff80d25f000 	/usr/lib/libpcap.A.dylib
0x00007ff808c3f000 	/usr/lib/libdns_services.dylib
0x00007ff80d4ad000 	/usr/lib/libapple_nghttp2.dylib
0x00007ff80d299000 	/usr/lib/libiconv.2.dylib
0x00007ff80d1ec000 	/usr/lib/libcharset.1.dylib
0x00007ff809b9e000 	/System/Library/Frameworks/CoreServices.framework/Versions/A/Frameworks/FSEvents.framework/Versions/A/FSEvents
0x00007ff804aa4000 	/System/Library/Frameworks/CoreServices.framework/Versions/A/Frameworks/CarbonCore.framework/Versions/A/CarbonCore
0x00007ff808e88000 	/System/Library/Frameworks/CoreServices.framework/Versions/A/Frameworks/Metadata.framework/Versions/A/Metadata
0x00007ff80cf2a000 	/System/Library/Frameworks/CoreServices.framework/Versions/A/Frameworks/OSServices.framework/Versions/A/OSServices
0x00007ff80d422000 	/System/Library/Frameworks/CoreServices.framework/Versions/A/Frameworks/SearchKit.framework/Versions/A/SearchKit
0x00007ff808bd1000 	/System/Library/Frameworks/CoreServices.framework/Versions/A/Frameworks/AE.framework/Versions/A/AE
0x00007ff8029a8000 	/System/Library/Frameworks/CoreServices.framework/Versions/A/Frameworks/LaunchServices.framework/Versions/A/LaunchServices
0x00007ff80d95d000 	/System/Library/Frameworks/CoreServices.framework/Versions/A/Frameworks/DictionaryServices.framework/Versions/A/DictionaryServices
0x00007ff809bab000 	/System/Library/Frameworks/CoreServices.framework/Versions/A/Frameworks/SharedFileList.framework/Versions/A/SharedFileList
0x00007ff80c871000 	/usr/lib/libCheckFix.dylib
0x00007ff807410000 	/System/Library/PrivateFrameworks/TCC.framework/Versions/A/TCC
0x00007ff80bb34000 	/System/Library/PrivateFrameworks/CoreNLP.framework/Versions/A/CoreNLP
0x00007ff808e38000 	/System/Library/PrivateFrameworks/MetadataUtilities.framework/Versions/A/MetadataUtilities
0x00007ff8030e4000 	/usr/lib/libmecabra.dylib
0x00007ff80c8a5000 	/usr/lib/libmecab.dylib
0x00007ff8030af000 	/usr/lib/libCRFSuite.dylib
0x00007ff80c8ff000 	/usr/lib/libgermantok.dylib
0x00007ff80d488000 	/usr/lib/libThaiTokenizer.dylib
0x00007ff808f2b000 	/System/Library/Frameworks/Accelerate.framework/Versions/A/Frameworks/vImage.framework/Versions/A/vImage
0x00007ff8135cc000 	/System/Library/Frameworks/Accelerate.framework/Versions/A/Frameworks/vecLib.framework/Versions/A/vecLib
0x00007ff80da76000 	/System/Library/Frameworks/Accelerate.framework/Versions/A/Frameworks/vecLib.framework/Versions/A/libvMisc.dylib
0x00007ff80c2f3000 	/System/Library/Frameworks/Accelerate.framework/Versions/A/Frameworks/vecLib.framework/Versions/A/libvDSP.dylib
0x00007ff802d23000 	/System/Library/Frameworks/Accelerate.framework/Versions/A/Frameworks/vecLib.framework/Versions/A/libBLAS.dylib
0x00007ff80d5bf000 	/System/Library/Frameworks/Accelerate.framework/Versions/A/Frameworks/vecLib.framework/Versions/A/libLAPACK.dylib
0x00007ff80c902000 	/System/Library/Frameworks/Accelerate.framework/Versions/A/Frameworks/vecLib.framework/Versions/A/libLinearAlgebra.dylib
0x00007ff80d4c5000 	/System/Library/Frameworks/Accelerate.framework/Versions/A/Frameworks/vecLib.framework/Versions/A/libSparseBLAS.dylib
0x00007ff80d5b9000 	/System/Library/Frameworks/Accelerate.framework/Versions/A/Frameworks/vecLib.framework/Versions/A/libQuadrature.dylib
0x00007ff80bc1f000 	/System/Library/Frameworks/Accelerate.framework/Versions/A/Frameworks/vecLib.framework/Versions/A/libBNNS.dylib
0x00007ff802fbd000 	/System/Library/Frameworks/Accelerate.framework/Versions/A/Frameworks/vecLib.framework/Versions/A/libSparse.dylib
0x00007ff80bc18000 	/System/Library/PrivateFrameworks/LinguisticData.framework/Versions/A/LinguisticData
0x00007ff802f73000 	/System/Library/PrivateFrameworks/Lexicon.framework/Versions/A/Lexicon
0x00007ff80da6f000 	/usr/lib/libChineseTokenizer.dylib
0x00007ff8036de000 	/System/Library/PrivateFrameworks/LanguageModeling.framework/Versions/A/LanguageModeling
0x00007ff80d48a000 	/System/Library/PrivateFrameworks/AppleSauce.framework/Versions/A/AppleSauce
0x00007ff80c4b6000 	/System/Library/PrivateFrameworks/CoreEmoji.framework/Versions/A/CoreEmoji
0x00007ff80d38a000 	/usr/lib/libcmph.dylib
0x00007ff809b82000 	/System/Library/Frameworks/OpenDirectory.framework/Versions/A/Frameworks/CFOpenDirectory.framework/Versions/A/CFOpenDirectory
0x00007ff809b76000 	/System/Library/Frameworks/OpenDirectory.framework/Versions/A/OpenDirectory
0x00007ff80d9c8000 	/System/Library/PrivateFrameworks/APFS.framework/Versions/A/APFS
0x00007ff80c7cc000 	/System/Library/Frameworks/SecurityFoundation.framework/Versions/A/SecurityFoundation
0x00007ff80da43000 	/usr/lib/libutil.dylib
0x00007ff804dce000 	/System/Library/PrivateFrameworks/CoreServicesStore.framework/Versions/A/CoreServicesStore
0x00007ff80da47000 	/usr/lib/libxslt.1.dylib
0x00007ff80c859000 	/System/Library/PrivateFrameworks/BackgroundTaskManagement.framework/Versions/A/BackgroundTaskManagement
0x00007ff80eeb6000 	/System/Library/Frameworks/ImageIO.framework/Versions/A/Resources/libRadiance.dylib
0x00007ff80eebf000 	/System/Library/Frameworks/ImageIO.framework/Versions/A/Resources/libJPEG.dylib
0x00007ff80ee0e000 	/System/Library/Frameworks/ImageIO.framework/Versions/A/Resources/libPng.dylib
0x00007ff80ee2f000 	/System/Library/Frameworks/ImageIO.framework/Versions/A/Resources/libTIFF.dylib
0x00007ff80ef1f000 	/System/Library/Frameworks/ImageIO.framework/Versions/A/Resources/libGIF.dylib
0x00007ff80e749000 	/System/Library/Frameworks/ImageIO.framework/Versions/A/Resources/libJP2.dylib
0x00007ff80de85000 	/usr/lib/libexpat.1.dylib
0x00007ff80e6fe000 	/System/Library/PrivateFrameworks/AppleJPEG.framework/Versions/A/AppleJPEG
0x00007ff80b068000 	/System/Library/PrivateFrameworks/FontServices.framework/libFontParser.dylib
0x00007ff808b7b000 	/System/Library/PrivateFrameworks/RunningBoardServices.framework/Versions/A/RunningBoardServices
0x00007ff819887000 	/System/Library/PrivateFrameworks/IOSurfaceAccelerator.framework/Versions/A/IOSurfaceAccelerator
0x00007ff80e82b000 	/System/Library/PrivateFrameworks/WatchdogClient.framework/Versions/A/WatchdogClient
0x00007ff8037cc000 	/System/Library/Frameworks/CoreDisplay.framework/Versions/A/CoreDisplay
0x00007ff80af66000 	/System/Library/Frameworks/CoreMedia.framework/Versions/A/CoreMedia
0x00007ff80adfa000 	/System/Library/PrivateFrameworks/IOAccelerator.framework/Versions/A/IOAccelerator
0x00007ff809cff000 	/System/Library/Frameworks/CoreVideo.framework/Versions/A/CoreVideo
0x00007ff80d4db000 	/System/Library/Frameworks/MetalPerformanceShaders.framework/Versions/A/MetalPerformanceShaders
0x00007ff80e868000 	/System/Library/Frameworks/VideoToolbox.framework/Versions/A/VideoToolbox
0x00007ff808ac5000 	/System/Library/PrivateFrameworks/BaseBoard.framework/Versions/A/BaseBoard
0x00007ff80884c000 	/System/Library/PrivateFrameworks/ProtocolBuffer.framework/Versions/A/ProtocolBuffer
0x00007ff80eeaf000 	/System/Library/PrivateFrameworks/GPUWrangler.framework/Versions/A/GPUWrangler
0x00007ff80ee93000 	/System/Library/PrivateFrameworks/IOPresentment.framework/Versions/A/IOPresentment
0x00007ff80eeb9000 	/System/Library/PrivateFrameworks/DSExternalDisplay.framework/Versions/A/DSExternalDisplay
0x00007ffa1b23f000 	/System/Library/Frameworks/OpenGL.framework/Versions/A/Libraries/libCoreFSCache.dylib
0x00007ffb08315000 	/System/Library/PrivateFrameworks/GPUCompiler.framework/Versions/31001/Libraries/libGPUCompilerUtils.dylib
0x00007ff80ef24000 	/System/Library/PrivateFrameworks/CMCaptureCore.framework/Versions/A/CMCaptureCore
0x00007ff80e42d000 	/System/Library/PrivateFrameworks/AppServerSupport.framework/Versions/A/AppServerSupport
0x00007ff8106f2000 	/System/Library/PrivateFrameworks/perfdata.framework/Versions/A/perfdata
0x00007ff8038f8000 	/System/Library/PrivateFrameworks/AudioToolboxCore.framework/Versions/A/AudioToolboxCore
0x00007ff80af44000 	/System/Library/PrivateFrameworks/caulk.framework/Versions/A/caulk
0x00007ff810004000 	/usr/lib/libAudioStatistics.dylib
0x00007ff907cfa000 	/System/Library/PrivateFrameworks/SystemPolicy.framework/Versions/A/SystemPolicy
0x00007ff81025f000 	/usr/lib/libSMC.dylib
0x00007ff81917f000 	/System/Library/Frameworks/CoreMIDI.framework/Versions/A/CoreMIDI
0x00007ff80eddd000 	/usr/lib/libAudioToolboxUtility.dylib
0x00007ff903f22000 	/System/Library/PrivateFrameworks/OSAServicesClient.framework/Versions/A/OSAServicesClient
0x00007ff8106ff000 	/usr/lib/libperfcheck.dylib
0x00007ff9087a7000 	/usr/lib/libmis.dylib
0x00007ffa1b29a000 	/System/Library/Frameworks/OpenGL.framework/Versions/A/Libraries/libGLU.dylib
0x00007ffa1b25e000 	/System/Library/Frameworks/OpenGL.framework/Versions/A/Libraries/libGFXShared.dylib
0x00007ffa1b467000 	/System/Library/Frameworks/OpenGL.framework/Versions/A/Libraries/libGL.dylib
0x00007ffa1b267000 	/System/Library/Frameworks/OpenGL.framework/Versions/A/Libraries/libGLImage.dylib
0x00007ffa1b25b000 	/System/Library/Frameworks/OpenGL.framework/Versions/A/Libraries/libCVMSPluginSupport.dylib
0x00007ffa1b246000 	/System/Library/Frameworks/OpenGL.framework/Versions/A/Libraries/libCoreVMClient.dylib
0x00007ff80bab0000 	/System/Library/Frameworks/MetalPerformanceShaders.framework/Versions/A/Frameworks/MPSCore.framework/Versions/A/MPSCore
0x00007ff80ce72000 	/System/Library/Frameworks/MetalPerformanceShaders.framework/Versions/A/Frameworks/MPSImage.framework/Versions/A/MPSImage
0x00007ff80c918000 	/System/Library/Frameworks/MetalPerformanceShaders.framework/Versions/A/Frameworks/MPSNeuralNetwork.framework/Versions/A/MPSNeuralNetwork
0x00007ff80cd8c000 	/System/Library/Frameworks/MetalPerformanceShaders.framework/Versions/A/Frameworks/MPSMatrix.framework/Versions/A/MPSMatrix
0x00007ff80cb47000 	/System/Library/Frameworks/MetalPerformanceShaders.framework/Versions/A/Frameworks/MPSRayIntersector.framework/Versions/A/MPSRayIntersector
0x00007ff80cdc4000 	/System/Library/Frameworks/MetalPerformanceShaders.framework/Versions/A/Frameworks/MPSNDArray.framework/Versions/A/MPSNDArray
0x00007ffa20d1f000 	/System/Library/Frameworks/MetalPerformanceShaders.framework/Versions/A/Frameworks/MPSFunctions.framework/Versions/A/MPSFunctions
0x00007ff802bff000 	/System/Library/PrivateFrameworks/MetalTools.framework/Versions/A/MetalTools
0x00007ff80bb2c000 	/System/Library/PrivateFrameworks/AggregateDictionary.framework/Versions/A/AggregateDictionary
0x00007ff80dc67000 	/usr/lib/libIOReport.dylib
0x00007ffa1c876000 	/System/Library/Frameworks/OpenCL.framework/Versions/A/OpenCL
0x00007ff80dfcb000 	/System/Library/PrivateFrameworks/FaceCore.framework/Versions/A/FaceCore
0x00007ff80dfbc000 	/System/Library/PrivateFrameworks/GraphVisualizer.framework/Versions/A/GraphVisualizer
0x00007ffb08220000 	/System/Library/PrivateFrameworks/FontServices.framework/Versions/A/FontServices
0x00007ff80e3e5000 	/System/Library/PrivateFrameworks/OTSVG.framework/Versions/A/OTSVG
0x00007ff8098e5000 	/System/Library/Frameworks/ApplicationServices.framework/Versions/A/Frameworks/ATS.framework/Versions/A/Resources/libFontRegistry.dylib
0x00007ff80e435000 	/System/Library/PrivateFrameworks/FontServices.framework/libhvf.dylib
0x00007ffb08221000 	/System/Library/PrivateFrameworks/FontServices.framework/libXTFontStaticRegistryData.dylib
0x00007ff80de35000 	/System/Library/PrivateFrameworks/AppleVA.framework/Versions/A/AppleVA
0x00007ff810024000 	/System/Library/Frameworks/ApplicationServices.framework/Versions/A/Frameworks/ATS.framework/Versions/A/ATS
0x00007ff807f92000 	/System/Library/Frameworks/ApplicationServices.framework/Versions/A/Frameworks/HIServices.framework/Versions/A/HIServices
0x00007ff80ef2e000 	/System/Library/Frameworks/ApplicationServices.framework/Versions/A/Frameworks/PrintCore.framework/Versions/A/PrintCore
0x00007ff8103b2000 	/System/Library/Frameworks/ApplicationServices.framework/Versions/A/Frameworks/QD.framework/Versions/A/QD
0x00007ff8103aa000 	/System/Library/Frameworks/ApplicationServices.framework/Versions/A/Frameworks/ColorSyncLegacy.framework/Versions/A/ColorSyncLegacy
0x00007ff810014000 	/System/Library/Frameworks/ApplicationServices.framework/Versions/A/Frameworks/SpeechSynthesis.framework/Versions/A/SpeechSynthesis
0x00007ff80eeef000 	/System/Library/Frameworks/ApplicationServices.framework/Versions/A/Frameworks/ATSUI.framework/Versions/A/ATSUI
0x00007ff81033f000 	/usr/lib/libcups.2.dylib
0x00007ff81070e000 	/System/Library/Frameworks/Kerberos.framework/Versions/A/Kerberos
0x00007ff81071d000 	/System/Library/Frameworks/GSS.framework/Versions/A/GSS
0x00007ff810090000 	/usr/lib/libresolv.9.dylib
0x00007ff80e444000 	/System/Library/PrivateFrameworks/Heimdal.framework/Versions/A/Heimdal
0x00007ff817302000 	/System/Library/Frameworks/Kerberos.framework/Versions/A/Libraries/libHeimdalProxy.dylib
0x00007ff808c4f000 	/System/Library/Frameworks/Network.framework/Versions/A/Network
0x00007ff80de9f000 	/usr/lib/libheimdal-asn1.dylib
0x00007ff810768000 	/System/Library/PrivateFrameworks/CommonAuth.framework/Versions/A/CommonAuth
0x00007ff80ff96000 	/System/Library/PrivateFrameworks/AudioSession.framework/Versions/A/AudioSession
0x00007ff80df2f000 	/System/Library/PrivateFrameworks/MediaExperience.framework/Versions/A/MediaExperience
0x00007ff80fe28000 	/System/Library/PrivateFrameworks/AudioSession.framework/libSessionUtility.dylib
0x00007ff8103be000 	/System/Library/PrivateFrameworks/AudioResourceArbitration.framework/Versions/A/AudioResourceArbitration
0x00007ff81443f000 	/System/Library/PrivateFrameworks/PowerLog.framework/Versions/A/PowerLog
0x00007ff80dea8000 	/System/Library/PrivateFrameworks/IconFoundation.framework/Versions/A/IconFoundation
0x00007ff8131f5000 	/System/Library/PrivateFrameworks/SpeechRecognitionCore.framework/Versions/A/SpeechRecognitionCore
0x00000001026c3000 	/Library/Java/JavaVirtualMachines/jdk-12.0.2.jdk/Contents/Home/lib/server/libjvm.dylib
0x00000001019e7000 	/Library/Java/JavaVirtualMachines/jdk-12.0.2.jdk/Contents/Home/lib/libverify.dylib
0x0000000101a17000 	/Library/Java/JavaVirtualMachines/jdk-12.0.2.jdk/Contents/Home/lib/libjava.dylib
0x00000001019fb000 	/Library/Java/JavaVirtualMachines/jdk-12.0.2.jdk/Contents/Home/lib/libzip.dylib
0x0000000101a03000 	/Library/Java/JavaVirtualMachines/jdk-12.0.2.jdk/Contents/Home/lib/libjimage.dylib
0x00000001024b0000 	/Library/Java/JavaVirtualMachines/jdk-12.0.2.jdk/Contents/Home/lib/libnio.dylib
0x00000001024d1000 	/Library/Java/JavaVirtualMachines/jdk-12.0.2.jdk/Contents/Home/lib/libnet.dylib
0x00000001024be000 	/Users/izzhafeez/.openjfx/cache/11/libprism_es2.dylib
0x00007ff804d90000 	/System/Library/PrivateFrameworks/CoreServicesInternal.framework/Versions/A/CoreServicesInternal
0x00007ffa1b472000 	/System/Library/Frameworks/OpenGL.framework/Versions/A/Resources/GLEngine.bundle/GLEngine
0x00007ffa1b2d8000 	/System/Library/Frameworks/OpenGL.framework/Versions/A/Libraries/libGLProgrammability.dylib
0x00007ffa102ee000 	/System/Library/Extensions/AppleIntelKBLGraphicsGLDriver.bundle/Contents/MacOS/AppleIntelKBLGraphicsGLDriver
0x00007ff912942000 	/System/Library/PrivateFrameworks/GPUSupport.framework/Versions/A/Libraries/libGPUSupportMercury.dylib
0x00007ffa1b5fc000 	/System/Library/Frameworks/OpenGL.framework/Versions/A/Resources/GLRendererFloat.bundle/GLRendererFloat
0x000000010833a000 	/Users/izzhafeez/.openjfx/cache/11/libglass.dylib
0x00007ff814a30000 	/System/Library/Frameworks/FileProvider.framework/Versions/A/FileProvider
0x00007ff808a32000 	/System/Library/Frameworks/Accounts.framework/Versions/A/Accounts
0x00007ff814ba9000 	/System/Library/PrivateFrameworks/GenerationalStorage.framework/Versions/A/GenerationalStorage
0x00007ff8156b9000 	/System/Library/PrivateFrameworks/CoreSymbolication.framework/Versions/A/CoreSymbolication
0x00007ff814434000 	/System/Library/PrivateFrameworks/SymptomDiagnosticReporter.framework/Versions/A/SymptomDiagnosticReporter
0x00007ff806051000 	/System/Library/PrivateFrameworks/DesktopServicesPriv.framework/Versions/A/DesktopServicesPriv
0x00007ff804ecf000 	/usr/lib/libsandbox.1.dylib
0x00007ff809d7e000 	/System/Library/PrivateFrameworks/UserManagement.framework/Versions/A/UserManagement
0x00007ff81567e000 	/System/Library/PrivateFrameworks/DebugSymbols.framework/Versions/A/DebugSymbols
0x00007ff81039f000 	/System/Library/PrivateFrameworks/NetAuth.framework/Versions/A/NetAuth
0x00007ff8112ae000 	/System/Library/PrivateFrameworks/Sharing.framework/Versions/A/Sharing
0x00007ff809d51000 	/System/Library/PrivateFrameworks/login.framework/Versions/A/Frameworks/loginsupport.framework/Versions/A/loginsupport
0x00007ff81681c000 	/System/Library/PrivateFrameworks/Apple80211.framework/Versions/A/Apple80211
0x00007ff80cf57000 	/System/Library/PrivateFrameworks/AuthKit.framework/Versions/A/AuthKit
0x00007ff80c5ac000 	/System/Library/PrivateFrameworks/CoreUtils.framework/Versions/A/CoreUtils
0x00007ff80c4d3000 	/System/Library/Frameworks/CoreWLAN.framework/Versions/A/CoreWLAN
0x00007ff81140d000 	/System/Library/Frameworks/IOBluetooth.framework/Versions/A/IOBluetooth
0x00007ff816884000 	/System/Library/PrivateFrameworks/CoreWiFi.framework/Versions/A/CoreWiFi
0x00007ff815253000 	/System/Library/PrivateFrameworks/FrontBoardServices.framework/Versions/A/FrontBoardServices
0x00007ff8152e4000 	/System/Library/PrivateFrameworks/BoardServices.framework/Versions/A/BoardServices
0x00007ff80c7bb000 	/System/Library/PrivateFrameworks/AssertionServices.framework/Versions/A/AssertionServices
0x00007ff816a07000 	/System/Library/PrivateFrameworks/BackBoardServices.framework/Versions/A/BackBoardServices
0x00007ff8107f9000 	/System/Library/PrivateFrameworks/CorePhoneNumbers.framework/Versions/A/CorePhoneNumbers
0x00007ff8100bd000 	/System/Library/PrivateFrameworks/MultiverseSupport.framework/Versions/A/MultiverseSupport
0x00007ff816c7b000 	/System/Library/PrivateFrameworks/RemoteServiceDiscovery.framework/Versions/A/RemoteServiceDiscovery
0x00007ff814551000 	/System/Library/PrivateFrameworks/DiskManagement.framework/Versions/A/DiskManagement
0x00007ff814465000 	/System/Library/PrivateFrameworks/AppleIDAuthSupport.framework/Versions/A/AppleIDAuthSupport
0x00007ffb02b9b000 	/System/Library/PrivateFrameworks/AAAFoundation.framework/Versions/A/AAAFoundation
0x00007ff8107da000 	/System/Library/PrivateFrameworks/KeychainCircle.framework/Versions/A/KeychainCircle
0x00007ff816c8b000 	/System/Library/PrivateFrameworks/RemoteXPC.framework/Versions/A/RemoteXPC
0x00007ff81451d000 	/System/Library/PrivateFrameworks/MediaKit.framework/Versions/A/MediaKit
0x00007ff814471000 	/System/Library/Frameworks/DiscRecording.framework/Versions/A/DiscRecording
0x00007ff80ddad000 	/usr/lib/libCoreStorage.dylib
0x00007ff816cf6000 	/usr/lib/libcsfde.dylib
0x00007ff8114da000 	/System/Library/PrivateFrameworks/ProtectedCloudStorage.framework/Versions/A/ProtectedCloudStorage
0x00007ff816cf2000 	/System/Library/PrivateFrameworks/EFILogin.framework/Versions/A/EFILogin
0x00007ff814bcf000 	/System/Library/PrivateFrameworks/OctagonTrust.framework/Versions/A/OctagonTrust
0x00007ffb07483000 	/System/Library/PrivateFrameworks/CoreUtilsExtras.framework/Versions/A/CoreUtilsExtras
0x00007ff814398000 	/System/Library/Frameworks/CoreBluetooth.framework/Versions/A/CoreBluetooth
0x00007ff817387000 	/System/Library/Frameworks/AudioUnit.framework/Versions/A/AudioUnit
0x00007ff80dda5000 	/usr/lib/libMatch.1.dylib
0x00007ff90cdcb000 	/System/Library/Frameworks/Accelerate.framework/Versions/A/Frameworks/vImage.framework/Versions/A/Libraries/libCGInterfaces.dylib
0x0000000125769000 	/usr/lib/libobjc-trampolines.dylib
0x00007ff809a76000 	/System/Library/PrivateFrameworks/ViewBridge.framework/Versions/A/ViewBridge
0x00007ffb1ad11000 	/usr/lib/libRosetta.dylib
0x00007ff813911000 	/System/Library/PrivateFrameworks/SystemAdministration.framework/Versions/A/SystemAdministration
0x00007ff80e4fc000 	/System/Library/PrivateFrameworks/login.framework/Versions/A/login
0x00007ff80f158000 	/System/Library/Frameworks/MediaToolbox.framework/Versions/A/MediaToolbox
0x00007ff8131c1000 	/System/Library/Frameworks/DirectoryService.framework/Versions/A/DirectoryService
0x00007ff816b93000 	/System/Library/PrivateFrameworks/DiskImages.framework/Versions/A/DiskImages
0x00007ff80c863000 	/System/Library/Frameworks/ServiceManagement.framework/Versions/A/ServiceManagement
0x00007ff816d70000 	/System/Library/PrivateFrameworks/LoginUIKit.framework/Versions/A/Frameworks/LoginUICore.framework/Versions/A/LoginUICore
0x00007ff80e6a5000 	/usr/lib/libodfde.dylib
0x00007ff814a00000 	/System/Library/PrivateFrameworks/CoreAVCHD.framework/Versions/A/CoreAVCHD
0x00007ff8138d5000 	/System/Library/Frameworks/MediaAccessibility.framework/Versions/A/MediaAccessibility
0x00007ff8149fc000 	/System/Library/PrivateFrameworks/Mangrove.framework/Versions/A/Mangrove
0x00007ff8138e0000 	/System/Library/PrivateFrameworks/AlgosScoreFramework.framework/Versions/A/AlgosScoreFramework
0x00007ffb04777000 	/System/Library/PrivateFrameworks/CMPhoto.framework/Versions/A/CMPhoto
0x00007ff815554000 	/System/Library/PrivateFrameworks/AppleVPA.framework/Versions/A/AppleVPA
0x00007ff814641000 	/System/Library/PrivateFrameworks/CoreAUC.framework/Versions/A/CoreAUC
0x00007ff816d02000 	/usr/lib/libcurl.4.dylib
0x00007ffb1b17d000 	/usr/lib/libcrypto.46.dylib
0x00007ffb1b672000 	/usr/lib/libssl.48.dylib
0x00007ff816a25000 	/System/Library/Frameworks/LDAP.framework/Versions/A/LDAP
0x00007ff816a5d000 	/System/Library/PrivateFrameworks/TrustEvaluationAgent.framework/Versions/A/TrustEvaluationAgent
0x00007ff8100a9000 	/usr/lib/libsasl2.2.dylib
0x00007ff813905000 	/System/Library/PrivateFrameworks/CoreDaemon.framework/Versions/B/CoreDaemon
0x00007ff813900000 	/System/Library/PrivateFrameworks/AppleSRP.framework/Versions/A/AppleSRP
0x0000000127f8a000 	/Users/izzhafeez/.openjfx/cache/11/libjavafx_font.dylib
0x00007ff9065b1000 	/usr/lib/libFosl_dynamic.dylib
0x00007ff90c572000 	/usr/lib/libncurses.5.4.dylib
0x00007ffa0e472000 	/System/Library/Extensions/AppleIntelKBLGraphicsMTLDriver.bundle/Contents/MacOS/AppleIntelKBLGraphicsMTLDriver
0x00007ff9087c2000 	/System/Library/PrivateFrameworks/GPURawCounter.framework/Versions/A/GPURawCounter
0x00007ffb0325d000 	/System/Library/PrivateFrameworks/AccessibilityBundles.framework/Versions/A/AccessibilityBundles


VM Arguments:
jvm_args: -Dfile.encoding=UTF-8 -Duser.country=GB -Duser.language=en -Duser.variant 
java_command: seedu.address.Main
java_class_path (initial): /Users/izzhafeez/Documents/School/CS2103T/tp/build/classes/java/main:/Users/izzhafeez/Documents/School/CS2103T/tp/build/resources/main:/Users/izzhafeez/.gradle/caches/modules-2/files-2.1/org.openjfx/javafx-fxml/11/d5ff9262ef49d166db658d15f37e3ecff38fde4b/javafx-fxml-11-win.jar:/Users/izzhafeez/.gradle/caches/modules-2/files-2.1/org.openjfx/javafx-fxml/11/e0f5bb81e21054b59f2ebfa727d40a90ee0260d3/javafx-fxml-11-mac.jar:/Users/izzhafeez/.gradle/caches/modules-2/files-2.1/org.openjfx/javafx-fxml/11/e7a757b580fc3e2e1a121768606c7836eef418c/javafx-fxml-11-linux.jar:/Users/izzhafeez/.gradle/caches/modules-2/files-2.1/org.openjfx/javafx-controls/11/af8d24de44e16a19ae959028eb23a48c145fb682/javafx-controls-11-win.jar:/Users/izzhafeez/.gradle/caches/modules-2/files-2.1/org.openjfx/javafx-controls/11/e3a24a14e8732abc6dc173f15872dc63e2a32e16/javafx-controls-11-mac.jar:/Users/izzhafeez/.gradle/caches/modules-2/files-2.1/org.openjfx/javafx-controls/11/794488e3b1f4635d9a1b842bdc872a5eb8fd54ca/javafx-controls-11-linux.jar:/Users/izzhafeez/.gradle/caches/modules-2/files-2.1/org.openjfx/javafx-controls/11/58d961774262ec972bf304e16c154a8e18c2050b/javafx-controls-11.jar:/Users/izzhafeez/.gradle/caches/modules-2/files-2.1/org.openjfx/javafx-graphics/11/9345c7ea43dbcc73a62eca5332717b4ce617e6c6/javafx-graphics-11-win.jar:/Users/izzhafeez/.gradle/caches/modules-2/files-2.1/org.openjfx/javafx-graphics/11/af47a6d3668d3ce1c61e1fe13c44471b6f8d469/javafx-graphics-11-mac.jar:/Users/izzhafeez/.gradle/caches/modules-2/files-2.1/org.openjfx/javafx-graphics/11/4ab9edd8d481a420044c473fdb5718ccdd35c836/javafx-graphics-11-linux.jar:/Users/izzhafeez/.gradle/caches/modules-2/files-2.1/org.openjfx/javafx-graphics/11/a736dd079047ec0b72b8c4970842a5c5e0c19f2f/javafx-graphics-11.jar:/Users/izzhafeez/.gradle/caches/modules-2/files-2.1/org.openjfx/javafx-base/11/ad3a4acfaa28b484d30c40c1f009445cc3f6e68b/javafx-base-11-win.jar:/Users/izzhafeez/.gradle/caches/modules-2/files-2.1/org.open
Launcher Type: SUN_STANDARD

[Global flags]
     intx CICompilerCount                          = 3                                         {product} {ergonomic}
     uint ConcGCThreads                            = 1                                         {product} {ergonomic}
     uint G1ConcRefinementThreads                  = 4                                         {product} {ergonomic}
   size_t G1HeapRegionSize                         = 1048576                                   {product} {ergonomic}
    uintx GCDrainStackTargetSize                   = 64                                        {product} {ergonomic}
   size_t InitialHeapSize                          = 134217728                                 {product} {ergonomic}
   size_t MarkStackSize                            = 4194304                                   {product} {ergonomic}
   size_t MaxHeapSize                              = 2147483648                                {product} {ergonomic}
   size_t MaxNewSize                               = 1287651328                                {product} {ergonomic}
   size_t MinHeapDeltaBytes                        = 1048576                                   {product} {ergonomic}
    uintx NonNMethodCodeHeapSize                   = 5830732                                {pd product} {ergonomic}
    uintx NonProfiledCodeHeapSize                  = 122913754                              {pd product} {ergonomic}
    uintx ProfiledCodeHeapSize                     = 122913754                              {pd product} {ergonomic}
    uintx ReservedCodeCacheSize                    = 251658240                              {pd product} {ergonomic}
     bool SegmentedCodeCache                       = true                                      {product} {ergonomic}
     bool UseCompressedClassPointers               = true                                 {lp64_product} {ergonomic}
     bool UseCompressedOops                        = true                                 {lp64_product} {ergonomic}
     bool UseG1GC                                  = true                                      {product} {ergonomic}

Logging:
Log output configuration:
 #0: stdout all=warning uptime,level,tags
 #1: stderr all=off uptime,level,tags

Environment Variables:
PATH=/Users/izzhafeez/.cargo/bin:/Users/izzhafeez/opt/anaconda3/bin:/Users/izzhafeez/opt/anaconda3/condabin:/Library/Frameworks/Python.framework/Versions/3.8/bin:/anaconda3/bin:/Library/Frameworks/Python.framework/Versions/3.7/bin:/usr/local/bin:/usr/bin:/bin:/usr/sbin:/sbin:/Library/PostgreSQL/14/bin:/Library/TeX/texbin:/Library/Apple/usr/bin
SHELL=/bin/bash

Signal Handlers:
SIGSEGV: [libjvm.dylib+0x735418], sa_mask[0]=11111111011111110111111111111111, sa_flags=SA_ONSTACK|SA_RESTART|SA_SIGINFO
SIGBUS: [libjvm.dylib+0x735418], sa_mask[0]=11111111011111110111111111111111, sa_flags=SA_RESTART|SA_SIGINFO
SIGFPE: [libjvm.dylib+0x735418], sa_mask[0]=11111111011111110111111111111111, sa_flags=SA_RESTART|SA_SIGINFO
SIGPIPE: [libjvm.dylib+0x5dce9e], sa_mask[0]=11111111011111110111111111111111, sa_flags=SA_RESTART|SA_SIGINFO
SIGXFSZ: [libjvm.dylib+0x5dce9e], sa_mask[0]=11111111011111110111111111111111, sa_flags=SA_RESTART|SA_SIGINFO
SIGILL: [libjvm.dylib+0x735418], sa_mask[0]=11111111011111110111111111111111, sa_flags=SA_RESTART|SA_SIGINFO
SIGUSR2: [libjvm.dylib+0x5dd483], sa_mask[0]=00100000000000000000000000000000, sa_flags=SA_RESTART|SA_SIGINFO
SIGHUP: [libjvm.dylib+0x5dc143], sa_mask[0]=11111111011111110111111111111111, sa_flags=SA_RESTART|SA_SIGINFO
SIGINT: [libjvm.dylib+0x5dc143], sa_mask[0]=11111111011111110111111111111111, sa_flags=SA_RESTART|SA_SIGINFO
SIGTERM: [libjvm.dylib+0x5dc143], sa_mask[0]=11111111011111110111111111111111, sa_flags=SA_RESTART|SA_SIGINFO
SIGQUIT: [libjvm.dylib+0x5dc143], sa_mask[0]=11111111011111110111111111111111, sa_flags=SA_RESTART|SA_SIGINFO


---------------  S Y S T E M  ---------------

OS:uname:Darwin 21.6.0 Darwin Kernel Version 21.6.0: Mon Dec 19 20:44:01 PST 2022; root:xnu-8020.240.18~2/RELEASE_X86_64 x86_64
rlimit: STACK 8192k, CORE 0k, NPROC 1392, NOFILE 10240, AS infinity, DATA infinity, FSIZE infinity
load average:14.09 13.06 9.94

CPU:total 4 (initial active 4) (2 cores per cpu, 2 threads per core) family 6 model 142 stepping 9, cmov, cx8, fxsr, mmx, sse, sse2, sse3, ssse3, sse4.1, sse4.2, popcnt, avx, avx2, aes, clmul, erms, 3dnowpref, lzcnt, ht, tsc, tscinvbit, bmi1, bmi2, adx, fma

Memory: 4k page, physical 8388608k(48128k free)

vm_info: Java HotSpot(TM) 64-Bit Server VM (12.0.2+10) for bsd-amd64 JRE (12.0.2+10), built on Jul 16 2019 00:56:38 by "mach5one" with gcc 4.2.1 Compatible Apple LLVM 9.1.0 (clang-902.0.39.2)

END.
