#
# There is insufficient memory for the Java Runtime Environment to continue.
# Native memory allocation (malloc) failed to allocate 1002896 bytes for Chunk::new
# Possible reasons:
#   The system is out of physical RAM or swap space
#   The process is running with CompressedOops enabled, and the Java Heap may be blocking the growth of the native heap
# Possible solutions:
#   Reduce memory load on the system
#   Increase physical memory or swap space
#   Check if swap backing store is full
#   Decrease Java heap size (-Xmx/-Xms)
#   Decrease number of Java threads
#   Decrease Java thread stack sizes (-Xss)
#   Set larger code cache with -XX:ReservedCodeCacheSize=
#   JVM is running with Unscaled Compressed Oops mode in which the Java heap is
#     placed in the first 4GB address space. The Java Heap base address is the
#     maximum limit for the native heap growth. Please use -XX:HeapBaseMinAddress
#     to set the Java Heap base and to place the Java Heap above 4GB virtual address.
# This output file may be truncated or incomplete.
#
#  Out of Memory Error (./open/src/hotspot/share/memory/arena.cpp:197), pid=11140, tid=38412
#
# JRE version: Java(TM) SE Runtime Environment 18.9 (11.0.17+10) (build 11.0.17+10-LTS-269)
# Java VM: Java HotSpot(TM) 64-Bit Server VM 18.9 (11.0.17+10-LTS-269, mixed mode, tiered, compressed oops, g1 gc, windows-amd64)
# No core dump will be written. Minidumps are not enabled by default on client versions of Windows
#

---------------  S U M M A R Y ------------

Command Line: -XX:MaxMetaspaceSize=512m -XX:+HeapDumpOnOutOfMemoryError --add-opens=java.base/java.util=ALL-UNNAMED --add-opens=java.base/java.lang=ALL-UNNAMED --add-opens=java.base/java.lang.invoke=ALL-UNNAMED --add-opens=java.base/java.util=ALL-UNNAMED --add-opens=java.prefs/java.util.prefs=ALL-UNNAMED --add-opens=java.prefs/java.util.prefs=ALL-UNNAMED --add-opens=java.base/java.nio.charset=ALL-UNNAMED --add-opens=java.base/java.net=ALL-UNNAMED --add-opens=java.base/java.util.concurrent.atomic=ALL-UNNAMED -Xmx1024m -Dfile.encoding=utf-8 -Duser.country=US -Duser.language=en -Duser.variant org.gradle.launcher.daemon.bootstrap.GradleDaemon 7.4.2

Host: 11th Gen Intel(R) Core(TM) i7-1165G7 @ 2.80GHz, 8 cores, 15G,  Windows 10 , 64 bit Build 19041 (10.0.19041.2546)
Time: Thu Mar 30 17:43:48 2023 Malay Peninsula Standard Time elapsed time: 13.564394 seconds (0d 0h 0m 13s)

---------------  T H R E A D  ---------------

Current thread (0x0000026ececdf800):  JavaThread "C2 CompilerThread1" daemon [_thread_in_native, id=38412, stack(0x000000a5c8400000,0x000000a5c8500000)]


Current CompileTask:
C2:  13564 7220       4       java.lang.Class::privateGetPublicMethods (224 bytes)

Stack: [0x000000a5c8400000,0x000000a5c8500000]
Native frames: (J=compiled Java code, j=interpreted, Vv=VM code, C=native code)
V  [jvm.dll+0x62b5da]
V  [jvm.dll+0x7653df]
V  [jvm.dll+0x766a89]
V  [jvm.dll+0x767113]
V  [jvm.dll+0x23dd28]
V  [jvm.dll+0xb2a1c]
V  [jvm.dll+0xb2fdc]
V  [jvm.dll+0x2aeaa4]
V  [jvm.dll+0x53e83b]
V  [jvm.dll+0x1fa1a9]
V  [jvm.dll+0x1f77dd]
V  [jvm.dll+0x177c91]
V  [jvm.dll+0x207296]
V  [jvm.dll+0x20542b]
V  [jvm.dll+0x72b2c0]
V  [jvm.dll+0x723e64]
V  [jvm.dll+0x62a485]
C  [ucrtbase.dll+0x21bb2]
C  [KERNEL32.DLL+0x17614]
C  [ntdll.dll+0x526a1]


---------------  P R O C E S S  ---------------

Threads class SMR info:
_java_thread_list=0x0000026ed578ecc0, length=121, elements={
0x0000026eb00aa000, 0x0000026ecbb20800, 0x0000026ecbb22000, 0x0000026ecc343000,
0x0000026ecc344800, 0x0000026ecc345800, 0x0000026ecc38e000, 0x0000026ecc398000,
0x0000026ecc39c000, 0x0000026ecc503800, 0x0000026ece883800, 0x0000026ece4be000,
0x0000026ecdd9a800, 0x0000026ece389800, 0x0000026ecdfeb000, 0x0000026ecdcb9800,
0x0000026ecda8a000, 0x0000026ecee93800, 0x0000026ece356000, 0x0000026ece69a000,
0x0000026ece697800, 0x0000026ece694000, 0x0000026ece698800, 0x0000026ece696000,
0x0000026ece696800, 0x0000026ece69a800, 0x0000026ece699000, 0x0000026ece695000,
0x0000026ed2d5a000, 0x0000026ed2d5e000, 0x0000026ed2d5d000, 0x0000026ed2d58000,
0x0000026ed2d5e800, 0x0000026ed2d5a800, 0x0000026ed2d61000, 0x0000026ed2d5b800,
0x0000026ed2d66000, 0x0000026ed2d67000, 0x0000026ed2d62000, 0x0000026ed2d63000,
0x0000026ed2d63800, 0x0000026ed2d64800, 0x0000026ed2d65800, 0x0000026ecf50a800,
0x0000026ecf50e000, 0x0000026ecf50c800, 0x0000026ecf50f800, 0x0000026ecf50d000,
0x0000026ecf50f000, 0x0000026ecf50a000, 0x0000026ecf510800, 0x0000026ecf511800,
0x0000026ecf50b800, 0x0000026ecf516000, 0x0000026ecf512000, 0x0000026ecf513000,
0x0000026ecf513800, 0x0000026ecf518000, 0x0000026ecf517000, 0x0000026ecf514800,
0x0000026ecf518800, 0x0000026ecf515800, 0x0000026ecef88800, 0x0000026ecef84800,
0x0000026ecef89800, 0x0000026ecef86000, 0x0000026ecef83800, 0x0000026ecef8a000,
0x0000026ecef8b000, 0x0000026ecef87000, 0x0000026ecef85000, 0x0000026ecef8c000,
0x0000026ecef8c800, 0x0000026ecef8d800, 0x0000026ecef87800, 0x0000026ecef91800,
0x0000026ecef92800, 0x0000026ecef90800, 0x0000026ecef8e000, 0x0000026ecef8f000,
0x0000026ecef90000, 0x0000026ed1771000, 0x0000026ed1775000, 0x0000026ed1773800,
0x0000026ed1770000, 0x0000026ed1776800, 0x0000026ed1777800, 0x0000026ed1776000,
0x0000026ed1772000, 0x0000026ed1778800, 0x0000026ed1772800, 0x0000026ed1779000,
0x0000026ed177a000, 0x0000026ed1774000, 0x0000026ed177e000, 0x0000026ed177b000,
0x0000026ed177b800, 0x0000026ed177c800, 0x0000026ed177f000, 0x0000026ed177d000,
0x0000026ececdf800, 0x0000026ed3a0e000, 0x0000026ed318d000, 0x0000026ed318c800,
0x0000026ed318a000, 0x0000026ed3189000, 0x0000026ed318e000, 0x0000026ed318b800,
0x0000026ed318a800, 0x0000026ed3188800, 0x0000026ed318f000, 0x0000026ed1f0f800,
0x0000026ed1f11800, 0x0000026ed1f0d000, 0x0000026ed1f10800, 0x0000026ed1f12000,
0x0000026ed1f0f000, 0x0000026ed1f13000, 0x0000026ed1f0e000, 0x0000026ed1f13800,
0x0000026ed1f17000
}

Java Threads: ( => current thread )
  0x0000026eb00aa000 JavaThread "main" [_thread_blocked, id=30620, stack(0x000000a5c4f00000,0x000000a5c5000000)]
  0x0000026ecbb20800 JavaThread "Reference Handler" daemon [_thread_blocked, id=27680, stack(0x000000a5c5600000,0x000000a5c5700000)]
  0x0000026ecbb22000 JavaThread "Finalizer" daemon [_thread_blocked, id=38536, stack(0x000000a5c5700000,0x000000a5c5800000)]
  0x0000026ecc343000 JavaThread "Signal Dispatcher" daemon [_thread_blocked, id=45372, stack(0x000000a5c5800000,0x000000a5c5900000)]
  0x0000026ecc344800 JavaThread "Attach Listener" daemon [_thread_blocked, id=21180, stack(0x000000a5c5900000,0x000000a5c5a00000)]
  0x0000026ecc345800 JavaThread "Service Thread" daemon [_thread_blocked, id=46912, stack(0x000000a5c5a00000,0x000000a5c5b00000)]
  0x0000026ecc38e000 JavaThread "C2 CompilerThread0" daemon [_thread_blocked, id=45900, stack(0x000000a5c5b00000,0x000000a5c5c00000)]
  0x0000026ecc398000 JavaThread "C1 CompilerThread0" daemon [_thread_blocked, id=44488, stack(0x000000a5c5c00000,0x000000a5c5d00000)]
  0x0000026ecc39c000 JavaThread "Sweeper thread" daemon [_thread_blocked, id=37384, stack(0x000000a5c5d00000,0x000000a5c5e00000)]
  0x0000026ecc503800 JavaThread "Common-Cleaner" daemon [_thread_blocked, id=19080, stack(0x000000a5c5e00000,0x000000a5c5f00000)]
  0x0000026ece883800 JavaThread "Daemon health stats" [_thread_blocked, id=8944, stack(0x000000a5c6700000,0x000000a5c6800000)]
  0x0000026ece4be000 JavaThread "Incoming local TCP Connector on port 59484" [_thread_in_native, id=39772, stack(0x000000a5c6000000,0x000000a5c6100000)]
  0x0000026ecdd9a800 JavaThread "Daemon periodic checks" [_thread_blocked, id=44580, stack(0x000000a5c6100000,0x000000a5c6200000)]
  0x0000026ece389800 JavaThread "Daemon" [_thread_blocked, id=35136, stack(0x000000a5c6800000,0x000000a5c6900000)]
  0x0000026ecdfeb000 JavaThread "Handler for socket connection from /127.0.0.1:59484 to /127.0.0.1:59485" [_thread_in_native, id=37728, stack(0x000000a5c6900000,0x000000a5c6a00000)]
  0x0000026ecdcb9800 JavaThread "Cancel handler" [_thread_blocked, id=24900, stack(0x000000a5c6a00000,0x000000a5c6b00000)]
  0x0000026ecda8a000 JavaThread "Daemon worker" [_thread_blocked, id=42084, stack(0x000000a5c6b00000,0x000000a5c6c00000)]
  0x0000026ecee93800 JavaThread "Asynchronous log dispatcher for DefaultDaemonConnection: socket connection from /127.0.0.1:59484 to /127.0.0.1:59485" [_thread_blocked, id=47064, stack(0x000000a5c6c00000,0x000000a5c6d00000)]
  0x0000026ece356000 JavaThread "Stdin handler" [_thread_blocked, id=24632, stack(0x000000a5c6d00000,0x000000a5c6e00000)]
  0x0000026ece69a000 JavaThread "Daemon client event forwarder" [_thread_blocked, id=32912, stack(0x000000a5c6e00000,0x000000a5c6f00000)]
  0x0000026ece697800 JavaThread "Cache worker for journal cache (C:\Users\hungy\caches\journal-1)" [_thread_blocked, id=30208, stack(0x000000a5c6f00000,0x000000a5c7000000)]
  0x0000026ece694000 JavaThread "File lock request listener" [_thread_in_native, id=6216, stack(0x000000a5c7000000,0x000000a5c7100000)]
  0x0000026ece698800 JavaThread "Cache worker for file hash cache (C:\Users\hungy\caches\7.4.2\fileHashes)" [_thread_blocked, id=32000, stack(0x000000a5c7100000,0x000000a5c7200000)]
  0x0000026ece696000 JavaThread "File watcher server" daemon [_thread_in_native, id=28280, stack(0x000000a5c7700000,0x000000a5c7800000)]
  0x0000026ece696800 JavaThread "File watcher consumer" daemon [_thread_blocked, id=49244, stack(0x000000a5c7800000,0x000000a5c7900000)]
  0x0000026ece69a800 JavaThread "Cache worker for checksums cache (C:\Users\hungy\Desktop\tp\.gradle\7.4.2\checksums)" [_thread_blocked, id=17324, stack(0x000000a5c7900000,0x000000a5c7a00000)]
  0x0000026ece699000 JavaThread "Cache worker for cache directory md-rule (C:\Users\hungy\caches\7.4.2\md-rule)" [_thread_blocked, id=11952, stack(0x000000a5c7a00000,0x000000a5c7b00000)]
  0x0000026ece695000 JavaThread "Cache worker for file hash cache (C:\Users\hungy\Desktop\tp\.gradle\7.4.2\fileHashes)" [_thread_blocked, id=38768, stack(0x000000a5c7b00000,0x000000a5c7c00000)]
  0x0000026ed2d5a000 JavaThread "Cache worker for cache directory md-supplier (C:\Users\hungy\caches\7.4.2\md-supplier)" [_thread_blocked, id=25200, stack(0x000000a5c7c00000,0x000000a5c7d00000)]
  0x0000026ed2d5e000 JavaThread "Cache worker for execution history cache (C:\Users\hungy\caches\7.4.2\executionHistory)" [_thread_blocked, id=45880, stack(0x000000a5c7d00000,0x000000a5c7e00000)]
  0x0000026ed2d5d000 JavaThread "jar transforms" [_thread_blocked, id=47760, stack(0x000000a5c7e00000,0x000000a5c7f00000)]
  0x0000026ed2d58000 JavaThread "jar transforms Thread 2" [_thread_blocked, id=35156, stack(0x000000a5c7600000,0x000000a5c7700000)]
  0x0000026ed2d5e800 JavaThread "Cache worker for file content cache (C:\Users\hungy\caches\7.4.2\fileContent)" [_thread_blocked, id=8848, stack(0x000000a5c8000000,0x000000a5c8100000)]
  0x0000026ed2d5a800 JavaThread "jar transforms Thread 3" [_thread_blocked, id=23280, stack(0x000000a5c8100000,0x000000a5c8200000)]
  0x0000026ed2d61000 JavaThread "jar transforms Thread 4" [_thread_blocked, id=31116, stack(0x000000a5c8200000,0x000000a5c8300000)]
  0x0000026ed2d5b800 JavaThread "jar transforms Thread 5" [_thread_blocked, id=10816, stack(0x000000a5c7f00000,0x000000a5c8000000)]
  0x0000026ed2d66000 JavaThread "jar transforms Thread 6" [_thread_blocked, id=2568, stack(0x000000a5c7500000,0x000000a5c7600000)]
  0x0000026ed2d67000 JavaThread "Cache worker for dependencies-accessors (C:\Users\hungy\Desktop\tp\.gradle\7.4.2\dependencies-accessors)" [_thread_blocked, id=11276, stack(0x000000a5c8300000,0x000000a5c8400000)]
  0x0000026ed2d62000 JavaThread "jar transforms Thread 7" [_thread_blocked, id=22608, stack(0x000000a5c8500000,0x000000a5c8600000)]
  0x0000026ed2d63000 JavaThread "Cache worker for Build Output Cleanup Cache (C:\Users\hungy\Desktop\tp\.gradle\buildOutputCleanup)" [_thread_blocked, id=9328, stack(0x000000a5c8600000,0x000000a5c8700000)]
  0x0000026ed2d63800 JavaThread "Unconstrained build operations" [_thread_blocked, id=36648, stack(0x000000a5c8700000,0x000000a5c8800000)]
  0x0000026ed2d64800 JavaThread "Unconstrained build operations Thread 2" [_thread_blocked, id=49020, stack(0x000000a5c8800000,0x000000a5c8900000)]
  0x0000026ed2d65800 JavaThread "Unconstrained build operations Thread 3" [_thread_blocked, id=36380, stack(0x000000a5c8900000,0x000000a5c8a00000)]
  0x0000026ecf50a800 JavaThread "Unconstrained build operations Thread 4" [_thread_blocked, id=26400, stack(0x000000a5c8a00000,0x000000a5c8b00000)]
  0x0000026ecf50e000 JavaThread "Unconstrained build operations Thread 5" [_thread_blocked, id=48164, stack(0x000000a5c8b00000,0x000000a5c8c00000)]
  0x0000026ecf50c800 JavaThread "Unconstrained build operations Thread 6" [_thread_blocked, id=20952, stack(0x000000a5c8c00000,0x000000a5c8d00000)]
  0x0000026ecf50f800 JavaThread "Unconstrained build operations Thread 7" [_thread_blocked, id=42980, stack(0x000000a5c8d00000,0x000000a5c8e00000)]
  0x0000026ecf50d000 JavaThread "Unconstrained build operations Thread 8" [_thread_blocked, id=46160, stack(0x000000a5c8e00000,0x000000a5c8f00000)]
  0x0000026ecf50f000 JavaThread "Unconstrained build operations Thread 9" [_thread_blocked, id=50392, stack(0x000000a5c8f00000,0x000000a5c9000000)]
  0x0000026ecf50a000 JavaThread "Unconstrained build operations Thread 10" [_thread_blocked, id=26616, stack(0x000000a5c9000000,0x000000a5c9100000)]
  0x0000026ecf510800 JavaThread "Unconstrained build operations Thread 11" [_thread_blocked, id=24696, stack(0x000000a5c9100000,0x000000a5c9200000)]
  0x0000026ecf511800 JavaThread "Unconstrained build operations Thread 12" [_thread_blocked, id=32888, stack(0x000000a5c9200000,0x000000a5c9300000)]
  0x0000026ecf50b800 JavaThread "Unconstrained build operations Thread 13" [_thread_blocked, id=50896, stack(0x000000a5c9300000,0x000000a5c9400000)]
  0x0000026ecf516000 JavaThread "jar transforms Thread 8" [_thread_blocked, id=3648, stack(0x000000a5c9400000,0x000000a5c9500000)]
  0x0000026ecf512000 JavaThread "Memory manager" [_thread_blocked, id=44808, stack(0x000000a5c9600000,0x000000a5c9700000)]
  0x0000026ecf513000 JavaThread "File lock release action executor" [_thread_blocked, id=49660, stack(0x000000a5c9700000,0x000000a5c9800000)]
  0x0000026ecf513800 JavaThread "included builds" [_thread_in_vm, id=13732, stack(0x000000a5c9800000,0x000000a5c9900000)]
  0x0000026ecf518000 JavaThread "Execution worker for ':'" [_thread_blocked, id=31636, stack(0x000000a5c9900000,0x000000a5c9a00000)]
  0x0000026ecf517000 JavaThread "Execution worker for ':' Thread 2" [_thread_blocked, id=40496, stack(0x000000a5c9a00000,0x000000a5c9b00000)]
  0x0000026ecf514800 JavaThread "Execution worker for ':' Thread 3" [_thread_blocked, id=48880, stack(0x000000a5c9b00000,0x000000a5c9c00000)]
  0x0000026ecf518800 JavaThread "Execution worker for ':' Thread 4" [_thread_blocked, id=42552, stack(0x000000a5c9c00000,0x000000a5c9d00000)]
  0x0000026ecf515800 JavaThread "Execution worker for ':' Thread 5" [_thread_blocked, id=32020, stack(0x000000a5c9d00000,0x000000a5c9e00000)]
  0x0000026ecef88800 JavaThread "Execution worker for ':' Thread 6" [_thread_blocked, id=7188, stack(0x000000a5c9e00000,0x000000a5c9f00000)]
  0x0000026ecef84800 JavaThread "Execution worker for ':' Thread 7" [_thread_blocked, id=11664, stack(0x000000a5c9f00000,0x000000a5ca000000)]
  0x0000026ecef89800 JavaThread "Cache worker for execution history cache (C:\Users\hungy\Desktop\tp\.gradle\7.4.2\executionHistory)" [_thread_blocked, id=23572, stack(0x000000a5ca000000,0x000000a5ca100000)]
  0x0000026ecef86000 JavaThread "Unconstrained build operations Thread 14" [_thread_blocked, id=18456, stack(0x000000a5ca100000,0x000000a5ca200000)]
  0x0000026ecef83800 JavaThread "Unconstrained build operations Thread 15" [_thread_blocked, id=13872, stack(0x000000a5ca200000,0x000000a5ca300000)]
  0x0000026ecef8a000 JavaThread "Unconstrained build operations Thread 16" [_thread_blocked, id=43532, stack(0x000000a5ca300000,0x000000a5ca400000)]
  0x0000026ecef8b000 JavaThread "Unconstrained build operations Thread 17" [_thread_blocked, id=51052, stack(0x000000a5ca400000,0x000000a5ca500000)]
  0x0000026ecef87000 JavaThread "Unconstrained build operations Thread 18" [_thread_blocked, id=26200, stack(0x000000a5ca500000,0x000000a5ca600000)]
  0x0000026ecef85000 JavaThread "Unconstrained build operations Thread 19" [_thread_blocked, id=36664, stack(0x000000a5ca600000,0x000000a5ca700000)]
  0x0000026ecef8c000 JavaThread "Unconstrained build operations Thread 20" [_thread_blocked, id=9388, stack(0x000000a5ca700000,0x000000a5ca800000)]
  0x0000026ecef8c800 JavaThread "Unconstrained build operations Thread 21" [_thread_blocked, id=28248, stack(0x000000a5ca800000,0x000000a5ca900000)]
  0x0000026ecef8d800 JavaThread "Unconstrained build operations Thread 22" [_thread_blocked, id=41804, stack(0x000000a5ca900000,0x000000a5caa00000)]
  0x0000026ecef87800 JavaThread "Unconstrained build operations Thread 23" [_thread_blocked, id=42044, stack(0x000000a5caa00000,0x000000a5cab00000)]
  0x0000026ecef91800 JavaThread "Unconstrained build operations Thread 24" [_thread_blocked, id=37524, stack(0x000000a5cab00000,0x000000a5cac00000)]
  0x0000026ecef92800 JavaThread "Unconstrained build operations Thread 25" [_thread_blocked, id=33160, stack(0x000000a5cac00000,0x000000a5cad00000)]
  0x0000026ecef90800 JavaThread "Unconstrained build operations Thread 26" [_thread_blocked, id=49960, stack(0x000000a5cad00000,0x000000a5cae00000)]
  0x0000026ecef8e000 JavaThread "Unconstrained build operations Thread 27" [_thread_blocked, id=47676, stack(0x000000a5cae00000,0x000000a5caf00000)]
  0x0000026ecef8f000 JavaThread "Unconstrained build operations Thread 28" [_thread_blocked, id=11824, stack(0x000000a5caf00000,0x000000a5cb000000)]
  0x0000026ecef90000 JavaThread "Unconstrained build operations Thread 29" [_thread_blocked, id=14892, stack(0x000000a5cb000000,0x000000a5cb100000)]
  0x0000026ed1771000 JavaThread "Unconstrained build operations Thread 30" [_thread_blocked, id=42424, stack(0x000000a5cb100000,0x000000a5cb200000)]
  0x0000026ed1775000 JavaThread "Unconstrained build operations Thread 31" [_thread_blocked, id=21880, stack(0x000000a5cb200000,0x000000a5cb300000)]
  0x0000026ed1773800 JavaThread "Unconstrained build operations Thread 32" [_thread_blocked, id=45232, stack(0x000000a5cb300000,0x000000a5cb400000)]
  0x0000026ed1770000 JavaThread "Unconstrained build operations Thread 33" [_thread_blocked, id=48200, stack(0x000000a5cb400000,0x000000a5cb500000)]
  0x0000026ed1776800 JavaThread "Unconstrained build operations Thread 34" [_thread_blocked, id=47464, stack(0x000000a5cb500000,0x000000a5cb600000)]
  0x0000026ed1777800 JavaThread "Unconstrained build operations Thread 35" [_thread_blocked, id=21476, stack(0x000000a5cb600000,0x000000a5cb700000)]
  0x0000026ed1776000 JavaThread "Unconstrained build operations Thread 36" [_thread_blocked, id=42832, stack(0x000000a5cb700000,0x000000a5cb800000)]
  0x0000026ed1772000 JavaThread "Unconstrained build operations Thread 37" [_thread_blocked, id=47156, stack(0x000000a5cb800000,0x000000a5cb900000)]
  0x0000026ed1778800 JavaThread "Unconstrained build operations Thread 38" [_thread_blocked, id=41104, stack(0x000000a5cb900000,0x000000a5cba00000)]
  0x0000026ed1772800 JavaThread "Unconstrained build operations Thread 39" [_thread_blocked, id=41228, stack(0x000000a5cba00000,0x000000a5cbb00000)]
  0x0000026ed1779000 JavaThread "Cache worker for Java compile cache (C:\Users\hungy\caches\7.4.2\javaCompile)" [_thread_blocked, id=23392, stack(0x000000a5cbc00000,0x000000a5cbd00000)]
  0x0000026ed177a000 JavaThread "Build operations" [_thread_blocked, id=38964, stack(0x000000a5cbd00000,0x000000a5cbe00000)]
  0x0000026ed1774000 JavaThread "Build operations Thread 2" [_thread_blocked, id=41568, stack(0x000000a5cbe00000,0x000000a5cbf00000)]
  0x0000026ed177e000 JavaThread "Build operations Thread 3" [_thread_blocked, id=29732, stack(0x000000a5cbf00000,0x000000a5cc000000)]
  0x0000026ed177b000 JavaThread "Build operations Thread 4" [_thread_blocked, id=39808, stack(0x000000a5cc000000,0x000000a5cc100000)]
  0x0000026ed177b800 JavaThread "Build operations Thread 5" [_thread_blocked, id=29324, stack(0x000000a5cc100000,0x000000a5cc200000)]
  0x0000026ed177c800 JavaThread "Build operations Thread 6" [_thread_blocked, id=48260, stack(0x000000a5cc200000,0x000000a5cc300000)]
  0x0000026ed177f000 JavaThread "Build operations Thread 7" [_thread_blocked, id=37020, stack(0x000000a5cc300000,0x000000a5cc400000)]
  0x0000026ed177d000 JavaThread "Build operations Thread 8" [_thread_blocked, id=44316, stack(0x000000a5cc400000,0x000000a5cc500000)]
=>0x0000026ececdf800 JavaThread "C2 CompilerThread1" daemon [_thread_in_native, id=38412, stack(0x000000a5c8400000,0x000000a5c8500000)]
  0x0000026ed3a0e000 JavaThread "C2 CompilerThread2" daemon [_thread_blocked, id=41112, stack(0x000000a5c9500000,0x000000a5c9600000)]
  0x0000026ed318d000 JavaThread "Unconstrained build operations Thread 40" [_thread_blocked, id=9936, stack(0x000000a5cc500000,0x000000a5cc600000)]
  0x0000026ed318c800 JavaThread "Unconstrained build operations Thread 41" [_thread_blocked, id=25376, stack(0x000000a5cc600000,0x000000a5cc700000)]
  0x0000026ed318a000 JavaThread "Unconstrained build operations Thread 42" [_thread_blocked, id=27568, stack(0x000000a5cc700000,0x000000a5cc800000)]
  0x0000026ed3189000 JavaThread "Unconstrained build operations Thread 43" [_thread_blocked, id=49368, stack(0x000000a5cc800000,0x000000a5cc900000)]
  0x0000026ed318e000 JavaThread "Unconstrained build operations Thread 44" [_thread_blocked, id=10544, stack(0x000000a5cc900000,0x000000a5cca00000)]
  0x0000026ed318b800 JavaThread "Unconstrained build operations Thread 45" [_thread_blocked, id=23248, stack(0x000000a5cca00000,0x000000a5ccb00000)]
  0x0000026ed318a800 JavaThread "Unconstrained build operations Thread 46" [_thread_blocked, id=47148, stack(0x000000a5ccb00000,0x000000a5ccc00000)]
  0x0000026ed3188800 JavaThread "Unconstrained build operations Thread 47" [_thread_blocked, id=31408, stack(0x000000a5ccc00000,0x000000a5ccd00000)]
  0x0000026ed318f000 JavaThread "Unconstrained build operations Thread 48" [_thread_blocked, id=13188, stack(0x000000a5ccd00000,0x000000a5cce00000)]
  0x0000026ed1f0f800 JavaThread "Unconstrained build operations Thread 49" [_thread_blocked, id=44088, stack(0x000000a5cce00000,0x000000a5ccf00000)]
  0x0000026ed1f11800 JavaThread "Unconstrained build operations Thread 50" [_thread_blocked, id=27960, stack(0x000000a5ccf00000,0x000000a5cd000000)]
  0x0000026ed1f0d000 JavaThread "Unconstrained build operations Thread 51" [_thread_blocked, id=6652, stack(0x000000a5cd000000,0x000000a5cd100000)]
  0x0000026ed1f10800 JavaThread "Unconstrained build operations Thread 52" [_thread_blocked, id=43820, stack(0x000000a5cd100000,0x000000a5cd200000)]
  0x0000026ed1f12000 JavaThread "Unconstrained build operations Thread 53" [_thread_blocked, id=42120, stack(0x000000a5cd200000,0x000000a5cd300000)]
  0x0000026ed1f0f000 JavaThread "Unconstrained build operations Thread 54" [_thread_blocked, id=2204, stack(0x000000a5cd300000,0x000000a5cd400000)]
  0x0000026ed1f13000 JavaThread "Unconstrained build operations Thread 55" [_thread_blocked, id=7416, stack(0x000000a5cd400000,0x000000a5cd500000)]
  0x0000026ed1f0e000 JavaThread "Unconstrained build operations Thread 56" [_thread_blocked, id=28740, stack(0x000000a5cd500000,0x000000a5cd600000)]
  0x0000026ed1f13800 JavaThread "Unconstrained build operations Thread 57" [_thread_blocked, id=49904, stack(0x000000a5cd600000,0x000000a5cd700000)]
  0x0000026ed1f17000 JavaThread "Classloader cache reference queue poller" daemon [_thread_blocked, id=3576, stack(0x000000a5cd700000,0x000000a5cd800000)]

Other Threads:
  0x0000026ecbb20000 VMThread "VM Thread" [stack: 0x000000a5c5500000,0x000000a5c5600000] [id=41936]
  0x0000026ecc51a000 WatcherThread [stack: 0x000000a5c5f00000,0x000000a5c6000000] [id=34376]
  0x0000026eb00bf800 GCTaskThread "GC Thread#0" [stack: 0x000000a5c5000000,0x000000a5c5100000] [id=42540]
  0x0000026ecd5eb800 GCTaskThread "GC Thread#1" [stack: 0x000000a5c6200000,0x000000a5c6300000] [id=7740]
  0x0000026ecd891000 GCTaskThread "GC Thread#2" [stack: 0x000000a5c6300000,0x000000a5c6400000] [id=4832]
  0x0000026ecd896000 GCTaskThread "GC Thread#3" [stack: 0x000000a5c6400000,0x000000a5c6500000] [id=45076]
  0x0000026ecd893000 GCTaskThread "GC Thread#4" [stack: 0x000000a5c6500000,0x000000a5c6600000] [id=28556]
  0x0000026ecd896800 GCTaskThread "GC Thread#5" [stack: 0x000000a5c6600000,0x000000a5c6700000] [id=22268]
  0x0000026ecd897800 GCTaskThread "GC Thread#6" [stack: 0x000000a5c7200000,0x000000a5c7300000] [id=26168]
  0x0000026ecd895000 GCTaskThread "GC Thread#7" [stack: 0x000000a5c7300000,0x000000a5c7400000] [id=50628]
  0x0000026eb00e0800 ConcurrentGCThread "G1 Main Marker" [stack: 0x000000a5c5100000,0x000000a5c5200000] [id=49832]
  0x0000026eb00e1800 ConcurrentGCThread "G1 Conc#0" [stack: 0x000000a5c5200000,0x000000a5c5300000] [id=3160]
  0x0000026ecd893800 ConcurrentGCThread "G1 Conc#1" [stack: 0x000000a5c7400000,0x000000a5c7500000] [id=35232]
  0x0000026ecb984800 ConcurrentGCThread "G1 Refine#0" [stack: 0x000000a5c5300000,0x000000a5c5400000] [id=40756]
  0x0000026ed380f800 ConcurrentGCThread "G1 Refine#1" [stack: 0x000000a5cbb00000,0x000000a5cbc00000] [id=24920]
  0x0000026ecb985800 ConcurrentGCThread "G1 Young RemSet Sampling" [stack: 0x000000a5c5400000,0x000000a5c5500000] [id=38928]

Threads with active compile tasks:
C1 CompilerThread0    13603 7261       3       org.codehaus.groovy.reflection.ClassInfo::getClassInfo (13 bytes)
C2 CompilerThread1    13603 7220       4       java.lang.Class::privateGetPublicMethods (224 bytes)

VM state:not at safepoint (normal execution)

VM Mutex/Monitor currently owned by a thread: None

Heap address: 0x00000000c0000000, size: 1024 MB, Compressed Oops mode: 32-bit
Narrow klass base: 0x0000000000000000, Narrow klass shift: 3
Compressed class space size: 528482304 Address: 0x0000000100000000

Heap:
 garbage-first heap   total 260096K, used 111120K [0x00000000c0000000, 0x0000000100000000)
  region size 1024K, 64 young (65536K), 7 survivors (7168K)
 Metaspace       used 67375K, capacity 69784K, committed 69888K, reserved 577536K
  class space    used 9037K, capacity 9981K, committed 9984K, reserved 516096K
Heap Regions: E=young(eden), S=young(survivor), O=old, HS=humongous(starts), HC=humongous(continues), CS=collection set, F=free, A=archive, TAMS=top-at-mark-start (previous, next)
|   0|0x00000000c0000000, 0x00000000c0100000, 0x00000000c0100000|100%| O|  |TAMS 0x00000000c0100000, 0x00000000c0000000| Untracked 
|   1|0x00000000c0100000, 0x00000000c0200000, 0x00000000c0200000|100%| O|  |TAMS 0x00000000c0200000, 0x00000000c0100000| Untracked 
|   2|0x00000000c0200000, 0x00000000c0300000, 0x00000000c0300000|100%| O|  |TAMS 0x00000000c0300000, 0x00000000c0200000| Untracked 
|   3|0x00000000c0300000, 0x00000000c0400000, 0x00000000c0400000|100%|HS|  |TAMS 0x00000000c0400000, 0x00000000c0300000| Complete 
|   4|0x00000000c0400000, 0x00000000c0500000, 0x00000000c0500000|100%|HC|  |TAMS 0x00000000c0500000, 0x00000000c0400000| Complete 
|   5|0x00000000c0500000, 0x00000000c0600000, 0x00000000c0600000|100%|HC|  |TAMS 0x00000000c0600000, 0x00000000c0500000| Complete 
|   6|0x00000000c0600000, 0x00000000c0700000, 0x00000000c0700000|100%| O|  |TAMS 0x00000000c0700000, 0x00000000c0600000| Untracked 
|   7|0x00000000c0700000, 0x00000000c0800000, 0x00000000c0800000|100%| O|  |TAMS 0x00000000c0800000, 0x00000000c0700000| Untracked 
|   8|0x00000000c0800000, 0x00000000c0900000, 0x00000000c0900000|100%| O|  |TAMS 0x00000000c0900000, 0x00000000c0800000| Untracked 
|   9|0x00000000c0900000, 0x00000000c0a00000, 0x00000000c0a00000|100%| O|  |TAMS 0x00000000c0a00000, 0x00000000c0900000| Untracked 
|  10|0x00000000c0a00000, 0x00000000c0b00000, 0x00000000c0b00000|100%| O|  |TAMS 0x00000000c0b00000, 0x00000000c0a00000| Untracked 
|  11|0x00000000c0b00000, 0x00000000c0c00000, 0x00000000c0c00000|100%| O|  |TAMS 0x00000000c0c00000, 0x00000000c0b00000| Untracked 
|  12|0x00000000c0c00000, 0x00000000c0d00000, 0x00000000c0d00000|100%| O|  |TAMS 0x00000000c0d00000, 0x00000000c0c00000| Untracked 
|  13|0x00000000c0d00000, 0x00000000c0e00000, 0x00000000c0e00000|100%| O|  |TAMS 0x00000000c0e00000, 0x00000000c0d00000| Untracked 
|  14|0x00000000c0e00000, 0x00000000c0f00000, 0x00000000c0f00000|100%| O|  |TAMS 0x00000000c0f00000, 0x00000000c0e00000| Untracked 
|  15|0x00000000c0f00000, 0x00000000c1000000, 0x00000000c1000000|100%| O|  |TAMS 0x00000000c1000000, 0x00000000c0f00000| Untracked 
|  16|0x00000000c1000000, 0x00000000c1100000, 0x00000000c1100000|100%| O|  |TAMS 0x00000000c1100000, 0x00000000c1000000| Untracked 
|  17|0x00000000c1100000, 0x00000000c1200000, 0x00000000c1200000|100%| O|  |TAMS 0x00000000c1200000, 0x00000000c1100000| Untracked 
|  18|0x00000000c1200000, 0x00000000c1300000, 0x00000000c1300000|100%| O|  |TAMS 0x00000000c1300000, 0x00000000c1200000| Untracked 
|  19|0x00000000c1300000, 0x00000000c1400000, 0x00000000c1400000|100%| O|  |TAMS 0x00000000c1400000, 0x00000000c1300000| Untracked 
|  20|0x00000000c1400000, 0x00000000c1500000, 0x00000000c1500000|100%| O|  |TAMS 0x00000000c1500000, 0x00000000c1400000| Untracked 
|  21|0x00000000c1500000, 0x00000000c1600000, 0x00000000c1600000|100%| O|  |TAMS 0x00000000c1600000, 0x00000000c1500000| Untracked 
|  22|0x00000000c1600000, 0x00000000c1700000, 0x00000000c1700000|100%| O|  |TAMS 0x00000000c1700000, 0x00000000c1600000| Untracked 
|  23|0x00000000c1700000, 0x00000000c1800000, 0x00000000c1800000|100%| O|  |TAMS 0x00000000c1800000, 0x00000000c1700000| Untracked 
|  24|0x00000000c1800000, 0x00000000c1900000, 0x00000000c1900000|100%| O|  |TAMS 0x00000000c1900000, 0x00000000c1800000| Untracked 
|  25|0x00000000c1900000, 0x00000000c1a00000, 0x00000000c1a00000|100%| O|  |TAMS 0x00000000c1a00000, 0x00000000c1900000| Untracked 
|  26|0x00000000c1a00000, 0x00000000c1b00000, 0x00000000c1b00000|100%| O|  |TAMS 0x00000000c1b00000, 0x00000000c1a00000| Untracked 
|  27|0x00000000c1b00000, 0x00000000c1c00000, 0x00000000c1c00000|100%| O|  |TAMS 0x00000000c1c00000, 0x00000000c1b00000| Untracked 
|  28|0x00000000c1c00000, 0x00000000c1d00000, 0x00000000c1d00000|100%| O|  |TAMS 0x00000000c1d00000, 0x00000000c1c00000| Untracked 
|  29|0x00000000c1d00000, 0x00000000c1e00000, 0x00000000c1e00000|100%| O|  |TAMS 0x00000000c1e00000, 0x00000000c1d00000| Untracked 
|  30|0x00000000c1e00000, 0x00000000c1f00000, 0x00000000c1f00000|100%| O|  |TAMS 0x00000000c1f00000, 0x00000000c1e00000| Untracked 
|  31|0x00000000c1f00000, 0x00000000c2000000, 0x00000000c2000000|100%| O|  |TAMS 0x00000000c2000000, 0x00000000c1f00000| Untracked 
|  32|0x00000000c2000000, 0x00000000c2100000, 0x00000000c2100000|100%| O|  |TAMS 0x00000000c2100000, 0x00000000c2000000| Untracked 
|  33|0x00000000c2100000, 0x00000000c2200000, 0x00000000c2200000|100%| O|  |TAMS 0x00000000c2200000, 0x00000000c2100000| Untracked 
|  34|0x00000000c2200000, 0x00000000c2300000, 0x00000000c2300000|100%| O|  |TAMS 0x00000000c2300000, 0x00000000c2200000| Untracked 
|  35|0x00000000c2300000, 0x00000000c2400000, 0x00000000c2400000|100%| O|  |TAMS 0x00000000c2400000, 0x00000000c2300000| Untracked 
|  36|0x00000000c2400000, 0x00000000c2500000, 0x00000000c2500000|100%| O|  |TAMS 0x00000000c2500000, 0x00000000c2400000| Untracked 
|  37|0x00000000c2500000, 0x00000000c2600000, 0x00000000c2600000|100%| O|  |TAMS 0x00000000c2600000, 0x00000000c2500000| Untracked 
|  38|0x00000000c2600000, 0x00000000c2700000, 0x00000000c2700000|100%| O|  |TAMS 0x00000000c2700000, 0x00000000c2600000| Untracked 
|  39|0x00000000c2700000, 0x00000000c2800000, 0x00000000c2800000|100%| O|  |TAMS 0x00000000c2800000, 0x00000000c2700000| Untracked 
|  40|0x00000000c2800000, 0x00000000c2900000, 0x00000000c2900000|100%| O|  |TAMS 0x00000000c2900000, 0x00000000c2800000| Untracked 
|  41|0x00000000c2900000, 0x00000000c2a00000, 0x00000000c2a00000|100%| O|  |TAMS 0x00000000c2a00000, 0x00000000c2900000| Untracked 
|  42|0x00000000c2a00000, 0x00000000c2b00000, 0x00000000c2b00000|100%| O|  |TAMS 0x00000000c2b00000, 0x00000000c2a00000| Untracked 
|  43|0x00000000c2b00000, 0x00000000c2c00000, 0x00000000c2c00000|100%| O|  |TAMS 0x00000000c2c00000, 0x00000000c2b00000| Untracked 
|  44|0x00000000c2c00000, 0x00000000c2d00000, 0x00000000c2d00000|100%| O|  |TAMS 0x00000000c2d00000, 0x00000000c2c00000| Untracked 
|  45|0x00000000c2d00000, 0x00000000c2e00000, 0x00000000c2e00000|100%| O|  |TAMS 0x00000000c2e00000, 0x00000000c2d00000| Untracked 
|  46|0x00000000c2e00000, 0x00000000c2e84200, 0x00000000c2f00000| 51%| O|  |TAMS 0x00000000c2e84200, 0x00000000c2e00000| Untracked 
|  47|0x00000000c2f00000, 0x00000000c2f00000, 0x00000000c3000000|  0%| F|  |TAMS 0x00000000c2f00000, 0x00000000c2f00000| Untracked 
|  48|0x00000000c3000000, 0x00000000c3000000, 0x00000000c3100000|  0%| F|  |TAMS 0x00000000c3000000, 0x00000000c3000000| Untracked 
|  49|0x00000000c3100000, 0x00000000c3100000, 0x00000000c3200000|  0%| F|  |TAMS 0x00000000c3100000, 0x00000000c3100000| Untracked 
|  50|0x00000000c3200000, 0x00000000c3200000, 0x00000000c3300000|  0%| F|  |TAMS 0x00000000c3200000, 0x00000000c3200000| Untracked 
|  51|0x00000000c3300000, 0x00000000c3300000, 0x00000000c3400000|  0%| F|  |TAMS 0x00000000c3300000, 0x00000000c3300000| Untracked 
|  52|0x00000000c3400000, 0x00000000c3400000, 0x00000000c3500000|  0%| F|  |TAMS 0x00000000c3400000, 0x00000000c3400000| Untracked 
|  53|0x00000000c3500000, 0x00000000c3500000, 0x00000000c3600000|  0%| F|  |TAMS 0x00000000c3500000, 0x00000000c3500000| Untracked 
|  54|0x00000000c3600000, 0x00000000c3600000, 0x00000000c3700000|  0%| F|  |TAMS 0x00000000c3600000, 0x00000000c3600000| Untracked 
|  55|0x00000000c3700000, 0x00000000c3700000, 0x00000000c3800000|  0%| F|  |TAMS 0x00000000c3700000, 0x00000000c3700000| Untracked 
|  56|0x00000000c3800000, 0x00000000c3800000, 0x00000000c3900000|  0%| F|  |TAMS 0x00000000c3800000, 0x00000000c3800000| Untracked 
|  57|0x00000000c3900000, 0x00000000c3900000, 0x00000000c3a00000|  0%| F|  |TAMS 0x00000000c3900000, 0x00000000c3900000| Untracked 
|  58|0x00000000c3a00000, 0x00000000c3a00000, 0x00000000c3b00000|  0%| F|  |TAMS 0x00000000c3a00000, 0x00000000c3a00000| Untracked 
|  59|0x00000000c3b00000, 0x00000000c3b00000, 0x00000000c3c00000|  0%| F|  |TAMS 0x00000000c3b00000, 0x00000000c3b00000| Untracked 
|  60|0x00000000c3c00000, 0x00000000c3c00000, 0x00000000c3d00000|  0%| F|  |TAMS 0x00000000c3c00000, 0x00000000c3c00000| Untracked 
|  61|0x00000000c3d00000, 0x00000000c3d00000, 0x00000000c3e00000|  0%| F|  |TAMS 0x00000000c3d00000, 0x00000000c3d00000| Untracked 
|  62|0x00000000c3e00000, 0x00000000c3e00000, 0x00000000c3f00000|  0%| F|  |TAMS 0x00000000c3e00000, 0x00000000c3e00000| Untracked 
|  63|0x00000000c3f00000, 0x00000000c3f00000, 0x00000000c4000000|  0%| F|  |TAMS 0x00000000c3f00000, 0x00000000c3f00000| Untracked 
|  64|0x00000000c4000000, 0x00000000c4000000, 0x00000000c4100000|  0%| F|  |TAMS 0x00000000c4000000, 0x00000000c4000000| Untracked 
|  65|0x00000000c4100000, 0x00000000c4100000, 0x00000000c4200000|  0%| F|  |TAMS 0x00000000c4100000, 0x00000000c4100000| Untracked 
|  66|0x00000000c4200000, 0x00000000c4200000, 0x00000000c4300000|  0%| F|  |TAMS 0x00000000c4200000, 0x00000000c4200000| Untracked 
|  67|0x00000000c4300000, 0x00000000c4300000, 0x00000000c4400000|  0%| F|  |TAMS 0x00000000c4300000, 0x00000000c4300000| Untracked 
|  68|0x00000000c4400000, 0x00000000c4400000, 0x00000000c4500000|  0%| F|  |TAMS 0x00000000c4400000, 0x00000000c4400000| Untracked 
|  69|0x00000000c4500000, 0x00000000c4500000, 0x00000000c4600000|  0%| F|  |TAMS 0x00000000c4500000, 0x00000000c4500000| Untracked 
|  70|0x00000000c4600000, 0x00000000c4600000, 0x00000000c4700000|  0%| F|  |TAMS 0x00000000c4600000, 0x00000000c4600000| Untracked 
|  71|0x00000000c4700000, 0x00000000c4700000, 0x00000000c4800000|  0%| F|  |TAMS 0x00000000c4700000, 0x00000000c4700000| Untracked 
|  72|0x00000000c4800000, 0x00000000c4800000, 0x00000000c4900000|  0%| F|  |TAMS 0x00000000c4800000, 0x00000000c4800000| Untracked 
|  73|0x00000000c4900000, 0x00000000c4900000, 0x00000000c4a00000|  0%| F|  |TAMS 0x00000000c4900000, 0x00000000c4900000| Untracked 
|  74|0x00000000c4a00000, 0x00000000c4a00000, 0x00000000c4b00000|  0%| F|  |TAMS 0x00000000c4a00000, 0x00000000c4a00000| Untracked 
|  75|0x00000000c4b00000, 0x00000000c4b00000, 0x00000000c4c00000|  0%| F|  |TAMS 0x00000000c4b00000, 0x00000000c4b00000| Untracked 
|  76|0x00000000c4c00000, 0x00000000c4c00000, 0x00000000c4d00000|  0%| F|  |TAMS 0x00000000c4c00000, 0x00000000c4c00000| Untracked 
|  77|0x00000000c4d00000, 0x00000000c4d00000, 0x00000000c4e00000|  0%| F|  |TAMS 0x00000000c4d00000, 0x00000000c4d00000| Untracked 
|  78|0x00000000c4e00000, 0x00000000c4e00000, 0x00000000c4f00000|  0%| F|  |TAMS 0x00000000c4e00000, 0x00000000c4e00000| Untracked 
|  79|0x00000000c4f00000, 0x00000000c4f00000, 0x00000000c5000000|  0%| F|  |TAMS 0x00000000c4f00000, 0x00000000c4f00000| Untracked 
|  80|0x00000000c5000000, 0x00000000c5000000, 0x00000000c5100000|  0%| F|  |TAMS 0x00000000c5000000, 0x00000000c5000000| Untracked 
|  81|0x00000000c5100000, 0x00000000c5100000, 0x00000000c5200000|  0%| F|  |TAMS 0x00000000c5100000, 0x00000000c5100000| Untracked 
|  82|0x00000000c5200000, 0x00000000c5200000, 0x00000000c5300000|  0%| F|  |TAMS 0x00000000c5200000, 0x00000000c5200000| Untracked 
|  83|0x00000000c5300000, 0x00000000c5300000, 0x00000000c5400000|  0%| F|  |TAMS 0x00000000c5300000, 0x00000000c5300000| Untracked 
|  84|0x00000000c5400000, 0x00000000c5400000, 0x00000000c5500000|  0%| F|  |TAMS 0x00000000c5400000, 0x00000000c5400000| Untracked 
|  85|0x00000000c5500000, 0x00000000c5500000, 0x00000000c5600000|  0%| F|  |TAMS 0x00000000c5500000, 0x00000000c5500000| Untracked 
|  86|0x00000000c5600000, 0x00000000c5600000, 0x00000000c5700000|  0%| F|  |TAMS 0x00000000c5600000, 0x00000000c5600000| Untracked 
|  87|0x00000000c5700000, 0x00000000c5700000, 0x00000000c5800000|  0%| F|  |TAMS 0x00000000c5700000, 0x00000000c5700000| Untracked 
|  88|0x00000000c5800000, 0x00000000c5800000, 0x00000000c5900000|  0%| F|  |TAMS 0x00000000c5800000, 0x00000000c5800000| Untracked 
|  89|0x00000000c5900000, 0x00000000c5900000, 0x00000000c5a00000|  0%| F|  |TAMS 0x00000000c5900000, 0x00000000c5900000| Untracked 
|  90|0x00000000c5a00000, 0x00000000c5a00000, 0x00000000c5b00000|  0%| F|  |TAMS 0x00000000c5a00000, 0x00000000c5a00000| Untracked 
|  91|0x00000000c5b00000, 0x00000000c5b00000, 0x00000000c5c00000|  0%| F|  |TAMS 0x00000000c5b00000, 0x00000000c5b00000| Untracked 
|  92|0x00000000c5c00000, 0x00000000c5c00000, 0x00000000c5d00000|  0%| F|  |TAMS 0x00000000c5c00000, 0x00000000c5c00000| Untracked 
|  93|0x00000000c5d00000, 0x00000000c5d00000, 0x00000000c5e00000|  0%| F|  |TAMS 0x00000000c5d00000, 0x00000000c5d00000| Untracked 
|  94|0x00000000c5e00000, 0x00000000c5e00000, 0x00000000c5f00000|  0%| F|  |TAMS 0x00000000c5e00000, 0x00000000c5e00000| Untracked 
|  95|0x00000000c5f00000, 0x00000000c5f00000, 0x00000000c6000000|  0%| F|  |TAMS 0x00000000c5f00000, 0x00000000c5f00000| Untracked 
|  96|0x00000000c6000000, 0x00000000c6000000, 0x00000000c6100000|  0%| F|  |TAMS 0x00000000c6000000, 0x00000000c6000000| Untracked 
|  97|0x00000000c6100000, 0x00000000c6100000, 0x00000000c6200000|  0%| F|  |TAMS 0x00000000c6100000, 0x00000000c6100000| Untracked 
|  98|0x00000000c6200000, 0x00000000c6200000, 0x00000000c6300000|  0%| F|  |TAMS 0x00000000c6200000, 0x00000000c6200000| Untracked 
|  99|0x00000000c6300000, 0x00000000c6300000, 0x00000000c6400000|  0%| F|  |TAMS 0x00000000c6300000, 0x00000000c6300000| Untracked 
| 100|0x00000000c6400000, 0x00000000c6400000, 0x00000000c6500000|  0%| F|  |TAMS 0x00000000c6400000, 0x00000000c6400000| Untracked 
| 101|0x00000000c6500000, 0x00000000c6500000, 0x00000000c6600000|  0%| F|  |TAMS 0x00000000c6500000, 0x00000000c6500000| Untracked 
| 102|0x00000000c6600000, 0x00000000c6600000, 0x00000000c6700000|  0%| F|  |TAMS 0x00000000c6600000, 0x00000000c6600000| Untracked 
| 103|0x00000000c6700000, 0x00000000c6700000, 0x00000000c6800000|  0%| F|  |TAMS 0x00000000c6700000, 0x00000000c6700000| Untracked 
| 104|0x00000000c6800000, 0x00000000c6800000, 0x00000000c6900000|  0%| F|  |TAMS 0x00000000c6800000, 0x00000000c6800000| Untracked 
| 105|0x00000000c6900000, 0x00000000c6900000, 0x00000000c6a00000|  0%| F|  |TAMS 0x00000000c6900000, 0x00000000c6900000| Untracked 
| 106|0x00000000c6a00000, 0x00000000c6a00000, 0x00000000c6b00000|  0%| F|  |TAMS 0x00000000c6a00000, 0x00000000c6a00000| Untracked 
| 107|0x00000000c6b00000, 0x00000000c6b00000, 0x00000000c6c00000|  0%| F|  |TAMS 0x00000000c6b00000, 0x00000000c6b00000| Untracked 
| 108|0x00000000c6c00000, 0x00000000c6c00000, 0x00000000c6d00000|  0%| F|  |TAMS 0x00000000c6c00000, 0x00000000c6c00000| Untracked 
| 109|0x00000000c6d00000, 0x00000000c6d00000, 0x00000000c6e00000|  0%| F|  |TAMS 0x00000000c6d00000, 0x00000000c6d00000| Untracked 
| 110|0x00000000c6e00000, 0x00000000c6e00000, 0x00000000c6f00000|  0%| F|  |TAMS 0x00000000c6e00000, 0x00000000c6e00000| Untracked 
| 111|0x00000000c6f00000, 0x00000000c6f00000, 0x00000000c7000000|  0%| F|  |TAMS 0x00000000c6f00000, 0x00000000c6f00000| Untracked 
| 112|0x00000000c7000000, 0x00000000c7000000, 0x00000000c7100000|  0%| F|  |TAMS 0x00000000c7000000, 0x00000000c7000000| Untracked 
| 113|0x00000000c7100000, 0x00000000c7100000, 0x00000000c7200000|  0%| F|  |TAMS 0x00000000c7100000, 0x00000000c7100000| Untracked 
| 114|0x00000000c7200000, 0x00000000c7200000, 0x00000000c7300000|  0%| F|  |TAMS 0x00000000c7200000, 0x00000000c7200000| Untracked 
| 115|0x00000000c7300000, 0x00000000c7300000, 0x00000000c7400000|  0%| F|  |TAMS 0x00000000c7300000, 0x00000000c7300000| Untracked 
| 116|0x00000000c7400000, 0x00000000c7400000, 0x00000000c7500000|  0%| F|  |TAMS 0x00000000c7400000, 0x00000000c7400000| Untracked 
| 117|0x00000000c7500000, 0x00000000c7500000, 0x00000000c7600000|  0%| F|  |TAMS 0x00000000c7500000, 0x00000000c7500000| Untracked 
| 118|0x00000000c7600000, 0x00000000c7600000, 0x00000000c7700000|  0%| F|  |TAMS 0x00000000c7600000, 0x00000000c7600000| Untracked 
| 119|0x00000000c7700000, 0x00000000c7700000, 0x00000000c7800000|  0%| F|  |TAMS 0x00000000c7700000, 0x00000000c7700000| Untracked 
| 120|0x00000000c7800000, 0x00000000c7800000, 0x00000000c7900000|  0%| F|  |TAMS 0x00000000c7800000, 0x00000000c7800000| Untracked 
| 121|0x00000000c7900000, 0x00000000c7900000, 0x00000000c7a00000|  0%| F|  |TAMS 0x00000000c7900000, 0x00000000c7900000| Untracked 
| 122|0x00000000c7a00000, 0x00000000c7a00000, 0x00000000c7b00000|  0%| F|  |TAMS 0x00000000c7a00000, 0x00000000c7a00000| Untracked 
| 123|0x00000000c7b00000, 0x00000000c7b00000, 0x00000000c7c00000|  0%| F|  |TAMS 0x00000000c7b00000, 0x00000000c7b00000| Untracked 
| 124|0x00000000c7c00000, 0x00000000c7c00000, 0x00000000c7d00000|  0%| F|  |TAMS 0x00000000c7c00000, 0x00000000c7c00000| Untracked 
| 125|0x00000000c7d00000, 0x00000000c7d00000, 0x00000000c7e00000|  0%| F|  |TAMS 0x00000000c7d00000, 0x00000000c7d00000| Untracked 
| 126|0x00000000c7e00000, 0x00000000c7e00000, 0x00000000c7f00000|  0%| F|  |TAMS 0x00000000c7e00000, 0x00000000c7e00000| Untracked 
| 127|0x00000000c7f00000, 0x00000000c7f00000, 0x00000000c8000000|  0%| F|  |TAMS 0x00000000c7f00000, 0x00000000c7f00000| Untracked 
| 128|0x00000000c8000000, 0x00000000c8000000, 0x00000000c8100000|  0%| F|  |TAMS 0x00000000c8000000, 0x00000000c8000000| Untracked 
| 129|0x00000000c8100000, 0x00000000c8100000, 0x00000000c8200000|  0%| F|  |TAMS 0x00000000c8100000, 0x00000000c8100000| Untracked 
| 130|0x00000000c8200000, 0x00000000c8200000, 0x00000000c8300000|  0%| F|  |TAMS 0x00000000c8200000, 0x00000000c8200000| Untracked 
| 131|0x00000000c8300000, 0x00000000c8300000, 0x00000000c8400000|  0%| F|  |TAMS 0x00000000c8300000, 0x00000000c8300000| Untracked 
| 132|0x00000000c8400000, 0x00000000c8400000, 0x00000000c8500000|  0%| F|  |TAMS 0x00000000c8400000, 0x00000000c8400000| Untracked 
| 133|0x00000000c8500000, 0x00000000c8500000, 0x00000000c8600000|  0%| F|  |TAMS 0x00000000c8500000, 0x00000000c8500000| Untracked 
| 134|0x00000000c8600000, 0x00000000c8600000, 0x00000000c8700000|  0%| F|  |TAMS 0x00000000c8600000, 0x00000000c8600000| Untracked 
| 135|0x00000000c8700000, 0x00000000c8700000, 0x00000000c8800000|  0%| F|  |TAMS 0x00000000c8700000, 0x00000000c8700000| Untracked 
| 136|0x00000000c8800000, 0x00000000c8800000, 0x00000000c8900000|  0%| F|  |TAMS 0x00000000c8800000, 0x00000000c8800000| Untracked 
| 137|0x00000000c8900000, 0x00000000c8900000, 0x00000000c8a00000|  0%| F|  |TAMS 0x00000000c8900000, 0x00000000c8900000| Untracked 
| 138|0x00000000c8a00000, 0x00000000c8a00000, 0x00000000c8b00000|  0%| F|  |TAMS 0x00000000c8a00000, 0x00000000c8a00000| Untracked 
| 139|0x00000000c8b00000, 0x00000000c8b00000, 0x00000000c8c00000|  0%| F|  |TAMS 0x00000000c8b00000, 0x00000000c8b00000| Untracked 
| 140|0x00000000c8c00000, 0x00000000c8c00000, 0x00000000c8d00000|  0%| F|  |TAMS 0x00000000c8c00000, 0x00000000c8c00000| Untracked 
| 141|0x00000000c8d00000, 0x00000000c8d00000, 0x00000000c8e00000|  0%| F|  |TAMS 0x00000000c8d00000, 0x00000000c8d00000| Untracked 
| 142|0x00000000c8e00000, 0x00000000c8e00000, 0x00000000c8f00000|  0%| F|  |TAMS 0x00000000c8e00000, 0x00000000c8e00000| Untracked 
| 143|0x00000000c8f00000, 0x00000000c8f00000, 0x00000000c9000000|  0%| F|  |TAMS 0x00000000c8f00000, 0x00000000c8f00000| Untracked 
| 144|0x00000000c9000000, 0x00000000c9000000, 0x00000000c9100000|  0%| F|  |TAMS 0x00000000c9000000, 0x00000000c9000000| Untracked 
| 145|0x00000000c9100000, 0x00000000c9100000, 0x00000000c9200000|  0%| F|  |TAMS 0x00000000c9100000, 0x00000000c9100000| Untracked 
| 146|0x00000000c9200000, 0x00000000c9200000, 0x00000000c9300000|  0%| F|  |TAMS 0x00000000c9200000, 0x00000000c9200000| Untracked 
| 147|0x00000000c9300000, 0x00000000c9300000, 0x00000000c9400000|  0%| F|  |TAMS 0x00000000c9300000, 0x00000000c9300000| Untracked 
| 148|0x00000000c9400000, 0x00000000c9400000, 0x00000000c9500000|  0%| F|  |TAMS 0x00000000c9400000, 0x00000000c9400000| Untracked 
| 149|0x00000000c9500000, 0x00000000c9500000, 0x00000000c9600000|  0%| F|  |TAMS 0x00000000c9500000, 0x00000000c9500000| Untracked 
| 150|0x00000000c9600000, 0x00000000c9600000, 0x00000000c9700000|  0%| F|  |TAMS 0x00000000c9600000, 0x00000000c9600000| Untracked 
| 151|0x00000000c9700000, 0x00000000c9700000, 0x00000000c9800000|  0%| F|  |TAMS 0x00000000c9700000, 0x00000000c9700000| Untracked 
| 152|0x00000000c9800000, 0x00000000c9800000, 0x00000000c9900000|  0%| F|  |TAMS 0x00000000c9800000, 0x00000000c9800000| Untracked 
| 153|0x00000000c9900000, 0x00000000c9900000, 0x00000000c9a00000|  0%| F|  |TAMS 0x00000000c9900000, 0x00000000c9900000| Untracked 
| 154|0x00000000c9a00000, 0x00000000c9a00000, 0x00000000c9b00000|  0%| F|  |TAMS 0x00000000c9a00000, 0x00000000c9a00000| Untracked 
| 155|0x00000000c9b00000, 0x00000000c9b00000, 0x00000000c9c00000|  0%| F|  |TAMS 0x00000000c9b00000, 0x00000000c9b00000| Untracked 
| 156|0x00000000c9c00000, 0x00000000c9c00000, 0x00000000c9d00000|  0%| F|  |TAMS 0x00000000c9c00000, 0x00000000c9c00000| Untracked 
| 157|0x00000000c9d00000, 0x00000000c9d00000, 0x00000000c9e00000|  0%| F|  |TAMS 0x00000000c9d00000, 0x00000000c9d00000| Untracked 
| 158|0x00000000c9e00000, 0x00000000c9e00000, 0x00000000c9f00000|  0%| F|  |TAMS 0x00000000c9e00000, 0x00000000c9e00000| Untracked 
| 159|0x00000000c9f00000, 0x00000000c9f00000, 0x00000000ca000000|  0%| F|  |TAMS 0x00000000c9f00000, 0x00000000c9f00000| Untracked 
| 160|0x00000000ca000000, 0x00000000ca000000, 0x00000000ca100000|  0%| F|  |TAMS 0x00000000ca000000, 0x00000000ca000000| Untracked 
| 161|0x00000000ca100000, 0x00000000ca100000, 0x00000000ca200000|  0%| F|  |TAMS 0x00000000ca100000, 0x00000000ca100000| Untracked 
| 162|0x00000000ca200000, 0x00000000ca200000, 0x00000000ca300000|  0%| F|  |TAMS 0x00000000ca200000, 0x00000000ca200000| Untracked 
| 163|0x00000000ca300000, 0x00000000ca300000, 0x00000000ca400000|  0%| F|  |TAMS 0x00000000ca300000, 0x00000000ca300000| Untracked 
| 164|0x00000000ca400000, 0x00000000ca400000, 0x00000000ca500000|  0%| F|  |TAMS 0x00000000ca400000, 0x00000000ca400000| Untracked 
| 165|0x00000000ca500000, 0x00000000ca500000, 0x00000000ca600000|  0%| F|  |TAMS 0x00000000ca500000, 0x00000000ca500000| Untracked 
| 166|0x00000000ca600000, 0x00000000ca600000, 0x00000000ca700000|  0%| F|  |TAMS 0x00000000ca600000, 0x00000000ca600000| Untracked 
| 167|0x00000000ca700000, 0x00000000ca700000, 0x00000000ca800000|  0%| F|  |TAMS 0x00000000ca700000, 0x00000000ca700000| Untracked 
| 168|0x00000000ca800000, 0x00000000ca800000, 0x00000000ca900000|  0%| F|  |TAMS 0x00000000ca800000, 0x00000000ca800000| Untracked 
| 169|0x00000000ca900000, 0x00000000ca900000, 0x00000000caa00000|  0%| F|  |TAMS 0x00000000ca900000, 0x00000000ca900000| Untracked 
| 170|0x00000000caa00000, 0x00000000caa00000, 0x00000000cab00000|  0%| F|  |TAMS 0x00000000caa00000, 0x00000000caa00000| Untracked 
| 171|0x00000000cab00000, 0x00000000cab00000, 0x00000000cac00000|  0%| F|  |TAMS 0x00000000cab00000, 0x00000000cab00000| Untracked 
| 172|0x00000000cac00000, 0x00000000cac00000, 0x00000000cad00000|  0%| F|  |TAMS 0x00000000cac00000, 0x00000000cac00000| Untracked 
| 173|0x00000000cad00000, 0x00000000cad00000, 0x00000000cae00000|  0%| F|  |TAMS 0x00000000cad00000, 0x00000000cad00000| Untracked 
| 174|0x00000000cae00000, 0x00000000cae00000, 0x00000000caf00000|  0%| F|  |TAMS 0x00000000cae00000, 0x00000000cae00000| Untracked 
| 175|0x00000000caf00000, 0x00000000caf00000, 0x00000000cb000000|  0%| F|  |TAMS 0x00000000caf00000, 0x00000000caf00000| Untracked 
| 176|0x00000000cb000000, 0x00000000cb000000, 0x00000000cb100000|  0%| F|  |TAMS 0x00000000cb000000, 0x00000000cb000000| Untracked 
| 177|0x00000000cb100000, 0x00000000cb100000, 0x00000000cb200000|  0%| F|  |TAMS 0x00000000cb100000, 0x00000000cb100000| Untracked 
| 178|0x00000000cb200000, 0x00000000cb200000, 0x00000000cb300000|  0%| F|  |TAMS 0x00000000cb200000, 0x00000000cb200000| Untracked 
| 179|0x00000000cb300000, 0x00000000cb300000, 0x00000000cb400000|  0%| F|  |TAMS 0x00000000cb300000, 0x00000000cb300000| Untracked 
| 180|0x00000000cb400000, 0x00000000cb400000, 0x00000000cb500000|  0%| F|  |TAMS 0x00000000cb400000, 0x00000000cb400000| Untracked 
| 181|0x00000000cb500000, 0x00000000cb500000, 0x00000000cb600000|  0%| F|  |TAMS 0x00000000cb500000, 0x00000000cb500000| Untracked 
| 182|0x00000000cb600000, 0x00000000cb600000, 0x00000000cb700000|  0%| F|  |TAMS 0x00000000cb600000, 0x00000000cb600000| Untracked 
| 183|0x00000000cb700000, 0x00000000cb700000, 0x00000000cb800000|  0%| F|  |TAMS 0x00000000cb700000, 0x00000000cb700000| Untracked 
| 184|0x00000000cb800000, 0x00000000cb800000, 0x00000000cb900000|  0%| F|  |TAMS 0x00000000cb800000, 0x00000000cb800000| Untracked 
| 185|0x00000000cb900000, 0x00000000cb900000, 0x00000000cba00000|  0%| F|  |TAMS 0x00000000cb900000, 0x00000000cb900000| Untracked 
| 186|0x00000000cba00000, 0x00000000cba00000, 0x00000000cbb00000|  0%| F|  |TAMS 0x00000000cba00000, 0x00000000cba00000| Untracked 
| 187|0x00000000cbb00000, 0x00000000cbb00000, 0x00000000cbc00000|  0%| F|  |TAMS 0x00000000cbb00000, 0x00000000cbb00000| Untracked 
| 188|0x00000000cbc00000, 0x00000000cbc00000, 0x00000000cbd00000|  0%| F|  |TAMS 0x00000000cbc00000, 0x00000000cbc00000| Untracked 
| 189|0x00000000cbd00000, 0x00000000cbd738d0, 0x00000000cbe00000| 45%| E|  |TAMS 0x00000000cbd00000, 0x00000000cbd00000| Complete 
| 190|0x00000000cbe00000, 0x00000000cbf00000, 0x00000000cbf00000|100%| E|CS|TAMS 0x00000000cbe00000, 0x00000000cbe00000| Complete 
| 191|0x00000000cbf00000, 0x00000000cc000000, 0x00000000cc000000|100%| E|CS|TAMS 0x00000000cbf00000, 0x00000000cbf00000| Complete 
| 192|0x00000000cc000000, 0x00000000cc100000, 0x00000000cc100000|100%| E|CS|TAMS 0x00000000cc000000, 0x00000000cc000000| Complete 
| 193|0x00000000cc100000, 0x00000000cc200000, 0x00000000cc200000|100%| E|  |TAMS 0x00000000cc100000, 0x00000000cc100000| Complete 
| 194|0x00000000cc200000, 0x00000000cc300000, 0x00000000cc300000|100%| E|CS|TAMS 0x00000000cc200000, 0x00000000cc200000| Complete 
| 195|0x00000000cc300000, 0x00000000cc400000, 0x00000000cc400000|100%| E|CS|TAMS 0x00000000cc300000, 0x00000000cc300000| Complete 
| 196|0x00000000cc400000, 0x00000000cc500000, 0x00000000cc500000|100%| E|CS|TAMS 0x00000000cc400000, 0x00000000cc400000| Complete 
| 197|0x00000000cc500000, 0x00000000cc600000, 0x00000000cc600000|100%| E|CS|TAMS 0x00000000cc500000, 0x00000000cc500000| Complete 
| 198|0x00000000cc600000, 0x00000000cc700000, 0x00000000cc700000|100%| E|CS|TAMS 0x00000000cc600000, 0x00000000cc600000| Complete 
| 199|0x00000000cc700000, 0x00000000cc800000, 0x00000000cc800000|100%| E|CS|TAMS 0x00000000cc700000, 0x00000000cc700000| Complete 
| 200|0x00000000cc800000, 0x00000000cc900000, 0x00000000cc900000|100%| E|CS|TAMS 0x00000000cc800000, 0x00000000cc800000| Complete 
| 201|0x00000000cc900000, 0x00000000cca00000, 0x00000000cca00000|100%| E|CS|TAMS 0x00000000cc900000, 0x00000000cc900000| Complete 
| 202|0x00000000cca00000, 0x00000000ccb00000, 0x00000000ccb00000|100%| S|CS|TAMS 0x00000000cca00000, 0x00000000cca00000| Complete 
| 203|0x00000000ccb00000, 0x00000000ccc00000, 0x00000000ccc00000|100%| S|CS|TAMS 0x00000000ccb00000, 0x00000000ccb00000| Complete 
| 204|0x00000000ccc00000, 0x00000000ccd00000, 0x00000000ccd00000|100%| S|CS|TAMS 0x00000000ccc00000, 0x00000000ccc00000| Complete 
| 205|0x00000000ccd00000, 0x00000000cce00000, 0x00000000cce00000|100%| S|CS|TAMS 0x00000000ccd00000, 0x00000000ccd00000| Complete 
| 206|0x00000000cce00000, 0x00000000ccf00000, 0x00000000ccf00000|100%| S|CS|TAMS 0x00000000cce00000, 0x00000000cce00000| Complete 
| 207|0x00000000ccf00000, 0x00000000cd000000, 0x00000000cd000000|100%| S|CS|TAMS 0x00000000ccf00000, 0x00000000ccf00000| Complete 
| 208|0x00000000cd000000, 0x00000000cd100000, 0x00000000cd100000|100%| S|CS|TAMS 0x00000000cd000000, 0x00000000cd000000| Complete 
| 209|0x00000000cd100000, 0x00000000cd200000, 0x00000000cd200000|100%| E|CS|TAMS 0x00000000cd100000, 0x00000000cd100000| Complete 
| 210|0x00000000cd200000, 0x00000000cd300000, 0x00000000cd300000|100%| E|CS|TAMS 0x00000000cd200000, 0x00000000cd200000| Complete 
| 211|0x00000000cd300000, 0x00000000cd400000, 0x00000000cd400000|100%| E|CS|TAMS 0x00000000cd300000, 0x00000000cd300000| Complete 
| 212|0x00000000cd400000, 0x00000000cd500000, 0x00000000cd500000|100%| E|CS|TAMS 0x00000000cd400000, 0x00000000cd400000| Complete 
| 213|0x00000000cd500000, 0x00000000cd600000, 0x00000000cd600000|100%| E|CS|TAMS 0x00000000cd500000, 0x00000000cd500000| Complete 
| 214|0x00000000cd600000, 0x00000000cd700000, 0x00000000cd700000|100%| E|CS|TAMS 0x00000000cd600000, 0x00000000cd600000| Complete 
| 215|0x00000000cd700000, 0x00000000cd800000, 0x00000000cd800000|100%| E|CS|TAMS 0x00000000cd700000, 0x00000000cd700000| Complete 
| 216|0x00000000cd800000, 0x00000000cd900000, 0x00000000cd900000|100%| E|CS|TAMS 0x00000000cd800000, 0x00000000cd800000| Complete 
| 217|0x00000000cd900000, 0x00000000cda00000, 0x00000000cda00000|100%| E|CS|TAMS 0x00000000cd900000, 0x00000000cd900000| Complete 
| 218|0x00000000cda00000, 0x00000000cdb00000, 0x00000000cdb00000|100%| E|CS|TAMS 0x00000000cda00000, 0x00000000cda00000| Complete 
| 219|0x00000000cdb00000, 0x00000000cdc00000, 0x00000000cdc00000|100%| E|CS|TAMS 0x00000000cdb00000, 0x00000000cdb00000| Complete 
| 220|0x00000000cdc00000, 0x00000000cdd00000, 0x00000000cdd00000|100%| E|CS|TAMS 0x00000000cdc00000, 0x00000000cdc00000| Complete 
| 221|0x00000000cdd00000, 0x00000000cde00000, 0x00000000cde00000|100%| E|CS|TAMS 0x00000000cdd00000, 0x00000000cdd00000| Complete 
| 222|0x00000000cde00000, 0x00000000cdf00000, 0x00000000cdf00000|100%| E|CS|TAMS 0x00000000cde00000, 0x00000000cde00000| Complete 
| 223|0x00000000cdf00000, 0x00000000ce000000, 0x00000000ce000000|100%| E|CS|TAMS 0x00000000cdf00000, 0x00000000cdf00000| Complete 
| 224|0x00000000ce000000, 0x00000000ce100000, 0x00000000ce100000|100%| E|CS|TAMS 0x00000000ce000000, 0x00000000ce000000| Complete 
| 225|0x00000000ce100000, 0x00000000ce200000, 0x00000000ce200000|100%| E|CS|TAMS 0x00000000ce100000, 0x00000000ce100000| Complete 
| 226|0x00000000ce200000, 0x00000000ce300000, 0x00000000ce300000|100%| E|CS|TAMS 0x00000000ce200000, 0x00000000ce200000| Complete 
| 227|0x00000000ce300000, 0x00000000ce400000, 0x00000000ce400000|100%| E|CS|TAMS 0x00000000ce300000, 0x00000000ce300000| Complete 
| 228|0x00000000ce400000, 0x00000000ce500000, 0x00000000ce500000|100%| E|CS|TAMS 0x00000000ce400000, 0x00000000ce400000| Complete 
| 229|0x00000000ce500000, 0x00000000ce600000, 0x00000000ce600000|100%| E|CS|TAMS 0x00000000ce500000, 0x00000000ce500000| Complete 
| 230|0x00000000ce600000, 0x00000000ce700000, 0x00000000ce700000|100%| E|CS|TAMS 0x00000000ce600000, 0x00000000ce600000| Complete 
| 231|0x00000000ce700000, 0x00000000ce800000, 0x00000000ce800000|100%| E|CS|TAMS 0x00000000ce700000, 0x00000000ce700000| Complete 
| 232|0x00000000ce800000, 0x00000000ce900000, 0x00000000ce900000|100%| E|CS|TAMS 0x00000000ce800000, 0x00000000ce800000| Complete 
| 233|0x00000000ce900000, 0x00000000cea00000, 0x00000000cea00000|100%| E|CS|TAMS 0x00000000ce900000, 0x00000000ce900000| Complete 
| 234|0x00000000cea00000, 0x00000000ceb00000, 0x00000000ceb00000|100%| E|CS|TAMS 0x00000000cea00000, 0x00000000cea00000| Complete 
| 235|0x00000000ceb00000, 0x00000000cec00000, 0x00000000cec00000|100%| E|CS|TAMS 0x00000000ceb00000, 0x00000000ceb00000| Complete 
| 236|0x00000000cec00000, 0x00000000ced00000, 0x00000000ced00000|100%| E|CS|TAMS 0x00000000cec00000, 0x00000000cec00000| Complete 
| 237|0x00000000ced00000, 0x00000000cee00000, 0x00000000cee00000|100%| E|CS|TAMS 0x00000000ced00000, 0x00000000ced00000| Complete 
| 238|0x00000000cee00000, 0x00000000cef00000, 0x00000000cef00000|100%| E|CS|TAMS 0x00000000cee00000, 0x00000000cee00000| Complete 
| 239|0x00000000cef00000, 0x00000000cf000000, 0x00000000cf000000|100%| E|CS|TAMS 0x00000000cef00000, 0x00000000cef00000| Complete 
| 240|0x00000000cf000000, 0x00000000cf100000, 0x00000000cf100000|100%| E|CS|TAMS 0x00000000cf000000, 0x00000000cf000000| Complete 
| 241|0x00000000cf100000, 0x00000000cf200000, 0x00000000cf200000|100%| E|CS|TAMS 0x00000000cf100000, 0x00000000cf100000| Complete 
| 242|0x00000000cf200000, 0x00000000cf300000, 0x00000000cf300000|100%| E|CS|TAMS 0x00000000cf200000, 0x00000000cf200000| Complete 
| 243|0x00000000cf300000, 0x00000000cf400000, 0x00000000cf400000|100%| E|CS|TAMS 0x00000000cf300000, 0x00000000cf300000| Complete 
| 244|0x00000000cf400000, 0x00000000cf500000, 0x00000000cf500000|100%| E|CS|TAMS 0x00000000cf400000, 0x00000000cf400000| Complete 
| 245|0x00000000cf500000, 0x00000000cf600000, 0x00000000cf600000|100%| E|CS|TAMS 0x00000000cf500000, 0x00000000cf500000| Complete 
| 246|0x00000000cf600000, 0x00000000cf700000, 0x00000000cf700000|100%| E|CS|TAMS 0x00000000cf600000, 0x00000000cf600000| Complete 
| 247|0x00000000cf700000, 0x00000000cf800000, 0x00000000cf800000|100%| E|CS|TAMS 0x00000000cf700000, 0x00000000cf700000| Complete 
| 248|0x00000000cf800000, 0x00000000cf900000, 0x00000000cf900000|100%| E|CS|TAMS 0x00000000cf800000, 0x00000000cf800000| Complete 
| 249|0x00000000cf900000, 0x00000000cfa00000, 0x00000000cfa00000|100%| E|CS|TAMS 0x00000000cf900000, 0x00000000cf900000| Complete 
| 250|0x00000000cfa00000, 0x00000000cfb00000, 0x00000000cfb00000|100%| E|CS|TAMS 0x00000000cfa00000, 0x00000000cfa00000| Complete 
| 251|0x00000000cfb00000, 0x00000000cfc00000, 0x00000000cfc00000|100%| E|CS|TAMS 0x00000000cfb00000, 0x00000000cfb00000| Complete 
| 252|0x00000000cfc00000, 0x00000000cfd00000, 0x00000000cfd00000|100%| E|CS|TAMS 0x00000000cfc00000, 0x00000000cfc00000| Complete 
| 253|0x00000000cfd00000, 0x00000000cfe00000, 0x00000000cfe00000|100%| E|CS|TAMS 0x00000000cfd00000, 0x00000000cfd00000| Complete 

Card table byte_map: [0x0000026ec6cb0000,0x0000026ec6eb0000] _byte_map_base: 0x0000026ec66b0000

Marking Bits (Prev, Next): (CMBitMap*) 0x0000026eb00dbd80, (CMBitMap*) 0x0000026eb00dbd48
 Prev Bits: [0x0000026ec80b0000, 0x0000026ec90b0000)
 Next Bits: [0x0000026ec70b0000, 0x0000026ec80b0000)

Polling page: 0x0000026eae0d0000

Metaspace:

Usage:
  Non-class:     58.59 MB capacity,    57.15 MB ( 98%) used,     1.21 MB (  2%) free+waste,   239.88 KB ( <1%) overhead. 
      Class:      9.75 MB capacity,     8.83 MB ( 91%) used,   820.19 KB (  8%) free+waste,   120.88 KB (  1%) overhead. 
       Both:     68.34 MB capacity,    65.98 MB ( 97%) used,     2.01 MB (  3%) free+waste,   360.75 KB ( <1%) overhead. 

Virtual space:
  Non-class space:       60.00 MB reserved,      58.75 MB ( 98%) committed 
      Class space:      504.00 MB reserved,       9.75 MB (  2%) committed 
             Both:      564.00 MB reserved,      68.50 MB ( 12%) committed 

Chunk freelists:
   Non-Class:  4.63 KB
       Class:  384 bytes
        Both:  5.00 KB

CodeHeap 'non-profiled nmethods': size=120000Kb used=4831Kb max_used=4831Kb free=115168Kb
 bounds [0x0000026ebf250000, 0x0000026ebf710000, 0x0000026ec6780000]
CodeHeap 'profiled nmethods': size=120000Kb used=15458Kb max_used=15458Kb free=104541Kb
 bounds [0x0000026eb7d20000, 0x0000026eb8c40000, 0x0000026ebf250000]
CodeHeap 'non-nmethods': size=5760Kb used=2263Kb max_used=2345Kb free=3496Kb
 bounds [0x0000026eb7780000, 0x0000026eb79f0000, 0x0000026eb7d20000]
 total_blobs=8071 nmethods=7232 adapters=750
 compilation: enabled
              stopped_count=0, restarted_count=0
 full_count=0

Compilation events (10 events):
Event: 13.553 Thread 0x0000026ecc398000 nmethod 7236 0x0000026eb8c2ac10 code [0x0000026eb8c2ae00, 0x0000026eb8c2b258]
Event: 13.556 Thread 0x0000026ecc398000 7237       3       org.codehaus.groovy.vmplugin.v9.Java9$$Lambda$1266/0x000000010099d440::accept (16 bytes)
Event: 13.556 Thread 0x0000026ecc398000 nmethod 7237 0x0000026eb8c2b490 code [0x0000026eb8c2b640, 0x0000026eb8c2b868]
Event: 13.556 Thread 0x0000026ecc398000 7238       3       org.codehaus.groovy.vmplugin.v9.Java9::lambda$findConcealedAndExportedPackagesToOpen$6 (10 bytes)
Event: 13.556 Thread 0x0000026ecc398000 nmethod 7238 0x0000026eb8c2b910 code [0x0000026eb8c2bac0, 0x0000026eb8c2bc68]
Event: 13.560 Thread 0x0000026ecc398000 7239       3       org.codehaus.groovy.vmplugin.v9.Java9$$Lambda$1269/0x000000010099c040::test (12 bytes)
Event: 13.560 Thread 0x0000026ecc398000 nmethod 7239 0x0000026eb8c2bd10 code [0x0000026eb8c2bec0, 0x0000026eb8c2c0c8]
Event: 13.560 Thread 0x0000026ecc398000 7240       3       org.codehaus.groovy.vmplugin.v9.Java9::lambda$isExported$11 (24 bytes)
Event: 13.560 Thread 0x0000026ecc398000 nmethod 7240 0x0000026eb8c2c190 code [0x0000026eb8c2c360, 0x0000026eb8c2c6b8]
Event: 13.561 Thread 0x0000026ecc38e000 7241       4       java.util.stream.ReferencePipeline::anyMatch (18 bytes)

GC Heap History (10 events):
Event: 5.065 GC heap before
{Heap before GC invocations=4 (full 0):
 garbage-first heap   total 260096K, used 63473K [0x00000000c0000000, 0x0000000100000000)
  region size 1024K, 47 young (48128K), 3 survivors (3072K)
 Metaspace       used 34887K, capacity 35717K, committed 35840K, reserved 548864K
  class space    used 4577K, capacity 4932K, committed 4992K, reserved 516096K
}
Event: 5.070 GC heap after
{Heap after GC invocations=5 (full 0):
 garbage-first heap   total 260096K, used 22074K [0x00000000c0000000, 0x0000000100000000)
  region size 1024K, 6 young (6144K), 6 survivors (6144K)
 Metaspace       used 34887K, capacity 35717K, committed 35840K, reserved 548864K
  class space    used 4577K, capacity 4932K, committed 4992K, reserved 516096K
}
Event: 7.280 GC heap before
{Heap before GC invocations=6 (full 0):
 garbage-first heap   total 260096K, used 132666K [0x00000000c0000000, 0x0000000100000000)
  region size 1024K, 111 young (113664K), 6 survivors (6144K)
 Metaspace       used 44412K, capacity 45422K, committed 45568K, reserved 557056K
  class space    used 5727K, capacity 6096K, committed 6144K, reserved 516096K
}
Event: 7.288 GC heap after
{Heap after GC invocations=7 (full 0):
 garbage-first heap   total 260096K, used 28346K [0x00000000c0000000, 0x0000000100000000)
  region size 1024K, 12 young (12288K), 12 survivors (12288K)
 Metaspace       used 44412K, capacity 45422K, committed 45568K, reserved 557056K
  class space    used 5727K, capacity 6096K, committed 6144K, reserved 516096K
}
Event: 8.957 GC heap before
{Heap before GC invocations=7 (full 0):
 garbage-first heap   total 260096K, used 164538K [0x00000000c0000000, 0x0000000100000000)
  region size 1024K, 146 young (149504K), 12 survivors (12288K)
 Metaspace       used 51826K, capacity 53295K, committed 53504K, reserved 563200K
  class space    used 6842K, capacity 7402K, committed 7424K, reserved 516096K
}
Event: 8.974 GC heap after
{Heap after GC invocations=8 (full 0):
 garbage-first heap   total 260096K, used 37221K [0x00000000c0000000, 0x0000000100000000)
  region size 1024K, 18 young (18432K), 18 survivors (18432K)
 Metaspace       used 51826K, capacity 53295K, committed 53504K, reserved 563200K
  class space    used 6842K, capacity 7402K, committed 7424K, reserved 516096K
}
Event: 11.144 GC heap before
{Heap before GC invocations=8 (full 0):
 garbage-first heap   total 260096K, used 174437K [0x00000000c0000000, 0x0000000100000000)
  region size 1024K, 152 young (155648K), 18 survivors (18432K)
 Metaspace       used 56919K, capacity 58948K, committed 59136K, reserved 567296K
  class space    used 7635K, capacity 8433K, committed 8448K, reserved 516096K
}
Event: 11.167 GC heap after
{Heap after GC invocations=9 (full 0):
 garbage-first heap   total 260096K, used 47861K [0x00000000c0000000, 0x0000000100000000)
  region size 1024K, 19 young (19456K), 19 survivors (19456K)
 Metaspace       used 56919K, capacity 58948K, committed 59136K, reserved 567296K
  class space    used 7635K, capacity 8433K, committed 8448K, reserved 516096K
}
Event: 11.686 GC heap before
{Heap before GC invocations=9 (full 0):
 garbage-first heap   total 260096K, used 92917K [0x00000000c0000000, 0x0000000100000000)
  region size 1024K, 64 young (65536K), 19 survivors (19456K)
 Metaspace       used 58032K, capacity 60096K, committed 60160K, reserved 569344K
  class space    used 7825K, capacity 8649K, committed 8704K, reserved 516096K
}
Event: 11.709 GC heap after
{Heap after GC invocations=10 (full 0):
 garbage-first heap   total 260096K, used 54800K [0x00000000c0000000, 0x0000000100000000)
  region size 1024K, 7 young (7168K), 7 survivors (7168K)
 Metaspace       used 58032K, capacity 60096K, committed 60160K, reserved 569344K
  class space    used 7825K, capacity 8649K, committed 8704K, reserved 516096K
}

Deoptimization events (10 events):
Event: 13.261 Thread 0x0000026ecf513800 Uncommon trap: reason=class_check action=maybe_recompile pc=0x0000026ebf363528 method=java.util.Collections$SetFromMap.remove(Ljava/lang/Object;)Z @ 5 c2
Event: 13.289 Thread 0x0000026ecf513800 Uncommon trap: reason=unstable_if action=reinterpret pc=0x0000026ebf69e8c4 method=java.lang.StringLatin1.lastIndexOf([BI[BII)I @ 86 c2
Event: 13.305 Thread 0x0000026ecf513800 Uncommon trap: reason=intrinsic_or_type_checked_inlining action=make_not_entrant pc=0x0000026ebf6e64e8 method=java.util.Arrays.copyOfRange([Ljava/lang/Object;IILjava/lang/Class;)[Ljava/lang/Object; @ 83 c2
Event: 13.349 Thread 0x0000026ed318c800 Uncommon trap: reason=unstable_if action=reinterpret pc=0x0000026ebf31e10c method=java.util.concurrent.ConcurrentHashMap.transfer([Ljava/util/concurrent/ConcurrentHashMap$Node;[Ljava/util/concurrent/ConcurrentHashMap$Node;)V @ 273 c2
Event: 13.349 Thread 0x0000026ed318e000 Uncommon trap: reason=unstable_if action=reinterpret pc=0x0000026ebf39e858 method=java.util.concurrent.ConcurrentHashMap.get(Ljava/lang/Object;)Ljava/lang/Object; @ 86 c2
Event: 13.349 Thread 0x0000026ed318d000 Uncommon trap: reason=unstable_if action=reinterpret pc=0x0000026ebf31dfec method=java.util.concurrent.ConcurrentHashMap.transfer([Ljava/util/concurrent/ConcurrentHashMap$Node;[Ljava/util/concurrent/ConcurrentHashMap$Node;)V @ 34 c2
Event: 13.349 Thread 0x0000026ed3189000 Uncommon trap: reason=unstable_if action=reinterpret pc=0x0000026ebf39e858 method=java.util.concurrent.ConcurrentHashMap.get(Ljava/lang/Object;)Ljava/lang/Object; @ 86 c2
Event: 13.361 Thread 0x0000026ed318a000 Uncommon trap: reason=null_check action=make_not_entrant pc=0x0000026ebf629cb0 method=java.lang.Integer.equals(Ljava/lang/Object;)Z @ 1 c2
Event: 13.363 Thread 0x0000026ed318a000 Uncommon trap: reason=unstable_if action=reinterpret pc=0x0000026ebf6e2ce8 method=java.util.concurrent.ConcurrentHashMap.addCount(JI)V @ 97 c2
Event: 13.416 Thread 0x0000026ecf513800 Uncommon trap: reason=bimorphic_or_optimized_type_check action=maybe_recompile pc=0x0000026ebf6c786c method=com.google.common.collect.ImmutableSet.copyOf(Ljava/util/Collection;)Lcom/google/common/collect/ImmutableSet; @ 47 c2

Classes redefined (0 events):
No events

Internal exceptions (10 events):
Event: 13.030 Thread 0x0000026ecf513800 Exception <a 'sun/nio/fs/WindowsException'{0x00000000ce0c2fe8}> (0x00000000ce0c2fe8) thrown at [./open/src/hotspot/share/prims/jni.cpp, line 611]
Event: 13.223 Thread 0x0000026ecf513800 Exception <a 'java/lang/NoSuchMethodError'{0x00000000cd722110}: java.lang.invoke.DirectMethodHandle$Holder.newInvokeSpecial(Ljava/lang/Object;Ljava/lang/Object;Ljava/lang/Object;Ljava/lang/Object;)Ljava/lang/Object;> (0x00000000cd722110) thrown at [./open
Event: 13.235 Thread 0x0000026ece69a000 Exception <a 'java/lang/NoSuchMethodError'{0x00000000cd61c038}: static Lorg/gradle/internal/build/event/types/DefaultTaskFinishedProgressEvent;.<clinit>()V> (0x00000000cd61c038) thrown at [./open/src/hotspot/share/prims/jni.cpp, line 1366]
Event: 13.239 Thread 0x0000026ece69a000 Exception <a 'java/lang/NoSuchMethodError'{0x00000000cd699498}: static Lorg/gradle/internal/build/event/types/DefaultJavaCompileTaskSuccessResult;.<clinit>()V> (0x00000000cd699498) thrown at [./open/src/hotspot/share/prims/jni.cpp, line 1366]
Event: 13.239 Thread 0x0000026ece69a000 Exception <a 'java/lang/NoSuchMethodError'{0x00000000cd69acb8}: static Lorg/gradle/internal/build/event/types/DefaultTaskSuccessResult;.<clinit>()V> (0x00000000cd69acb8) thrown at [./open/src/hotspot/share/prims/jni.cpp, line 1366]
Event: 13.239 Thread 0x0000026ece69a000 Exception <a 'java/lang/NoSuchMethodError'{0x00000000cd69bed8}: static Lorg/gradle/internal/build/event/types/AbstractTaskResult;.<clinit>()V> (0x00000000cd69bed8) thrown at [./open/src/hotspot/share/prims/jni.cpp, line 1366]
Event: 13.239 Thread 0x0000026ece69a000 Exception <a 'java/lang/NoSuchMethodError'{0x00000000cd69d4a8}: static Lorg/gradle/internal/build/event/types/AbstractResult;.<clinit>()V> (0x00000000cd69d4a8) thrown at [./open/src/hotspot/share/prims/jni.cpp, line 1366]
Event: 13.242 Thread 0x0000026ece69a000 Exception <a 'java/lang/NoSuchMethodError'{0x00000000cd6d1b18}: static [Ljava/lang/Object;.<clinit>()V> (0x00000000cd6d1b18) thrown at [./open/src/hotspot/share/prims/jni.cpp, line 1366]
Event: 13.361 Thread 0x0000026ed318a000 Implicit null exception at 0x0000026ebf629c4c to 0x0000026ebf629ca0
Event: 13.402 Thread 0x0000026ecf513800 Exception <a 'java/lang/NoSuchMethodError'{0x00000000cc86b0f0}: java.lang.invoke.DirectMethodHandle$Holder.invokeInterface(Ljava/lang/Object;Ljava/lang/Object;Ljava/lang/Object;Ljava/lang/Object;)V> (0x00000000cc86b0f0) thrown at [./open/src/hotspot/share

Events (10 events):
Event: 13.550 loading class org/codehaus/groovy/ast/Parameter
Event: 13.550 loading class org/codehaus/groovy/ast/Parameter done
Event: 13.552 loading class org/codehaus/groovy/vmplugin/v8/PluginDefaultGroovyMethods
Event: 13.552 loading class org/codehaus/groovy/vmplugin/v8/PluginDefaultGroovyMethods done
Event: 13.552 loading class org/codehaus/groovy/vmplugin/v8/PluginDefaultGroovyMethods
Event: 13.552 loading class org/codehaus/groovy/vmplugin/v8/PluginDefaultGroovyMethods done
Event: 13.553 loading class org/codehaus/groovy/runtime/DefaultGroovyMethodsSupport
Event: 13.553 loading class org/codehaus/groovy/runtime/DefaultGroovyMethodsSupport done
Event: 13.553 loading class org/codehaus/groovy/runtime/DefaultGroovyMethodsSupport
Event: 13.553 loading class org/codehaus/groovy/runtime/DefaultGroovyMethodsSupport done


Dynamic libraries:
0x00007ff701950000 - 0x00007ff70195f000 	C:\Program Files\Java\jdk-11.0.17\bin\java.exe
0x00007ff8997b0000 - 0x00007ff8999a8000 	C:\Windows\SYSTEM32\ntdll.dll
0x00007ff898c00000 - 0x00007ff898cbf000 	C:\Windows\System32\KERNEL32.DLL
0x00007ff897320000 - 0x00007ff8975f2000 	C:\Windows\System32\KERNELBASE.dll
0x00007ff897220000 - 0x00007ff897320000 	C:\Windows\System32\ucrtbase.dll
0x00007ff88dbf0000 - 0x00007ff88dc05000 	C:\Program Files\Java\jdk-11.0.17\bin\VCRUNTIME140.dll
0x00007ff88e430000 - 0x00007ff88e448000 	C:\Program Files\Java\jdk-11.0.17\bin\jli.dll
0x00007ff8977d0000 - 0x00007ff89787e000 	C:\Windows\System32\ADVAPI32.dll
0x00007ff899130000 - 0x00007ff8991ce000 	C:\Windows\System32\msvcrt.dll
0x00007ff8984d0000 - 0x00007ff89856c000 	C:\Windows\System32\sechost.dll
0x00007ff898ad0000 - 0x00007ff898bf4000 	C:\Windows\System32\RPCRT4.dll
0x00007ff898920000 - 0x00007ff898ac1000 	C:\Windows\System32\USER32.dll
0x00007ff87dd70000 - 0x00007ff87e00a000 	C:\Windows\WinSxS\amd64_microsoft.windows.common-controls_6595b64144ccf1df_6.0.19041.1110_none_60b5254171f9507e\COMCTL32.dll
0x00007ff896eb0000 - 0x00007ff896ed2000 	C:\Windows\System32\win32u.dll
0x00007ff898870000 - 0x00007ff89889b000 	C:\Windows\System32\GDI32.dll
0x00007ff897650000 - 0x00007ff89775f000 	C:\Windows\System32\gdi32full.dll
0x00007ff897180000 - 0x00007ff89721d000 	C:\Windows\System32\msvcp_win.dll
0x00007ff8883b0000 - 0x00007ff8883ba000 	C:\Windows\SYSTEM32\VERSION.dll
0x00007ff898840000 - 0x00007ff898870000 	C:\Windows\System32\IMM32.DLL
0x00007ff879740000 - 0x00007ff8797db000 	C:\Program Files\Java\jdk-11.0.17\bin\msvcp140.dll
0x00007fffe7340000 - 0x00007fffe7e5a000 	C:\Program Files\Java\jdk-11.0.17\bin\server\jvm.dll
0x00007ff898040000 - 0x00007ff898048000 	C:\Windows\System32\PSAPI.DLL
0x00007ff873bb0000 - 0x00007ff873bb9000 	C:\Windows\SYSTEM32\WSOCK32.dll
0x00007ff877980000 - 0x00007ff8779a7000 	C:\Windows\SYSTEM32\WINMM.dll
0x00007ff897fd0000 - 0x00007ff89803b000 	C:\Windows\System32\WS2_32.dll
0x00007ff895690000 - 0x00007ff8956a2000 	C:\Windows\SYSTEM32\kernel.appcore.dll
0x00007ff88e4a0000 - 0x00007ff88e4b0000 	C:\Program Files\Java\jdk-11.0.17\bin\verify.dll
0x00007ff894c20000 - 0x00007ff894e04000 	C:\Windows\SYSTEM32\DBGHELP.DLL
0x00007ff8777f0000 - 0x00007ff877825000 	C:\Windows\SYSTEM32\dbgcore.DLL
0x00007ff897040000 - 0x00007ff8970c2000 	C:\Windows\System32\bcryptPrimitives.dll
0x00007ff88c930000 - 0x00007ff88c958000 	C:\Program Files\Java\jdk-11.0.17\bin\java.dll
0x00007ff88e3e0000 - 0x00007ff88e3ea000 	C:\Program Files\Java\jdk-11.0.17\bin\jimage.dll
0x00007ff88da50000 - 0x00007ff88da66000 	C:\Program Files\Java\jdk-11.0.17\bin\zip.dll
0x00007ff897880000 - 0x00007ff897fc5000 	C:\Windows\System32\SHELL32.dll
0x00007ff894e10000 - 0x00007ff8955a2000 	C:\Windows\SYSTEM32\windows.storage.dll
0x00007ff899300000 - 0x00007ff899655000 	C:\Windows\System32\combase.dll
0x00007ff8968e0000 - 0x00007ff896910000 	C:\Windows\SYSTEM32\Wldp.dll
0x00007ff8991d0000 - 0x00007ff89927d000 	C:\Windows\System32\SHCORE.dll
0x00007ff899280000 - 0x00007ff8992d5000 	C:\Windows\System32\shlwapi.dll
0x00007ff896dc0000 - 0x00007ff896ddf000 	C:\Windows\SYSTEM32\profapi.dll
0x00007ff88c820000 - 0x00007ff88c839000 	C:\Program Files\Java\jdk-11.0.17\bin\net.dll
0x00007ff890c10000 - 0x00007ff890d1a000 	C:\Windows\SYSTEM32\WINHTTP.dll
0x00007ff896640000 - 0x00007ff8966aa000 	C:\Windows\system32\mswsock.dll
0x00007ff88c200000 - 0x00007ff88c212000 	C:\Program Files\Java\jdk-11.0.17\bin\nio.dll
0x00007ff894470000 - 0x00007ff894497000 	C:\Users\hungy\native\e1d6ef7f7dcc3fd88c89a11ec53ec762bb8ba0a96d01ffa2cd45eb1d1d8dd5c5\windows-amd64\native-platform.dll
0x00007ff855910000 - 0x00007ff855a54000 	C:\Users\hungy\native\0d407fdbe67a94daf76414ababcb853783967236a71b16ec16e742cd7a986fd3\windows-amd64\native-platform-file-events.dll
0x00007ff8943c0000 - 0x00007ff8943c9000 	C:\Program Files\Java\jdk-11.0.17\bin\management.dll
0x00007ff894180000 - 0x00007ff89418b000 	C:\Program Files\Java\jdk-11.0.17\bin\management_ext.dll
0x00007ff896830000 - 0x00007ff896848000 	C:\Windows\SYSTEM32\CRYPTSP.dll
0x00007ff895ef0000 - 0x00007ff895f24000 	C:\Windows\system32\rsaenh.dll
0x00007ff896e80000 - 0x00007ff896ea7000 	C:\Windows\System32\bcrypt.dll
0x00007ff896d80000 - 0x00007ff896dae000 	C:\Windows\SYSTEM32\USERENV.dll
0x00007ff896850000 - 0x00007ff89685c000 	C:\Windows\SYSTEM32\CRYPTBASE.dll
0x00007ff8962e0000 - 0x00007ff89631b000 	C:\Windows\SYSTEM32\IPHLPAPI.DLL
0x00007ff898910000 - 0x00007ff898918000 	C:\Windows\System32\NSI.dll
0x00007ff8838e0000 - 0x00007ff8838f7000 	C:\Windows\SYSTEM32\dhcpcsvc6.DLL
0x00007ff8838c0000 - 0x00007ff8838dd000 	C:\Windows\SYSTEM32\dhcpcsvc.DLL
0x00007ff896330000 - 0x00007ff8963fb000 	C:\Windows\SYSTEM32\DNSAPI.dll

dbghelp: loaded successfully - version: 4.0.5 - missing functions: none
symbol engine: initialized successfully - sym options: 0x614 - pdb path: .;C:\Program Files\Java\jdk-11.0.17\bin;C:\Windows\SYSTEM32;C:\Windows\WinSxS\amd64_microsoft.windows.common-controls_6595b64144ccf1df_6.0.19041.1110_none_60b5254171f9507e;C:\Program Files\Java\jdk-11.0.17\bin\server;C:\Users\hungy\native\e1d6ef7f7dcc3fd88c89a11ec53ec762bb8ba0a96d01ffa2cd45eb1d1d8dd5c5\windows-amd64;C:\Users\hungy\native\0d407fdbe67a94daf76414ababcb853783967236a71b16ec16e742cd7a986fd3\windows-amd64

VM Arguments:
jvm_args: -XX:MaxMetaspaceSize=512m -XX:+HeapDumpOnOutOfMemoryError --add-opens=java.base/java.util=ALL-UNNAMED --add-opens=java.base/java.lang=ALL-UNNAMED --add-opens=java.base/java.lang.invoke=ALL-UNNAMED --add-opens=java.base/java.util=ALL-UNNAMED --add-opens=java.prefs/java.util.prefs=ALL-UNNAMED --add-opens=java.prefs/java.util.prefs=ALL-UNNAMED --add-opens=java.base/java.nio.charset=ALL-UNNAMED --add-opens=java.base/java.net=ALL-UNNAMED --add-opens=java.base/java.util.concurrent.atomic=ALL-UNNAMED -Xmx1024m -Dfile.encoding=utf-8 -Duser.country=US -Duser.language=en -Duser.variant 
java_command: org.gradle.launcher.daemon.bootstrap.GradleDaemon 7.4.2
java_class_path (initial): C:\Users\hungy\wrapper\dists\gradle-7.4.2-bin\48ivgl02cpt2ed3fh9dbalvx8\gradle-7.4.2\lib\gradle-launcher-7.4.2.jar
Launcher Type: SUN_STANDARD

[Global flags]
     intx CICompilerCount                          = 4                                         {product} {ergonomic}
   size_t CompressedClassSpaceSize                 = 528482304                                 {product} {ergonomic}
     uint ConcGCThreads                            = 2                                         {product} {ergonomic}
     uint G1ConcRefinementThreads                  = 8                                         {product} {ergonomic}
   size_t G1HeapRegionSize                         = 1048576                                   {product} {ergonomic}
    uintx GCDrainStackTargetSize                   = 64                                        {product} {ergonomic}
     bool HeapDumpOnOutOfMemoryError               = true                                   {manageable} {command line}
   size_t InitialHeapSize                          = 266338304                                 {product} {ergonomic}
   size_t MarkStackSize                            = 4194304                                   {product} {ergonomic}
   size_t MaxHeapSize                              = 1073741824                                {product} {command line}
   size_t MaxMetaspaceSize                         = 536870912                                 {product} {command line}
   size_t MaxNewSize                               = 643825664                                 {product} {ergonomic}
   size_t MinHeapDeltaBytes                        = 1048576                                   {product} {ergonomic}
    uintx NonNMethodCodeHeapSize                   = 5836300                                {pd product} {ergonomic}
    uintx NonProfiledCodeHeapSize                  = 122910970                              {pd product} {ergonomic}
    uintx ProfiledCodeHeapSize                     = 122910970                              {pd product} {ergonomic}
    uintx ReservedCodeCacheSize                    = 251658240                              {pd product} {ergonomic}
     bool SegmentedCodeCache                       = true                                      {product} {ergonomic}
     bool UseCompressedClassPointers               = true                                 {lp64_product} {ergonomic}
     bool UseCompressedOops                        = true                                 {lp64_product} {ergonomic}
     bool UseG1GC                                  = true                                      {product} {ergonomic}
     bool UseLargePagesIndividualAllocation        = false                                  {pd product} {ergonomic}

Logging:
Log output configuration:
 #0: stdout all=warning uptime,level,tags
 #1: stderr all=off uptime,level,tags

Environment Variables:
PATH=C:\Program Files\Common Files\Oracle\Java\javapath;C:\ProgramData\Oracle\Java\javapath;C:\Windows\system32;C:\Windows;C:\Windows\System32\Wbem;C:\Windows\System32\WindowsPowerShell\v1.0\;C:\Windows\System32\OpenSSH\;C:\Program Files\MATLAB\R2021a\runtime\win64;C:\Program Files\MATLAB\R2021a\bin;c:\WINDOWS\System32\WBem;C:\Program Files (x86)\Pulse Secure\VC142.CRT\X64\;C:\Program Files (x86)\Pulse Secure\VC142.CRT\X86\;C:\Program Files (x86)\Common Files\Pulse Secure\TNC Client Plugin\;C:\Program Files\Git\cmd;C:\Program Files\GitHub CLI\;C:\Program Files\MySQL\MySQL Shell 8.0\bin\;C:\Users\hungy\AppData\Local\Programs\Python\Python39\Scripts\;C:\Users\hungy\AppData\Local\Programs\Python\Python39\;C:\Users\hungy\AppData\Local\Programs\Python\Python310\Scripts\;C:\Users\hungy\AppData\Local\Programs\Python\Python310\;C:\Users\hungy\AppData\Local\Microsoft\WindowsApps;C:\Users\hungy\AppData\Local\Programs\Microsoft VS Code\bin;C:\Users\hungy\AppData\Local\Programs\MiKTeX\miktex\bin\x64\
USERNAME=hungy
OS=Windows_NT
PROCESSOR_IDENTIFIER=Intel64 Family 6 Model 140 Stepping 1, GenuineIntel



---------------  S Y S T E M  ---------------

OS: Windows 10 , 64 bit Build 19041 (10.0.19041.2546)
Hyper-V role detected

CPU:total 8 (initial active 8) (4 cores per cpu, 2 threads per core) family 6 model 140 stepping 1 microcode 0x78, cmov, cx8, fxsr, mmx, sse, sse2, sse3, ssse3, sse4.1, sse4.2, popcnt, avx, avx2, aes, clmul, erms, 3dnowpref, lzcnt, ht, tsc, tscinvbit, bmi1, bmi2, adx, evex, sha, fma

Memory: 4k page, system-wide physical 16179M (651M free)
TotalPageFile size 65331M (AvailPageFile size 7M)
current process WorkingSet (physical memory assigned to process): 457M, peak: 457M
current process commit charge ("private bytes"): 531M, peak: 532M

vm_info: Java HotSpot(TM) 64-Bit Server VM (11.0.17+10-LTS-269) for windows-amd64 JRE (11.0.17+10-LTS-269), built on Sep 13 2022 19:26:37 by "mach5one" with MS VC++ 15.9 (VS2017)

END.
