#
# A fatal error has been detected by the Java Runtime Environment:
#
#  Internal Error (safepoint.cpp:899), pid=3445, tid=27395
#  fatal error: Illegal threadstate encountered: 4
#
# JRE version: Java(TM) SE Runtime Environment (12.0.2+10) (build 12.0.2+10)
# Java VM: Java HotSpot(TM) 64-Bit Server VM (12.0.2+10, mixed mode, sharing, tiered, compressed oops, g1 gc, bsd-amd64)
# No core dump will be written. Core dumps have been disabled. To enable core dumping, try "ulimit -c unlimited" before starting Java again
#
# If you would like to submit a bug report, please visit:
#   http://bugreport.java.com/bugreport/crash.jsp
# The crash happened outside the Java Virtual Machine in native code.
# See problematic frame for where to report the bug.
#

---------------  S U M M A R Y ------------

Command Line: -Dfile.encoding=UTF-8 -Duser.country=GB -Duser.language=en -Duser.variant -ea seedu.address.Main

Host: MacBookAir8,1 x86_64 1600 MHz, 4 cores, 8G, Darwin 21.6.0
Time: Tue Mar 28 16:11:19 2023 +08 elapsed time: 120 seconds (0d 0h 2m 0s)

---------------  T H R E A D  ---------------

Current thread (0x00007fe8c9a1c800):  JavaThread "InvokeLaterDispatcher" daemon [_thread_in_native, id=27395, stack(0x000070000d272000,0x000070000d372000)]

Stack: [0x000070000d272000,0x000070000d372000],  sp=0x000070000d3703e0,  free space=1016k
Native frames: (J=compiled Java code, A=aot compiled Java code, j=interpreted, Vv=VM code, C=native code)
V  [libjvm.dylib+0x734734]  _ZN7VMError14report_and_dieEiPKcS1_P13__va_list_tagP6ThreadPhPvS7_S1_im+0x5c0
V  [libjvm.dylib+0x734d4b]  _ZN7VMError14report_and_dieEP6ThreadPvPKciS4_S4_P13__va_list_tag+0x47
V  [libjvm.dylib+0x25b4b1]  _Z12report_fatalPKciS0_z+0xb5
V  [libjvm.dylib+0x649d97]  _ZN20SafepointSynchronize5blockEP10JavaThread+0x1d1
V  [libjvm.dylib+0x6e44a0]  _ZN10JavaThread44check_safepoint_and_suspend_for_native_transEPS_+0xa2
V  [libjvm.dylib+0x3c8a26]  jni_DeleteGlobalRef+0x8b
C  [libglass.dylib+0x8871]  -[GlassRunnable dealloc]+0x31
C  [Foundation+0x818be]  -[_NSThreadPerformInfo dealloc]+0x2a
C  [Foundation+0x4e446]  -[NSObject(NSThreadPerformAdditions) performSelectorOnMainThread:withObject:waitUntilDone:]+0x7c
J 4581  com.sun.glass.ui.mac.MacApplication._submitForLaterInvocation(Ljava/lang/Runnable;)V (0 bytes) @ 0x000000011d42db0f [0x000000011d42da40+0x00000000000000cf]
J 4580 c1 com.sun.glass.ui.mac.MacApplication.submitForLaterInvocation(Ljava/lang/Runnable;)V (6 bytes) @ 0x0000000115d7c854 [0x0000000115d7c7c0+0x0000000000000094]
j  com.sun.glass.ui.InvokeLaterDispatcher.run()V+82
v  ~StubRoutines::call_stub
V  [libjvm.dylib+0x392641]  _ZN9JavaCalls11call_helperEP9JavaValueRK12methodHandleP17JavaCallArgumentsP6Thread+0x285
V  [libjvm.dylib+0x391a20]  _ZN9JavaCalls12call_virtualEP9JavaValueP5KlassP6SymbolS5_P17JavaCallArgumentsP6Thread+0xee
V  [libjvm.dylib+0x391adc]  _ZN9JavaCalls12call_virtualEP9JavaValue6HandleP5KlassP6SymbolS6_P6Thread+0x62
V  [libjvm.dylib+0x4101e8]  _ZL12thread_entryP10JavaThreadP6Thread+0x78
V  [libjvm.dylib+0x6e2ecc]  _ZN10JavaThread17thread_main_innerEv+0x82
V  [libjvm.dylib+0x6e2d16]  _ZN10JavaThread3runEv+0x16c
V  [libjvm.dylib+0x6e0c1c]  _ZN6Thread8call_runEv+0x68
V  [libjvm.dylib+0x5db0df]  _ZL19thread_native_entryP6Thread+0x139
C  [libsystem_pthread.dylib+0x64e1]  _pthread_start+0x7d
C  [libsystem_pthread.dylib+0x1f6b]  thread_start+0xf

Java frames: (J=compiled Java code, j=interpreted, Vv=VM code)
J 4581  com.sun.glass.ui.mac.MacApplication._submitForLaterInvocation(Ljava/lang/Runnable;)V (0 bytes) @ 0x000000011d42da9c [0x000000011d42da40+0x000000000000005c]
J 4580 c1 com.sun.glass.ui.mac.MacApplication.submitForLaterInvocation(Ljava/lang/Runnable;)V (6 bytes) @ 0x0000000115d7c854 [0x0000000115d7c7c0+0x0000000000000094]
j  com.sun.glass.ui.InvokeLaterDispatcher.run()V+82
v  ~StubRoutines::call_stub

---------------  P R O C E S S  ---------------

Threads class SMR info:
_java_thread_list=0x0000600000a495e0, length=16, elements={
0x00007fe8cb80d000, 0x00007fe8c981a800, 0x00007fe8cb80f800, 0x00007fe8cb051800,
0x00007fe8cb010800, 0x00007fe8c981c000, 0x00007fe8c981c800, 0x00007fe8ca06f000,
0x00007fe8c981d800, 0x00007fe8ca08d000, 0x00007fe8c9927000, 0x00007fe8c9a1c800,
0x00007fe8cb81b800, 0x00007fe8c9a71800, 0x00007fe8c9a4e800, 0x00007fe8c9a34800
}

Java Threads: ( => current thread )
  0x00007fe8cb80d000 JavaThread "main" [_thread_blocked, id=6403, stack(0x000070000bf36000,0x000070000c036000)]
  0x00007fe8c981a800 JavaThread "Reference Handler" daemon [_thread_blocked, id=13827, stack(0x000070000c64b000,0x000070000c74b000)]
  0x00007fe8cb80f800 JavaThread "Finalizer" daemon [_thread_blocked, id=17923, stack(0x000070000c74e000,0x000070000c84e000)]
  0x00007fe8cb051800 JavaThread "Signal Dispatcher" daemon [_thread_blocked, id=14851, stack(0x000070000c957000,0x000070000ca57000)]
  0x00007fe8cb010800 JavaThread "C2 CompilerThread0" daemon [_thread_blocked, id=21763, stack(0x000070000ca5a000,0x000070000cb5a000)]
  0x00007fe8c981c000 JavaThread "C1 CompilerThread0" daemon [_thread_blocked, id=22275, stack(0x000070000cb5d000,0x000070000cc5d000)]
  0x00007fe8c981c800 JavaThread "Sweeper thread" daemon [_thread_blocked, id=42755, stack(0x000070000cc60000,0x000070000cd60000)]
  0x00007fe8ca06f000 JavaThread "Service Thread" daemon [_thread_blocked, id=22787, stack(0x000070000cd63000,0x000070000ce63000)]
  0x00007fe8c981d800 JavaThread "Common-Cleaner" daemon [_thread_blocked, id=23299, stack(0x000070000cf69000,0x000070000d069000)]
  0x00007fe8ca08d000 JavaThread "JavaFX-Launcher" [_thread_blocked, id=40963, stack(0x000070000d06c000,0x000070000d16c000)]
  0x00007fe8c9927000 JavaThread "QuantumRenderer-0" daemon [_thread_blocked, id=40195, stack(0x000070000d16f000,0x000070000d26f000)]
=>0x00007fe8c9a1c800 JavaThread "InvokeLaterDispatcher" daemon [_thread_in_native, id=27395, stack(0x000070000d272000,0x000070000d372000)]
  0x00007fe8cb81b800 JavaThread "JavaFX Application Thread" [_thread_in_native, id=259, stack(0x00007ff7b4a03000,0x00007ff7b5203000)]
  0x00007fe8c9a71800 JavaThread "Thread-3" daemon [_thread_in_native, id=45831, stack(0x000070000d3f8000,0x000070000d478000)]
  0x00007fe8c9a4e800 JavaThread "Prism Font Disposer" daemon [_thread_blocked, id=70667, stack(0x000070000d990000,0x000070000da90000)]
  0x00007fe8c9a34800 JavaThread "Cleaner-0" daemon [_thread_blocked, id=66571, stack(0x000070000db16000,0x000070000dc16000)]

Other Threads:
  0x00007fe8ca061800 VMThread "VM Thread" [stack: 0x000070000c548000,0x000070000c648000] [id=18947]
  0x00007fe8cb013000 WatcherThread [stack: 0x000070000ce66000,0x000070000cf66000] [id=23043]
  0x00007fe8ca025800 GCTaskThread "GC Thread#0" [stack: 0x000070000c039000,0x000070000c139000] [id=20995]
  0x00007fe8c9a2a000 GCTaskThread "GC Thread#1" [stack: 0x000070000d581000,0x000070000d681000] [id=78855]
  0x00007fe8c9a78000 GCTaskThread "GC Thread#2" [stack: 0x000070000d684000,0x000070000d784000] [id=53511]
  0x00007fe8cb25b800 GCTaskThread "GC Thread#3" [stack: 0x000070000d787000,0x000070000d887000] [id=76035]
  0x00007fe8cb00a000 ConcurrentGCThread "G1 Main Marker" [stack: 0x000070000c13c000,0x000070000c23c000] [id=11779]
  0x00007fe8cb020000 ConcurrentGCThread "G1 Conc#0" [stack: 0x000070000c23f000,0x000070000c33f000] [id=20227]
  0x00007fe8ca04d000 ConcurrentGCThread "G1 Refine#0" [stack: 0x000070000c342000,0x000070000c442000] [id=12291]
  0x00007fe8ca04d800 ConcurrentGCThread "G1 Young RemSet Sampling" [stack: 0x000070000c445000,0x000070000c545000] [id=12803]

Threads with active compile tasks:

VM state:not at safepoint (normal execution)

VM Mutex/Monitor currently owned by a thread: None

Heap address: 0x0000000780000000, size: 2048 MB, Compressed Oops mode: Zero based, Oop shift amount: 3
Narrow klass base: 0x0000000800000000, Narrow klass shift: 3
Compressed class space size: 1073741824 Address: 0x0000000801101000

Heap:
 garbage-first heap   total 86016K, used 38933K [0x0000000780000000, 0x0000000800000000)
  region size 1024K, 16 young (16384K), 4 survivors (4096K)
 Metaspace       used 26246K, capacity 27463K, committed 27776K, reserved 1073152K
  class space    used 3461K, capacity 3955K, committed 3968K, reserved 1048576K
Heap Regions: E=young(eden), S=young(survivor), O=old, HS=humongous(starts), HC=humongous(continues), CS=collection set, F=free, A=archive, TAMS=top-at-mark-start (previous, next)
|   0|0x0000000780000000, 0x0000000780100000, 0x0000000780100000|100%| O|  |TAMS 0x0000000780100000, 0x0000000780000000| Untracked 
|   1|0x0000000780100000, 0x0000000780200000, 0x0000000780200000|100%| O|  |TAMS 0x0000000780200000, 0x0000000780100000| Untracked 
|   2|0x0000000780200000, 0x0000000780300000, 0x0000000780300000|100%| O|  |TAMS 0x0000000780300000, 0x0000000780200000| Untracked 
|   3|0x0000000780300000, 0x0000000780400000, 0x0000000780400000|100%| O|  |TAMS 0x0000000780400000, 0x0000000780300000| Untracked 
|   4|0x0000000780400000, 0x0000000780500000, 0x0000000780500000|100%| O|  |TAMS 0x00000007804bd600, 0x0000000780400000| Untracked 
|   5|0x0000000780500000, 0x0000000780600000, 0x0000000780600000|100%|HS|  |TAMS 0x0000000780600000, 0x0000000780500000| Complete 
|   6|0x0000000780600000, 0x0000000780700000, 0x0000000780700000|100%|HC|  |TAMS 0x0000000780700000, 0x0000000780600000| Complete 
|   7|0x0000000780700000, 0x0000000780800000, 0x0000000780800000|100%|HC|  |TAMS 0x0000000780800000, 0x0000000780700000| Complete 
|   8|0x0000000780800000, 0x0000000780900000, 0x0000000780900000|100%|HC|  |TAMS 0x0000000780900000, 0x0000000780800000| Complete 
|   9|0x0000000780900000, 0x0000000780a00000, 0x0000000780a00000|100%|HC|  |TAMS 0x0000000780a00000, 0x0000000780900000| Complete 
|  10|0x0000000780a00000, 0x0000000780b00000, 0x0000000780b00000|100%|HC|  |TAMS 0x0000000780b00000, 0x0000000780a00000| Complete 
|  11|0x0000000780b00000, 0x0000000780c00000, 0x0000000780c00000|100%|HC|  |TAMS 0x0000000780c00000, 0x0000000780b00000| Complete 
|  12|0x0000000780c00000, 0x0000000780d00000, 0x0000000780d00000|100%|HC|  |TAMS 0x0000000780d00000, 0x0000000780c00000| Complete 
|  13|0x0000000780d00000, 0x0000000780e00000, 0x0000000780e00000|100%|HC|  |TAMS 0x0000000780e00000, 0x0000000780d00000| Complete 
|  14|0x0000000780e00000, 0x0000000780f00000, 0x0000000780f00000|100%|HC|  |TAMS 0x0000000780f00000, 0x0000000780e00000| Complete 
|  15|0x0000000780f00000, 0x0000000781000000, 0x0000000781000000|100%| O|  |TAMS 0x0000000780f00000, 0x0000000780f00000| Untracked 
|  16|0x0000000781000000, 0x0000000781013400, 0x0000000781100000|  7%| O|  |TAMS 0x0000000781000000, 0x0000000781000000| Untracked 
|  17|0x0000000781100000, 0x0000000781200000, 0x0000000781200000|100%|HS|  |TAMS 0x0000000781100000, 0x0000000781100000| Complete 
|  18|0x0000000781200000, 0x0000000781300000, 0x0000000781300000|100%|HC|  |TAMS 0x0000000781200000, 0x0000000781200000| Complete 
|  19|0x0000000781300000, 0x0000000781400000, 0x0000000781400000|100%| O|  |TAMS 0x0000000781300000, 0x0000000781300000| Untracked 
|  20|0x0000000781400000, 0x0000000781500000, 0x0000000781500000|100%| O|  |TAMS 0x0000000781400000, 0x0000000781400000| Untracked 
|  21|0x0000000781500000, 0x0000000781600000, 0x0000000781600000|100%| O|  |TAMS 0x0000000781500000, 0x0000000781500000| Untracked 
|  22|0x0000000781600000, 0x0000000781700000, 0x0000000781700000|100%| O|  |TAMS 0x0000000781600000, 0x0000000781600000| Untracked 
|  23|0x0000000781700000, 0x0000000781800000, 0x0000000781800000|100%| O|  |TAMS 0x0000000781700000, 0x0000000781700000| Untracked 
|  24|0x0000000781800000, 0x000000078180bc00, 0x0000000781900000|  4%| O|  |TAMS 0x0000000781800000, 0x0000000781800000| Untracked 
|  25|0x0000000781900000, 0x0000000781900000, 0x0000000781a00000|  0%| F|  |TAMS 0x0000000781900000, 0x0000000781900000| Untracked 
|  26|0x0000000781a00000, 0x0000000781a00000, 0x0000000781b00000|  0%| F|  |TAMS 0x0000000781a00000, 0x0000000781a00000| Untracked 
|  27|0x0000000781b00000, 0x0000000781b00000, 0x0000000781c00000|  0%| F|  |TAMS 0x0000000781b00000, 0x0000000781b00000| Untracked 
|  28|0x0000000781c00000, 0x0000000781c00000, 0x0000000781d00000|  0%| F|  |TAMS 0x0000000781c00000, 0x0000000781c00000| Untracked 
|  29|0x0000000781d00000, 0x0000000781d00000, 0x0000000781e00000|  0%| F|  |TAMS 0x0000000781d00000, 0x0000000781d00000| Untracked 
|  30|0x0000000781e00000, 0x0000000781e00000, 0x0000000781f00000|  0%| F|  |TAMS 0x0000000781e00000, 0x0000000781e00000| Untracked 
|  31|0x0000000781f00000, 0x0000000781f00000, 0x0000000782000000|  0%| F|  |TAMS 0x0000000781f00000, 0x0000000781f00000| Untracked 
|  32|0x0000000782000000, 0x0000000782000000, 0x0000000782100000|  0%| F|  |TAMS 0x0000000782000000, 0x0000000782000000| Untracked 
|  33|0x0000000782100000, 0x0000000782100000, 0x0000000782200000|  0%| F|  |TAMS 0x0000000782100000, 0x0000000782100000| Untracked 
|  34|0x0000000782200000, 0x0000000782200000, 0x0000000782300000|  0%| F|  |TAMS 0x0000000782200000, 0x0000000782200000| Untracked 
|  35|0x0000000782300000, 0x0000000782300000, 0x0000000782400000|  0%| F|  |TAMS 0x0000000782300000, 0x0000000782300000| Untracked 
|  36|0x0000000782400000, 0x0000000782400000, 0x0000000782500000|  0%| F|  |TAMS 0x0000000782400000, 0x0000000782400000| Untracked 
|  37|0x0000000782500000, 0x0000000782500000, 0x0000000782600000|  0%| F|  |TAMS 0x0000000782500000, 0x0000000782500000| Untracked 
|  38|0x0000000782600000, 0x0000000782600000, 0x0000000782700000|  0%| F|  |TAMS 0x0000000782600000, 0x0000000782600000| Untracked 
|  39|0x0000000782700000, 0x0000000782700000, 0x0000000782800000|  0%| F|  |TAMS 0x0000000782700000, 0x0000000782700000| Untracked 
|  40|0x0000000782800000, 0x0000000782800000, 0x0000000782900000|  0%| F|  |TAMS 0x0000000782800000, 0x0000000782800000| Untracked 
|  41|0x0000000782900000, 0x0000000782900000, 0x0000000782a00000|  0%| F|  |TAMS 0x0000000782900000, 0x0000000782900000| Untracked 
|  42|0x0000000782a00000, 0x0000000782a00000, 0x0000000782b00000|  0%| F|  |TAMS 0x0000000782a00000, 0x0000000782a00000| Untracked 
|  43|0x0000000782b00000, 0x0000000782b00000, 0x0000000782c00000|  0%| F|  |TAMS 0x0000000782b00000, 0x0000000782b00000| Untracked 
|  44|0x0000000782c00000, 0x0000000782c00000, 0x0000000782d00000|  0%| F|  |TAMS 0x0000000782c00000, 0x0000000782c00000| Untracked 
|  45|0x0000000782d00000, 0x0000000782d00000, 0x0000000782e00000|  0%| F|  |TAMS 0x0000000782d00000, 0x0000000782d00000| Untracked 
|  46|0x0000000782e00000, 0x0000000782e00000, 0x0000000782f00000|  0%| F|  |TAMS 0x0000000782e00000, 0x0000000782e00000| Untracked 
|  47|0x0000000782f00000, 0x0000000782f00000, 0x0000000783000000|  0%| F|  |TAMS 0x0000000782f00000, 0x0000000782f00000| Untracked 
|  48|0x0000000783000000, 0x0000000783000000, 0x0000000783100000|  0%| F|  |TAMS 0x0000000783000000, 0x0000000783000000| Untracked 
|  49|0x0000000783100000, 0x0000000783100000, 0x0000000783200000|  0%| F|  |TAMS 0x0000000783100000, 0x0000000783100000| Untracked 
|  50|0x0000000783200000, 0x000000078322e578, 0x0000000783300000| 18%| S|CS|TAMS 0x0000000783200000, 0x0000000783200000| Complete 
|  51|0x0000000783300000, 0x0000000783400000, 0x0000000783400000|100%| S|CS|TAMS 0x0000000783300000, 0x0000000783300000| Complete 
|  52|0x0000000783400000, 0x0000000783500000, 0x0000000783500000|100%| S|CS|TAMS 0x0000000783400000, 0x0000000783400000| Complete 
|  53|0x0000000783500000, 0x0000000783600000, 0x0000000783600000|100%| S|CS|TAMS 0x0000000783500000, 0x0000000783500000| Complete 
|  54|0x0000000783600000, 0x0000000783600000, 0x0000000783700000|  0%| F|  |TAMS 0x0000000783600000, 0x0000000783600000| Untracked 
|  55|0x0000000783700000, 0x0000000783700000, 0x0000000783800000|  0%| F|  |TAMS 0x0000000783700000, 0x0000000783700000| Untracked 
|  56|0x0000000783800000, 0x0000000783800000, 0x0000000783900000|  0%| F|  |TAMS 0x0000000783800000, 0x0000000783800000| Untracked 
|  57|0x0000000783900000, 0x0000000783900000, 0x0000000783a00000|  0%| F|  |TAMS 0x0000000783900000, 0x0000000783900000| Untracked 
|  58|0x0000000783a00000, 0x0000000783a00000, 0x0000000783b00000|  0%| F|  |TAMS 0x0000000783a00000, 0x0000000783a00000| Untracked 
|  59|0x0000000783b00000, 0x0000000783b00000, 0x0000000783c00000|  0%| F|  |TAMS 0x0000000783b00000, 0x0000000783b00000| Untracked 
|  60|0x0000000783c00000, 0x0000000783c00000, 0x0000000783d00000|  0%| F|  |TAMS 0x0000000783c00000, 0x0000000783c00000| Untracked 
|  61|0x0000000783d00000, 0x0000000783d00000, 0x0000000783e00000|  0%| F|  |TAMS 0x0000000783d00000, 0x0000000783d00000| Untracked 
|  62|0x0000000783e00000, 0x0000000783e00000, 0x0000000783f00000|  0%| F|  |TAMS 0x0000000783e00000, 0x0000000783e00000| Untracked 
|  63|0x0000000783f00000, 0x0000000783f00000, 0x0000000784000000|  0%| F|  |TAMS 0x0000000783f00000, 0x0000000783f00000| Untracked 
|  64|0x0000000784000000, 0x0000000784000000, 0x0000000784100000|  0%| F|  |TAMS 0x0000000784000000, 0x0000000784000000| Untracked 
|  65|0x0000000784100000, 0x0000000784100000, 0x0000000784200000|  0%| F|  |TAMS 0x0000000784100000, 0x0000000784100000| Untracked 
|  66|0x0000000784200000, 0x0000000784200000, 0x0000000784300000|  0%| F|  |TAMS 0x0000000784200000, 0x0000000784200000| Untracked 
|  67|0x0000000784300000, 0x0000000784300000, 0x0000000784400000|  0%| F|  |TAMS 0x0000000784300000, 0x0000000784300000| Untracked 
|  68|0x0000000784400000, 0x0000000784400000, 0x0000000784500000|  0%| F|  |TAMS 0x0000000784400000, 0x0000000784400000| Untracked 
|  69|0x0000000784500000, 0x0000000784500000, 0x0000000784600000|  0%| F|  |TAMS 0x0000000784500000, 0x0000000784500000| Untracked 
|  70|0x0000000784600000, 0x000000078465a820, 0x0000000784700000| 35%| E|  |TAMS 0x0000000784600000, 0x0000000784600000| Complete 
|  71|0x0000000784700000, 0x0000000784800000, 0x0000000784800000|100%| E|CS|TAMS 0x0000000784700000, 0x0000000784700000| Complete 
|  72|0x0000000784800000, 0x0000000784900000, 0x0000000784900000|100%| E|CS|TAMS 0x0000000784800000, 0x0000000784800000| Complete 
|  73|0x0000000784900000, 0x0000000784a00000, 0x0000000784a00000|100%| E|CS|TAMS 0x0000000784900000, 0x0000000784900000| Complete 
|  74|0x0000000784a00000, 0x0000000784b00000, 0x0000000784b00000|100%| E|CS|TAMS 0x0000000784a00000, 0x0000000784a00000| Complete 
|  75|0x0000000784b00000, 0x0000000784c00000, 0x0000000784c00000|100%| E|CS|TAMS 0x0000000784b00000, 0x0000000784b00000| Complete 
|  88|0x0000000785800000, 0x0000000785900000, 0x0000000785900000|100%| E|CS|TAMS 0x0000000785800000, 0x0000000785800000| Complete 
|  89|0x0000000785900000, 0x0000000785a00000, 0x0000000785a00000|100%| E|CS|TAMS 0x0000000785900000, 0x0000000785900000| Complete 
|  90|0x0000000785a00000, 0x0000000785b00000, 0x0000000785b00000|100%| E|CS|TAMS 0x0000000785a00000, 0x0000000785a00000| Complete 
|  91|0x0000000785b00000, 0x0000000785c00000, 0x0000000785c00000|100%| E|CS|TAMS 0x0000000785b00000, 0x0000000785b00000| Complete 
|  92|0x0000000785c00000, 0x0000000785d00000, 0x0000000785d00000|100%| E|CS|TAMS 0x0000000785c00000, 0x0000000785c00000| Complete 
| 127|0x0000000787f00000, 0x0000000788000000, 0x0000000788000000|100%| E|CS|TAMS 0x0000000787f00000, 0x0000000787f00000| Complete 
|1022|0x00000007bfe00000, 0x00000007bfe48000, 0x00000007bff00000| 28%|OA|  |TAMS 0x00000007bfe48000, 0x00000007bfe00000| Untracked 
|1023|0x00000007bff00000, 0x00000007bff70000, 0x00000007c0000000| 43%|CA|  |TAMS 0x00000007bff70000, 0x00000007bff00000| Untracked 

Card table byte_map: [0x000000010b4a6000,0x000000010b8a6000] _byte_map_base: 0x00000001078a6000

Marking Bits (Prev, Next): (CMBitMap*) 0x00007fe8cb009a58, (CMBitMap*) 0x00007fe8cb009a18
 Prev Bits: [0x00000001267d5000, 0x00000001287d5000)
 Next Bits: [0x00000001247d5000, 0x00000001267d5000)

Polling page: 0x000000010ae32000

Metaspace:

Usage:
  Non-class:     22.96 MB capacity,    22.25 MB ( 97%) used,   585.20 KB (  2%) free+waste,   138.00 KB ( <1%) overhead. 
      Class:      3.86 MB capacity,     3.38 MB ( 88%) used,   421.95 KB ( 11%) free+waste,    71.31 KB (  2%) overhead. 
       Both:     26.82 MB capacity,    25.63 MB ( 96%) used,  1007.15 KB (  4%) free+waste,   209.31 KB ( <1%) overhead. 

Virtual space:
  Non-class space:       24.00 MB reserved,      23.25 MB ( 97%) committed 
      Class space:        1.00 GB reserved,       3.88 MB ( <1%) committed 
             Both:        1.02 GB reserved,      27.12 MB (  3%) committed 

Chunk freelists:
   Non-Class:  7.50 KB
       Class:  0 bytes
        Both:  7.50 KB

CodeHeap 'non-profiled nmethods': size=120032Kb used=1788Kb max_used=1788Kb free=118243Kb
 bounds [0x000000011d29d000, 0x000000011d50d000, 0x00000001247d5000]
CodeHeap 'profiled nmethods': size=120032Kb used=11026Kb max_used=11026Kb free=109006Kb
 bounds [0x0000000115d65000, 0x0000000116835000, 0x000000011d29d000]
CodeHeap 'non-nmethods': size=5696Kb used=1385Kb max_used=1412Kb free=4310Kb
 bounds [0x00000001157d5000, 0x0000000115a45000, 0x0000000115d65000]
 total_blobs=6573 nmethods=4947 adapters=748
 compilation: enabled
              stopped_count=0, restarted_count=0
 full_count=0

Compilation events (10 events):
Event: 119.947 Thread 0x00007fe8c981c000 5009       3       com.sun.prism.impl.BaseContext::getGlyphCache (36 bytes)
Event: 119.947 Thread 0x00007fe8c981c000 nmethod 5009 0x0000000116825910 code [0x0000000116825b00, 0x0000000116826028]
Event: 119.947 Thread 0x00007fe8cb010800 5012       4       com.sun.javafx.geom.transform.Affine3D::updateState (96 bytes)
Event: 119.947 Thread 0x00007fe8c981c000 5010       3       com.sun.prism.impl.ps.BaseShaderGraphics::initLCDSampleRT (231 bytes)
Event: 119.949 Thread 0x00007fe8c981c000 nmethod 5010 0x0000000116826190 code [0x0000000116826480, 0x00000001168279a8]
Event: 119.949 Thread 0x00007fe8c981c000 5011       3       com.sun.javafx.font.PrismFontFactory::getLCDContrast (37 bytes)
Event: 119.950 Thread 0x00007fe8c981c000 nmethod 5011 0x0000000116827f90 code [0x0000000116828160, 0x0000000116828350]
Event: 119.955 Thread 0x00007fe8cb010800 nmethod 5012 0x000000011d45af90 code [0x000000011d45b1e0, 0x000000011d45b718]
Event: 119.974 Thread 0x00007fe8cb010800 5013       4       java.util.WeakHashMap::<init> (133 bytes)
Event: 119.985 Thread 0x00007fe8cb010800 nmethod 5013 0x000000011d45b990 code [0x000000011d45bb40, 0x000000011d45c0d8]

GC Heap History (10 events):
Event: 1.553 GC heap before
{Heap before GC invocations=0 (full 0):
 garbage-first heap   total 133120K, used 14048K [0x0000000780000000, 0x0000000800000000)
  region size 1024K, 14 young (14336K), 0 survivors (0K)
 Metaspace       used 4048K, capacity 6902K, committed 7296K, reserved 1056768K
  class space    used 469K, capacity 773K, committed 896K, reserved 1048576K
}
Event: 1.591 GC heap after
{Heap after GC invocations=1 (full 0):
 garbage-first heap   total 133120K, used 5343K [0x0000000780000000, 0x0000000800000000)
  region size 1024K, 2 young (2048K), 2 survivors (2048K)
 Metaspace       used 4048K, capacity 6902K, committed 7296K, reserved 1056768K
  class space    used 469K, capacity 773K, committed 896K, reserved 1048576K
}
Event: 2.562 GC heap before
{Heap before GC invocations=1 (full 0):
 garbage-first heap   total 133120K, used 16607K [0x0000000780000000, 0x0000000800000000)
  region size 1024K, 13 young (13312K), 2 survivors (2048K)
 Metaspace       used 7006K, capacity 9355K, committed 9600K, reserved 1058816K
  class space    used 774K, capacity 1036K, committed 1152K, reserved 1048576K
}
Event: 2.576 GC heap after
{Heap after GC invocations=2 (full 0):
 garbage-first heap   total 133120K, used 6145K [0x0000000780000000, 0x0000000800000000)
  region size 1024K, 1 young (1024K), 1 survivors (1024K)
 Metaspace       used 7006K, capacity 9355K, committed 9600K, reserved 1058816K
  class space    used 774K, capacity 1036K, committed 1152K, reserved 1048576K
}
Event: 4.430 GC heap before
{Heap before GC invocations=2 (full 0):
 garbage-first heap   total 133120K, used 27649K [0x0000000780000000, 0x0000000800000000)
  region size 1024K, 22 young (22528K), 1 survivors (1024K)
 Metaspace       used 12048K, capacity 13066K, committed 13184K, reserved 1060864K
  class space    used 1397K, capacity 1618K, committed 1664K, reserved 1048576K
}
Event: 4.437 GC heap after
{Heap after GC invocations=3 (full 0):
 garbage-first heap   total 133120K, used 7567K [0x0000000780000000, 0x0000000800000000)
  region size 1024K, 2 young (2048K), 2 survivors (2048K)
 Metaspace       used 12048K, capacity 13066K, committed 13184K, reserved 1060864K
  class space    used 1397K, capacity 1618K, committed 1664K, reserved 1048576K
}
Event: 7.501 GC heap before
{Heap before GC invocations=3 (full 0):
 garbage-first heap   total 133120K, used 49551K [0x0000000780000000, 0x0000000800000000)
  region size 1024K, 35 young (35840K), 2 survivors (2048K)
 Metaspace       used 20312K, capacity 21132K, committed 21248K, reserved 1067008K
  class space    used 2657K, capacity 2987K, committed 3072K, reserved 1048576K
}
Event: 7.536 GC heap after
{Heap after GC invocations=4 (full 0):
 garbage-first heap   total 133120K, used 22317K [0x0000000780000000, 0x0000000800000000)
  region size 1024K, 5 young (5120K), 5 survivors (5120K)
 Metaspace       used 20312K, capacity 21132K, committed 21248K, reserved 1067008K
  class space    used 2657K, capacity 2987K, committed 3072K, reserved 1048576K
}
Event: 9.357 GC heap before
{Heap before GC invocations=5 (full 0):
 garbage-first heap   total 86016K, used 47917K [0x0000000780000000, 0x0000000800000000)
  region size 1024K, 28 young (28672K), 5 survivors (5120K)
 Metaspace       used 24332K, capacity 25531K, committed 25600K, reserved 1071104K
  class space    used 3331K, capacity 3811K, committed 3840K, reserved 1048576K
}
Event: 9.390 GC heap after
{Heap after GC invocations=6 (full 0):
 garbage-first heap   total 86016K, used 27669K [0x0000000780000000, 0x0000000800000000)
  region size 1024K, 4 young (4096K), 4 survivors (4096K)
 Metaspace       used 24332K, capacity 25531K, committed 25600K, reserved 1071104K
  class space    used 3331K, capacity 3811K, committed 3840K, reserved 1048576K
}

Deoptimization events (10 events):
Event: 19.721 Thread 0x00007fe8cb81b800 Uncommon trap: reason=bimorphic_or_optimized_type_check action=maybe_recompile pc=0x000000011d400fd8 method=javafx.beans.property.DoublePropertyBase.get()D @ 23 c2
Event: 19.722 Thread 0x00007fe8cb81b800 Uncommon trap: reason=bimorphic_or_optimized_type_check action=maybe_recompile pc=0x000000011d400fd8 method=javafx.beans.property.DoublePropertyBase.get()D @ 23 c2
Event: 19.722 Thread 0x00007fe8cb81b800 Uncommon trap: reason=bimorphic_or_optimized_type_check action=maybe_recompile pc=0x000000011d400fd8 method=javafx.beans.property.DoublePropertyBase.get()D @ 23 c2
Event: 19.723 Thread 0x00007fe8cb81b800 Uncommon trap: reason=bimorphic_or_optimized_type_check action=maybe_recompile pc=0x000000011d400fd8 method=javafx.beans.property.DoublePropertyBase.get()D @ 23 c2
Event: 19.758 Thread 0x00007fe8cb81b800 Uncommon trap: reason=unstable_if action=reinterpret pc=0x000000011d406ae0 method=java.lang.Math.round(D)J @ 48 c2
Event: 19.759 Thread 0x00007fe8cb81b800 Uncommon trap: reason=unstable_if action=reinterpret pc=0x000000011d405b8c method=javafx.scene.Node.updateBounds()V @ 106 c2
Event: 115.472 Thread 0x00007fe8cb81b800 Uncommon trap: reason=unstable_if action=reinterpret pc=0x000000011d40a9e8 method=java.lang.String.indexOf([BBILjava/lang/String;I)I @ 54 c2
Event: 115.560 Thread 0x00007fe8c9927000 Uncommon trap: reason=unstable_if action=reinterpret pc=0x000000011d43ce10 method=com.sun.marlin.DRenderer._endRendering(IILcom/sun/marlin/MarlinAlphaConsumer;)V @ 325 c2
Event: 115.582 Thread 0x00007fe8c9927000 Uncommon trap: reason=unstable_if action=reinterpret pc=0x000000011d425378 method=com.sun.marlin.DRenderer._endRendering(IILcom/sun/marlin/MarlinAlphaConsumer;)V @ 325 c2
Event: 118.774 Thread 0x00007fe8cb81b800 Uncommon trap: reason=unstable_if action=reinterpret pc=0x000000011d42ac50 method=javafx.scene.Node.updateLocalToParentTransform()V @ 125 c2

Classes redefined (0 events):
No events

Internal exceptions (10 events):
Event: 7.124 Thread 0x00007fe8cb81b800 Exception <a 'java/io/FileNotFoundException'{0x00000007860e3cd0}> (0x00000007860e3cd0) thrown at [/scratch/mesos/slaves/ae206c0d-865c-4d69-a16b-c4e90bf2719f-S399/frameworks/1735e8a2-a1db-478c-8104-60c8b0af87dd-0196/executors/d4337cad-8111-46d8-8d39-fb2ce6
Event: 8.737 Thread 0x00007fe8cb81b800 Exception <a 'java/lang/NoSuchMethodError'{0x0000000783cff9f8}: java.lang.invoke.DirectMethodHandle$Holder.invokeStatic(Ljava/lang/Object;Ljava/lang/Object;II)Ljava/lang/Object;> (0x0000000783cff9f8) thrown at [/scratch/mesos/slaves/ae206c0d-865c-4d69-a16
Event: 9.294 Thread 0x00007fe8c9927000 Exception <a 'java/lang/NoSuchMethodError'{0x00000007836a3930}: java.lang.invoke.DirectMethodHandle$Holder.invokeStaticInit(Ljava/lang/Object;I)Ljava/lang/Object;> (0x00000007836a3930) thrown at [/scratch/mesos/slaves/ae206c0d-865c-4d69-a16b-c4e90bf2719f-
Event: 13.834 Thread 0x00007fe8cb81b800 Exception <a 'java/lang/NoSuchMethodError'{0x0000000785ca4758}: java.lang.invoke.DirectMethodHandle$Holder.invokeStaticInit(Ljava/lang/Object;Ljava/lang/Object;Ljava/lang/Object;)J> (0x0000000785ca4758) thrown at [/scratch/mesos/slaves/ae206c0d-865c-4d69-
Event: 13.837 Thread 0x00007fe8cb81b800 Exception <a 'java/lang/NoSuchMethodError'{0x0000000785cb8fd0}: java.lang.invoke.Invokers$Holder.linkToTargetMethod(Ljava/lang/Object;JLjava/lang/Object;)Ljava/lang/Object;> (0x0000000785cb8fd0) thrown at [/scratch/mesos/slaves/ae206c0d-865c-4d69-a16b-c4e
Event: 19.716 Thread 0x00007fe8cb81b800 Exception <a 'java/io/FileNotFoundException'{0x000000078586d660}> (0x000000078586d660) thrown at [/scratch/mesos/slaves/ae206c0d-865c-4d69-a16b-c4e90bf2719f-S399/frameworks/1735e8a2-a1db-478c-8104-60c8b0af87dd-0196/executors/d4337cad-8111-46d8-8d39-fb2ce6
Event: 100.897 Thread 0x00007fe8cb81b800 Exception <a 'java/lang/NoSuchMethodError'{0x0000000784a5ca58}: java.lang.invoke.DirectMethodHandle$Holder.invokeStatic(Ljava/lang/Object;Ljava/lang/Object;IIIIILjava/lang/Object;)Ljava/lang/Object;> (0x0000000784a5ca58) thrown at [/scratch/mesos/slaves/a
Event: 100.898 Thread 0x00007fe8cb81b800 Exception <a 'java/lang/NoSuchMethodError'{0x0000000784a6c050}: java.lang.invoke.DirectMethodHandle$Holder.invokeStatic(Ljava/lang/Object;Ljava/lang/Object;Ljava/lang/Object;IIIII)Ljava/lang/Object;> (0x0000000784a6c050) thrown at [/scratch/mesos/slaves/a
Event: 100.899 Thread 0x00007fe8cb81b800 Exception <a 'java/lang/NoSuchMethodError'{0x0000000784a71ed0}: java.lang.invoke.Invokers$Holder.linkToTargetMethod(Ljava/lang/Object;Ljava/lang/Object;IIIIILjava/lang/Object;)Ljava/lang/Object;> (0x0000000784a71ed0) thrown at [/scratch/mesos/slaves/ae206
Event: 115.526 Thread 0x00007fe8cb81b800 Exception <a 'java/io/FileNotFoundException'{0x00000007848c3df8}> (0x00000007848c3df8) thrown at [/scratch/mesos/slaves/ae206c0d-865c-4d69-a16b-c4e90bf2719f-S399/frameworks/1735e8a2-a1db-478c-8104-60c8b0af87dd-0196/executors/d4337cad-8111-46d8-8d39-fb2ce6

Events (10 events):
Event: 115.560 Thread 0x00007fe8c9927000 DEOPT PACKING pc=0x000000011d43ce10 sp=0x000070000d26bbb0
Event: 115.560 Thread 0x00007fe8c9927000 DEOPT UNPACKING pc=0x00000001157fe3a5 sp=0x000070000d26ba38 mode 2
Event: 115.582 Thread 0x00007fe8c9927000 Uncommon trap: trap_request=0xffffff4d fr.pc=0x000000011d425378 relative=0x0000000000002678
Event: 115.582 Thread 0x00007fe8c9927000 DEOPT PACKING pc=0x000000011d425378 sp=0x000070000d26b140
Event: 115.582 Thread 0x00007fe8c9927000 DEOPT UNPACKING pc=0x00000001157fe3a5 sp=0x000070000d26b028 mode 2
Event: 118.774 Thread 0x00007fe8cb81b800 Uncommon trap: trap_request=0xffffff4d fr.pc=0x000000011d42ac50 relative=0x0000000000000630
Event: 118.774 Thread 0x00007fe8cb81b800 DEOPT PACKING pc=0x000000011d42ac50 sp=0x00007ff7b51fd6b0
Event: 118.774 Thread 0x00007fe8cb81b800 DEOPT UNPACKING pc=0x00000001157fe3a5 sp=0x00007ff7b51fd630 mode 2
Event: 119.939 loading class javafx/scene/control/skin/LabeledSkinBase$1
Event: 119.939 loading class javafx/scene/control/skin/LabeledSkinBase$1 done


Dynamic libraries:
0x000000010ae14000 	/Library/Java/JavaVirtualMachines/jdk-12.0.2.jdk/Contents/Home/lib/libjli.dylib
0x00007ff81a9d2000 	/usr/lib/libz.1.dylib
0x00007ff81aab2000 	/usr/lib/libSystem.B.dylib
0x00007ff81aaad000 	/usr/lib/system/libcache.dylib
0x00007ff81aa69000 	/usr/lib/system/libcommonCrypto.dylib
0x00007ff81aa92000 	/usr/lib/system/libcompiler_rt.dylib
0x00007ff81aa88000 	/usr/lib/system/libcopyfile.dylib
0x00007ff80fa40000 	/usr/lib/system/libcorecrypto.dylib
0x00007ff80fafe000 	/usr/lib/system/libdispatch.dylib
0x00007ff80fcbe000 	/usr/lib/system/libdyld.dylib
0x00007ff81aaa4000 	/usr/lib/system/libkeymgr.dylib
0x00007ff81aa47000 	/usr/lib/system/libmacho.dylib
0x00007ff81a0c8000 	/usr/lib/system/libquarantine.dylib
0x00007ff81aaa2000 	/usr/lib/system/libremovefile.dylib
0x00007ff814c53000 	/usr/lib/system/libsystem_asl.dylib
0x00007ff80f9e9000 	/usr/lib/system/libsystem_blocks.dylib
0x00007ff80fb82000 	/usr/lib/system/libsystem_c.dylib
0x00007ff81aa9a000 	/usr/lib/system/libsystem_collections.dylib
0x00007ff81937c000 	/usr/lib/system/libsystem_configuration.dylib
0x00007ff818625000 	/usr/lib/system/libsystem_containermanager.dylib
0x00007ff81a77f000 	/usr/lib/system/libsystem_coreservices.dylib
0x00007ff8122f4000 	/usr/lib/system/libsystem_darwin.dylib
0x00007ff81aaa5000 	/usr/lib/system/libsystem_dnssd.dylib
0x00007ff80fb7f000 	/usr/lib/system/libsystem_featureflags.dylib
0x00007ff80fcd4000 	/usr/lib/system/libsystem_info.dylib
0x00007ff81a9e5000 	/usr/lib/system/libsystem_m.dylib
0x00007ff80fad2000 	/usr/lib/system/libsystem_malloc.dylib
0x00007ff814bee000 	/usr/lib/system/libsystem_networkextension.dylib
0x00007ff81271a000 	/usr/lib/system/libsystem_notify.dylib
0x00007ff820d24000 	/usr/lib/system/libsystem_product_info_filter.dylib
0x00007ff819380000 	/usr/lib/system/libsystem_sandbox.dylib
0x00007ff81aa9f000 	/usr/lib/system/libsystem_secinit.dylib
0x00007ff80fc7a000 	/usr/lib/system/libsystem_kernel.dylib
0x00007ff80fcca000 	/usr/lib/system/libsystem_platform.dylib
0x00007ff80fcb2000 	/usr/lib/system/libsystem_pthread.dylib
0x00007ff8164a1000 	/usr/lib/system/libsystem_symptoms.dylib
0x00007ff80fa27000 	/usr/lib/system/libsystem_trace.dylib
0x00007ff81aa75000 	/usr/lib/system/libunwind.dylib
0x00007ff80f9eb000 	/usr/lib/system/libxpc.dylib
0x00007ff80fc64000 	/usr/lib/libc++abi.dylib
0x00007ff80fb45000 	/usr/lib/libobjc.A.dylib
0x00007ff81aa80000 	/usr/lib/liboah.dylib
0x00007ff80fc0b000 	/usr/lib/libc++.1.dylib
0x00007ff826b26000 	/System/Library/Frameworks/Cocoa.framework/Versions/A/Cocoa
0x00007ff812778000 	/System/Library/Frameworks/AppKit.framework/Versions/C/AppKit
0x00007ff815c8f000 	/System/Library/Frameworks/CoreData.framework/Versions/A/CoreData
0x00007ff810b7b000 	/System/Library/Frameworks/Foundation.framework/Versions/C/Foundation
0x00007ff813608000 	/System/Library/PrivateFrameworks/UIFoundation.framework/Versions/A/UIFoundation
0x00007ff820a27000 	/System/Library/PrivateFrameworks/RemoteViewServices.framework/Versions/A/RemoteViewServices
0x00007ff818d06000 	/System/Library/PrivateFrameworks/XCTTargetBootstrap.framework/Versions/A/XCTTargetBootstrap
0x00007ff81c8bd000 	/System/Library/PrivateFrameworks/InternationalSupport.framework/Versions/A/InternationalSupport
0x00007ff81c947000 	/System/Library/PrivateFrameworks/UserActivity.framework/Versions/A/UserActivity
0x00007ff81bc99000 	/usr/lib/libspindump.dylib
0x00007ff813897000 	/System/Library/Frameworks/UniformTypeIdentifiers.framework/Versions/A/UniformTypeIdentifiers
0x00007ff81742a000 	/usr/lib/libapp_launch_measurement.dylib
0x00007ff816661000 	/System/Library/PrivateFrameworks/CoreAnalytics.framework/Versions/A/CoreAnalytics
0x00007ff81742d000 	/System/Library/PrivateFrameworks/CoreAutoLayout.framework/Versions/A/CoreAutoLayout
0x00007ff81865d000 	/System/Library/Frameworks/Metal.framework/Versions/A/Metal
0x00007ff81938c000 	/usr/lib/liblangid.dylib
0x00007ff818d0b000 	/System/Library/PrivateFrameworks/CoreSVG.framework/Versions/A/CoreSVG
0x00007ff814c83000 	/System/Library/PrivateFrameworks/SkyLight.framework/Versions/A/SkyLight
0x00007ff815022000 	/System/Library/Frameworks/CoreGraphics.framework/Versions/A/CoreGraphics
0x00007ff8210e7000 	/System/Library/Frameworks/Accelerate.framework/Versions/A/Accelerate
0x00007ff81b718000 	/System/Library/PrivateFrameworks/IconServices.framework/Versions/A/IconServices
0x00007ff818642000 	/System/Library/Frameworks/IOSurface.framework/Versions/A/IOSurface
0x00007ff81668f000 	/usr/lib/libDiagnosticMessagesClient.dylib
0x00007ff8247ca000 	/System/Library/Frameworks/ApplicationServices.framework/Versions/A/ApplicationServices
0x00007ff818cf2000 	/System/Library/PrivateFrameworks/DFRFoundation.framework/Versions/A/DFRFoundation
0x00007ff812060000 	/usr/lib/libicucore.A.dylib
0x00007ff81d6b3000 	/System/Library/Frameworks/AudioToolbox.framework/Versions/A/AudioToolbox
0x00007ff81c8c9000 	/System/Library/PrivateFrameworks/DataDetectorsCore.framework/Versions/A/DataDetectorsCore
0x00007ff918dc6000 	/System/Library/PrivateFrameworks/TextInput.framework/Versions/A/TextInput
0x00007ff814c06000 	/usr/lib/libMobileGestalt.dylib
0x00007ff8189fe000 	/System/Library/Frameworks/Carbon.framework/Versions/A/Frameworks/HIToolbox.framework/Versions/A/HIToolbox
0x00007ff816e2c000 	/System/Library/Frameworks/QuartzCore.framework/Versions/A/QuartzCore
0x00007ff811d05000 	/System/Library/Frameworks/Security.framework/Versions/A/Security
0x00007ff820a5f000 	/System/Library/Frameworks/Carbon.framework/Versions/A/Frameworks/SpeechRecognition.framework/Versions/A/SpeechRecognition
0x00007ff81718a000 	/System/Library/PrivateFrameworks/CoreUI.framework/Versions/A/CoreUI
0x00007ff8115cf000 	/System/Library/Frameworks/CoreAudio.framework/Versions/A/CoreAudio
0x00007ff81677e000 	/System/Library/Frameworks/DiskArbitration.framework/Versions/A/DiskArbitration
0x00007ff81c089000 	/System/Library/PrivateFrameworks/MultitouchSupport.framework/Versions/A/MultitouchSupport
0x00007ff814c05000 	/usr/lib/libenergytrace.dylib
0x00007ff812664000 	/System/Library/Frameworks/IOKit.framework/Versions/A/IOKit
0x00007ff820e4f000 	/System/Library/Frameworks/CoreServices.framework/Versions/A/CoreServices
0x00007ff8173c4000 	/System/Library/PrivateFrameworks/PerformanceAnalysis.framework/Versions/A/PerformanceAnalysis
0x00007ffa28aa5000 	/System/Library/Frameworks/OpenGL.framework/Versions/A/OpenGL
0x00007ff819fee000 	/System/Library/PrivateFrameworks/MobileKeyBag.framework/Versions/A/MobileKeyBag
0x00007ff8156ee000 	/System/Library/Frameworks/ColorSync.framework/Versions/A/ColorSync
0x00007ff80fcff000 	/System/Library/Frameworks/CoreFoundation.framework/Versions/A/CoreFoundation
0x00007ff818f82000 	/System/Library/Frameworks/CoreImage.framework/Versions/A/CoreImage
0x00007ff8113e3000 	/System/Library/Frameworks/CoreText.framework/Versions/A/CoreText
0x00007ff818d3b000 	/System/Library/Frameworks/ImageIO.framework/Versions/A/ImageIO
0x00007ff81aab8000 	/System/Library/PrivateFrameworks/SoftLinking.framework/Versions/A/SoftLinking
0x00007ff817475000 	/usr/lib/libxml2.2.dylib
0x00007ff81ad3c000 	/usr/lib/libcompression.dylib
0x00007ff81c7f0000 	/System/Library/PrivateFrameworks/TextureIO.framework/Versions/A/TextureIO
0x00007ff81b42a000 	/usr/lib/libate.dylib
0x00007ff81b206000 	/usr/lib/liblzma.5.dylib
0x00007ff81088d000 	/System/Library/Frameworks/SystemConfiguration.framework/Versions/A/SystemConfiguration
0x00007ff81aab4000 	/usr/lib/libfakelink.dylib
0x00007ff81475e000 	/System/Library/Frameworks/CFNetwork.framework/Versions/A/CFNetwork
0x00007ff81abf5000 	/usr/lib/libarchive.2.dylib
0x00007ff819388000 	/System/Library/PrivateFrameworks/AppleSystemInfo.framework/Versions/A/AppleSystemInfo
0x00007ff81a0ef000 	/usr/lib/libbsm.0.dylib
0x00007ff813d6d000 	/usr/lib/libnetwork.dylib
0x00007ff81aa4d000 	/usr/lib/system/libkxld.dylib
0x00007ff819d22000 	/System/Library/PrivateFrameworks/IOMobileFramebuffer.framework/Versions/A/IOMobileFramebuffer
0x00007ffb2847c000 	/usr/lib/libCoreEntitlements.dylib
0x00007ff81a761000 	/System/Library/PrivateFrameworks/AppleFSCompression.framework/Versions/A/AppleFSCompression
0x00007ff81a0d7000 	/usr/lib/libcoretls.dylib
0x00007ff81b220000 	/usr/lib/libcoretls_cfhelpers.dylib
0x00007ff81ad37000 	/usr/lib/libpam.2.dylib
0x00007ff8160c0000 	/usr/lib/libsqlite3.dylib
0x00007ff81b28f000 	/usr/lib/libxar.1.dylib
0x00007ff81a771000 	/usr/lib/libbz2.1.0.dylib
0x00007ff81aab9000 	/usr/lib/libpcap.A.dylib
0x00007ff816499000 	/usr/lib/libdns_services.dylib
0x00007ff81ad07000 	/usr/lib/libapple_nghttp2.dylib
0x00007ff81aaf3000 	/usr/lib/libiconv.2.dylib
0x00007ff81aa46000 	/usr/lib/libcharset.1.dylib
0x00007ff8173f8000 	/System/Library/Frameworks/CoreServices.framework/Versions/A/Frameworks/FSEvents.framework/Versions/A/FSEvents
0x00007ff8122fe000 	/System/Library/Frameworks/CoreServices.framework/Versions/A/Frameworks/CarbonCore.framework/Versions/A/CarbonCore
0x00007ff8166e2000 	/System/Library/Frameworks/CoreServices.framework/Versions/A/Frameworks/Metadata.framework/Versions/A/Metadata
0x00007ff81a784000 	/System/Library/Frameworks/CoreServices.framework/Versions/A/Frameworks/OSServices.framework/Versions/A/OSServices
0x00007ff81ac7c000 	/System/Library/Frameworks/CoreServices.framework/Versions/A/Frameworks/SearchKit.framework/Versions/A/SearchKit
0x00007ff81642b000 	/System/Library/Frameworks/CoreServices.framework/Versions/A/Frameworks/AE.framework/Versions/A/AE
0x00007ff810202000 	/System/Library/Frameworks/CoreServices.framework/Versions/A/Frameworks/LaunchServices.framework/Versions/A/LaunchServices
0x00007ff81b1b7000 	/System/Library/Frameworks/CoreServices.framework/Versions/A/Frameworks/DictionaryServices.framework/Versions/A/DictionaryServices
0x00007ff817405000 	/System/Library/Frameworks/CoreServices.framework/Versions/A/Frameworks/SharedFileList.framework/Versions/A/SharedFileList
0x00007ff81a0cb000 	/usr/lib/libCheckFix.dylib
0x00007ff814c6a000 	/System/Library/PrivateFrameworks/TCC.framework/Versions/A/TCC
0x00007ff81938e000 	/System/Library/PrivateFrameworks/CoreNLP.framework/Versions/A/CoreNLP
0x00007ff816692000 	/System/Library/PrivateFrameworks/MetadataUtilities.framework/Versions/A/MetadataUtilities
0x00007ff81093e000 	/usr/lib/libmecabra.dylib
0x00007ff81a0ff000 	/usr/lib/libmecab.dylib
0x00007ff810909000 	/usr/lib/libCRFSuite.dylib
0x00007ff81a159000 	/usr/lib/libgermantok.dylib
0x00007ff81ace2000 	/usr/lib/libThaiTokenizer.dylib
0x00007ff816785000 	/System/Library/Frameworks/Accelerate.framework/Versions/A/Frameworks/vImage.framework/Versions/A/vImage
0x00007ff820e26000 	/System/Library/Frameworks/Accelerate.framework/Versions/A/Frameworks/vecLib.framework/Versions/A/vecLib
0x00007ff81b2d0000 	/System/Library/Frameworks/Accelerate.framework/Versions/A/Frameworks/vecLib.framework/Versions/A/libvMisc.dylib
0x00007ff819b4d000 	/System/Library/Frameworks/Accelerate.framework/Versions/A/Frameworks/vecLib.framework/Versions/A/libvDSP.dylib
0x00007ff81057d000 	/System/Library/Frameworks/Accelerate.framework/Versions/A/Frameworks/vecLib.framework/Versions/A/libBLAS.dylib
0x00007ff81ae19000 	/System/Library/Frameworks/Accelerate.framework/Versions/A/Frameworks/vecLib.framework/Versions/A/libLAPACK.dylib
0x00007ff81a15c000 	/System/Library/Frameworks/Accelerate.framework/Versions/A/Frameworks/vecLib.framework/Versions/A/libLinearAlgebra.dylib
0x00007ff81ad1f000 	/System/Library/Frameworks/Accelerate.framework/Versions/A/Frameworks/vecLib.framework/Versions/A/libSparseBLAS.dylib
0x00007ff81ae13000 	/System/Library/Frameworks/Accelerate.framework/Versions/A/Frameworks/vecLib.framework/Versions/A/libQuadrature.dylib
0x00007ff819479000 	/System/Library/Frameworks/Accelerate.framework/Versions/A/Frameworks/vecLib.framework/Versions/A/libBNNS.dylib
0x00007ff810817000 	/System/Library/Frameworks/Accelerate.framework/Versions/A/Frameworks/vecLib.framework/Versions/A/libSparse.dylib
0x00007ff819472000 	/System/Library/PrivateFrameworks/LinguisticData.framework/Versions/A/LinguisticData
0x00007ff8107cd000 	/System/Library/PrivateFrameworks/Lexicon.framework/Versions/A/Lexicon
0x00007ff81b2c9000 	/usr/lib/libChineseTokenizer.dylib
0x00007ff810f38000 	/System/Library/PrivateFrameworks/LanguageModeling.framework/Versions/A/LanguageModeling
0x00007ff81ace4000 	/System/Library/PrivateFrameworks/AppleSauce.framework/Versions/A/AppleSauce
0x00007ff819d10000 	/System/Library/PrivateFrameworks/CoreEmoji.framework/Versions/A/CoreEmoji
0x00007ff81abe4000 	/usr/lib/libcmph.dylib
0x00007ff8173dc000 	/System/Library/Frameworks/OpenDirectory.framework/Versions/A/Frameworks/CFOpenDirectory.framework/Versions/A/CFOpenDirectory
0x00007ff8173d0000 	/System/Library/Frameworks/OpenDirectory.framework/Versions/A/OpenDirectory
0x00007ff81b222000 	/System/Library/PrivateFrameworks/APFS.framework/Versions/A/APFS
0x00007ff81a026000 	/System/Library/Frameworks/SecurityFoundation.framework/Versions/A/SecurityFoundation
0x00007ff81b29d000 	/usr/lib/libutil.dylib
0x00007ff812628000 	/System/Library/PrivateFrameworks/CoreServicesStore.framework/Versions/A/CoreServicesStore
0x00007ff81b2a1000 	/usr/lib/libxslt.1.dylib
0x00007ff81a0b3000 	/System/Library/PrivateFrameworks/BackgroundTaskManagement.framework/Versions/A/BackgroundTaskManagement
0x00007ff81c710000 	/System/Library/Frameworks/ImageIO.framework/Versions/A/Resources/libRadiance.dylib
0x00007ff81c719000 	/System/Library/Frameworks/ImageIO.framework/Versions/A/Resources/libJPEG.dylib
0x00007ff81c668000 	/System/Library/Frameworks/ImageIO.framework/Versions/A/Resources/libPng.dylib
0x00007ff81c689000 	/System/Library/Frameworks/ImageIO.framework/Versions/A/Resources/libTIFF.dylib
0x00007ff81c779000 	/System/Library/Frameworks/ImageIO.framework/Versions/A/Resources/libGIF.dylib
0x00007ff81bfa3000 	/System/Library/Frameworks/ImageIO.framework/Versions/A/Resources/libJP2.dylib
0x00007ff81b6df000 	/usr/lib/libexpat.1.dylib
0x00007ff81bf58000 	/System/Library/PrivateFrameworks/AppleJPEG.framework/Versions/A/AppleJPEG
0x00007ff8188c2000 	/System/Library/PrivateFrameworks/FontServices.framework/libFontParser.dylib
0x00007ff8163d5000 	/System/Library/PrivateFrameworks/RunningBoardServices.framework/Versions/A/RunningBoardServices
0x00007ff8270e1000 	/System/Library/PrivateFrameworks/IOSurfaceAccelerator.framework/Versions/A/IOSurfaceAccelerator
0x00007ff81c085000 	/System/Library/PrivateFrameworks/WatchdogClient.framework/Versions/A/WatchdogClient
0x00007ff811026000 	/System/Library/Frameworks/CoreDisplay.framework/Versions/A/CoreDisplay
0x00007ff8187c0000 	/System/Library/Frameworks/CoreMedia.framework/Versions/A/CoreMedia
0x00007ff818654000 	/System/Library/PrivateFrameworks/IOAccelerator.framework/Versions/A/IOAccelerator
0x00007ff817559000 	/System/Library/Frameworks/CoreVideo.framework/Versions/A/CoreVideo
0x00007ff81ad35000 	/System/Library/Frameworks/MetalPerformanceShaders.framework/Versions/A/MetalPerformanceShaders
0x00007ff81c0c2000 	/System/Library/Frameworks/VideoToolbox.framework/Versions/A/VideoToolbox
0x00007ff81631f000 	/System/Library/PrivateFrameworks/BaseBoard.framework/Versions/A/BaseBoard
0x00007ff8160a6000 	/System/Library/PrivateFrameworks/ProtocolBuffer.framework/Versions/A/ProtocolBuffer
0x00007ff81c709000 	/System/Library/PrivateFrameworks/GPUWrangler.framework/Versions/A/GPUWrangler
0x00007ff81c6ed000 	/System/Library/PrivateFrameworks/IOPresentment.framework/Versions/A/IOPresentment
0x00007ff81c713000 	/System/Library/PrivateFrameworks/DSExternalDisplay.framework/Versions/A/DSExternalDisplay
0x00007ffa28a99000 	/System/Library/Frameworks/OpenGL.framework/Versions/A/Libraries/libCoreFSCache.dylib
0x00007ffb15b6f000 	/System/Library/PrivateFrameworks/GPUCompiler.framework/Versions/31001/Libraries/libGPUCompilerUtils.dylib
0x00007ff81c77e000 	/System/Library/PrivateFrameworks/CMCaptureCore.framework/Versions/A/CMCaptureCore
0x00007ff81bc87000 	/System/Library/PrivateFrameworks/AppServerSupport.framework/Versions/A/AppServerSupport
0x00007ff81df4c000 	/System/Library/PrivateFrameworks/perfdata.framework/Versions/A/perfdata
0x00007ff811152000 	/System/Library/PrivateFrameworks/AudioToolboxCore.framework/Versions/A/AudioToolboxCore
0x00007ff81879e000 	/System/Library/PrivateFrameworks/caulk.framework/Versions/A/caulk
0x00007ff81d85e000 	/usr/lib/libAudioStatistics.dylib
0x00007ff915554000 	/System/Library/PrivateFrameworks/SystemPolicy.framework/Versions/A/SystemPolicy
0x00007ff81dab9000 	/usr/lib/libSMC.dylib
0x00007ff8269d9000 	/System/Library/Frameworks/CoreMIDI.framework/Versions/A/CoreMIDI
0x00007ff81c637000 	/usr/lib/libAudioToolboxUtility.dylib
0x00007ff91177c000 	/System/Library/PrivateFrameworks/OSAServicesClient.framework/Versions/A/OSAServicesClient
0x00007ff81df59000 	/usr/lib/libperfcheck.dylib
0x00007ff916001000 	/usr/lib/libmis.dylib
0x00007ffa28af4000 	/System/Library/Frameworks/OpenGL.framework/Versions/A/Libraries/libGLU.dylib
0x00007ffa28ab8000 	/System/Library/Frameworks/OpenGL.framework/Versions/A/Libraries/libGFXShared.dylib
0x00007ffa28cc1000 	/System/Library/Frameworks/OpenGL.framework/Versions/A/Libraries/libGL.dylib
0x00007ffa28ac1000 	/System/Library/Frameworks/OpenGL.framework/Versions/A/Libraries/libGLImage.dylib
0x00007ffa28ab5000 	/System/Library/Frameworks/OpenGL.framework/Versions/A/Libraries/libCVMSPluginSupport.dylib
0x00007ffa28aa0000 	/System/Library/Frameworks/OpenGL.framework/Versions/A/Libraries/libCoreVMClient.dylib
0x00007ff81930a000 	/System/Library/Frameworks/MetalPerformanceShaders.framework/Versions/A/Frameworks/MPSCore.framework/Versions/A/MPSCore
0x00007ff81a6cc000 	/System/Library/Frameworks/MetalPerformanceShaders.framework/Versions/A/Frameworks/MPSImage.framework/Versions/A/MPSImage
0x00007ff81a172000 	/System/Library/Frameworks/MetalPerformanceShaders.framework/Versions/A/Frameworks/MPSNeuralNetwork.framework/Versions/A/MPSNeuralNetwork
0x00007ff81a5e6000 	/System/Library/Frameworks/MetalPerformanceShaders.framework/Versions/A/Frameworks/MPSMatrix.framework/Versions/A/MPSMatrix
0x00007ff81a3a1000 	/System/Library/Frameworks/MetalPerformanceShaders.framework/Versions/A/Frameworks/MPSRayIntersector.framework/Versions/A/MPSRayIntersector
0x00007ff81a61e000 	/System/Library/Frameworks/MetalPerformanceShaders.framework/Versions/A/Frameworks/MPSNDArray.framework/Versions/A/MPSNDArray
0x00007ffa2e579000 	/System/Library/Frameworks/MetalPerformanceShaders.framework/Versions/A/Frameworks/MPSFunctions.framework/Versions/A/MPSFunctions
0x00007ff810459000 	/System/Library/PrivateFrameworks/MetalTools.framework/Versions/A/MetalTools
0x00007ff819386000 	/System/Library/PrivateFrameworks/AggregateDictionary.framework/Versions/A/AggregateDictionary
0x00007ff81b4c1000 	/usr/lib/libIOReport.dylib
0x00007ffa2a0d0000 	/System/Library/Frameworks/OpenCL.framework/Versions/A/OpenCL
0x00007ff81b825000 	/System/Library/PrivateFrameworks/FaceCore.framework/Versions/A/FaceCore
0x00007ff81b816000 	/System/Library/PrivateFrameworks/GraphVisualizer.framework/Versions/A/GraphVisualizer
0x00007ffb15a7a000 	/System/Library/PrivateFrameworks/FontServices.framework/Versions/A/FontServices
0x00007ff81bc3f000 	/System/Library/PrivateFrameworks/OTSVG.framework/Versions/A/OTSVG
0x00007ff81713f000 	/System/Library/Frameworks/ApplicationServices.framework/Versions/A/Frameworks/ATS.framework/Versions/A/Resources/libFontRegistry.dylib
0x00007ff81bc8f000 	/System/Library/PrivateFrameworks/FontServices.framework/libhvf.dylib
0x00007ffb15a7b000 	/System/Library/PrivateFrameworks/FontServices.framework/libXTFontStaticRegistryData.dylib
0x00007ff81b68f000 	/System/Library/PrivateFrameworks/AppleVA.framework/Versions/A/AppleVA
0x00007ff81d87e000 	/System/Library/Frameworks/ApplicationServices.framework/Versions/A/Frameworks/ATS.framework/Versions/A/ATS
0x00007ff8157ec000 	/System/Library/Frameworks/ApplicationServices.framework/Versions/A/Frameworks/HIServices.framework/Versions/A/HIServices
0x00007ff81c788000 	/System/Library/Frameworks/ApplicationServices.framework/Versions/A/Frameworks/PrintCore.framework/Versions/A/PrintCore
0x00007ff81dc0c000 	/System/Library/Frameworks/ApplicationServices.framework/Versions/A/Frameworks/QD.framework/Versions/A/QD
0x00007ff81dc04000 	/System/Library/Frameworks/ApplicationServices.framework/Versions/A/Frameworks/ColorSyncLegacy.framework/Versions/A/ColorSyncLegacy
0x00007ff81d86e000 	/System/Library/Frameworks/ApplicationServices.framework/Versions/A/Frameworks/SpeechSynthesis.framework/Versions/A/SpeechSynthesis
0x00007ff81c749000 	/System/Library/Frameworks/ApplicationServices.framework/Versions/A/Frameworks/ATSUI.framework/Versions/A/ATSUI
0x00007ff81db99000 	/usr/lib/libcups.2.dylib
0x00007ff81df68000 	/System/Library/Frameworks/Kerberos.framework/Versions/A/Kerberos
0x00007ff81df77000 	/System/Library/Frameworks/GSS.framework/Versions/A/GSS
0x00007ff81d8ea000 	/usr/lib/libresolv.9.dylib
0x00007ff81bc9e000 	/System/Library/PrivateFrameworks/Heimdal.framework/Versions/A/Heimdal
0x00007ff824b5c000 	/System/Library/Frameworks/Kerberos.framework/Versions/A/Libraries/libHeimdalProxy.dylib
0x00007ff8164a9000 	/System/Library/Frameworks/Network.framework/Versions/A/Network
0x00007ff81b6f9000 	/usr/lib/libheimdal-asn1.dylib
0x00007ff81dfc2000 	/System/Library/PrivateFrameworks/CommonAuth.framework/Versions/A/CommonAuth
0x00007ff81d7f0000 	/System/Library/PrivateFrameworks/AudioSession.framework/Versions/A/AudioSession
0x00007ff81b789000 	/System/Library/PrivateFrameworks/MediaExperience.framework/Versions/A/MediaExperience
0x00007ff81d682000 	/System/Library/PrivateFrameworks/AudioSession.framework/libSessionUtility.dylib
0x00007ff81dc18000 	/System/Library/PrivateFrameworks/AudioResourceArbitration.framework/Versions/A/AudioResourceArbitration
0x00007ff821c99000 	/System/Library/PrivateFrameworks/PowerLog.framework/Versions/A/PowerLog
0x00007ff81b702000 	/System/Library/PrivateFrameworks/IconFoundation.framework/Versions/A/IconFoundation
0x00007ff820a4f000 	/System/Library/PrivateFrameworks/SpeechRecognitionCore.framework/Versions/A/SpeechRecognitionCore
0x000000010bb18000 	/Library/Java/JavaVirtualMachines/jdk-12.0.2.jdk/Contents/Home/lib/server/libjvm.dylib
0x000000010ae3c000 	/Library/Java/JavaVirtualMachines/jdk-12.0.2.jdk/Contents/Home/lib/libverify.dylib
0x000000010ae6c000 	/Library/Java/JavaVirtualMachines/jdk-12.0.2.jdk/Contents/Home/lib/libjava.dylib
0x000000010ae50000 	/Library/Java/JavaVirtualMachines/jdk-12.0.2.jdk/Contents/Home/lib/libzip.dylib
0x000000010ae58000 	/Library/Java/JavaVirtualMachines/jdk-12.0.2.jdk/Contents/Home/lib/libjimage.dylib
0x000000010b905000 	/Library/Java/JavaVirtualMachines/jdk-12.0.2.jdk/Contents/Home/lib/libnio.dylib
0x000000010b926000 	/Library/Java/JavaVirtualMachines/jdk-12.0.2.jdk/Contents/Home/lib/libnet.dylib
0x000000010b913000 	/Users/izzhafeez/.openjfx/cache/11/libprism_es2.dylib
0x00007ff8125ea000 	/System/Library/PrivateFrameworks/CoreServicesInternal.framework/Versions/A/CoreServicesInternal
0x00007ffa28ccc000 	/System/Library/Frameworks/OpenGL.framework/Versions/A/Resources/GLEngine.bundle/GLEngine
0x00007ffa28b32000 	/System/Library/Frameworks/OpenGL.framework/Versions/A/Libraries/libGLProgrammability.dylib
0x00007ffa1db48000 	/System/Library/Extensions/AppleIntelKBLGraphicsGLDriver.bundle/Contents/MacOS/AppleIntelKBLGraphicsGLDriver
0x00007ff92019c000 	/System/Library/PrivateFrameworks/GPUSupport.framework/Versions/A/Libraries/libGPUSupportMercury.dylib
0x00007ffa28e56000 	/System/Library/Frameworks/OpenGL.framework/Versions/A/Resources/GLRendererFloat.bundle/GLRendererFloat
0x000000010cf8f000 	/Users/izzhafeez/.openjfx/cache/11/libglass.dylib
0x00007ff82228a000 	/System/Library/Frameworks/FileProvider.framework/Versions/A/FileProvider
0x00007ff81628c000 	/System/Library/Frameworks/Accounts.framework/Versions/A/Accounts
0x00007ff822403000 	/System/Library/PrivateFrameworks/GenerationalStorage.framework/Versions/A/GenerationalStorage
0x00007ff822f13000 	/System/Library/PrivateFrameworks/CoreSymbolication.framework/Versions/A/CoreSymbolication
0x00007ff821c8e000 	/System/Library/PrivateFrameworks/SymptomDiagnosticReporter.framework/Versions/A/SymptomDiagnosticReporter
0x00007ff8138ab000 	/System/Library/PrivateFrameworks/DesktopServicesPriv.framework/Versions/A/DesktopServicesPriv
0x00007ff812729000 	/usr/lib/libsandbox.1.dylib
0x00007ff8175d8000 	/System/Library/PrivateFrameworks/UserManagement.framework/Versions/A/UserManagement
0x00007ff822ed8000 	/System/Library/PrivateFrameworks/DebugSymbols.framework/Versions/A/DebugSymbols
0x00007ff81dbf9000 	/System/Library/PrivateFrameworks/NetAuth.framework/Versions/A/NetAuth
0x00007ff81eb08000 	/System/Library/PrivateFrameworks/Sharing.framework/Versions/A/Sharing
0x00007ff8175ab000 	/System/Library/PrivateFrameworks/login.framework/Versions/A/Frameworks/loginsupport.framework/Versions/A/loginsupport
0x00007ff824076000 	/System/Library/PrivateFrameworks/Apple80211.framework/Versions/A/Apple80211
0x00007ff81a7b1000 	/System/Library/PrivateFrameworks/AuthKit.framework/Versions/A/AuthKit
0x00007ff819e06000 	/System/Library/PrivateFrameworks/CoreUtils.framework/Versions/A/CoreUtils
0x00007ff819d2d000 	/System/Library/Frameworks/CoreWLAN.framework/Versions/A/CoreWLAN
0x00007ff81ec67000 	/System/Library/Frameworks/IOBluetooth.framework/Versions/A/IOBluetooth
0x00007ff8240de000 	/System/Library/PrivateFrameworks/CoreWiFi.framework/Versions/A/CoreWiFi
0x00007ff822aad000 	/System/Library/PrivateFrameworks/FrontBoardServices.framework/Versions/A/FrontBoardServices
0x00007ff822b3e000 	/System/Library/PrivateFrameworks/BoardServices.framework/Versions/A/BoardServices
0x00007ff81a015000 	/System/Library/PrivateFrameworks/AssertionServices.framework/Versions/A/AssertionServices
0x00007ff824261000 	/System/Library/PrivateFrameworks/BackBoardServices.framework/Versions/A/BackBoardServices
0x00007ff81e053000 	/System/Library/PrivateFrameworks/CorePhoneNumbers.framework/Versions/A/CorePhoneNumbers
0x00007ff81d917000 	/System/Library/PrivateFrameworks/MultiverseSupport.framework/Versions/A/MultiverseSupport
0x00007ff8244d5000 	/System/Library/PrivateFrameworks/RemoteServiceDiscovery.framework/Versions/A/RemoteServiceDiscovery
0x00007ff821dab000 	/System/Library/PrivateFrameworks/DiskManagement.framework/Versions/A/DiskManagement
0x00007ff821cbf000 	/System/Library/PrivateFrameworks/AppleIDAuthSupport.framework/Versions/A/AppleIDAuthSupport
0x00007ffb103f5000 	/System/Library/PrivateFrameworks/AAAFoundation.framework/Versions/A/AAAFoundation
0x00007ff81e034000 	/System/Library/PrivateFrameworks/KeychainCircle.framework/Versions/A/KeychainCircle
0x00007ff8244e5000 	/System/Library/PrivateFrameworks/RemoteXPC.framework/Versions/A/RemoteXPC
0x00007ff821d77000 	/System/Library/PrivateFrameworks/MediaKit.framework/Versions/A/MediaKit
0x00007ff821ccb000 	/System/Library/Frameworks/DiscRecording.framework/Versions/A/DiscRecording
0x00007ff81b607000 	/usr/lib/libCoreStorage.dylib
0x00007ff824550000 	/usr/lib/libcsfde.dylib
0x00007ff81ed34000 	/System/Library/PrivateFrameworks/ProtectedCloudStorage.framework/Versions/A/ProtectedCloudStorage
0x00007ff82454c000 	/System/Library/PrivateFrameworks/EFILogin.framework/Versions/A/EFILogin
0x00007ff822429000 	/System/Library/PrivateFrameworks/OctagonTrust.framework/Versions/A/OctagonTrust
0x00007ffb14cdd000 	/System/Library/PrivateFrameworks/CoreUtilsExtras.framework/Versions/A/CoreUtilsExtras
0x00007ff821bf2000 	/System/Library/Frameworks/CoreBluetooth.framework/Versions/A/CoreBluetooth
0x00007ff824be1000 	/System/Library/Frameworks/AudioUnit.framework/Versions/A/AudioUnit
0x00007ff81b5ff000 	/usr/lib/libMatch.1.dylib
0x00007ff91a625000 	/System/Library/Frameworks/Accelerate.framework/Versions/A/Frameworks/vImage.framework/Versions/A/Libraries/libCGInterfaces.dylib
0x000000012eb50000 	/usr/lib/libobjc-trampolines.dylib
0x00007ff8172d0000 	/System/Library/PrivateFrameworks/ViewBridge.framework/Versions/A/ViewBridge
0x0000000130832000 	/Users/izzhafeez/.openjfx/cache/11/libjavafx_font.dylib
0x00007ff81bd56000 	/System/Library/PrivateFrameworks/login.framework/Versions/A/login
0x0000000131e65000 	/System/Library/Frameworks/FileProvider.framework/OverrideBundles/CloudDocsFileProvider.bundle/Contents/MacOS/CloudDocsFileProvider
0x00007ff8177ef000 	/System/Library/PrivateFrameworks/CloudDocs.framework/Versions/A/CloudDocs
0x00007ff824880000 	/System/Library/PrivateFrameworks/AppleAccount.framework/Versions/A/AppleAccount
0x00007ff81ed1b000 	/System/Library/PrivateFrameworks/AppContainer.framework/Versions/A/AppContainer
0x00007ff81e7d7000 	/System/Library/PrivateFrameworks/IDS.framework/Versions/A/IDS
0x00007ff8249d8000 	/System/Library/PrivateFrameworks/AppleIDSSOAuthentication.framework/Versions/A/AppleIDSSOAuthentication
0x00007ff8175ae000 	/System/Library/PrivateFrameworks/ApplePushService.framework/Versions/A/ApplePushService
0x00007ff8245d2000 	/System/Library/PrivateFrameworks/AppSupport.framework/Versions/A/AppSupport
0x00007ff81d5e7000 	/System/Library/PrivateFrameworks/IMFoundation.framework/Versions/A/IMFoundation
0x00007ff910fc0000 	/System/Library/PrivateFrameworks/Marco.framework/Versions/A/Marco
0x00007ff81e94b000 	/System/Library/PrivateFrameworks/IDSFoundation.framework/Versions/A/IDSFoundation
0x00007ff816307000 	/System/Library/PrivateFrameworks/CommonUtilities.framework/Versions/A/CommonUtilities
0x00007ff915c11000 	/System/Library/PrivateFrameworks/FTServices.framework/Versions/A/FTServices
0x00007ff828436000 	/System/Library/PrivateFrameworks/Engram.framework/Versions/A/Engram
0x00007ff8283dd000 	/usr/lib/libtidy.A.dylib
0x00007ff81bf03000 	/System/Library/PrivateFrameworks/Bom.framework/Versions/A/Bom
0x00007ff81d927000 	/usr/lib/libParallelCompression.dylib
0x00007ff81b4ca000 	/System/Library/PrivateFrameworks/CrashReporterSupport.framework/Versions/A/CrashReporterSupport
0x00007ff91ff65000 	/System/Library/PrivateFrameworks/FTAWD.framework/Versions/A/FTAWD
0x00007ff92203d000 	/System/Library/PrivateFrameworks/OSAnalytics.framework/Versions/A/OSAnalytics
0x00007ff92d1f5000 	/System/Library/PrivateFrameworks/Symbolication.framework/Versions/A/Symbolication
0x00007ff915fde000 	/System/Library/PrivateFrameworks/MallocStackLogging.framework/Versions/A/MallocStackLogging
0x00007ff82115f000 	/System/Library/PrivateFrameworks/CoreDaemon.framework/Versions/B/CoreDaemon
0x00007ff82115a000 	/System/Library/PrivateFrameworks/AppleSRP.framework/Versions/A/AppleSRP
0x00007ff81a0bd000 	/System/Library/Frameworks/ServiceManagement.framework/Versions/A/ServiceManagement
0x00007ff81ed30000 	/System/Library/PrivateFrameworks/SecCodeWrapper.framework/Versions/A/SecCodeWrapper
0x0000000131e33000 	/System/Library/Frameworks/FileProvider.framework/OverrideBundles/FileProviderOverride.bundle/Contents/MacOS/FileProviderOverride
0x0000000131efe000 	/System/Library/Frameworks/FileProvider.framework/OverrideBundles/FinderSyncCollaborationFileProviderOverride.bundle/Contents/MacOS/FinderSyncCollaborationFileProviderOverride
0x00007ff92671e000 	/System/Library/PrivateFrameworks/FinderSyncPriv.framework/Versions/A/FinderSyncPriv
0x00007ff8175fd000 	/System/Library/Frameworks/CloudKit.framework/Versions/A/CloudKit
0x00007ff824c8d000 	/System/Library/PrivateFrameworks/C2.framework/Versions/A/C2
0x00007ff818583000 	/System/Library/Frameworks/CoreLocation.framework/Versions/A/CoreLocation
0x00007ffb121d8000 	/System/Library/PrivateFrameworks/CloudKitDistributedSync.framework/Versions/A/CloudKitDistributedSync
0x00007ff824c85000 	/System/Library/Frameworks/PushKit.framework/Versions/A/PushKit
0x00007ff822fe9000 	/System/Library/PrivateFrameworks/CoreTime.framework/Versions/A/CoreTime
0x00007ff82677e000 	/System/Library/PrivateFrameworks/RTCReporting.framework/Versions/A/RTCReporting
0x00007ff81effd000 	/System/Library/PrivateFrameworks/GeoServices.framework/Versions/A/GeoServices
0x00007ff81d65a000 	/System/Library/PrivateFrameworks/LocationSupport.framework/Versions/A/LocationSupport
0x00007ffb16269000 	/System/Library/PrivateFrameworks/GeoServicesCore.framework/Versions/A/GeoServicesCore
0x00007ff9117bc000 	/System/Library/PrivateFrameworks/PhoneNumbers.framework/Versions/A/PhoneNumbers
0x00007ff913e0b000 	/usr/lib/libFosl_dynamic.dylib
0x00007ff919dcc000 	/usr/lib/libncurses.5.4.dylib
0x00007ffa1bccc000 	/System/Library/Extensions/AppleIntelKBLGraphicsMTLDriver.bundle/Contents/MacOS/AppleIntelKBLGraphicsMTLDriver
0x00007ff91601c000 	/System/Library/PrivateFrameworks/GPURawCounter.framework/Versions/A/GPURawCounter
0x00007ffb2856b000 	/usr/lib/libRosetta.dylib
0x00007ffb10ab7000 	/System/Library/PrivateFrameworks/AccessibilityBundles.framework/Versions/A/AccessibilityBundles
0x00007ff82116b000 	/System/Library/PrivateFrameworks/SystemAdministration.framework/Versions/A/SystemAdministration
0x00007ff81c9b2000 	/System/Library/Frameworks/MediaToolbox.framework/Versions/A/MediaToolbox
0x00007ff820a1b000 	/System/Library/Frameworks/DirectoryService.framework/Versions/A/DirectoryService
0x00007ff8243ed000 	/System/Library/PrivateFrameworks/DiskImages.framework/Versions/A/DiskImages
0x00007ff8245ca000 	/System/Library/PrivateFrameworks/LoginUIKit.framework/Versions/A/Frameworks/LoginUICore.framework/Versions/A/LoginUICore
0x00007ff81beff000 	/usr/lib/libodfde.dylib
0x00007ff82225a000 	/System/Library/PrivateFrameworks/CoreAVCHD.framework/Versions/A/CoreAVCHD
0x00007ff82112f000 	/System/Library/Frameworks/MediaAccessibility.framework/Versions/A/MediaAccessibility
0x00007ff822256000 	/System/Library/PrivateFrameworks/Mangrove.framework/Versions/A/Mangrove
0x00007ff82113a000 	/System/Library/PrivateFrameworks/AlgosScoreFramework.framework/Versions/A/AlgosScoreFramework
0x00007ffb11fd1000 	/System/Library/PrivateFrameworks/CMPhoto.framework/Versions/A/CMPhoto
0x00007ff822dae000 	/System/Library/PrivateFrameworks/AppleVPA.framework/Versions/A/AppleVPA
0x00007ff821e9b000 	/System/Library/PrivateFrameworks/CoreAUC.framework/Versions/A/CoreAUC
0x00007ff82455c000 	/usr/lib/libcurl.4.dylib
0x00007ffb289d7000 	/usr/lib/libcrypto.46.dylib
0x00007ffb28ecc000 	/usr/lib/libssl.48.dylib
0x00007ff82427f000 	/System/Library/Frameworks/LDAP.framework/Versions/A/LDAP
0x00007ff8242b7000 	/System/Library/PrivateFrameworks/TrustEvaluationAgent.framework/Versions/A/TrustEvaluationAgent
0x00007ff81d903000 	/usr/lib/libsasl2.2.dylib


VM Arguments:
jvm_args: -Dfile.encoding=UTF-8 -Duser.country=GB -Duser.language=en -Duser.variant -ea 
java_command: seedu.address.Main
java_class_path (initial): /Users/izzhafeez/Documents/School/CS2103T/tp/build/classes/java/main:/Users/izzhafeez/Documents/School/CS2103T/tp/build/resources/main:/Users/izzhafeez/.gradle/caches/modules-2/files-2.1/joda-time/joda-time/2.12.2/78e18a7b4180e911dafba0a412adfa82c1e3d14b/joda-time-2.12.2.jar:/Users/izzhafeez/.gradle/caches/modules-2/files-2.1/org.openjfx/javafx-fxml/11/d5ff9262ef49d166db658d15f37e3ecff38fde4b/javafx-fxml-11-win.jar:/Users/izzhafeez/.gradle/caches/modules-2/files-2.1/org.openjfx/javafx-fxml/11/e0f5bb81e21054b59f2ebfa727d40a90ee0260d3/javafx-fxml-11-mac.jar:/Users/izzhafeez/.gradle/caches/modules-2/files-2.1/org.openjfx/javafx-fxml/11/e7a757b580fc3e2e1a121768606c7836eef418c/javafx-fxml-11-linux.jar:/Users/izzhafeez/.gradle/caches/modules-2/files-2.1/org.openjfx/javafx-controls/11/af8d24de44e16a19ae959028eb23a48c145fb682/javafx-controls-11-win.jar:/Users/izzhafeez/.gradle/caches/modules-2/files-2.1/org.openjfx/javafx-controls/11/e3a24a14e8732abc6dc173f15872dc63e2a32e16/javafx-controls-11-mac.jar:/Users/izzhafeez/.gradle/caches/modules-2/files-2.1/org.openjfx/javafx-controls/11/794488e3b1f4635d9a1b842bdc872a5eb8fd54ca/javafx-controls-11-linux.jar:/Users/izzhafeez/.gradle/caches/modules-2/files-2.1/org.openjfx/javafx-controls/11/58d961774262ec972bf304e16c154a8e18c2050b/javafx-controls-11.jar:/Users/izzhafeez/.gradle/caches/modules-2/files-2.1/org.openjfx/javafx-graphics/11/9345c7ea43dbcc73a62eca5332717b4ce617e6c6/javafx-graphics-11-win.jar:/Users/izzhafeez/.gradle/caches/modules-2/files-2.1/org.openjfx/javafx-graphics/11/af47a6d3668d3ce1c61e1fe13c44471b6f8d469/javafx-graphics-11-mac.jar:/Users/izzhafeez/.gradle/caches/modules-2/files-2.1/org.openjfx/javafx-graphics/11/4ab9edd8d481a420044c473fdb5718ccdd35c836/javafx-graphics-11-linux.jar:/Users/izzhafeez/.gradle/caches/modules-2/files-2.1/org.openjfx/javafx-graphics/11/a736dd079047ec0b72b8c4970842a5c5e0c19f2f/javafx-graphics-11.jar:/Users/izzhafeez/.gradle/caches/modules-2/files-2.1/org.openjf
Launcher Type: SUN_STANDARD

[Global flags]
     intx CICompilerCount                          = 3                                         {product} {ergonomic}
     uint ConcGCThreads                            = 1                                         {product} {ergonomic}
     uint G1ConcRefinementThreads                  = 4                                         {product} {ergonomic}
   size_t G1HeapRegionSize                         = 1048576                                   {product} {ergonomic}
    uintx GCDrainStackTargetSize                   = 64                                        {product} {ergonomic}
   size_t InitialHeapSize                          = 134217728                                 {product} {ergonomic}
   size_t MarkStackSize                            = 4194304                                   {product} {ergonomic}
   size_t MaxHeapSize                              = 2147483648                                {product} {ergonomic}
   size_t MaxNewSize                               = 1287651328                                {product} {ergonomic}
   size_t MinHeapDeltaBytes                        = 1048576                                   {product} {ergonomic}
    uintx NonNMethodCodeHeapSize                   = 5830732                                {pd product} {ergonomic}
    uintx NonProfiledCodeHeapSize                  = 122913754                              {pd product} {ergonomic}
    uintx ProfiledCodeHeapSize                     = 122913754                              {pd product} {ergonomic}
    uintx ReservedCodeCacheSize                    = 251658240                              {pd product} {ergonomic}
     bool SegmentedCodeCache                       = true                                      {product} {ergonomic}
     bool UseCompressedClassPointers               = true                                 {lp64_product} {ergonomic}
     bool UseCompressedOops                        = true                                 {lp64_product} {ergonomic}
     bool UseG1GC                                  = true                                      {product} {ergonomic}

Logging:
Log output configuration:
 #0: stdout all=warning uptime,level,tags
 #1: stderr all=off uptime,level,tags

Environment Variables:
PATH=/Users/izzhafeez/.cargo/bin:/Users/izzhafeez/opt/anaconda3/bin:/Users/izzhafeez/opt/anaconda3/condabin:/Library/Frameworks/Python.framework/Versions/3.8/bin:/anaconda3/bin:/Library/Frameworks/Python.framework/Versions/3.7/bin:/usr/local/bin:/usr/bin:/bin:/usr/sbin:/sbin:/Library/PostgreSQL/14/bin:/Library/TeX/texbin:/Library/Apple/usr/bin
SHELL=/bin/bash

Signal Handlers:
SIGSEGV: [libjvm.dylib+0x735418], sa_mask[0]=11111111011111110111111111111111, sa_flags=SA_ONSTACK|SA_RESTART|SA_SIGINFO
SIGBUS: [libjvm.dylib+0x735418], sa_mask[0]=11111111011111110111111111111111, sa_flags=SA_RESTART|SA_SIGINFO
SIGFPE: [libjvm.dylib+0x735418], sa_mask[0]=11111111011111110111111111111111, sa_flags=SA_RESTART|SA_SIGINFO
SIGPIPE: [libjvm.dylib+0x5dce9e], sa_mask[0]=11111111011111110111111111111111, sa_flags=SA_RESTART|SA_SIGINFO
SIGXFSZ: [libjvm.dylib+0x5dce9e], sa_mask[0]=11111111011111110111111111111111, sa_flags=SA_RESTART|SA_SIGINFO
SIGILL: [libjvm.dylib+0x735418], sa_mask[0]=11111111011111110111111111111111, sa_flags=SA_RESTART|SA_SIGINFO
SIGUSR2: [libjvm.dylib+0x5dd483], sa_mask[0]=00100000000000000000000000000000, sa_flags=SA_RESTART|SA_SIGINFO
SIGHUP: [libjvm.dylib+0x5dc143], sa_mask[0]=11111111011111110111111111111111, sa_flags=SA_RESTART|SA_SIGINFO
SIGINT: [libjvm.dylib+0x5dc143], sa_mask[0]=11111111011111110111111111111111, sa_flags=SA_RESTART|SA_SIGINFO
SIGTERM: [libjvm.dylib+0x5dc143], sa_mask[0]=11111111011111110111111111111111, sa_flags=SA_RESTART|SA_SIGINFO
SIGQUIT: [libjvm.dylib+0x5dc143], sa_mask[0]=11111111011111110111111111111111, sa_flags=SA_RESTART|SA_SIGINFO


---------------  S Y S T E M  ---------------

OS:uname:Darwin 21.6.0 Darwin Kernel Version 21.6.0: Mon Dec 19 20:44:01 PST 2022; root:xnu-8020.240.18~2/RELEASE_X86_64 x86_64
rlimit: STACK 8192k, CORE 0k, NPROC 1392, NOFILE 10240, AS infinity, DATA infinity, FSIZE infinity
load average:5.92 6.61 8.54

CPU:total 4 (initial active 4) (2 cores per cpu, 2 threads per core) family 6 model 142 stepping 9, cmov, cx8, fxsr, mmx, sse, sse2, sse3, ssse3, sse4.1, sse4.2, popcnt, avx, avx2, aes, clmul, erms, 3dnowpref, lzcnt, ht, tsc, tscinvbit, bmi1, bmi2, adx, fma

Memory: 4k page, physical 8388608k(40860k free)

vm_info: Java HotSpot(TM) 64-Bit Server VM (12.0.2+10) for bsd-amd64 JRE (12.0.2+10), built on Jul 16 2019 00:56:38 by "mach5one" with gcc 4.2.1 Compatible Apple LLVM 9.1.0 (clang-902.0.39.2)

END.
