#
# There is insufficient memory for the Java Runtime Environment to continue.
# Native memory allocation (mmap) failed to map 266338304 bytes for Failed to commit area from 0x0000000703200000 to 0x0000000713000000 of length 266338304.
# Possible reasons:
#   The system is out of physical RAM or swap space
#   The process is running with CompressedOops enabled, and the Java Heap may be blocking the growth of the native heap
# Possible solutions:
#   Reduce memory load on the system
#   Increase physical memory or swap space
#   Check if swap backing store is full
#   Decrease Java heap size (-Xmx/-Xms)
#   Decrease number of Java threads
#   Decrease Java thread stack sizes (-Xss)
#   Set larger code cache with -XX:ReservedCodeCacheSize=
# This output file may be truncated or incomplete.
#
#  Out of Memory Error (./open/src/hotspot/os/windows/os_windows.cpp:3283), pid=38572, tid=26524
#
# JRE version:  (11.0.17+10) (build )
# Java VM: Java HotSpot(TM) 64-Bit Server VM (11.0.17+10-LTS-269, mixed mode, sharing, tiered, compressed oops, g1 gc, windows-amd64)
# No core dump will be written. Minidumps are not enabled by default on client versions of Windows
#

---------------  S U M M A R Y ------------

Command Line: -Dfile.encoding=UTF-8 -Duser.country=US -Duser.language=en -Duser.variant seedu.dengue.Main

Host: 11th Gen Intel(R) Core(TM) i7-1165G7 @ 2.80GHz, 8 cores, 15G,  Windows 10 , 64 bit Build 19041 (10.0.19041.2546)
Time: Thu Mar 30 03:15:17 2023 Malay Peninsula Standard Time elapsed time: 0.009618 seconds (0d 0h 0m 0s)

---------------  T H R E A D  ---------------

Current thread (0x000002b33c17b800):  JavaThread "Unknown thread" [_thread_in_vm, id=26524, stack(0x000000e686900000,0x000000e686a00000)]

Stack: [0x000000e686900000,0x000000e686a00000]
Native frames: (J=compiled Java code, j=interpreted, Vv=VM code, C=native code)
V  [jvm.dll+0x62b5da]
V  [jvm.dll+0x7653df]
V  [jvm.dll+0x766a89]
V  [jvm.dll+0x767113]
V  [jvm.dll+0x23dd28]
V  [jvm.dll+0x62896a]
V  [jvm.dll+0x61d625]
V  [jvm.dll+0x2f2d3c]
V  [jvm.dll+0x2f2bc2]
V  [jvm.dll+0x2f78e6]
V  [jvm.dll+0x33a2df]
V  [jvm.dll+0x339d10]
V  [jvm.dll+0x2d0368]
V  [jvm.dll+0x2d14d6]
V  [jvm.dll+0x73f9a7]
V  [jvm.dll+0x74123f]
V  [jvm.dll+0x347039]
V  [jvm.dll+0x725280]
V  [jvm.dll+0x3b5c1f]
V  [jvm.dll+0x3b7d31]
C  [jli.dll+0x5207]
C  [ucrtbase.dll+0x21bb2]
C  [KERNEL32.DLL+0x17614]
C  [ntdll.dll+0x526a1]


---------------  P R O C E S S  ---------------

Threads class SMR info:
_java_thread_list=0x000002b33bf656b0, length=0, elements={
}

Java Threads: ( => current thread )

Other Threads:
  0x000002b33c191800 GCTaskThread "GC Thread#0" [stack: 0x000000e686a00000,0x000000e686b00000] [id=17660]
  0x000002b33c1ec800 ConcurrentGCThread "G1 Main Marker" [stack: 0x000000e686b00000,0x000000e686c00000] [id=38364]
  0x000002b33c1ed800 ConcurrentGCThread "G1 Conc#0" [stack: 0x000000e686c00000,0x000000e686d00000] [id=39444]

[error occurred during error reporting (printing all threads), id 0xc0000005, EXCEPTION_ACCESS_VIOLATION (0xc0000005) at pc=0x00007fffbe19f5f7]

VM state:not at safepoint (not fully initialized)

VM Mutex/Monitor currently owned by a thread:  ([mutex/lock_event])
[0x000002b33c177c80] Heap_lock - owner thread: 0x000002b33c17b800

Heap address: 0x0000000703200000, size: 4046 MB, Compressed Oops mode: Non-zero based: 0x0000000703200000
Narrow klass base: 0x0000000000000000, Narrow klass shift: 0

GC Heap History (0 events):
No events

Deoptimization events (0 events):
No events

Classes redefined (0 events):
No events

Internal exceptions (0 events):
No events

Events (0 events):
No events


Dynamic libraries:
0x00007ff6d2530000 - 0x00007ff6d253f000 	C:\Program Files\Java\jdk-11.0.17\bin\java.exe
0x00007ff8997b0000 - 0x00007ff8999a8000 	C:\Windows\SYSTEM32\ntdll.dll
0x00007ff898c00000 - 0x00007ff898cbf000 	C:\Windows\System32\KERNEL32.DLL
0x00007ff897320000 - 0x00007ff8975f2000 	C:\Windows\System32\KERNELBASE.dll
0x00007ff897220000 - 0x00007ff897320000 	C:\Windows\System32\ucrtbase.dll
0x00007ff88ef10000 - 0x00007ff88ef25000 	C:\Program Files\Java\jdk-11.0.17\bin\VCRUNTIME140.dll
0x00007ff891e10000 - 0x00007ff891e28000 	C:\Program Files\Java\jdk-11.0.17\bin\jli.dll
0x00007ff8977d0000 - 0x00007ff89787e000 	C:\Windows\System32\ADVAPI32.dll
0x00007ff899130000 - 0x00007ff8991ce000 	C:\Windows\System32\msvcrt.dll
0x00007ff8984d0000 - 0x00007ff89856c000 	C:\Windows\System32\sechost.dll
0x00007ff898ad0000 - 0x00007ff898bf4000 	C:\Windows\System32\RPCRT4.dll
0x00007ff898920000 - 0x00007ff898ac1000 	C:\Windows\System32\USER32.dll
0x00007ff896eb0000 - 0x00007ff896ed2000 	C:\Windows\System32\win32u.dll
0x00007ff898870000 - 0x00007ff89889b000 	C:\Windows\System32\GDI32.dll
0x00007ff87dd70000 - 0x00007ff87e00a000 	C:\Windows\WinSxS\amd64_microsoft.windows.common-controls_6595b64144ccf1df_6.0.19041.1110_none_60b5254171f9507e\COMCTL32.dll
0x00007ff897650000 - 0x00007ff89775f000 	C:\Windows\System32\gdi32full.dll
0x00007ff897180000 - 0x00007ff89721d000 	C:\Windows\System32\msvcp_win.dll
0x00007ff8883b0000 - 0x00007ff8883ba000 	C:\Windows\SYSTEM32\VERSION.dll
0x00007ff898840000 - 0x00007ff898870000 	C:\Windows\System32\IMM32.DLL
0x00007ff84aac0000 - 0x00007ff84ab5b000 	C:\Program Files\Java\jdk-11.0.17\bin\msvcp140.dll
0x00007fffbdec0000 - 0x00007fffbe9da000 	C:\Program Files\Java\jdk-11.0.17\bin\server\jvm.dll
0x00007ff898040000 - 0x00007ff898048000 	C:\Windows\System32\PSAPI.DLL
0x00007ff877980000 - 0x00007ff8779a7000 	C:\Windows\SYSTEM32\WINMM.dll
0x00007ff873bb0000 - 0x00007ff873bb9000 	C:\Windows\SYSTEM32\WSOCK32.dll
0x00007ff897fd0000 - 0x00007ff89803b000 	C:\Windows\System32\WS2_32.dll
0x00007ff895690000 - 0x00007ff8956a2000 	C:\Windows\SYSTEM32\kernel.appcore.dll
0x00007ff894420000 - 0x00007ff894430000 	C:\Program Files\Java\jdk-11.0.17\bin\verify.dll
0x00007ff894c20000 - 0x00007ff894e04000 	C:\Windows\SYSTEM32\DBGHELP.DLL
0x00007ff8777f0000 - 0x00007ff877825000 	C:\Windows\SYSTEM32\dbgcore.DLL
0x00007ff897040000 - 0x00007ff8970c2000 	C:\Windows\System32\bcryptPrimitives.dll
0x00007ff88e600000 - 0x00007ff88e628000 	C:\Program Files\Java\jdk-11.0.17\bin\java.dll
0x00007ff894350000 - 0x00007ff89435a000 	C:\Program Files\Java\jdk-11.0.17\bin\jimage.dll
0x00007ff88e680000 - 0x00007ff88e696000 	C:\Program Files\Java\jdk-11.0.17\bin\zip.dll

dbghelp: loaded successfully - version: 4.0.5 - missing functions: none
symbol engine: initialized successfully - sym options: 0x614 - pdb path: .;C:\Program Files\Java\jdk-11.0.17\bin;C:\Windows\SYSTEM32;C:\Windows\WinSxS\amd64_microsoft.windows.common-controls_6595b64144ccf1df_6.0.19041.1110_none_60b5254171f9507e;C:\Program Files\Java\jdk-11.0.17\bin\server

VM Arguments:
jvm_args: -Dfile.encoding=UTF-8 -Duser.country=US -Duser.language=en -Duser.variant 
java_command: seedu.dengue.Main
java_class_path (initial): C:\Users\hungy\Desktop\tp\build\classes\java\main;C:\Users\hungy\Desktop\tp\build\resources\main;C:\Users\hungy\caches\modules-2\files-2.1\org.openjfx\javafx-fxml\11\d5ff9262ef49d166db658d15f37e3ecff38fde4b\javafx-fxml-11-win.jar;C:\Users\hungy\caches\modules-2\files-2.1\org.openjfx\javafx-fxml\11\e0f5bb81e21054b59f2ebfa727d40a90ee0260d3\javafx-fxml-11-mac.jar;C:\Users\hungy\caches\modules-2\files-2.1\org.openjfx\javafx-fxml\11\e7a757b580fc3e2e1a121768606c7836eef418c\javafx-fxml-11-linux.jar;C:\Users\hungy\caches\modules-2\files-2.1\org.openjfx\javafx-controls\11\af8d24de44e16a19ae959028eb23a48c145fb682\javafx-controls-11-win.jar;C:\Users\hungy\caches\modules-2\files-2.1\org.openjfx\javafx-controls\11\e3a24a14e8732abc6dc173f15872dc63e2a32e16\javafx-controls-11-mac.jar;C:\Users\hungy\caches\modules-2\files-2.1\org.openjfx\javafx-controls\11\794488e3b1f4635d9a1b842bdc872a5eb8fd54ca\javafx-controls-11-linux.jar;C:\Users\hungy\caches\modules-2\files-2.1\org.openjfx\javafx-controls\11\58d961774262ec972bf304e16c154a8e18c2050b\javafx-controls-11.jar;C:\Users\hungy\caches\modules-2\files-2.1\org.openjfx\javafx-graphics\11\9345c7ea43dbcc73a62eca5332717b4ce617e6c6\javafx-graphics-11-win.jar;C:\Users\hungy\caches\modules-2\files-2.1\org.openjfx\javafx-graphics\11\af47a6d3668d3ce1c61e1fe13c44471b6f8d469\javafx-graphics-11-mac.jar;C:\Users\hungy\caches\modules-2\files-2.1\org.openjfx\javafx-graphics\11\4ab9edd8d481a420044c473fdb5718ccdd35c836\javafx-graphics-11-linux.jar;C:\Users\hungy\caches\modules-2\files-2.1\org.openjfx\javafx-graphics\11\a736dd079047ec0b72b8c4970842a5c5e0c19f2f\javafx-graphics-11.jar;C:\Users\hungy\caches\modules-2\files-2.1\org.openjfx\javafx-base\11\ad3a4acfaa28b484d30c40c1f009445cc3f6e68b\javafx-base-11-win.jar;C:\Users\hungy\caches\modules-2\files-2.1\org.openjfx\javafx-base\11\4b060dad0affd866df9d959e064faa8a1a2f4af0\javafx-base-11-mac.jar;C:\Users\hungy\caches\modules-2\files-2.1\org.openjfx\javafx-base\11\f8d1ced6047b010f
Launcher Type: SUN_STANDARD

[Global flags]
     intx CICompilerCount                          = 4                                         {product} {ergonomic}
     uint ConcGCThreads                            = 2                                         {product} {ergonomic}
     uint G1ConcRefinementThreads                  = 8                                         {product} {ergonomic}
   size_t G1HeapRegionSize                         = 1048576                                   {product} {ergonomic}
    uintx GCDrainStackTargetSize                   = 64                                        {product} {ergonomic}
   size_t InitialHeapSize                          = 266338304                                 {product} {ergonomic}
   size_t MarkStackSize                            = 4194304                                   {product} {ergonomic}
   size_t MaxHeapSize                              = 4242538496                                {product} {ergonomic}
   size_t MinHeapDeltaBytes                        = 1048576                                   {product} {ergonomic}
    uintx NonNMethodCodeHeapSize                   = 5836300                                {pd product} {ergonomic}
    uintx NonProfiledCodeHeapSize                  = 122910970                              {pd product} {ergonomic}
    uintx ProfiledCodeHeapSize                     = 122910970                              {pd product} {ergonomic}
    uintx ReservedCodeCacheSize                    = 251658240                              {pd product} {ergonomic}
     bool SegmentedCodeCache                       = true                                      {product} {ergonomic}
     bool UseCompressedClassPointers               = true                                 {lp64_product} {ergonomic}
     bool UseCompressedOops                        = true                                 {lp64_product} {ergonomic}
     bool UseG1GC                                  = true                                      {product} {ergonomic}
     bool UseLargePagesIndividualAllocation        = false                                  {pd product} {ergonomic}

Logging:
Log output configuration:
 #0: stdout all=warning uptime,level,tags
 #1: stderr all=off uptime,level,tags

Environment Variables:
PATH=C:\Program Files\Common Files\Oracle\Java\javapath;C:\ProgramData\Oracle\Java\javapath;C:\Windows\system32;C:\Windows;C:\Windows\System32\Wbem;C:\Windows\System32\WindowsPowerShell\v1.0\;C:\Windows\System32\OpenSSH\;C:\Program Files\MATLAB\R2021a\runtime\win64;C:\Program Files\MATLAB\R2021a\bin;c:\WINDOWS\System32\WBem;C:\Program Files (x86)\Pulse Secure\VC142.CRT\X64\;C:\Program Files (x86)\Pulse Secure\VC142.CRT\X86\;C:\Program Files (x86)\Common Files\Pulse Secure\TNC Client Plugin\;C:\Program Files\Git\cmd;C:\Program Files\GitHub CLI\;C:\Program Files\MySQL\MySQL Shell 8.0\bin\;C:\Users\hungy\AppData\Local\Programs\Python\Python39\Scripts\;C:\Users\hungy\AppData\Local\Programs\Python\Python39\;C:\Users\hungy\AppData\Local\Programs\Python\Python310\Scripts\;C:\Users\hungy\AppData\Local\Programs\Python\Python310\;C:\Users\hungy\AppData\Local\Microsoft\WindowsApps;C:\Users\hungy\AppData\Local\Programs\Microsoft VS Code\bin;C:\Users\hungy\AppData\Local\Programs\MiKTeX\miktex\bin\x64\
USERNAME=hungy
OS=Windows_NT
PROCESSOR_IDENTIFIER=Intel64 Family 6 Model 140 Stepping 1, GenuineIntel



---------------  S Y S T E M  ---------------

OS: Windows 10 , 64 bit Build 19041 (10.0.19041.2546)
Hyper-V role detected

CPU:total 8 (initial active 8) (4 cores per cpu, 2 threads per core) family 6 model 140 stepping 1 microcode 0x78, cmov, cx8, fxsr, mmx, sse, sse2, sse3, ssse3, sse4.1, sse4.2, popcnt, avx, avx2, aes, clmul, erms, 3dnowpref, lzcnt, ht, tsc, tscinvbit, bmi1, bmi2, adx, evex, sha, fma

Memory: 4k page, system-wide physical 16179M (807M free)
TotalPageFile size 65331M (AvailPageFile size 164M)
current process WorkingSet (physical memory assigned to process): 10M, peak: 10M
current process commit charge ("private bytes"): 60M, peak: 314M

vm_info: Java HotSpot(TM) 64-Bit Server VM (11.0.17+10-LTS-269) for windows-amd64 JRE (11.0.17+10-LTS-269), built on Sep 13 2022 19:26:37 by "mach5one" with MS VC++ 15.9 (VS2017)

END.
