#
# There is insufficient memory for the Java Runtime Environment to continue.
# Native memory allocation (malloc) failed to allocate 1295536 bytes for Chunk::new
# Possible reasons:
#   The system is out of physical RAM or swap space
#   The process is running with CompressedOops enabled, and the Java Heap may be blocking the growth of the native heap
# Possible solutions:
#   Reduce memory load on the system
#   Increase physical memory or swap space
#   Check if swap backing store is full
#   Decrease Java heap size (-Xmx/-Xms)
#   Decrease number of Java threads
#   Decrease Java thread stack sizes (-Xss)
#   Set larger code cache with -XX:ReservedCodeCacheSize=
#   JVM is running with Unscaled Compressed Oops mode in which the Java heap is
#     placed in the first 4GB address space. The Java Heap base address is the
#     maximum limit for the native heap growth. Please use -XX:HeapBaseMinAddress
#     to set the Java Heap base and to place the Java Heap above 4GB virtual address.
# This output file may be truncated or incomplete.
#
#  Out of Memory Error (./src/hotspot/share/memory/arena.cpp:197), pid=24424, tid=58680
#
# JRE version: OpenJDK Runtime Environment Temurin-11.0.17+8 (11.0.17+8) (build 11.0.17+8)
# Java VM: OpenJDK 64-Bit Server VM Temurin-11.0.17+8 (11.0.17+8, mixed mode, tiered, compressed oops, g1 gc, windows-amd64)
# No core dump will be written. Minidumps are not enabled by default on client versions of Windows
#

---------------  S U M M A R Y ------------

Command Line: -XX:MaxMetaspaceSize=512m -XX:+HeapDumpOnOutOfMemoryError --add-opens=java.base/java.util=ALL-UNNAMED --add-opens=java.base/java.lang=ALL-UNNAMED --add-opens=java.base/java.lang.invoke=ALL-UNNAMED --add-opens=java.base/java.util=ALL-UNNAMED --add-opens=java.prefs/java.util.prefs=ALL-UNNAMED --add-opens=java.prefs/java.util.prefs=ALL-UNNAMED --add-opens=java.base/java.nio.charset=ALL-UNNAMED --add-opens=java.base/java.net=ALL-UNNAMED --add-opens=java.base/java.util.concurrent.atomic=ALL-UNNAMED -Xmx1024m -Dfile.encoding=utf-8 -Duser.country=US -Duser.language=en -Duser.variant org.gradle.launcher.daemon.bootstrap.GradleDaemon 7.4.2

Host: AMD Ryzen 7 5700U with Radeon Graphics         , 16 cores, 15G,  Windows 11 , 64 bit Build 22621 (10.0.22621.1344)
Time: Fri Apr  7 08:28:47 2023 Malay Peninsula Standard Time elapsed time: 3.611965 seconds (0d 0h 0m 3s)

---------------  T H R E A D  ---------------

Current thread (0x000002797b0fd800):  JavaThread "C2 CompilerThread0" daemon [_thread_in_native, id=58680, stack(0x000000ece9a00000,0x000000ece9b00000)]


Current CompileTask:
C2:   3612 2192       4       java.net.URLClassLoader$1::run (5 bytes)

Stack: [0x000000ece9a00000,0x000000ece9b00000]
Native frames: (J=compiled Java code, j=interpreted, Vv=VM code, C=native code)
V  [jvm.dll+0x61f5ba]
V  [jvm.dll+0x7abf79]
V  [jvm.dll+0x7ad668]
V  [jvm.dll+0x7add43]
V  [jvm.dll+0x24fd88]
V  [jvm.dll+0xc262c]
V  [jvm.dll+0xc2bec]
V  [jvm.dll+0x359f42]
V  [jvm.dll+0x19e8a9]
V  [jvm.dll+0x209135]
V  [jvm.dll+0x20815d]
V  [jvm.dll+0x18a3b1]
V  [jvm.dll+0x217a34]
V  [jvm.dll+0x215c7b]
V  [jvm.dll+0x76ea70]
V  [jvm.dll+0x7679a4]
V  [jvm.dll+0x61e425]
C  [ucrtbase.dll+0x29363]
C  [KERNEL32.DLL+0x126bd]
C  [ntdll.dll+0x5a9f8]


---------------  P R O C E S S  ---------------

Threads class SMR info:
_java_thread_list=0x000002797d2bb830, length=27, elements={
0x000002796a309800, 0x000002797a871000, 0x000002797a87a800, 0x000002797b0f4000,
0x000002797b0f5000, 0x000002797b0fa800, 0x000002797b0fd800, 0x000002797b0fe800,
0x000002797b101000, 0x000002797b276000, 0x000002797b27d800, 0x000002797c40c800,
0x000002797b61e800, 0x000002797cd3c000, 0x000002797d470800, 0x000002797c5c1800,
0x000002797cc35000, 0x000002797cfe4800, 0x000002797d370800, 0x000002797d7ac000,
0x000002797d36d800, 0x000002797d398000, 0x000002797d7ae800, 0x000002797d364000,
0x000002797d365000, 0x000002797d365800, 0x000002797d89e000
}

Java Threads: ( => current thread )
  0x000002796a309800 JavaThread "main" [_thread_blocked, id=34104, stack(0x000000ece8e00000,0x000000ece8f00000)]
  0x000002797a871000 JavaThread "Reference Handler" daemon [_thread_blocked, id=28304, stack(0x000000ece9500000,0x000000ece9600000)]
  0x000002797a87a800 JavaThread "Finalizer" daemon [_thread_blocked, id=60404, stack(0x000000ece9600000,0x000000ece9700000)]
  0x000002797b0f4000 JavaThread "Signal Dispatcher" daemon [_thread_blocked, id=68824, stack(0x000000ece9700000,0x000000ece9800000)]
  0x000002797b0f5000 JavaThread "Attach Listener" daemon [_thread_blocked, id=62488, stack(0x000000ece9800000,0x000000ece9900000)]
  0x000002797b0fa800 JavaThread "Service Thread" daemon [_thread_blocked, id=64628, stack(0x000000ece9900000,0x000000ece9a00000)]
=>0x000002797b0fd800 JavaThread "C2 CompilerThread0" daemon [_thread_in_native, id=58680, stack(0x000000ece9a00000,0x000000ece9b00000)]
  0x000002797b0fe800 JavaThread "C1 CompilerThread0" daemon [_thread_blocked, id=46312, stack(0x000000ece9b00000,0x000000ece9c00000)]
  0x000002797b101000 JavaThread "Sweeper thread" daemon [_thread_blocked, id=4972, stack(0x000000ece9c00000,0x000000ece9d00000)]
  0x000002797b276000 JavaThread "Common-Cleaner" daemon [_thread_blocked, id=47788, stack(0x000000ece9d00000,0x000000ece9e00000)]
  0x000002797b27d800 JavaThread "C1 CompilerThread1" daemon [_thread_blocked, id=68044, stack(0x000000ece9e00000,0x000000ece9f00000)]
  0x000002797c40c800 JavaThread "C1 CompilerThread2" daemon [_thread_blocked, id=56492, stack(0x000000ecea200000,0x000000ecea300000)]
  0x000002797b61e800 JavaThread "C1 CompilerThread3" daemon [_thread_blocked, id=51512, stack(0x000000ecea300000,0x000000ecea400000)]
  0x000002797cd3c000 JavaThread "Daemon health stats" [_thread_blocked, id=27592, stack(0x000000ecea800000,0x000000ecea900000)]
  0x000002797d470800 JavaThread "Incoming local TCP Connector on port 55947" [_thread_in_native, id=8512, stack(0x000000ecea000000,0x000000ecea100000)]
  0x000002797c5c1800 JavaThread "Daemon periodic checks" [_thread_blocked, id=41868, stack(0x000000ecea100000,0x000000ecea200000)]
  0x000002797cc35000 JavaThread "Daemon" [_thread_blocked, id=37944, stack(0x000000ecea900000,0x000000eceaa00000)]
  0x000002797cfe4800 JavaThread "Handler for socket connection from /127.0.0.1:55947 to /127.0.0.1:55948" [_thread_in_native, id=58700, stack(0x000000eceaa00000,0x000000eceab00000)]
  0x000002797d370800 JavaThread "Cancel handler" [_thread_blocked, id=30644, stack(0x000000eceab00000,0x000000eceac00000)]
  0x000002797d7ac000 JavaThread "Daemon worker" [_thread_in_Java, id=31968, stack(0x000000eceac00000,0x000000ecead00000)]
  0x000002797d36d800 JavaThread "Asynchronous log dispatcher for DefaultDaemonConnection: socket connection from /127.0.0.1:55947 to /127.0.0.1:55948" [_thread_blocked, id=59636, stack(0x000000ecead00000,0x000000eceae00000)]
  0x000002797d398000 JavaThread "Stdin handler" [_thread_blocked, id=43012, stack(0x000000eceae00000,0x000000eceaf00000)]
  0x000002797d7ae800 JavaThread "Daemon client event forwarder" [_thread_blocked, id=13320, stack(0x000000eceaf00000,0x000000eceb000000)]
  0x000002797d364000 JavaThread "Cache worker for journal cache (C:\Users\ASUS\.gradle\caches\journal-1)" [_thread_blocked, id=53812, stack(0x000000eceb000000,0x000000eceb100000)]
  0x000002797d365000 JavaThread "File lock request listener" [_thread_in_native, id=40648, stack(0x000000eceb100000,0x000000eceb200000)]
  0x000002797d365800 JavaThread "Cache worker for file hash cache (C:\Users\ASUS\.gradle\caches\7.4.2\fileHashes)" [_thread_blocked, id=49428, stack(0x000000eceb200000,0x000000eceb300000)]
  0x000002797d89e000 JavaThread "C2 CompilerThread1" daemon [_thread_blocked, id=22920, stack(0x000000ecebd00000,0x000000ecebe00000)]

Other Threads:
  0x000002797a86b000 VMThread "VM Thread" [stack: 0x000000ece9400000,0x000000ece9500000] [id=52332]
  0x000002797b2cc000 WatcherThread [stack: 0x000000ece9f00000,0x000000ecea000000] [id=22152]
  0x000002796a323000 GCTaskThread "GC Thread#0" [stack: 0x000000ece8f00000,0x000000ece9000000] [id=52544]
  0x000002797c176000 GCTaskThread "GC Thread#1" [stack: 0x000000ecea400000,0x000000ecea500000] [id=53480]
  0x000002797c233000 GCTaskThread "GC Thread#2" [stack: 0x000000ecea500000,0x000000ecea600000] [id=1852]
  0x000002797bd65000 GCTaskThread "GC Thread#3" [stack: 0x000000ecea600000,0x000000ecea700000] [id=27380]
  0x000002797bd66000 GCTaskThread "GC Thread#4" [stack: 0x000000ecea700000,0x000000ecea800000] [id=54804]
  0x000002797d529800 GCTaskThread "GC Thread#5" [stack: 0x000000eceb300000,0x000000eceb400000] [id=18964]
  0x000002797da7d800 GCTaskThread "GC Thread#6" [stack: 0x000000eceb400000,0x000000eceb500000] [id=17760]
  0x000002797d262800 GCTaskThread "GC Thread#7" [stack: 0x000000eceb500000,0x000000eceb600000] [id=63160]
  0x000002797d23a800 GCTaskThread "GC Thread#8" [stack: 0x000000eceb600000,0x000000eceb700000] [id=45112]
  0x000002797cc71800 GCTaskThread "GC Thread#9" [stack: 0x000000eceb700000,0x000000eceb800000] [id=44516]
  0x000002797cc72000 GCTaskThread "GC Thread#10" [stack: 0x000000eceb800000,0x000000eceb900000] [id=6488]
  0x000002797d88b000 GCTaskThread "GC Thread#11" [stack: 0x000000eceb900000,0x000000eceba00000] [id=50900]
  0x000002797d88b800 GCTaskThread "GC Thread#12" [stack: 0x000000eceba00000,0x000000ecebb00000] [id=65092]
  0x000002796a342800 ConcurrentGCThread "G1 Main Marker" [stack: 0x000000ece9000000,0x000000ece9100000] [id=39292]
  0x000002796a343800 ConcurrentGCThread "G1 Conc#0" [stack: 0x000000ece9100000,0x000000ece9200000] [id=43228]
  0x000002797d837000 ConcurrentGCThread "G1 Conc#1" [stack: 0x000000ecebb00000,0x000000ecebc00000] [id=32792]
  0x000002797d876000 ConcurrentGCThread "G1 Conc#2" [stack: 0x000000ecebc00000,0x000000ecebd00000] [id=46240]
  0x000002796a3de000 ConcurrentGCThread "G1 Refine#0" [stack: 0x000000ece9200000,0x000000ece9300000] [id=52516]
  0x000002797a6f2800 ConcurrentGCThread "G1 Young RemSet Sampling" [stack: 0x000000ece9300000,0x000000ece9400000] [id=67940]

Threads with active compile tasks:
C2 CompilerThread0     3640 2192       4       java.net.URLClassLoader$1::run (5 bytes)
C2 CompilerThread1     3640 2295   !   4       java.net.URLClassLoader::findClass (47 bytes)

VM state:not at safepoint (normal execution)

VM Mutex/Monitor currently owned by a thread: None

Heap address: 0x00000000c0000000, size: 1024 MB, Compressed Oops mode: 32-bit
Narrow klass base: 0x0000000000000000, Narrow klass shift: 3
Compressed class space size: 528482304 Address: 0x0000000100000000

Heap:
 garbage-first heap   total 253952K, used 48697K [0x00000000c0000000, 0x0000000100000000)
  region size 1024K, 44 young (45056K), 11 survivors (11264K)
 Metaspace       used 24073K, capacity 24630K, committed 24752K, reserved 538624K
  class space    used 3028K, capacity 3220K, committed 3328K, reserved 516096K
Heap Regions: E=young(eden), S=young(survivor), O=old, HS=humongous(starts), HC=humongous(continues), CS=collection set, F=free, A=archive, TAMS=top-at-mark-start (previous, next)
|   0|0x00000000c0000000, 0x00000000c0000000, 0x00000000c0100000|  0%| F|  |TAMS 0x00000000c0000000, 0x00000000c0000000| Untracked 
|   1|0x00000000c0100000, 0x00000000c0100000, 0x00000000c0200000|  0%| F|  |TAMS 0x00000000c0100000, 0x00000000c0100000| Untracked 
|   2|0x00000000c0200000, 0x00000000c0200000, 0x00000000c0300000|  0%| F|  |TAMS 0x00000000c0200000, 0x00000000c0200000| Untracked 
|   3|0x00000000c0300000, 0x00000000c0400000, 0x00000000c0400000|100%|HS|  |TAMS 0x00000000c0400000, 0x00000000c0300000| Complete 
|   4|0x00000000c0400000, 0x00000000c0500000, 0x00000000c0500000|100%|HC|  |TAMS 0x00000000c0500000, 0x00000000c0400000| Complete 
|   5|0x00000000c0500000, 0x00000000c0600000, 0x00000000c0600000|100%|HC|  |TAMS 0x00000000c0600000, 0x00000000c0500000| Complete 
|   6|0x00000000c0600000, 0x00000000c0700000, 0x00000000c0700000|100%| O|  |TAMS 0x00000000c0700000, 0x00000000c0600000| Untracked 
|   7|0x00000000c0700000, 0x00000000c0800000, 0x00000000c0800000|100%| O|  |TAMS 0x00000000c0800000, 0x00000000c0700000| Untracked 
|   8|0x00000000c0800000, 0x00000000c08e8400, 0x00000000c0900000| 90%| O|  |TAMS 0x00000000c08e8400, 0x00000000c0800000| Untracked 
|   9|0x00000000c0900000, 0x00000000c0900000, 0x00000000c0a00000|  0%| F|  |TAMS 0x00000000c0900000, 0x00000000c0900000| Untracked 
|  10|0x00000000c0a00000, 0x00000000c0a00000, 0x00000000c0b00000|  0%| F|  |TAMS 0x00000000c0a00000, 0x00000000c0a00000| Untracked 
|  11|0x00000000c0b00000, 0x00000000c0b00000, 0x00000000c0c00000|  0%| F|  |TAMS 0x00000000c0b00000, 0x00000000c0b00000| Untracked 
|  12|0x00000000c0c00000, 0x00000000c0c00000, 0x00000000c0d00000|  0%| F|  |TAMS 0x00000000c0c00000, 0x00000000c0c00000| Untracked 
|  13|0x00000000c0d00000, 0x00000000c0d00000, 0x00000000c0e00000|  0%| F|  |TAMS 0x00000000c0d00000, 0x00000000c0d00000| Untracked 
|  14|0x00000000c0e00000, 0x00000000c0e00000, 0x00000000c0f00000|  0%| F|  |TAMS 0x00000000c0e00000, 0x00000000c0e00000| Untracked 
|  15|0x00000000c0f00000, 0x00000000c0f00000, 0x00000000c1000000|  0%| F|  |TAMS 0x00000000c0f00000, 0x00000000c0f00000| Untracked 
|  16|0x00000000c1000000, 0x00000000c1000000, 0x00000000c1100000|  0%| F|  |TAMS 0x00000000c1000000, 0x00000000c1000000| Untracked 
|  17|0x00000000c1100000, 0x00000000c1100000, 0x00000000c1200000|  0%| F|  |TAMS 0x00000000c1100000, 0x00000000c1100000| Untracked 
|  18|0x00000000c1200000, 0x00000000c1200000, 0x00000000c1300000|  0%| F|  |TAMS 0x00000000c1200000, 0x00000000c1200000| Untracked 
|  19|0x00000000c1300000, 0x00000000c1300000, 0x00000000c1400000|  0%| F|  |TAMS 0x00000000c1300000, 0x00000000c1300000| Untracked 
|  20|0x00000000c1400000, 0x00000000c1400000, 0x00000000c1500000|  0%| F|  |TAMS 0x00000000c1400000, 0x00000000c1400000| Untracked 
|  21|0x00000000c1500000, 0x00000000c1500000, 0x00000000c1600000|  0%| F|  |TAMS 0x00000000c1500000, 0x00000000c1500000| Untracked 
|  22|0x00000000c1600000, 0x00000000c1600000, 0x00000000c1700000|  0%| F|  |TAMS 0x00000000c1600000, 0x00000000c1600000| Untracked 
|  23|0x00000000c1700000, 0x00000000c1700000, 0x00000000c1800000|  0%| F|  |TAMS 0x00000000c1700000, 0x00000000c1700000| Untracked 
|  24|0x00000000c1800000, 0x00000000c1800000, 0x00000000c1900000|  0%| F|  |TAMS 0x00000000c1800000, 0x00000000c1800000| Untracked 
|  25|0x00000000c1900000, 0x00000000c1900000, 0x00000000c1a00000|  0%| F|  |TAMS 0x00000000c1900000, 0x00000000c1900000| Untracked 
|  26|0x00000000c1a00000, 0x00000000c1a00000, 0x00000000c1b00000|  0%| F|  |TAMS 0x00000000c1a00000, 0x00000000c1a00000| Untracked 
|  27|0x00000000c1b00000, 0x00000000c1b00000, 0x00000000c1c00000|  0%| F|  |TAMS 0x00000000c1b00000, 0x00000000c1b00000| Untracked 
|  28|0x00000000c1c00000, 0x00000000c1c00000, 0x00000000c1d00000|  0%| F|  |TAMS 0x00000000c1c00000, 0x00000000c1c00000| Untracked 
|  29|0x00000000c1d00000, 0x00000000c1d00000, 0x00000000c1e00000|  0%| F|  |TAMS 0x00000000c1d00000, 0x00000000c1d00000| Untracked 
|  30|0x00000000c1e00000, 0x00000000c1e00000, 0x00000000c1f00000|  0%| F|  |TAMS 0x00000000c1e00000, 0x00000000c1e00000| Untracked 
|  31|0x00000000c1f00000, 0x00000000c1f00000, 0x00000000c2000000|  0%| F|  |TAMS 0x00000000c1f00000, 0x00000000c1f00000| Untracked 
|  32|0x00000000c2000000, 0x00000000c2000000, 0x00000000c2100000|  0%| F|  |TAMS 0x00000000c2000000, 0x00000000c2000000| Untracked 
|  33|0x00000000c2100000, 0x00000000c2100000, 0x00000000c2200000|  0%| F|  |TAMS 0x00000000c2100000, 0x00000000c2100000| Untracked 
|  34|0x00000000c2200000, 0x00000000c2200000, 0x00000000c2300000|  0%| F|  |TAMS 0x00000000c2200000, 0x00000000c2200000| Untracked 
|  35|0x00000000c2300000, 0x00000000c2300000, 0x00000000c2400000|  0%| F|  |TAMS 0x00000000c2300000, 0x00000000c2300000| Untracked 
|  36|0x00000000c2400000, 0x00000000c2400000, 0x00000000c2500000|  0%| F|  |TAMS 0x00000000c2400000, 0x00000000c2400000| Untracked 
|  37|0x00000000c2500000, 0x00000000c2500000, 0x00000000c2600000|  0%| F|  |TAMS 0x00000000c2500000, 0x00000000c2500000| Untracked 
|  38|0x00000000c2600000, 0x00000000c2600000, 0x00000000c2700000|  0%| F|  |TAMS 0x00000000c2600000, 0x00000000c2600000| Untracked 
|  39|0x00000000c2700000, 0x00000000c2700000, 0x00000000c2800000|  0%| F|  |TAMS 0x00000000c2700000, 0x00000000c2700000| Untracked 
|  40|0x00000000c2800000, 0x00000000c2800000, 0x00000000c2900000|  0%| F|  |TAMS 0x00000000c2800000, 0x00000000c2800000| Untracked 
|  41|0x00000000c2900000, 0x00000000c2900000, 0x00000000c2a00000|  0%| F|  |TAMS 0x00000000c2900000, 0x00000000c2900000| Untracked 
|  42|0x00000000c2a00000, 0x00000000c2a00000, 0x00000000c2b00000|  0%| F|  |TAMS 0x00000000c2a00000, 0x00000000c2a00000| Untracked 
|  43|0x00000000c2b00000, 0x00000000c2b00000, 0x00000000c2c00000|  0%| F|  |TAMS 0x00000000c2b00000, 0x00000000c2b00000| Untracked 
|  44|0x00000000c2c00000, 0x00000000c2c00000, 0x00000000c2d00000|  0%| F|  |TAMS 0x00000000c2c00000, 0x00000000c2c00000| Untracked 
|  45|0x00000000c2d00000, 0x00000000c2d00000, 0x00000000c2e00000|  0%| F|  |TAMS 0x00000000c2d00000, 0x00000000c2d00000| Untracked 
|  46|0x00000000c2e00000, 0x00000000c2e00000, 0x00000000c2f00000|  0%| F|  |TAMS 0x00000000c2e00000, 0x00000000c2e00000| Untracked 
|  47|0x00000000c2f00000, 0x00000000c2f00000, 0x00000000c3000000|  0%| F|  |TAMS 0x00000000c2f00000, 0x00000000c2f00000| Untracked 
|  48|0x00000000c3000000, 0x00000000c3000000, 0x00000000c3100000|  0%| F|  |TAMS 0x00000000c3000000, 0x00000000c3000000| Untracked 
|  49|0x00000000c3100000, 0x00000000c3100000, 0x00000000c3200000|  0%| F|  |TAMS 0x00000000c3100000, 0x00000000c3100000| Untracked 
|  50|0x00000000c3200000, 0x00000000c3200000, 0x00000000c3300000|  0%| F|  |TAMS 0x00000000c3200000, 0x00000000c3200000| Untracked 
|  51|0x00000000c3300000, 0x00000000c3300000, 0x00000000c3400000|  0%| F|  |TAMS 0x00000000c3300000, 0x00000000c3300000| Untracked 
|  52|0x00000000c3400000, 0x00000000c3400000, 0x00000000c3500000|  0%| F|  |TAMS 0x00000000c3400000, 0x00000000c3400000| Untracked 
|  53|0x00000000c3500000, 0x00000000c3500000, 0x00000000c3600000|  0%| F|  |TAMS 0x00000000c3500000, 0x00000000c3500000| Untracked 
|  54|0x00000000c3600000, 0x00000000c3600000, 0x00000000c3700000|  0%| F|  |TAMS 0x00000000c3600000, 0x00000000c3600000| Untracked 
|  55|0x00000000c3700000, 0x00000000c3700000, 0x00000000c3800000|  0%| F|  |TAMS 0x00000000c3700000, 0x00000000c3700000| Untracked 
|  56|0x00000000c3800000, 0x00000000c3800000, 0x00000000c3900000|  0%| F|  |TAMS 0x00000000c3800000, 0x00000000c3800000| Untracked 
|  57|0x00000000c3900000, 0x00000000c3900000, 0x00000000c3a00000|  0%| F|  |TAMS 0x00000000c3900000, 0x00000000c3900000| Untracked 
|  58|0x00000000c3a00000, 0x00000000c3a00000, 0x00000000c3b00000|  0%| F|  |TAMS 0x00000000c3a00000, 0x00000000c3a00000| Untracked 
|  59|0x00000000c3b00000, 0x00000000c3b00000, 0x00000000c3c00000|  0%| F|  |TAMS 0x00000000c3b00000, 0x00000000c3b00000| Untracked 
|  60|0x00000000c3c00000, 0x00000000c3c00000, 0x00000000c3d00000|  0%| F|  |TAMS 0x00000000c3c00000, 0x00000000c3c00000| Untracked 
|  61|0x00000000c3d00000, 0x00000000c3d00000, 0x00000000c3e00000|  0%| F|  |TAMS 0x00000000c3d00000, 0x00000000c3d00000| Untracked 
|  62|0x00000000c3e00000, 0x00000000c3e00000, 0x00000000c3f00000|  0%| F|  |TAMS 0x00000000c3e00000, 0x00000000c3e00000| Untracked 
|  63|0x00000000c3f00000, 0x00000000c3f00000, 0x00000000c4000000|  0%| F|  |TAMS 0x00000000c3f00000, 0x00000000c3f00000| Untracked 
|  64|0x00000000c4000000, 0x00000000c4000000, 0x00000000c4100000|  0%| F|  |TAMS 0x00000000c4000000, 0x00000000c4000000| Untracked 
|  65|0x00000000c4100000, 0x00000000c4100000, 0x00000000c4200000|  0%| F|  |TAMS 0x00000000c4100000, 0x00000000c4100000| Untracked 
|  66|0x00000000c4200000, 0x00000000c4200000, 0x00000000c4300000|  0%| F|  |TAMS 0x00000000c4200000, 0x00000000c4200000| Untracked 
|  67|0x00000000c4300000, 0x00000000c4300000, 0x00000000c4400000|  0%| F|  |TAMS 0x00000000c4300000, 0x00000000c4300000| Untracked 
|  68|0x00000000c4400000, 0x00000000c4400000, 0x00000000c4500000|  0%| F|  |TAMS 0x00000000c4400000, 0x00000000c4400000| Untracked 
|  69|0x00000000c4500000, 0x00000000c4500000, 0x00000000c4600000|  0%| F|  |TAMS 0x00000000c4500000, 0x00000000c4500000| Untracked 
|  70|0x00000000c4600000, 0x00000000c4600000, 0x00000000c4700000|  0%| F|  |TAMS 0x00000000c4600000, 0x00000000c4600000| Untracked 
|  71|0x00000000c4700000, 0x00000000c4700000, 0x00000000c4800000|  0%| F|  |TAMS 0x00000000c4700000, 0x00000000c4700000| Untracked 
|  72|0x00000000c4800000, 0x00000000c4800000, 0x00000000c4900000|  0%| F|  |TAMS 0x00000000c4800000, 0x00000000c4800000| Untracked 
|  73|0x00000000c4900000, 0x00000000c4900000, 0x00000000c4a00000|  0%| F|  |TAMS 0x00000000c4900000, 0x00000000c4900000| Untracked 
|  74|0x00000000c4a00000, 0x00000000c4a00000, 0x00000000c4b00000|  0%| F|  |TAMS 0x00000000c4a00000, 0x00000000c4a00000| Untracked 
|  75|0x00000000c4b00000, 0x00000000c4b00000, 0x00000000c4c00000|  0%| F|  |TAMS 0x00000000c4b00000, 0x00000000c4b00000| Untracked 
|  76|0x00000000c4c00000, 0x00000000c4c00000, 0x00000000c4d00000|  0%| F|  |TAMS 0x00000000c4c00000, 0x00000000c4c00000| Untracked 
|  77|0x00000000c4d00000, 0x00000000c4d00000, 0x00000000c4e00000|  0%| F|  |TAMS 0x00000000c4d00000, 0x00000000c4d00000| Untracked 
|  78|0x00000000c4e00000, 0x00000000c4e00000, 0x00000000c4f00000|  0%| F|  |TAMS 0x00000000c4e00000, 0x00000000c4e00000| Untracked 
|  79|0x00000000c4f00000, 0x00000000c4f00000, 0x00000000c5000000|  0%| F|  |TAMS 0x00000000c4f00000, 0x00000000c4f00000| Untracked 
|  80|0x00000000c5000000, 0x00000000c5000000, 0x00000000c5100000|  0%| F|  |TAMS 0x00000000c5000000, 0x00000000c5000000| Untracked 
|  81|0x00000000c5100000, 0x00000000c5100000, 0x00000000c5200000|  0%| F|  |TAMS 0x00000000c5100000, 0x00000000c5100000| Untracked 
|  82|0x00000000c5200000, 0x00000000c5200000, 0x00000000c5300000|  0%| F|  |TAMS 0x00000000c5200000, 0x00000000c5200000| Untracked 
|  83|0x00000000c5300000, 0x00000000c5300000, 0x00000000c5400000|  0%| F|  |TAMS 0x00000000c5300000, 0x00000000c5300000| Untracked 
|  84|0x00000000c5400000, 0x00000000c5400000, 0x00000000c5500000|  0%| F|  |TAMS 0x00000000c5400000, 0x00000000c5400000| Untracked 
|  85|0x00000000c5500000, 0x00000000c5500000, 0x00000000c5600000|  0%| F|  |TAMS 0x00000000c5500000, 0x00000000c5500000| Untracked 
|  86|0x00000000c5600000, 0x00000000c5600000, 0x00000000c5700000|  0%| F|  |TAMS 0x00000000c5600000, 0x00000000c5600000| Untracked 
|  87|0x00000000c5700000, 0x00000000c5700000, 0x00000000c5800000|  0%| F|  |TAMS 0x00000000c5700000, 0x00000000c5700000| Untracked 
|  88|0x00000000c5800000, 0x00000000c5800000, 0x00000000c5900000|  0%| F|  |TAMS 0x00000000c5800000, 0x00000000c5800000| Untracked 
|  89|0x00000000c5900000, 0x00000000c5900000, 0x00000000c5a00000|  0%| F|  |TAMS 0x00000000c5900000, 0x00000000c5900000| Untracked 
|  90|0x00000000c5a00000, 0x00000000c5a00000, 0x00000000c5b00000|  0%| F|  |TAMS 0x00000000c5a00000, 0x00000000c5a00000| Untracked 
|  91|0x00000000c5b00000, 0x00000000c5b00000, 0x00000000c5c00000|  0%| F|  |TAMS 0x00000000c5b00000, 0x00000000c5b00000| Untracked 
|  92|0x00000000c5c00000, 0x00000000c5c00000, 0x00000000c5d00000|  0%| F|  |TAMS 0x00000000c5c00000, 0x00000000c5c00000| Untracked 
|  93|0x00000000c5d00000, 0x00000000c5d00000, 0x00000000c5e00000|  0%| F|  |TAMS 0x00000000c5d00000, 0x00000000c5d00000| Untracked 
|  94|0x00000000c5e00000, 0x00000000c5e00000, 0x00000000c5f00000|  0%| F|  |TAMS 0x00000000c5e00000, 0x00000000c5e00000| Untracked 
|  95|0x00000000c5f00000, 0x00000000c5f00000, 0x00000000c6000000|  0%| F|  |TAMS 0x00000000c5f00000, 0x00000000c5f00000| Untracked 
|  96|0x00000000c6000000, 0x00000000c6000000, 0x00000000c6100000|  0%| F|  |TAMS 0x00000000c6000000, 0x00000000c6000000| Untracked 
|  97|0x00000000c6100000, 0x00000000c6100000, 0x00000000c6200000|  0%| F|  |TAMS 0x00000000c6100000, 0x00000000c6100000| Untracked 
|  98|0x00000000c6200000, 0x00000000c6200000, 0x00000000c6300000|  0%| F|  |TAMS 0x00000000c6200000, 0x00000000c6200000| Untracked 
|  99|0x00000000c6300000, 0x00000000c6300000, 0x00000000c6400000|  0%| F|  |TAMS 0x00000000c6300000, 0x00000000c6300000| Untracked 
| 100|0x00000000c6400000, 0x00000000c6400000, 0x00000000c6500000|  0%| F|  |TAMS 0x00000000c6400000, 0x00000000c6400000| Untracked 
| 101|0x00000000c6500000, 0x00000000c6500000, 0x00000000c6600000|  0%| F|  |TAMS 0x00000000c6500000, 0x00000000c6500000| Untracked 
| 102|0x00000000c6600000, 0x00000000c6600000, 0x00000000c6700000|  0%| F|  |TAMS 0x00000000c6600000, 0x00000000c6600000| Untracked 
| 103|0x00000000c6700000, 0x00000000c6700000, 0x00000000c6800000|  0%| F|  |TAMS 0x00000000c6700000, 0x00000000c6700000| Untracked 
| 104|0x00000000c6800000, 0x00000000c6800000, 0x00000000c6900000|  0%| F|  |TAMS 0x00000000c6800000, 0x00000000c6800000| Untracked 
| 105|0x00000000c6900000, 0x00000000c6900000, 0x00000000c6a00000|  0%| F|  |TAMS 0x00000000c6900000, 0x00000000c6900000| Untracked 
| 106|0x00000000c6a00000, 0x00000000c6a00000, 0x00000000c6b00000|  0%| F|  |TAMS 0x00000000c6a00000, 0x00000000c6a00000| Untracked 
| 107|0x00000000c6b00000, 0x00000000c6b00000, 0x00000000c6c00000|  0%| F|  |TAMS 0x00000000c6b00000, 0x00000000c6b00000| Untracked 
| 108|0x00000000c6c00000, 0x00000000c6c00000, 0x00000000c6d00000|  0%| F|  |TAMS 0x00000000c6c00000, 0x00000000c6c00000| Untracked 
| 109|0x00000000c6d00000, 0x00000000c6d00000, 0x00000000c6e00000|  0%| F|  |TAMS 0x00000000c6d00000, 0x00000000c6d00000| Untracked 
| 110|0x00000000c6e00000, 0x00000000c6e00000, 0x00000000c6f00000|  0%| F|  |TAMS 0x00000000c6e00000, 0x00000000c6e00000| Untracked 
| 111|0x00000000c6f00000, 0x00000000c6f00000, 0x00000000c7000000|  0%| F|  |TAMS 0x00000000c6f00000, 0x00000000c6f00000| Untracked 
| 112|0x00000000c7000000, 0x00000000c7000000, 0x00000000c7100000|  0%| F|  |TAMS 0x00000000c7000000, 0x00000000c7000000| Untracked 
| 113|0x00000000c7100000, 0x00000000c7100000, 0x00000000c7200000|  0%| F|  |TAMS 0x00000000c7100000, 0x00000000c7100000| Untracked 
| 114|0x00000000c7200000, 0x00000000c7200000, 0x00000000c7300000|  0%| F|  |TAMS 0x00000000c7200000, 0x00000000c7200000| Untracked 
| 115|0x00000000c7300000, 0x00000000c7300000, 0x00000000c7400000|  0%| F|  |TAMS 0x00000000c7300000, 0x00000000c7300000| Untracked 
| 116|0x00000000c7400000, 0x00000000c7400000, 0x00000000c7500000|  0%| F|  |TAMS 0x00000000c7400000, 0x00000000c7400000| Untracked 
| 117|0x00000000c7500000, 0x00000000c7500000, 0x00000000c7600000|  0%| F|  |TAMS 0x00000000c7500000, 0x00000000c7500000| Untracked 
| 118|0x00000000c7600000, 0x00000000c7600000, 0x00000000c7700000|  0%| F|  |TAMS 0x00000000c7600000, 0x00000000c7600000| Untracked 
| 119|0x00000000c7700000, 0x00000000c7700000, 0x00000000c7800000|  0%| F|  |TAMS 0x00000000c7700000, 0x00000000c7700000| Untracked 
| 120|0x00000000c7800000, 0x00000000c7800000, 0x00000000c7900000|  0%| F|  |TAMS 0x00000000c7800000, 0x00000000c7800000| Untracked 
| 121|0x00000000c7900000, 0x00000000c7900000, 0x00000000c7a00000|  0%| F|  |TAMS 0x00000000c7900000, 0x00000000c7900000| Untracked 
| 122|0x00000000c7a00000, 0x00000000c7a00000, 0x00000000c7b00000|  0%| F|  |TAMS 0x00000000c7a00000, 0x00000000c7a00000| Untracked 
| 123|0x00000000c7b00000, 0x00000000c7b00000, 0x00000000c7c00000|  0%| F|  |TAMS 0x00000000c7b00000, 0x00000000c7b00000| Untracked 
| 124|0x00000000c7c00000, 0x00000000c7c00000, 0x00000000c7d00000|  0%| F|  |TAMS 0x00000000c7c00000, 0x00000000c7c00000| Untracked 
| 125|0x00000000c7d00000, 0x00000000c7d00000, 0x00000000c7e00000|  0%| F|  |TAMS 0x00000000c7d00000, 0x00000000c7d00000| Untracked 
| 126|0x00000000c7e00000, 0x00000000c7e00000, 0x00000000c7f00000|  0%| F|  |TAMS 0x00000000c7e00000, 0x00000000c7e00000| Untracked 
| 127|0x00000000c7f00000, 0x00000000c7f00000, 0x00000000c8000000|  0%| F|  |TAMS 0x00000000c7f00000, 0x00000000c7f00000| Untracked 
| 128|0x00000000c8000000, 0x00000000c8000000, 0x00000000c8100000|  0%| F|  |TAMS 0x00000000c8000000, 0x00000000c8000000| Untracked 
| 129|0x00000000c8100000, 0x00000000c8100000, 0x00000000c8200000|  0%| F|  |TAMS 0x00000000c8100000, 0x00000000c8100000| Untracked 
| 130|0x00000000c8200000, 0x00000000c8200000, 0x00000000c8300000|  0%| F|  |TAMS 0x00000000c8200000, 0x00000000c8200000| Untracked 
| 131|0x00000000c8300000, 0x00000000c8300000, 0x00000000c8400000|  0%| F|  |TAMS 0x00000000c8300000, 0x00000000c8300000| Untracked 
| 132|0x00000000c8400000, 0x00000000c8400000, 0x00000000c8500000|  0%| F|  |TAMS 0x00000000c8400000, 0x00000000c8400000| Untracked 
| 133|0x00000000c8500000, 0x00000000c8500000, 0x00000000c8600000|  0%| F|  |TAMS 0x00000000c8500000, 0x00000000c8500000| Untracked 
| 134|0x00000000c8600000, 0x00000000c8600000, 0x00000000c8700000|  0%| F|  |TAMS 0x00000000c8600000, 0x00000000c8600000| Untracked 
| 135|0x00000000c8700000, 0x00000000c8700000, 0x00000000c8800000|  0%| F|  |TAMS 0x00000000c8700000, 0x00000000c8700000| Untracked 
| 136|0x00000000c8800000, 0x00000000c88a6198, 0x00000000c8900000| 64%| S|CS|TAMS 0x00000000c8800000, 0x00000000c8800000| Complete 
| 137|0x00000000c8900000, 0x00000000c8a00000, 0x00000000c8a00000|100%| S|CS|TAMS 0x00000000c8900000, 0x00000000c8900000| Complete 
| 138|0x00000000c8a00000, 0x00000000c8b00000, 0x00000000c8b00000|100%| S|CS|TAMS 0x00000000c8a00000, 0x00000000c8a00000| Complete 
| 139|0x00000000c8b00000, 0x00000000c8c00000, 0x00000000c8c00000|100%| S|CS|TAMS 0x00000000c8b00000, 0x00000000c8b00000| Complete 
| 140|0x00000000c8c00000, 0x00000000c8d00000, 0x00000000c8d00000|100%| S|CS|TAMS 0x00000000c8c00000, 0x00000000c8c00000| Complete 
| 141|0x00000000c8d00000, 0x00000000c8e00000, 0x00000000c8e00000|100%| S|CS|TAMS 0x00000000c8d00000, 0x00000000c8d00000| Complete 
| 142|0x00000000c8e00000, 0x00000000c8f00000, 0x00000000c8f00000|100%| S|CS|TAMS 0x00000000c8e00000, 0x00000000c8e00000| Complete 
| 143|0x00000000c8f00000, 0x00000000c9000000, 0x00000000c9000000|100%| S|CS|TAMS 0x00000000c8f00000, 0x00000000c8f00000| Complete 
| 144|0x00000000c9000000, 0x00000000c9100000, 0x00000000c9100000|100%| S|CS|TAMS 0x00000000c9000000, 0x00000000c9000000| Complete 
| 145|0x00000000c9100000, 0x00000000c9200000, 0x00000000c9200000|100%| S|CS|TAMS 0x00000000c9100000, 0x00000000c9100000| Complete 
| 146|0x00000000c9200000, 0x00000000c9300000, 0x00000000c9300000|100%| S|CS|TAMS 0x00000000c9200000, 0x00000000c9200000| Complete 
| 147|0x00000000c9300000, 0x00000000c9300000, 0x00000000c9400000|  0%| F|  |TAMS 0x00000000c9300000, 0x00000000c9300000| Untracked 
| 148|0x00000000c9400000, 0x00000000c9400000, 0x00000000c9500000|  0%| F|  |TAMS 0x00000000c9400000, 0x00000000c9400000| Untracked 
| 149|0x00000000c9500000, 0x00000000c9500000, 0x00000000c9600000|  0%| F|  |TAMS 0x00000000c9500000, 0x00000000c9500000| Untracked 
| 150|0x00000000c9600000, 0x00000000c9600000, 0x00000000c9700000|  0%| F|  |TAMS 0x00000000c9600000, 0x00000000c9600000| Untracked 
| 151|0x00000000c9700000, 0x00000000c9700000, 0x00000000c9800000|  0%| F|  |TAMS 0x00000000c9700000, 0x00000000c9700000| Untracked 
| 152|0x00000000c9800000, 0x00000000c9800000, 0x00000000c9900000|  0%| F|  |TAMS 0x00000000c9800000, 0x00000000c9800000| Untracked 
| 153|0x00000000c9900000, 0x00000000c9900000, 0x00000000c9a00000|  0%| F|  |TAMS 0x00000000c9900000, 0x00000000c9900000| Untracked 
| 154|0x00000000c9a00000, 0x00000000c9a00000, 0x00000000c9b00000|  0%| F|  |TAMS 0x00000000c9a00000, 0x00000000c9a00000| Untracked 
| 155|0x00000000c9b00000, 0x00000000c9b00000, 0x00000000c9c00000|  0%| F|  |TAMS 0x00000000c9b00000, 0x00000000c9b00000| Untracked 
| 156|0x00000000c9c00000, 0x00000000c9c00000, 0x00000000c9d00000|  0%| F|  |TAMS 0x00000000c9c00000, 0x00000000c9c00000| Untracked 
| 157|0x00000000c9d00000, 0x00000000c9d00000, 0x00000000c9e00000|  0%| F|  |TAMS 0x00000000c9d00000, 0x00000000c9d00000| Untracked 
| 158|0x00000000c9e00000, 0x00000000c9e00000, 0x00000000c9f00000|  0%| F|  |TAMS 0x00000000c9e00000, 0x00000000c9e00000| Untracked 
| 159|0x00000000c9f00000, 0x00000000c9f00000, 0x00000000ca000000|  0%| F|  |TAMS 0x00000000c9f00000, 0x00000000c9f00000| Untracked 
| 160|0x00000000ca000000, 0x00000000ca000000, 0x00000000ca100000|  0%| F|  |TAMS 0x00000000ca000000, 0x00000000ca000000| Untracked 
| 161|0x00000000ca100000, 0x00000000ca100000, 0x00000000ca200000|  0%| F|  |TAMS 0x00000000ca100000, 0x00000000ca100000| Untracked 
| 162|0x00000000ca200000, 0x00000000ca200000, 0x00000000ca300000|  0%| F|  |TAMS 0x00000000ca200000, 0x00000000ca200000| Untracked 
| 163|0x00000000ca300000, 0x00000000ca300000, 0x00000000ca400000|  0%| F|  |TAMS 0x00000000ca300000, 0x00000000ca300000| Untracked 
| 164|0x00000000ca400000, 0x00000000ca400000, 0x00000000ca500000|  0%| F|  |TAMS 0x00000000ca400000, 0x00000000ca400000| Untracked 
| 165|0x00000000ca500000, 0x00000000ca500000, 0x00000000ca600000|  0%| F|  |TAMS 0x00000000ca500000, 0x00000000ca500000| Untracked 
| 166|0x00000000ca600000, 0x00000000ca600000, 0x00000000ca700000|  0%| F|  |TAMS 0x00000000ca600000, 0x00000000ca600000| Untracked 
| 167|0x00000000ca700000, 0x00000000ca700000, 0x00000000ca800000|  0%| F|  |TAMS 0x00000000ca700000, 0x00000000ca700000| Untracked 
| 168|0x00000000ca800000, 0x00000000ca800000, 0x00000000ca900000|  0%| F|  |TAMS 0x00000000ca800000, 0x00000000ca800000| Untracked 
| 169|0x00000000ca900000, 0x00000000ca900000, 0x00000000caa00000|  0%| F|  |TAMS 0x00000000ca900000, 0x00000000ca900000| Untracked 
| 170|0x00000000caa00000, 0x00000000caa00000, 0x00000000cab00000|  0%| F|  |TAMS 0x00000000caa00000, 0x00000000caa00000| Untracked 
| 171|0x00000000cab00000, 0x00000000cab00000, 0x00000000cac00000|  0%| F|  |TAMS 0x00000000cab00000, 0x00000000cab00000| Untracked 
| 172|0x00000000cac00000, 0x00000000cac00000, 0x00000000cad00000|  0%| F|  |TAMS 0x00000000cac00000, 0x00000000cac00000| Untracked 
| 173|0x00000000cad00000, 0x00000000cad00000, 0x00000000cae00000|  0%| F|  |TAMS 0x00000000cad00000, 0x00000000cad00000| Untracked 
| 174|0x00000000cae00000, 0x00000000cae00000, 0x00000000caf00000|  0%| F|  |TAMS 0x00000000cae00000, 0x00000000cae00000| Untracked 
| 175|0x00000000caf00000, 0x00000000caf00000, 0x00000000cb000000|  0%| F|  |TAMS 0x00000000caf00000, 0x00000000caf00000| Untracked 
| 176|0x00000000cb000000, 0x00000000cb000000, 0x00000000cb100000|  0%| F|  |TAMS 0x00000000cb000000, 0x00000000cb000000| Untracked 
| 177|0x00000000cb100000, 0x00000000cb100000, 0x00000000cb200000|  0%| F|  |TAMS 0x00000000cb100000, 0x00000000cb100000| Untracked 
| 178|0x00000000cb200000, 0x00000000cb200000, 0x00000000cb300000|  0%| F|  |TAMS 0x00000000cb200000, 0x00000000cb200000| Untracked 
| 179|0x00000000cb300000, 0x00000000cb300000, 0x00000000cb400000|  0%| F|  |TAMS 0x00000000cb300000, 0x00000000cb300000| Untracked 
| 180|0x00000000cb400000, 0x00000000cb400000, 0x00000000cb500000|  0%| F|  |TAMS 0x00000000cb400000, 0x00000000cb400000| Untracked 
| 181|0x00000000cb500000, 0x00000000cb500000, 0x00000000cb600000|  0%| F|  |TAMS 0x00000000cb500000, 0x00000000cb500000| Untracked 
| 182|0x00000000cb600000, 0x00000000cb600000, 0x00000000cb700000|  0%| F|  |TAMS 0x00000000cb600000, 0x00000000cb600000| Untracked 
| 183|0x00000000cb700000, 0x00000000cb700000, 0x00000000cb800000|  0%| F|  |TAMS 0x00000000cb700000, 0x00000000cb700000| Untracked 
| 184|0x00000000cb800000, 0x00000000cb800000, 0x00000000cb900000|  0%| F|  |TAMS 0x00000000cb800000, 0x00000000cb800000| Untracked 
| 185|0x00000000cb900000, 0x00000000cb900000, 0x00000000cba00000|  0%| F|  |TAMS 0x00000000cb900000, 0x00000000cb900000| Untracked 
| 186|0x00000000cba00000, 0x00000000cba00000, 0x00000000cbb00000|  0%| F|  |TAMS 0x00000000cba00000, 0x00000000cba00000| Untracked 
| 187|0x00000000cbb00000, 0x00000000cbb00000, 0x00000000cbc00000|  0%| F|  |TAMS 0x00000000cbb00000, 0x00000000cbb00000| Untracked 
| 188|0x00000000cbc00000, 0x00000000cbc00000, 0x00000000cbd00000|  0%| F|  |TAMS 0x00000000cbc00000, 0x00000000cbc00000| Untracked 
| 189|0x00000000cbd00000, 0x00000000cbd00000, 0x00000000cbe00000|  0%| F|  |TAMS 0x00000000cbd00000, 0x00000000cbd00000| Untracked 
| 190|0x00000000cbe00000, 0x00000000cbe00000, 0x00000000cbf00000|  0%| F|  |TAMS 0x00000000cbe00000, 0x00000000cbe00000| Untracked 
| 191|0x00000000cbf00000, 0x00000000cbf00000, 0x00000000cc000000|  0%| F|  |TAMS 0x00000000cbf00000, 0x00000000cbf00000| Untracked 
| 192|0x00000000cc000000, 0x00000000cc000000, 0x00000000cc100000|  0%| F|  |TAMS 0x00000000cc000000, 0x00000000cc000000| Untracked 
| 193|0x00000000cc100000, 0x00000000cc100000, 0x00000000cc200000|  0%| F|  |TAMS 0x00000000cc100000, 0x00000000cc100000| Untracked 
| 194|0x00000000cc200000, 0x00000000cc200000, 0x00000000cc300000|  0%| F|  |TAMS 0x00000000cc200000, 0x00000000cc200000| Untracked 
| 195|0x00000000cc300000, 0x00000000cc300000, 0x00000000cc400000|  0%| F|  |TAMS 0x00000000cc300000, 0x00000000cc300000| Untracked 
| 196|0x00000000cc400000, 0x00000000cc400000, 0x00000000cc500000|  0%| F|  |TAMS 0x00000000cc400000, 0x00000000cc400000| Untracked 
| 197|0x00000000cc500000, 0x00000000cc500000, 0x00000000cc600000|  0%| F|  |TAMS 0x00000000cc500000, 0x00000000cc500000| Untracked 
| 198|0x00000000cc600000, 0x00000000cc600000, 0x00000000cc700000|  0%| F|  |TAMS 0x00000000cc600000, 0x00000000cc600000| Untracked 
| 199|0x00000000cc700000, 0x00000000cc700000, 0x00000000cc800000|  0%| F|  |TAMS 0x00000000cc700000, 0x00000000cc700000| Untracked 
| 200|0x00000000cc800000, 0x00000000cc800000, 0x00000000cc900000|  0%| F|  |TAMS 0x00000000cc800000, 0x00000000cc800000| Untracked 
| 201|0x00000000cc900000, 0x00000000cc900000, 0x00000000cca00000|  0%| F|  |TAMS 0x00000000cc900000, 0x00000000cc900000| Untracked 
| 202|0x00000000cca00000, 0x00000000cca00000, 0x00000000ccb00000|  0%| F|  |TAMS 0x00000000cca00000, 0x00000000cca00000| Untracked 
| 203|0x00000000ccb00000, 0x00000000ccb00000, 0x00000000ccc00000|  0%| F|  |TAMS 0x00000000ccb00000, 0x00000000ccb00000| Untracked 
| 204|0x00000000ccc00000, 0x00000000ccc00000, 0x00000000ccd00000|  0%| F|  |TAMS 0x00000000ccc00000, 0x00000000ccc00000| Untracked 
| 205|0x00000000ccd00000, 0x00000000ccd00000, 0x00000000cce00000|  0%| F|  |TAMS 0x00000000ccd00000, 0x00000000ccd00000| Untracked 
| 206|0x00000000cce00000, 0x00000000cce00000, 0x00000000ccf00000|  0%| F|  |TAMS 0x00000000cce00000, 0x00000000cce00000| Untracked 
| 207|0x00000000ccf00000, 0x00000000ccf00000, 0x00000000cd000000|  0%| F|  |TAMS 0x00000000ccf00000, 0x00000000ccf00000| Untracked 
| 208|0x00000000cd000000, 0x00000000cd000000, 0x00000000cd100000|  0%| F|  |TAMS 0x00000000cd000000, 0x00000000cd000000| Untracked 
| 209|0x00000000cd100000, 0x00000000cd100000, 0x00000000cd200000|  0%| F|  |TAMS 0x00000000cd100000, 0x00000000cd100000| Untracked 
| 210|0x00000000cd200000, 0x00000000cd200000, 0x00000000cd300000|  0%| F|  |TAMS 0x00000000cd200000, 0x00000000cd200000| Untracked 
| 211|0x00000000cd300000, 0x00000000cd300000, 0x00000000cd400000|  0%| F|  |TAMS 0x00000000cd300000, 0x00000000cd300000| Untracked 
| 212|0x00000000cd400000, 0x00000000cd400000, 0x00000000cd500000|  0%| F|  |TAMS 0x00000000cd400000, 0x00000000cd400000| Untracked 
| 213|0x00000000cd500000, 0x00000000cd500000, 0x00000000cd600000|  0%| F|  |TAMS 0x00000000cd500000, 0x00000000cd500000| Untracked 
| 214|0x00000000cd600000, 0x00000000cd6fd1c8, 0x00000000cd700000| 98%| E|  |TAMS 0x00000000cd600000, 0x00000000cd600000| Complete 
| 215|0x00000000cd700000, 0x00000000cd800000, 0x00000000cd800000|100%| E|CS|TAMS 0x00000000cd700000, 0x00000000cd700000| Complete 
| 216|0x00000000cd800000, 0x00000000cd900000, 0x00000000cd900000|100%| E|CS|TAMS 0x00000000cd800000, 0x00000000cd800000| Complete 
| 217|0x00000000cd900000, 0x00000000cda00000, 0x00000000cda00000|100%| E|CS|TAMS 0x00000000cd900000, 0x00000000cd900000| Complete 
| 218|0x00000000cda00000, 0x00000000cdb00000, 0x00000000cdb00000|100%| E|CS|TAMS 0x00000000cda00000, 0x00000000cda00000| Complete 
| 219|0x00000000cdb00000, 0x00000000cdc00000, 0x00000000cdc00000|100%| E|CS|TAMS 0x00000000cdb00000, 0x00000000cdb00000| Complete 
| 220|0x00000000cdc00000, 0x00000000cdd00000, 0x00000000cdd00000|100%| E|CS|TAMS 0x00000000cdc00000, 0x00000000cdc00000| Complete 
| 221|0x00000000cdd00000, 0x00000000cde00000, 0x00000000cde00000|100%| E|CS|TAMS 0x00000000cdd00000, 0x00000000cdd00000| Complete 
| 222|0x00000000cde00000, 0x00000000cdf00000, 0x00000000cdf00000|100%| E|CS|TAMS 0x00000000cde00000, 0x00000000cde00000| Complete 
| 223|0x00000000cdf00000, 0x00000000ce000000, 0x00000000ce000000|100%| E|CS|TAMS 0x00000000cdf00000, 0x00000000cdf00000| Complete 
| 224|0x00000000ce000000, 0x00000000ce100000, 0x00000000ce100000|100%| E|CS|TAMS 0x00000000ce000000, 0x00000000ce000000| Complete 
| 225|0x00000000ce100000, 0x00000000ce200000, 0x00000000ce200000|100%| E|CS|TAMS 0x00000000ce100000, 0x00000000ce100000| Complete 
| 226|0x00000000ce200000, 0x00000000ce300000, 0x00000000ce300000|100%| E|CS|TAMS 0x00000000ce200000, 0x00000000ce200000| Complete 
| 227|0x00000000ce300000, 0x00000000ce400000, 0x00000000ce400000|100%| E|CS|TAMS 0x00000000ce300000, 0x00000000ce300000| Complete 
| 228|0x00000000ce400000, 0x00000000ce500000, 0x00000000ce500000|100%| E|CS|TAMS 0x00000000ce400000, 0x00000000ce400000| Complete 
| 229|0x00000000ce500000, 0x00000000ce600000, 0x00000000ce600000|100%| E|CS|TAMS 0x00000000ce500000, 0x00000000ce500000| Complete 
| 230|0x00000000ce600000, 0x00000000ce700000, 0x00000000ce700000|100%| E|CS|TAMS 0x00000000ce600000, 0x00000000ce600000| Complete 
| 231|0x00000000ce700000, 0x00000000ce800000, 0x00000000ce800000|100%| E|CS|TAMS 0x00000000ce700000, 0x00000000ce700000| Complete 
| 232|0x00000000ce800000, 0x00000000ce900000, 0x00000000ce900000|100%| E|CS|TAMS 0x00000000ce800000, 0x00000000ce800000| Complete 
| 233|0x00000000ce900000, 0x00000000cea00000, 0x00000000cea00000|100%| E|CS|TAMS 0x00000000ce900000, 0x00000000ce900000| Complete 
| 234|0x00000000cea00000, 0x00000000ceb00000, 0x00000000ceb00000|100%| E|CS|TAMS 0x00000000cea00000, 0x00000000cea00000| Complete 
| 235|0x00000000ceb00000, 0x00000000cec00000, 0x00000000cec00000|100%| E|CS|TAMS 0x00000000ceb00000, 0x00000000ceb00000| Complete 
| 236|0x00000000cec00000, 0x00000000ced00000, 0x00000000ced00000|100%| E|CS|TAMS 0x00000000cec00000, 0x00000000cec00000| Complete 
| 237|0x00000000ced00000, 0x00000000cee00000, 0x00000000cee00000|100%| E|  |TAMS 0x00000000ced00000, 0x00000000ced00000| Complete 
| 238|0x00000000cee00000, 0x00000000cef00000, 0x00000000cef00000|100%| E|CS|TAMS 0x00000000cee00000, 0x00000000cee00000| Complete 
| 239|0x00000000cef00000, 0x00000000cf000000, 0x00000000cf000000|100%| E|CS|TAMS 0x00000000cef00000, 0x00000000cef00000| Complete 
| 240|0x00000000cf000000, 0x00000000cf100000, 0x00000000cf100000|100%| E|CS|TAMS 0x00000000cf000000, 0x00000000cf000000| Complete 
| 241|0x00000000cf100000, 0x00000000cf200000, 0x00000000cf200000|100%| E|CS|TAMS 0x00000000cf100000, 0x00000000cf100000| Complete 
| 242|0x00000000cf200000, 0x00000000cf300000, 0x00000000cf300000|100%| E|CS|TAMS 0x00000000cf200000, 0x00000000cf200000| Complete 
| 243|0x00000000cf300000, 0x00000000cf400000, 0x00000000cf400000|100%| E|CS|TAMS 0x00000000cf300000, 0x00000000cf300000| Complete 
| 244|0x00000000cf400000, 0x00000000cf500000, 0x00000000cf500000|100%| E|CS|TAMS 0x00000000cf400000, 0x00000000cf400000| Complete 
| 245|0x00000000cf500000, 0x00000000cf600000, 0x00000000cf600000|100%| E|CS|TAMS 0x00000000cf500000, 0x00000000cf500000| Complete 
| 246|0x00000000cf600000, 0x00000000cf700000, 0x00000000cf700000|100%| E|CS|TAMS 0x00000000cf600000, 0x00000000cf600000| Complete 
| 247|0x00000000cf700000, 0x00000000cf800000, 0x00000000cf800000|100%| E|CS|TAMS 0x00000000cf700000, 0x00000000cf700000| Complete 

Card table byte_map: [0x0000027975430000,0x0000027975630000] _byte_map_base: 0x0000027974e30000

Marking Bits (Prev, Next): (CMBitMap*) 0x000002796a33da80, (CMBitMap*) 0x000002796a33da48
 Prev Bits: [0x0000027976830000, 0x0000027977830000)
 Next Bits: [0x0000027975830000, 0x0000027976830000)

Polling page: 0x000002796a3e0000

Metaspace:

Usage:
  Non-class:     20.91 MB capacity,    20.59 MB ( 98%) used,   286.09 KB (  1%) free+waste,    42.50 KB ( <1%) overhead. 
      Class:      3.14 MB capacity,     2.96 MB ( 94%) used,   163.25 KB (  5%) free+waste,    21.00 KB ( <1%) overhead. 
       Both:     24.05 MB capacity,    23.55 MB ( 98%) used,   449.34 KB (  2%) free+waste,    63.50 KB ( <1%) overhead. 

Virtual space:
  Non-class space:       22.00 MB reserved,      21.17 MB ( 96%) committed 
      Class space:      504.00 MB reserved,       3.25 MB ( <1%) committed 
             Both:      526.00 MB reserved,      24.42 MB (  5%) committed 

Chunk freelists:
   Non-Class:  14.00 KB
       Class:  12.00 KB
        Both:  26.00 KB

MaxMetaspaceSize: 512.00 MB
CompressedClassSpaceSize: 504.00 MB
Initial GC threshold: 20.80 MB
Current GC threshold: 35.08 MB
CDS: off

CodeHeap 'non-profiled nmethods': size=119168Kb used=1139Kb max_used=1139Kb free=118028Kb
 bounds [0x0000027907ba0000, 0x0000027907e10000, 0x000002790f000000]
CodeHeap 'profiled nmethods': size=119168Kb used=4974Kb max_used=4974Kb free=114193Kb
 bounds [0x0000027900740000, 0x0000027900c20000, 0x0000027907ba0000]
CodeHeap 'non-nmethods': size=7424Kb used=2909Kb max_used=2939Kb free=4514Kb
 bounds [0x0000027900000000, 0x00000279002f0000, 0x0000027900740000]
 total_blobs=2791 nmethods=2294 adapters=406
 compilation: enabled
              stopped_count=0, restarted_count=0
 full_count=0

Compilation events (20 events):
Event: 3.600 Thread 0x000002797b61e800 2281       3       org.objectweb.asm.SymbolTable::addType (81 bytes)
Event: 3.600 Thread 0x000002797b27d800 2282       3       org.objectweb.asm.Frame::getLocal (46 bytes)
Event: 3.601 Thread 0x000002797b27d800 nmethod 2282 0x0000027900c18110 code [0x0000027900c182c0, 0x0000027900c184b8]
Event: 3.601 Thread 0x000002797b61e800 nmethod 2281 0x0000027900c18590 code [0x0000027900c187c0, 0x0000027900c18d98]
Event: 3.601 Thread 0x000002797b0fe800 2283       3       org.objectweb.asm.Frame::pop (44 bytes)
Event: 3.602 Thread 0x000002797c40c800 2284       3       org.objectweb.asm.Type::getInternalName (16 bytes)
Event: 3.602 Thread 0x000002797b0fe800 nmethod 2283 0x0000027900c19090 code [0x0000027900c19240, 0x0000027900c193b8]
Event: 3.602 Thread 0x000002797b27d800 2285       3       org.objectweb.asm.MethodWriter::visitVarInsn (302 bytes)
Event: 3.602 Thread 0x000002797b61e800 2286       3       org.objectweb.asm.Frame::pop (42 bytes)
Event: 3.602 Thread 0x000002797c40c800 nmethod 2284 0x0000027900c19490 code [0x0000027900c19640, 0x0000027900c19788]
Event: 3.602 Thread 0x000002797b61e800 nmethod 2286 0x0000027900c19890 code [0x0000027900c19a40, 0x0000027900c19bd8]
Event: 3.603 Thread 0x000002797b27d800 nmethod 2285 0x0000027900c19c90 code [0x0000027900c19f00, 0x0000027900c1a908]
Event: 3.605 Thread 0x000002797b0fe800 2289       3       org.objectweb.asm.ByteVector::putShort (52 bytes)
Event: 3.605 Thread 0x000002797b61e800 2288       1       org.objectweb.asm.SymbolTable::getMajorVersion (5 bytes)
Event: 3.605 Thread 0x000002797b61e800 nmethod 2288 0x0000027907cb8790 code [0x0000027907cb8940, 0x0000027907cb89f8]
Event: 3.605 Thread 0x000002797b0fe800 nmethod 2289 0x0000027900c1ab90 code [0x0000027900c1ad60, 0x0000027900c1af68]
Event: 3.606 Thread 0x000002797c40c800 2290       3       jdk.internal.org.objectweb.asm.ClassReader::readUnsignedShort (26 bytes)
Event: 3.606 Thread 0x000002797c40c800 nmethod 2290 0x0000027900c1b090 code [0x0000027900c1b240, 0x0000027900c1b398]
Event: 3.607 Thread 0x000002797d89e000 nmethod 2278 0x0000027907cb8a90 code [0x0000027907cb8c60, 0x0000027907cb93b8]
Event: 3.607 Thread 0x000002797d89e000 2280       4       java.lang.StringBuilder::append (8 bytes)

GC Heap History (4 events):
Event: 1.179 GC heap before
{Heap before GC invocations=0 (full 0):
 garbage-first heap   total 253952K, used 29696K [0x00000000c0000000, 0x0000000100000000)
  region size 1024K, 24 young (24576K), 0 survivors (0K)
 Metaspace       used 9864K, capacity 10020K, committed 10112K, reserved 526336K
  class space    used 1004K, capacity 1069K, committed 1152K, reserved 516096K
}
Event: 1.187 GC heap after
{Heap after GC invocations=1 (full 0):
 garbage-first heap   total 253952K, used 9121K [0x00000000c0000000, 0x0000000100000000)
  region size 1024K, 3 young (3072K), 3 survivors (3072K)
 Metaspace       used 9864K, capacity 10020K, committed 10112K, reserved 526336K
  class space    used 1004K, capacity 1069K, committed 1152K, reserved 516096K
}
Event: 3.240 GC heap before
{Heap before GC invocations=1 (full 0):
 garbage-first heap   total 253952K, used 109473K [0x00000000c0000000, 0x0000000100000000)
  region size 1024K, 101 young (103424K), 3 survivors (3072K)
 Metaspace       used 20834K, capacity 21234K, committed 21296K, reserved 536576K
  class space    used 2516K, capacity 2679K, committed 2688K, reserved 516096K
}
Event: 3.254 GC heap after
{Heap after GC invocations=2 (full 0):
 garbage-first heap   total 253952K, used 16953K [0x00000000c0000000, 0x0000000100000000)
  region size 1024K, 11 young (11264K), 11 survivors (11264K)
 Metaspace       used 20834K, capacity 21234K, committed 21296K, reserved 536576K
  class space    used 2516K, capacity 2679K, committed 2688K, reserved 516096K
}

Deoptimization events (20 events):
Event: 3.211 Thread 0x000002797d7ac000 DEOPT PACKING pc=0x0000027907c25e64 sp=0x000000eceacfb680
Event: 3.211 Thread 0x000002797d7ac000 DEOPT UNPACKING pc=0x000002790004a1af sp=0x000000eceacfb650 mode 2
Event: 3.211 Thread 0x000002797d7ac000 Uncommon trap: trap_request=0xffffff4d fr.pc=0x0000027907c2432c relative=0x00000000000004ec
Event: 3.211 Thread 0x000002797d7ac000 Uncommon trap: reason=unstable_if action=reinterpret pc=0x0000027907c2432c method=java.lang.String.substring(I)Ljava/lang/String; @ 34 c2
Event: 3.211 Thread 0x000002797d7ac000 DEOPT PACKING pc=0x0000027907c2432c sp=0x000000eceacfb600
Event: 3.211 Thread 0x000002797d7ac000 DEOPT UNPACKING pc=0x000002790004a1af sp=0x000000eceacfb5d8 mode 2
Event: 3.349 Thread 0x000002797d7ac000 Uncommon trap: trap_request=0xffffff4d fr.pc=0x0000027907c95798 relative=0x0000000000000398
Event: 3.349 Thread 0x000002797d7ac000 Uncommon trap: reason=unstable_if action=reinterpret pc=0x0000027907c95798 method=jdk.internal.org.objectweb.asm.Type.getArgumentsAndReturnSizes(Ljava/lang/String;)I @ 88 c2
Event: 3.349 Thread 0x000002797d7ac000 DEOPT PACKING pc=0x0000027907c95798 sp=0x000000eceacf9b10
Event: 3.349 Thread 0x000002797d7ac000 DEOPT UNPACKING pc=0x000002790004a1af sp=0x000000eceacf9a98 mode 2
Event: 3.552 Thread 0x000002797d7ac000 Uncommon trap: trap_request=0xffffff4d fr.pc=0x0000027907bfe37c relative=0x000000000000023c
Event: 3.552 Thread 0x000002797d7ac000 Uncommon trap: reason=unstable_if action=reinterpret pc=0x0000027907bfe37c method=java.util.concurrent.ConcurrentHashMap.get(Ljava/lang/Object;)Ljava/lang/Object; @ 76 c2
Event: 3.552 Thread 0x000002797d7ac000 DEOPT PACKING pc=0x0000027907bfe37c sp=0x000000eceacf8bd0
Event: 3.552 Thread 0x000002797d7ac000 DEOPT UNPACKING pc=0x000002790004a1af sp=0x000000eceacf8b38 mode 2
Event: 3.566 Thread 0x000002797d7ac000 DEOPT PACKING pc=0x0000027900bc7755 sp=0x000000eceacf6bb0
Event: 3.566 Thread 0x000002797d7ac000 DEOPT UNPACKING pc=0x000002790004a95e sp=0x000000eceacf60d0 mode 0
Event: 3.570 Thread 0x000002797d7ac000 DEOPT PACKING pc=0x0000027900bc7776 sp=0x000000eceacf9e50
Event: 3.570 Thread 0x000002797d7ac000 DEOPT UNPACKING pc=0x000002790004a95e sp=0x000000eceacf9370 mode 0
Event: 3.586 Thread 0x000002797d7ac000 DEOPT PACKING pc=0x0000027900bc7755 sp=0x000000eceacf9f70
Event: 3.586 Thread 0x000002797d7ac000 DEOPT UNPACKING pc=0x000002790004a95e sp=0x000000eceacf9490 mode 0

Classes redefined (0 events):
No events

Internal exceptions (20 events):
Event: 2.070 Thread 0x000002796a309800 Exception <a 'java/lang/NoSuchMethodError'{0x00000000cc50dc20}: 'java.lang.Object java.lang.invoke.DirectMethodHandle$Holder.invokeStaticInit(java.lang.Object, java.lang.Object, java.lang.Object)'> (0x00000000cc50dc20) thrown at [./src/hotspot/share/interpreter/linkResolver.cpp, line 773]
Event: 2.225 Thread 0x000002796a309800 Exception <a 'java/lang/NoSuchMethodError'{0x00000000cbe143f8}: 'java.lang.Object java.lang.invoke.DirectMethodHandle$Holder.invokeStaticInit(java.lang.Object, int, int, int, int)'> (0x00000000cbe143f8) thrown at [./src/hotspot/share/interpreter/linkResolver.cpp, line 773]
Event: 2.382 Thread 0x000002796a309800 Exception <a 'java/lang/NoSuchMethodError'{0x00000000cbea6290}: 'java.lang.Object java.lang.invoke.DirectMethodHandle$Holder.invokeStaticInit(java.lang.Object, java.lang.Object, int, int, int, int)'> (0x00000000cbea6290) thrown at [./src/hotspot/share/interpreter/linkResolver.cpp, line 773]
Event: 2.663 Thread 0x000002796a309800 Exception <a 'java/io/IOException'{0x00000000cbce98a0}> (0x00000000cbce98a0) thrown at [./src/hotspot/share/prims/jni.cpp, line 617]
Event: 2.812 Thread 0x000002797d7ac000 Exception <a 'java/lang/NoSuchMethodError'{0x00000000cb5f72d8}: 'long java.lang.invoke.DirectMethodHandle$Holder.invokeInterface(java.lang.Object, java.lang.Object)'> (0x00000000cb5f72d8) thrown at [./src/hotspot/share/interpreter/linkResolver.cpp, line 773]
Event: 2.814 Thread 0x000002797d7ac000 Exception <a 'java/lang/NoSuchMethodError'{0x00000000cb404838}: 'void java.lang.invoke.DelegatingMethodHandle$Holder.reinvoke_L(java.lang.Object, java.lang.Object, java.lang.Object, java.lang.Object, java.lang.Object, java.lang.Object, java.lang.Object)'> (0x00000000cb404838) thrown at [./src/hotspot/share/interpreter/linkResolver.cpp, line 773]
Event: 3.068 Thread 0x000002797d7ac000 Implicit null exception at 0x0000027907c0c5ec to 0x0000027907c0cc2c
Event: 3.127 Thread 0x000002797d7ac000 Exception <a 'java/lang/NoSuchMethodError'{0x00000000c9a6a6a0}: 'void java.lang.invoke.DirectMethodHandle$Holder.invokeStaticInit(java.lang.Object)'> (0x00000000c9a6a6a0) thrown at [./src/hotspot/share/interpreter/linkResolver.cpp, line 773]
Event: 3.142 Thread 0x000002797d7ac000 Exception <a 'java/lang/NoSuchMethodError'{0x00000000c9917b98}: 'java.lang.Object java.lang.invoke.DirectMethodHandle$Holder.invokeStatic(java.lang.Object, java.lang.Object, java.lang.Object, int)'> (0x00000000c9917b98) thrown at [./src/hotspot/share/interpreter/linkResolver.cpp, line 773]
Event: 3.142 Thread 0x000002797d7ac000 Exception <a 'java/lang/NoSuchMethodError'{0x00000000c991c2b0}: 'java.lang.Object java.lang.invoke.DirectMethodHandle$Holder.invokeSpecial(java.lang.Object, java.lang.Object, java.lang.Object, java.lang.Object, int)'> (0x00000000c991c2b0) thrown at [./src/hotspot/share/interpreter/linkResolver.cpp, line 773]
Event: 3.143 Thread 0x000002797d7ac000 Exception <a 'java/lang/NoSuchMethodError'{0x00000000c99201e8}: 'java.lang.Object java.lang.invoke.Invokers$Holder.linkToTargetMethod(java.lang.Object, java.lang.Object, int, java.lang.Object)'> (0x00000000c99201e8) thrown at [./src/hotspot/share/interpreter/linkResolver.cpp, line 773]
Event: 3.287 Thread 0x000002797d7ac000 Exception <a 'java/lang/NoSuchMethodError'{0x00000000cf693418}: 'int java.lang.invoke.DirectMethodHandle$Holder.invokeSpecialIFC(java.lang.Object, java.lang.Object, java.lang.Object, java.lang.Object)'> (0x00000000cf693418) thrown at [./src/hotspot/share/interpreter/linkResolver.cpp, line 773]
Event: 3.288 Thread 0x000002797d7ac000 Exception <a 'java/lang/NoSuchMethodError'{0x00000000cf6a13d0}: 'java.lang.Object java.lang.invoke.DirectMethodHandle$Holder.invokeInterface(java.lang.Object, java.lang.Object, java.lang.Object)'> (0x00000000cf6a13d0) thrown at [./src/hotspot/share/interpreter/linkResolver.cpp, line 773]
Event: 3.289 Thread 0x000002797d7ac000 Exception <a 'java/lang/IncompatibleClassChangeError'{0x00000000cf6a48a8}: Found class java.lang.Object, but interface was expected> (0x00000000cf6a48a8) thrown at [./src/hotspot/share/interpreter/linkResolver.cpp, line 839]
Event: 3.391 Thread 0x000002797d7ac000 Exception <a 'java/lang/NoSuchMethodError'{0x00000000cee099c8}: 'void java.lang.invoke.DirectMethodHandle$Holder.invokeSpecial(java.lang.Object, java.lang.Object, java.lang.Object, java.lang.Object, java.lang.Object)'> (0x00000000cee099c8) thrown at [./src/hotspot/share/interpreter/linkResolver.cpp, line 773]
Event: 3.417 Thread 0x000002797d7ac000 Exception <a 'java/lang/NoSuchMethodError'{0x00000000cec3a490}: 'java.lang.Object java.lang.invoke.DirectMethodHandle$Holder.invokeSpecial(java.lang.Object, java.lang.Object, java.lang.Object, java.lang.Object, java.lang.Object, java.lang.Object, java.lang.Object, java.lang.Object, java.lang.Object)'> (0x00000000cec3a490) thrown at [./src/hotspot/share/interpreter/linkResolver.cpp, line 773]
Event: 3.490 Thread 0x000002797d7ac000 Exception <a 'java/lang/NoSuchMethodError'{0x00000000ce27e8c0}: 'java.lang.Object java.lang.invoke.DirectMethodHandle$Holder.invokeVirtual(java.lang.Object, java.lang.Object, java.lang.Object, java.lang.Object)'> (0x00000000ce27e8c0) thrown at [./src/hotspot/share/interpreter/linkResolver.cpp, line 773]
Event: 3.588 Thread 0x000002797d7ac000 Exception <a 'java/lang/NoSuchMethodError'{0x00000000cdcd4418}: 'void java.lang.invoke.DirectMethodHandle$Holder.invokeSpecial(java.lang.Object, java.lang.Object, java.lang.Object, java.lang.Object, java.lang.Object, java.lang.Object)'> (0x00000000cdcd4418) thrown at [./src/hotspot/share/interpreter/linkResolver.cpp, line 773]
Event: 3.599 Thread 0x000002797d7ac000 Exception <a 'java/lang/NoSuchMethodError'{0x00000000cdb43fd8}: 'void java.lang.invoke.DirectMethodHandle$Holder.invokeSpecial(java.lang.Object, java.lang.Object, java.lang.Object, java.lang.Object, java.lang.Object, java.lang.Object, java.lang.Object)'> (0x00000000cdb43fd8) thrown at [./src/hotspot/share/interpreter/linkResolver.cpp, line 773]
Event: 3.599 Thread 0x000002797d7ac000 Exception <a 'java/lang/NoSuchMethodError'{0x00000000cdb4c4c8}: 'java.lang.Object java.lang.invoke.Invokers$Holder.linkToTargetMethod(java.lang.Object, java.lang.Object, java.lang.Object, java.lang.Object, java.lang.Object, java.lang.Object)'> (0x00000000cdb4c4c8) thrown at [./src/hotspot/share/interpreter/linkResolver.cpp, line 773]

Events (20 events):
Event: 3.599 loading class org/gradle/internal/instantiation/generator/AsmBackedClassGenerator$ClassBuilderImpl
Event: 3.599 loading class org/gradle/internal/instantiation/generator/AsmBackedClassGenerator$ClassBuilderImpl done
Event: 3.601 loading class org/gradle/internal/instantiation/generator/AsmBackedClassGenerator$ClassBuilderImpl$ReturnTypeEntry
Event: 3.601 loading class org/gradle/internal/instantiation/generator/AsmBackedClassGenerator$ClassBuilderImpl$ReturnTypeEntry done
Event: 3.603 loading class org/objectweb/asm/Attribute
Event: 3.603 loading class org/objectweb/asm/Attribute done
Event: 3.604 loading class org/objectweb/asm/Handler
Event: 3.604 loading class org/objectweb/asm/Handler done
Event: 3.605 loading class jdk/internal/org/objectweb/asm/ClassReader
Event: 3.606 loading class jdk/internal/org/objectweb/asm/ClassReader done
Event: 3.607 loading class org/gradle/internal/instantiation/generator/ClassGenerator$SerializationConstructor
Event: 3.607 loading class org/gradle/internal/instantiation/generator/ClassGenerator$SerializationConstructor done
Event: 3.608 loading class org/gradle/internal/instantiation/generator/AbstractClassGenerator$GeneratedClassImpl$GeneratedConstructorImpl
Event: 3.608 loading class org/gradle/internal/instantiation/generator/AbstractClassGenerator$GeneratedClassImpl$GeneratedConstructorImpl done
Event: 3.608 loading class org/gradle/internal/instantiation/generator/ClassGenerator$GeneratedConstructor
Event: 3.608 loading class org/gradle/internal/instantiation/generator/ClassGenerator$GeneratedConstructor done
Event: 3.609 loading class org/gradle/internal/instantiation/generator/AsmBackedClassGenerator$InvokeConstructorStrategy
Event: 3.609 loading class org/gradle/internal/instantiation/generator/AsmBackedClassGenerator$InvokeConstructorStrategy done
Event: 3.610 loading class org/gradle/internal/instantiation/generator/ConstructorComparator
Event: 3.610 loading class org/gradle/internal/instantiation/generator/ConstructorComparator done


Dynamic libraries:
0x00007ff7900a0000 - 0x00007ff7900ad000 	C:\Program Files\Eclipse Adoptium\jdk-11.0.17.8-hotspot\bin\java.exe
0x00007ff8f7750000 - 0x00007ff8f7964000 	C:\WINDOWS\SYSTEM32\ntdll.dll
0x00007ff8f74b0000 - 0x00007ff8f7573000 	C:\WINDOWS\System32\KERNEL32.DLL
0x00007ff8f4c80000 - 0x00007ff8f501c000 	C:\WINDOWS\System32\KERNELBASE.dll
0x00007ff8f5280000 - 0x00007ff8f5391000 	C:\WINDOWS\System32\ucrtbase.dll
0x00007ff8efbd0000 - 0x00007ff8efbe7000 	C:\Program Files\Eclipse Adoptium\jdk-11.0.17.8-hotspot\bin\jli.dll
0x00007ff8e6e90000 - 0x00007ff8e6ea5000 	C:\Program Files\Eclipse Adoptium\jdk-11.0.17.8-hotspot\bin\VCRUNTIME140.dll
0x00007ff8f7120000 - 0x00007ff8f72cd000 	C:\WINDOWS\System32\USER32.dll
0x00007ff8f4b90000 - 0x00007ff8f4bb6000 	C:\WINDOWS\System32\win32u.dll
0x00007ff8eb1c0000 - 0x00007ff8eb44e000 	C:\WINDOWS\WinSxS\amd64_microsoft.windows.common-controls_6595b64144ccf1df_6.0.22621.608_none_a9444ca7c10bb01d\COMCTL32.dll
0x00007ff8f7460000 - 0x00007ff8f7489000 	C:\WINDOWS\System32\GDI32.dll
0x00007ff8f5700000 - 0x00007ff8f57a7000 	C:\WINDOWS\System32\msvcrt.dll
0x00007ff8f5440000 - 0x00007ff8f5553000 	C:\WINDOWS\System32\gdi32full.dll
0x00007ff8f53a0000 - 0x00007ff8f543a000 	C:\WINDOWS\System32\msvcp_win.dll
0x00007ff8f6c50000 - 0x00007ff8f6c81000 	C:\WINDOWS\System32\IMM32.DLL
0x00007ff8cca30000 - 0x00007ff8ccacb000 	C:\Program Files\Eclipse Adoptium\jdk-11.0.17.8-hotspot\bin\msvcp140.dll
0x00007ff89fc50000 - 0x00007ff8a07d2000 	C:\Program Files\Eclipse Adoptium\jdk-11.0.17.8-hotspot\bin\server\jvm.dll
0x00007ff8f7640000 - 0x00007ff8f76ee000 	C:\WINDOWS\System32\ADVAPI32.dll
0x00007ff8f5ea0000 - 0x00007ff8f5f44000 	C:\WINDOWS\System32\sechost.dll
0x00007ff8f59e0000 - 0x00007ff8f5af5000 	C:\WINDOWS\System32\RPCRT4.dll
0x00007ff8f6c90000 - 0x00007ff8f6c98000 	C:\WINDOWS\System32\PSAPI.DLL
0x00007ff8efd40000 - 0x00007ff8efd49000 	C:\WINDOWS\SYSTEM32\WSOCK32.dll
0x00007ff8eb050000 - 0x00007ff8eb05a000 	C:\WINDOWS\SYSTEM32\VERSION.dll
0x00007ff8f5f50000 - 0x00007ff8f5fc1000 	C:\WINDOWS\System32\WS2_32.dll
0x00007ff8ec5a0000 - 0x00007ff8ec5d4000 	C:\WINDOWS\SYSTEM32\WINMM.dll
0x00007ff8f3c80000 - 0x00007ff8f3c98000 	C:\WINDOWS\SYSTEM32\kernel.appcore.dll
0x00007ff8efbc0000 - 0x00007ff8efbd0000 	C:\Program Files\Eclipse Adoptium\jdk-11.0.17.8-hotspot\bin\verify.dll
0x00007ff8f2680000 - 0x00007ff8f28ae000 	C:\WINDOWS\SYSTEM32\DBGHELP.DLL
0x00007ff8f5b00000 - 0x00007ff8f5e89000 	C:\WINDOWS\System32\combase.dll
0x00007ff8f5610000 - 0x00007ff8f56e7000 	C:\WINDOWS\System32\OLEAUT32.dll
0x00007ff8ea110000 - 0x00007ff8ea142000 	C:\WINDOWS\SYSTEM32\dbgcore.DLL
0x00007ff8f5190000 - 0x00007ff8f520b000 	C:\WINDOWS\System32\bcryptPrimitives.dll
0x00007ff8e6010000 - 0x00007ff8e6038000 	C:\Program Files\Eclipse Adoptium\jdk-11.0.17.8-hotspot\bin\java.dll
0x00007ff8efb50000 - 0x00007ff8efb5a000 	C:\Program Files\Eclipse Adoptium\jdk-11.0.17.8-hotspot\bin\jimage.dll
0x00007ff8e6c70000 - 0x00007ff8e6c88000 	C:\Program Files\Eclipse Adoptium\jdk-11.0.17.8-hotspot\bin\zip.dll
0x00007ff8f5fd0000 - 0x00007ff8f67c0000 	C:\WINDOWS\System32\SHELL32.dll
0x00007ff8f2ba0000 - 0x00007ff8f346e000 	C:\WINDOWS\SYSTEM32\windows.storage.dll
0x00007ff8f2a60000 - 0x00007ff8f2b9e000 	C:\WINDOWS\SYSTEM32\wintypes.dll
0x00007ff8f58e0000 - 0x00007ff8f59d1000 	C:\WINDOWS\System32\SHCORE.dll
0x00007ff8f7580000 - 0x00007ff8f75de000 	C:\WINDOWS\System32\shlwapi.dll
0x00007ff8f4ac0000 - 0x00007ff8f4ae1000 	C:\WINDOWS\SYSTEM32\profapi.dll
0x00007ff8e5ff0000 - 0x00007ff8e6009000 	C:\Program Files\Eclipse Adoptium\jdk-11.0.17.8-hotspot\bin\net.dll
0x00007ff8ed9f0000 - 0x00007ff8edb1f000 	C:\WINDOWS\SYSTEM32\WINHTTP.dll
0x00007ff8f4140000 - 0x00007ff8f41a9000 	C:\WINDOWS\system32\mswsock.dll
0x00007ff8e2a60000 - 0x00007ff8e2a73000 	C:\Program Files\Eclipse Adoptium\jdk-11.0.17.8-hotspot\bin\nio.dll
0x00007ff8d5060000 - 0x00007ff8d5087000 	C:\Users\ASUS\.gradle\native\e1d6ef7f7dcc3fd88c89a11ec53ec762bb8ba0a96d01ffa2cd45eb1d1d8dd5c5\windows-amd64\native-platform.dll
0x00007ff8c2750000 - 0x00007ff8c2894000 	C:\Users\ASUS\.gradle\native\0d407fdbe67a94daf76414ababcb853783967236a71b16ec16e742cd7a986fd3\windows-amd64\native-platform-file-events.dll
0x00007ff8ec680000 - 0x00007ff8ec689000 	C:\Program Files\Eclipse Adoptium\jdk-11.0.17.8-hotspot\bin\management.dll
0x00007ff8ec610000 - 0x00007ff8ec61b000 	C:\Program Files\Eclipse Adoptium\jdk-11.0.17.8-hotspot\bin\management_ext.dll
0x00007ff8f43b0000 - 0x00007ff8f43cb000 	C:\WINDOWS\SYSTEM32\CRYPTSP.dll
0x00007ff8f3bc0000 - 0x00007ff8f3bf5000 	C:\WINDOWS\system32\rsaenh.dll
0x00007ff8f4240000 - 0x00007ff8f4268000 	C:\WINDOWS\SYSTEM32\USERENV.dll
0x00007ff8f4560000 - 0x00007ff8f4588000 	C:\WINDOWS\SYSTEM32\bcrypt.dll
0x00007ff8f43a0000 - 0x00007ff8f43ac000 	C:\WINDOWS\SYSTEM32\CRYPTBASE.dll
0x00007ff8f3760000 - 0x00007ff8f378d000 	C:\WINDOWS\SYSTEM32\IPHLPAPI.DLL
0x00007ff8f6c40000 - 0x00007ff8f6c49000 	C:\WINDOWS\System32\NSI.dll
0x00007ff8ed7f0000 - 0x00007ff8ed809000 	C:\WINDOWS\SYSTEM32\dhcpcsvc6.DLL
0x00007ff8ed590000 - 0x00007ff8ed5af000 	C:\WINDOWS\SYSTEM32\dhcpcsvc.DLL
0x00007ff8f37e0000 - 0x00007ff8f38d3000 	C:\WINDOWS\SYSTEM32\DNSAPI.dll

dbghelp: loaded successfully - version: 4.0.5 - missing functions: none
symbol engine: initialized successfully - sym options: 0x614 - pdb path: .;C:\Program Files\Eclipse Adoptium\jdk-11.0.17.8-hotspot\bin;C:\WINDOWS\SYSTEM32;C:\WINDOWS\WinSxS\amd64_microsoft.windows.common-controls_6595b64144ccf1df_6.0.22621.608_none_a9444ca7c10bb01d;C:\Program Files\Eclipse Adoptium\jdk-11.0.17.8-hotspot\bin\server;C:\Users\ASUS\.gradle\native\e1d6ef7f7dcc3fd88c89a11ec53ec762bb8ba0a96d01ffa2cd45eb1d1d8dd5c5\windows-amd64;C:\Users\ASUS\.gradle\native\0d407fdbe67a94daf76414ababcb853783967236a71b16ec16e742cd7a986fd3\windows-amd64

VM Arguments:
jvm_args: -XX:MaxMetaspaceSize=512m -XX:+HeapDumpOnOutOfMemoryError --add-opens=java.base/java.util=ALL-UNNAMED --add-opens=java.base/java.lang=ALL-UNNAMED --add-opens=java.base/java.lang.invoke=ALL-UNNAMED --add-opens=java.base/java.util=ALL-UNNAMED --add-opens=java.prefs/java.util.prefs=ALL-UNNAMED --add-opens=java.prefs/java.util.prefs=ALL-UNNAMED --add-opens=java.base/java.nio.charset=ALL-UNNAMED --add-opens=java.base/java.net=ALL-UNNAMED --add-opens=java.base/java.util.concurrent.atomic=ALL-UNNAMED -Xmx1024m -Dfile.encoding=utf-8 -Duser.country=US -Duser.language=en -Duser.variant 
java_command: org.gradle.launcher.daemon.bootstrap.GradleDaemon 7.4.2
java_class_path (initial): C:\Users\ASUS\.gradle\wrapper\dists\gradle-7.4.2-bin\48ivgl02cpt2ed3fh9dbalvx8\gradle-7.4.2\lib\gradle-launcher-7.4.2.jar
Launcher Type: SUN_STANDARD

[Global flags]
     intx CICompilerCount                          = 12                                        {product} {ergonomic}
   size_t CompressedClassSpaceSize                 = 528482304                                 {product} {ergonomic}
     uint ConcGCThreads                            = 3                                         {product} {ergonomic}
     uint G1ConcRefinementThreads                  = 13                                        {product} {ergonomic}
   size_t G1HeapRegionSize                         = 1048576                                   {product} {ergonomic}
    uintx GCDrainStackTargetSize                   = 64                                        {product} {ergonomic}
     bool HeapDumpOnOutOfMemoryError               = true                                   {manageable} {command line}
   size_t InitialHeapSize                          = 260046848                                 {product} {ergonomic}
   size_t MarkStackSize                            = 4194304                                   {product} {ergonomic}
   size_t MaxHeapSize                              = 1073741824                                {product} {command line}
   size_t MaxMetaspaceSize                         = 536870912                                 {product} {command line}
   size_t MaxNewSize                               = 643825664                                 {product} {ergonomic}
   size_t MinHeapDeltaBytes                        = 1048576                                   {product} {ergonomic}
    uintx NonNMethodCodeHeapSize                   = 7594288                                {pd product} {ergonomic}
    uintx NonProfiledCodeHeapSize                  = 122031976                              {pd product} {ergonomic}
    uintx ProfiledCodeHeapSize                     = 122031976                              {pd product} {ergonomic}
    uintx ReservedCodeCacheSize                    = 251658240                              {pd product} {ergonomic}
     bool SegmentedCodeCache                       = true                                      {product} {ergonomic}
     bool UseCompressedClassPointers               = true                                 {lp64_product} {ergonomic}
     bool UseCompressedOops                        = true                                 {lp64_product} {ergonomic}
     bool UseG1GC                                  = true                                      {product} {ergonomic}
     bool UseLargePagesIndividualAllocation        = false                                  {pd product} {ergonomic}

Logging:
Log output configuration:
 #0: stdout all=warning uptime,level,tags
 #1: stderr all=off uptime,level,tags

Environment Variables:
PATH=C:\Program Files\Eclipse Adoptium\jdk-11.0.17.8-hotspot\bin;C:\WINDOWS\system32;C:\WINDOWS;C:\WINDOWS\System32\Wbem;C:\WINDOWS\System32\WindowsPowerShell\v1.0\;C:\WINDOWS\System32\OpenSSH\;C:\Program Files\Git\cmd;C:\Program Files\nodejs\;C:\Program Files\Go\bin;C:\ProgramData\chocolatey\bin;C:\Program Files\PuTTY\;C:\Program Files\GitHub CLI\;C:\Program Files\dotnet\;C:\Ruby32-x64\bin;C:\Users\ASUS\AppData\Local\Microsoft\WindowsApps;;C:\Users\ASUS\AppData\Local\Programs\Microsoft VS Code\bin;C:\Users\ASUS\AppData\Roaming\npm;C:\Users\ASUS\go\bin;C:\ProgramData\chocolatey\lib\mingw\tools\install\mingw64\bin
USERNAME=ASUS
OS=Windows_NT
PROCESSOR_IDENTIFIER=AMD64 Family 23 Model 104 Stepping 1, AuthenticAMD
TMP=C:\Users\ASUS\AppData\Local\Temp
TEMP=C:\Users\ASUS\AppData\Local\Temp



---------------  S Y S T E M  ---------------

OS: Windows 11 , 64 bit Build 22621 (10.0.22621.1344)
OS uptime: 15 days 11:34 hours

CPU:total 16 (initial active 16) (16 cores per cpu, 2 threads per core) family 23 model 104 stepping 1 microcode 0x0, cmov, cx8, fxsr, mmx, sse, sse2, sse3, ssse3, sse4.1, sse4.2, popcnt, avx, avx2, aes, clmul, mmxext, 3dnowpref, lzcnt, sse4a, ht, tsc, tscinvbit, tscinv, bmi1, bmi2, adx, sha, fma

Memory: 4k page, system-wide physical 15752M (811M free)
TotalPageFile size 64904M (AvailPageFile size 5M)
current process WorkingSet (physical memory assigned to process): 222M, peak: 223M
current process commit charge ("private bytes"): 410M, peak: 411M

vm_info: OpenJDK 64-Bit Server VM (11.0.17+8) for windows-amd64 JRE (11.0.17+8), built on Oct 19 2022 00:04:05 by "" with MS VC++ 15.9 (VS2017)

END.
