#
# A fatal error has been detected by the Java Runtime Environment:
#
#  Internal Error (safepoint.cpp:899), pid=33457, tid=29187
#  fatal error: Illegal threadstate encountered: 4
#
# JRE version: Java(TM) SE Runtime Environment (12.0.2+10) (build 12.0.2+10)
# Java VM: Java HotSpot(TM) 64-Bit Server VM (12.0.2+10, mixed mode, sharing, tiered, compressed oops, g1 gc, bsd-amd64)
# No core dump will be written. Core dumps have been disabled. To enable core dumping, try "ulimit -c unlimited" before starting Java again
#
# If you would like to submit a bug report, please visit:
#   http://bugreport.java.com/bugreport/crash.jsp
# The crash happened outside the Java Virtual Machine in native code.
# See problematic frame for where to report the bug.
#

---------------  S U M M A R Y ------------

Command Line: -Dfile.encoding=UTF-8 -Duser.country=GB -Duser.language=en -Duser.variant seedu.address.Main

Host: MacBookAir8,1 x86_64 1600 MHz, 4 cores, 8G, Darwin 21.6.0
Time: Sun Mar 12 01:27:02 2023 +08 elapsed time: 42 seconds (0d 0h 0m 42s)

---------------  T H R E A D  ---------------

Current thread (0x00007fb8e78ed000):  JavaThread "InvokeLaterDispatcher" daemon [_thread_in_native, id=29187, stack(0x00007000014f6000,0x00007000015f6000)]

Stack: [0x00007000014f6000,0x00007000015f6000],  sp=0x00007000015f43e0,  free space=1016k
Native frames: (J=compiled Java code, A=aot compiled Java code, j=interpreted, Vv=VM code, C=native code)
V  [libjvm.dylib+0x734734]  _ZN7VMError14report_and_dieEiPKcS1_P13__va_list_tagP6ThreadPhPvS7_S1_im+0x5c0
V  [libjvm.dylib+0x734d4b]  _ZN7VMError14report_and_dieEP6ThreadPvPKciS4_S4_P13__va_list_tag+0x47
V  [libjvm.dylib+0x25b4b1]  _Z12report_fatalPKciS0_z+0xb5
V  [libjvm.dylib+0x649d97]  _ZN20SafepointSynchronize5blockEP10JavaThread+0x1d1
V  [libjvm.dylib+0x6e44a0]  _ZN10JavaThread44check_safepoint_and_suspend_for_native_transEPS_+0xa2
V  [libjvm.dylib+0x3c8a26]  jni_DeleteGlobalRef+0x8b
C  [libglass.dylib+0x8871]  -[GlassRunnable dealloc]+0x31
C  [Foundation+0x818be]  -[_NSThreadPerformInfo dealloc]+0x2a
C  [Foundation+0x4e446]  -[NSObject(NSThreadPerformAdditions) performSelectorOnMainThread:withObject:waitUntilDone:]+0x7c
J 4902  com.sun.glass.ui.mac.MacApplication._submitForLaterInvocation(Ljava/lang/Runnable;)V (0 bytes) @ 0x000000011dcc770f [0x000000011dcc7640+0x00000000000000cf]
J 4901 c1 com.sun.glass.ui.mac.MacApplication.submitForLaterInvocation(Ljava/lang/Runnable;)V (6 bytes) @ 0x0000000116fcb554 [0x0000000116fcb4c0+0x0000000000000094]
j  com.sun.glass.ui.InvokeLaterDispatcher.run()V+82
v  ~StubRoutines::call_stub
V  [libjvm.dylib+0x392641]  _ZN9JavaCalls11call_helperEP9JavaValueRK12methodHandleP17JavaCallArgumentsP6Thread+0x285
V  [libjvm.dylib+0x391a20]  _ZN9JavaCalls12call_virtualEP9JavaValueP5KlassP6SymbolS5_P17JavaCallArgumentsP6Thread+0xee
V  [libjvm.dylib+0x391adc]  _ZN9JavaCalls12call_virtualEP9JavaValue6HandleP5KlassP6SymbolS6_P6Thread+0x62
V  [libjvm.dylib+0x4101e8]  _ZL12thread_entryP10JavaThreadP6Thread+0x78
V  [libjvm.dylib+0x6e2ecc]  _ZN10JavaThread17thread_main_innerEv+0x82
V  [libjvm.dylib+0x6e2d16]  _ZN10JavaThread3runEv+0x16c
V  [libjvm.dylib+0x6e0c1c]  _ZN6Thread8call_runEv+0x68
V  [libjvm.dylib+0x5db0df]  _ZL19thread_native_entryP6Thread+0x139
C  [libsystem_pthread.dylib+0x64e1]  _pthread_start+0x7d
C  [libsystem_pthread.dylib+0x1f6b]  thread_start+0xf

Java frames: (J=compiled Java code, j=interpreted, Vv=VM code)
J 4902  com.sun.glass.ui.mac.MacApplication._submitForLaterInvocation(Ljava/lang/Runnable;)V (0 bytes) @ 0x000000011dcc769c [0x000000011dcc7640+0x000000000000005c]
J 4901 c1 com.sun.glass.ui.mac.MacApplication.submitForLaterInvocation(Ljava/lang/Runnable;)V (6 bytes) @ 0x0000000116fcb554 [0x0000000116fcb4c0+0x0000000000000094]
j  com.sun.glass.ui.InvokeLaterDispatcher.run()V+82
v  ~StubRoutines::call_stub

---------------  P R O C E S S  ---------------

Threads class SMR info:
_java_thread_list=0x00006000000c83c0, length=16, elements={
0x00007fb8e980a000, 0x00007fb8e9028000, 0x00007fb8e800b000, 0x00007fb8e902e000,
0x00007fb8e8017000, 0x00007fb8e8018000, 0x00007fb8e986f800, 0x00007fb8e9813000,
0x00007fb8e9031000, 0x00007fb8e9087000, 0x00007fb8e908a000, 0x00007fb8e78ed000,
0x00007fb8e99cc800, 0x00007fb8e7ad9800, 0x00007fb8e934b800, 0x00007fb8e9485000
}

Java Threads: ( => current thread )
  0x00007fb8e980a000 JavaThread "main" [_thread_blocked, id=6403, stack(0x00007000001ba000,0x00007000002ba000)]
  0x00007fb8e9028000 JavaThread "Reference Handler" daemon [_thread_blocked, id=18691, stack(0x00007000008cf000,0x00007000009cf000)]
  0x00007fb8e800b000 JavaThread "Finalizer" daemon [_thread_blocked, id=18435, stack(0x00007000009d2000,0x0000700000ad2000)]
  0x00007fb8e902e000 JavaThread "Signal Dispatcher" daemon [_thread_blocked, id=16643, stack(0x0000700000bdb000,0x0000700000cdb000)]
  0x00007fb8e8017000 JavaThread "C2 CompilerThread0" daemon [_thread_in_native, id=21763, stack(0x0000700000cde000,0x0000700000dde000)]
  0x00007fb8e8018000 JavaThread "C1 CompilerThread0" daemon [_thread_blocked, id=22275, stack(0x0000700000de1000,0x0000700000ee1000)]
  0x00007fb8e986f800 JavaThread "Sweeper thread" daemon [_thread_blocked, id=42499, stack(0x0000700000ee4000,0x0000700000fe4000)]
  0x00007fb8e9813000 JavaThread "Service Thread" daemon [_thread_blocked, id=22531, stack(0x0000700000fe7000,0x00007000010e7000)]
  0x00007fb8e9031000 JavaThread "Common-Cleaner" daemon [_thread_blocked, id=23299, stack(0x00007000011ed000,0x00007000012ed000)]
  0x00007fb8e9087000 JavaThread "JavaFX-Launcher" [_thread_blocked, id=23811, stack(0x00007000012f0000,0x00007000013f0000)]
  0x00007fb8e908a000 JavaThread "QuantumRenderer-0" daemon [_thread_blocked, id=40963, stack(0x00007000013f3000,0x00007000014f3000)]
=>0x00007fb8e78ed000 JavaThread "InvokeLaterDispatcher" daemon [_thread_in_native, id=29187, stack(0x00007000014f6000,0x00007000015f6000)]
  0x00007fb8e99cc800 JavaThread "JavaFX Application Thread" [_thread_in_native_trans, id=259, stack(0x00007ff7ba7c3000,0x00007ff7bafc3000)]
  0x00007fb8e7ad9800 JavaThread "Thread-3" daemon [_thread_in_native, id=46599, stack(0x000070000167c000,0x00007000016fc000)]
  0x00007fb8e934b800 JavaThread "Prism Font Disposer" daemon [_thread_blocked, id=60939, stack(0x0000700001d97000,0x0000700001e97000)]
  0x00007fb8e9485000 JavaThread "Cleaner-0" daemon [_thread_blocked, id=65291, stack(0x0000700001f1d000,0x000070000201d000)]

Other Threads:
  0x00007fb8e9027800 VMThread "VM Thread" [stack: 0x00007000007cc000,0x00007000008cc000] [id=13571]
  0x00007fb8e9030000 WatcherThread [stack: 0x00007000010ea000,0x00007000011ea000] [id=22787]
  0x00007fb8e7830800 GCTaskThread "GC Thread#0" [stack: 0x00007000002bd000,0x00007000003bd000] [id=21251]
  0x00007fb8e823c800 GCTaskThread "GC Thread#1" [stack: 0x0000700001805000,0x0000700001905000] [id=54279]
  0x00007fb8e7adf000 GCTaskThread "GC Thread#2" [stack: 0x0000700001908000,0x0000700001a08000] [id=54535]
  0x00007fb8e99ce800 GCTaskThread "GC Thread#3" [stack: 0x0000700001a0b000,0x0000700001b0b000] [id=54787]
  0x00007fb8e9009000 ConcurrentGCThread "G1 Main Marker" [stack: 0x00007000003c0000,0x00007000004c0000] [id=11779]
  0x00007fb8e800f000 ConcurrentGCThread "G1 Conc#0" [stack: 0x00007000004c3000,0x00007000005c3000] [id=20227]
  0x00007fb8e7881000 ConcurrentGCThread "G1 Refine#0" [stack: 0x00007000005c6000,0x00007000006c6000] [id=12547]
  0x00007fb8e7b36000 ConcurrentGCThread "G1 Refine#1" [stack: 0x0000700001b0e000,0x0000700001c0e000] [id=76039]
  0x00007fb8e824f000 ConcurrentGCThread "G1 Refine#2" [stack: 0x0000700001c11000,0x0000700001d11000] [id=55563]
  0x00007fb8e900a000 ConcurrentGCThread "G1 Young RemSet Sampling" [stack: 0x00007000006c9000,0x00007000007c9000] [id=19971]

Threads with active compile tasks:
C2 CompilerThread0  5843   !   4       com.sun.javafx.text.PrismTextLayout::layout (1635 bytes)

VM state:not at safepoint (normal execution)

VM Mutex/Monitor currently owned by a thread: None

Heap address: 0x0000000780000000, size: 2048 MB, Compressed Oops mode: Zero based, Oop shift amount: 3
Narrow klass base: 0x0000000800000000, Narrow klass shift: 3
Compressed class space size: 1073741824 Address: 0x0000000801101000

Heap:
 garbage-first heap   total 58368K, used 29313K [0x0000000780000000, 0x0000000800000000)
  region size 1024K, 16 young (16384K), 2 survivors (2048K)
 Metaspace       used 25881K, capacity 27122K, committed 27392K, reserved 1073152K
  class space    used 3326K, capacity 3828K, committed 3840K, reserved 1048576K
Heap Regions: E=young(eden), S=young(survivor), O=old, HS=humongous(starts), HC=humongous(continues), CS=collection set, F=free, A=archive, TAMS=top-at-mark-start (previous, next)
|   0|0x0000000780000000, 0x0000000780100000, 0x0000000780100000|100%| O|  |TAMS 0x0000000780100000, 0x0000000780000000| Untracked 
|   1|0x0000000780100000, 0x0000000780200000, 0x0000000780200000|100%| O|  |TAMS 0x0000000780200000, 0x0000000780100000| Untracked 
|   2|0x0000000780200000, 0x0000000780300000, 0x0000000780300000|100%| O|  |TAMS 0x0000000780300000, 0x0000000780200000| Untracked 
|   3|0x0000000780300000, 0x0000000780400000, 0x0000000780400000|100%| O|  |TAMS 0x0000000780400000, 0x0000000780300000| Untracked 
|   4|0x0000000780400000, 0x000000078040bc00, 0x0000000780500000|  4%| O|  |TAMS 0x000000078040bc00, 0x0000000780400000| Untracked 
|   5|0x0000000780500000, 0x0000000780600000, 0x0000000780600000|100%|HS|  |TAMS 0x0000000780500000, 0x0000000780500000| Complete 
|   6|0x0000000780600000, 0x0000000780700000, 0x0000000780700000|100%|HC|  |TAMS 0x0000000780600000, 0x0000000780600000| Complete 
|   7|0x0000000780700000, 0x0000000780800000, 0x0000000780800000|100%| O|  |TAMS 0x0000000780700000, 0x0000000780700000| Untracked 
|   8|0x0000000780800000, 0x000000078088b600, 0x0000000780900000| 54%| O|  |TAMS 0x0000000780800000, 0x0000000780800000| Untracked 
|   9|0x0000000780900000, 0x0000000780900000, 0x0000000780a00000|  0%| F|  |TAMS 0x0000000780900000, 0x0000000780900000| Untracked 
|  10|0x0000000780a00000, 0x0000000780a00000, 0x0000000780b00000|  0%| F|  |TAMS 0x0000000780a00000, 0x0000000780a00000| Untracked 
|  11|0x0000000780b00000, 0x0000000780b00000, 0x0000000780c00000|  0%| F|  |TAMS 0x0000000780b00000, 0x0000000780b00000| Untracked 
|  12|0x0000000780c00000, 0x0000000780c00000, 0x0000000780d00000|  0%| F|  |TAMS 0x0000000780c00000, 0x0000000780c00000| Untracked 
|  13|0x0000000780d00000, 0x0000000780d00000, 0x0000000780e00000|  0%| F|  |TAMS 0x0000000780d00000, 0x0000000780d00000| Untracked 
|  14|0x0000000780e00000, 0x0000000780e00000, 0x0000000780f00000|  0%| F|  |TAMS 0x0000000780e00000, 0x0000000780e00000| Untracked 
|  15|0x0000000780f00000, 0x0000000780f00000, 0x0000000781000000|  0%| F|  |TAMS 0x0000000780f00000, 0x0000000780f00000| Untracked 
|  16|0x0000000781000000, 0x0000000781000000, 0x0000000781100000|  0%| F|  |TAMS 0x0000000781000000, 0x0000000781000000| Untracked 
|  17|0x0000000781100000, 0x0000000781100000, 0x0000000781200000|  0%| F|  |TAMS 0x0000000781100000, 0x0000000781100000| Untracked 
|  18|0x0000000781200000, 0x0000000781200000, 0x0000000781300000|  0%| F|  |TAMS 0x0000000781200000, 0x0000000781200000| Untracked 
|  19|0x0000000781300000, 0x0000000781300000, 0x0000000781400000|  0%| F|  |TAMS 0x0000000781300000, 0x0000000781300000| Untracked 
|  20|0x0000000781400000, 0x0000000781400000, 0x0000000781500000|  0%| F|  |TAMS 0x0000000781400000, 0x0000000781400000| Untracked 
|  21|0x0000000781500000, 0x0000000781500000, 0x0000000781600000|  0%| F|  |TAMS 0x0000000781500000, 0x0000000781500000| Untracked 
|  22|0x0000000781600000, 0x0000000781600000, 0x0000000781700000|  0%| F|  |TAMS 0x0000000781600000, 0x0000000781600000| Untracked 
|  23|0x0000000781700000, 0x0000000781700000, 0x0000000781800000|  0%| F|  |TAMS 0x0000000781700000, 0x0000000781700000| Untracked 
|  24|0x0000000781800000, 0x0000000781800000, 0x0000000781900000|  0%| F|  |TAMS 0x0000000781800000, 0x0000000781800000| Untracked 
|  25|0x0000000781900000, 0x00000007819514a0, 0x0000000781a00000| 31%| S|CS|TAMS 0x0000000781900000, 0x0000000781900000| Complete 
|  26|0x0000000781a00000, 0x0000000781b00000, 0x0000000781b00000|100%| S|CS|TAMS 0x0000000781a00000, 0x0000000781a00000| Complete 
|  27|0x0000000781b00000, 0x0000000781b00000, 0x0000000781c00000|  0%| F|  |TAMS 0x0000000781b00000, 0x0000000781b00000| Untracked 
|  28|0x0000000781c00000, 0x0000000781c00000, 0x0000000781d00000|  0%| F|  |TAMS 0x0000000781c00000, 0x0000000781c00000| Untracked 
|  29|0x0000000781d00000, 0x0000000781d00000, 0x0000000781e00000|  0%| F|  |TAMS 0x0000000781d00000, 0x0000000781d00000| Untracked 
|  30|0x0000000781e00000, 0x0000000781e00000, 0x0000000781f00000|  0%| F|  |TAMS 0x0000000781e00000, 0x0000000781e00000| Untracked 
|  31|0x0000000781f00000, 0x0000000781f00000, 0x0000000782000000|  0%| F|  |TAMS 0x0000000781f00000, 0x0000000781f00000| Untracked 
|  32|0x0000000782000000, 0x0000000782000000, 0x0000000782100000|  0%| F|  |TAMS 0x0000000782000000, 0x0000000782000000| Untracked 
|  33|0x0000000782100000, 0x0000000782100000, 0x0000000782200000|  0%| F|  |TAMS 0x0000000782100000, 0x0000000782100000| Untracked 
|  34|0x0000000782200000, 0x0000000782200000, 0x0000000782300000|  0%| F|  |TAMS 0x0000000782200000, 0x0000000782200000| Untracked 
|  35|0x0000000782300000, 0x00000007823e4a78, 0x0000000782400000| 89%| E|  |TAMS 0x0000000782300000, 0x0000000782300000| Complete 
|  36|0x0000000782400000, 0x0000000782500000, 0x0000000782500000|100%| E|CS|TAMS 0x0000000782400000, 0x0000000782400000| Complete 
|  37|0x0000000782500000, 0x0000000782600000, 0x0000000782600000|100%| E|CS|TAMS 0x0000000782500000, 0x0000000782500000| Complete 
|  38|0x0000000782600000, 0x0000000782700000, 0x0000000782700000|100%| E|CS|TAMS 0x0000000782600000, 0x0000000782600000| Complete 
|  39|0x0000000782700000, 0x0000000782800000, 0x0000000782800000|100%| O|  |TAMS 0x0000000782700000, 0x0000000782700000| Untracked 
|  40|0x0000000782800000, 0x0000000782900000, 0x0000000782900000|100%| O|  |TAMS 0x0000000782800000, 0x0000000782800000| Untracked 
|  41|0x0000000782900000, 0x0000000782a00000, 0x0000000782a00000|100%| E|CS|TAMS 0x0000000782900000, 0x0000000782900000| Complete 
|  42|0x0000000782a00000, 0x0000000782b00000, 0x0000000782b00000|100%| O|  |TAMS 0x0000000782a00000, 0x0000000782a00000| Untracked 
|  43|0x0000000782b00000, 0x0000000782c00000, 0x0000000782c00000|100%| O|  |TAMS 0x0000000782b00000, 0x0000000782b00000| Untracked 
|  44|0x0000000782c00000, 0x0000000782d00000, 0x0000000782d00000|100%| O|  |TAMS 0x0000000782c00000, 0x0000000782c00000| Untracked 
|  45|0x0000000782d00000, 0x0000000782e00000, 0x0000000782e00000|100%| E|CS|TAMS 0x0000000782d00000, 0x0000000782d00000| Complete 
|  46|0x0000000782e00000, 0x0000000782f00000, 0x0000000782f00000|100%| O|  |TAMS 0x0000000782e00000, 0x0000000782e00000| Untracked 
|  47|0x0000000782f00000, 0x0000000783000000, 0x0000000783000000|100%| E|CS|TAMS 0x0000000782f00000, 0x0000000782f00000| Complete 
|  80|0x0000000785000000, 0x0000000785100000, 0x0000000785100000|100%| E|CS|TAMS 0x0000000785000000, 0x0000000785000000| Complete 
|  81|0x0000000785100000, 0x0000000785200000, 0x0000000785200000|100%| E|CS|TAMS 0x0000000785100000, 0x0000000785100000| Complete 
|  82|0x0000000785200000, 0x0000000785300000, 0x0000000785300000|100%| E|CS|TAMS 0x0000000785200000, 0x0000000785200000| Complete 
|  83|0x0000000785300000, 0x0000000785400000, 0x0000000785400000|100%| E|CS|TAMS 0x0000000785300000, 0x0000000785300000| Complete 
|  84|0x0000000785400000, 0x0000000785500000, 0x0000000785500000|100%| E|CS|TAMS 0x0000000785400000, 0x0000000785400000| Complete 
|  85|0x0000000785500000, 0x0000000785600000, 0x0000000785600000|100%| E|CS|TAMS 0x0000000785500000, 0x0000000785500000| Complete 
| 127|0x0000000787f00000, 0x0000000788000000, 0x0000000788000000|100%| E|CS|TAMS 0x0000000787f00000, 0x0000000787f00000| Complete 
|1022|0x00000007bfe00000, 0x00000007bfe48000, 0x00000007bff00000| 28%|OA|  |TAMS 0x00000007bfe48000, 0x00000007bfe00000| Untracked 
|1023|0x00000007bff00000, 0x00000007bff70000, 0x00000007c0000000| 43%|CA|  |TAMS 0x00000007bff70000, 0x00000007bff00000| Untracked 

Card table byte_map: [0x00000001056e6000,0x0000000105ae6000] _byte_map_base: 0x0000000101ae6000

Marking Bits (Prev, Next): (CMBitMap*) 0x00007fb8e9008a58, (CMBitMap*) 0x00007fb8e9008a18
 Prev Bits: [0x0000000108eb5000, 0x000000010aeb5000)
 Next Bits: [0x0000000106eb5000, 0x0000000108eb5000)

Polling page: 0x0000000105072000

Metaspace:

Usage:
  Non-class:     22.75 MB capacity,    22.03 MB ( 97%) used,   604.09 KB (  3%) free+waste,   134.94 KB ( <1%) overhead. 
      Class:      3.74 MB capacity,     3.25 MB ( 87%) used,   432.25 KB ( 11%) free+waste,    69.19 KB (  2%) overhead. 
       Both:     26.49 MB capacity,    25.27 MB ( 95%) used,     1.01 MB (  4%) free+waste,   204.12 KB ( <1%) overhead. 

Virtual space:
  Non-class space:       24.00 MB reserved,      23.00 MB ( 96%) committed 
      Class space:        1.00 GB reserved,       3.75 MB ( <1%) committed 
             Both:        1.02 GB reserved,      26.75 MB (  3%) committed 

Chunk freelists:
   Non-Class:  6.75 KB
       Class:  1.00 KB
        Both:  7.75 KB

CodeHeap 'non-profiled nmethods': size=120032Kb used=2173Kb max_used=2173Kb free=117858Kb
 bounds [0x000000011db2a000, 0x000000011dd9a000, 0x0000000125062000]
CodeHeap 'profiled nmethods': size=120032Kb used=12665Kb max_used=12665Kb free=107366Kb
 bounds [0x00000001165f2000, 0x0000000117252000, 0x000000011db2a000]
CodeHeap 'non-nmethods': size=5696Kb used=1393Kb max_used=1427Kb free=4302Kb
 bounds [0x0000000116062000, 0x00000001162d2000, 0x00000001165f2000]
 total_blobs=7556 nmethods=5889 adapters=751
 compilation: enabled
              stopped_count=0, restarted_count=0
 full_count=0

Compilation events (10 events):
Event: 42.550 Thread 0x00007fb8e8018000 6021       2       javafx.scene.layout.Region::snapPortionY (57 bytes)
Event: 42.552 Thread 0x00007fb8e8018000 nmethod 6021 0x0000000117249c10 code [0x0000000117249ec0, 0x000000011724a308]
Event: 42.552 Thread 0x00007fb8e8018000 6005       2       java.util.Formatter$FormatSpecifier::print (63 bytes)
Event: 42.558 Thread 0x00007fb8e8018000 nmethod 6005 0x000000011724a610 code [0x000000011724a820, 0x000000011724ac58]
Event: 42.567 Thread 0x00007fb8e8018000 6024       2       com.sun.javafx.sg.prism.NGNode::getCompleteBounds (158 bytes)
Event: 42.568 Thread 0x00007fb8e8018000 nmethod 6024 0x000000011724af10 code [0x000000011724b1c0, 0x000000011724b7c8]
Event: 42.588 Thread 0x00007fb8e8018000 6025 %     3       javafx.scene.layout.VBox::getAreaHeights @ 70 (230 bytes)
Event: 42.597 Thread 0x00007fb8e8018000 nmethod 6025% 0x000000011724be90 code [0x000000011724c400, 0x000000011724f1c8]
Event: 42.641 Thread 0x00007fb8e8018000 6026       2       javafx.scene.control.skin.TextInputControlSkin::blinkProperty (27 bytes)
Event: 42.643 Thread 0x00007fb8e8018000 nmethod 6026 0x0000000117250110 code [0x00000001172502e0, 0x0000000117250630]

GC Heap History (10 events):
Event: 4.182 GC heap before
{Heap before GC invocations=2 (full 0):
 garbage-first heap   total 133120K, used 22382K [0x0000000780000000, 0x0000000800000000)
  region size 1024K, 19 young (19456K), 1 survivors (1024K)
 Metaspace       used 9539K, capacity 10978K, committed 11136K, reserved 1058816K
  class space    used 1085K, capacity 1304K, committed 1408K, reserved 1048576K
}
Event: 4.189 GC heap after
{Heap after GC invocations=3 (full 0):
 garbage-first heap   total 133120K, used 6202K [0x0000000780000000, 0x0000000800000000)
  region size 1024K, 2 young (2048K), 2 survivors (2048K)
 Metaspace       used 9539K, capacity 10978K, committed 11136K, reserved 1058816K
  class space    used 1085K, capacity 1304K, committed 1408K, reserved 1048576K
}
Event: 7.451 GC heap before
{Heap before GC invocations=3 (full 0):
 garbage-first heap   total 133120K, used 46138K [0x0000000780000000, 0x0000000800000000)
  region size 1024K, 42 young (43008K), 2 survivors (2048K)
 Metaspace       used 20204K, capacity 21123K, committed 21248K, reserved 1067008K
  class space    used 2851K, capacity 3230K, committed 3328K, reserved 1048576K
}
Event: 7.469 GC heap after
{Heap after GC invocations=4 (full 0):
 garbage-first heap   total 133120K, used 10728K [0x0000000780000000, 0x0000000800000000)
  region size 1024K, 6 young (6144K), 6 survivors (6144K)
 Metaspace       used 20204K, capacity 21123K, committed 21248K, reserved 1067008K
  class space    used 2851K, capacity 3230K, committed 3328K, reserved 1048576K
}
Event: 15.210 GC heap before
{Heap before GC invocations=5 (full 0):
 garbage-first heap   total 48128K, used 45544K [0x0000000780000000, 0x0000000800000000)
  region size 1024K, 38 young (38912K), 6 survivors (6144K)
 Metaspace       used 24187K, capacity 25348K, committed 25600K, reserved 1071104K
  class space    used 3305K, capacity 3782K, committed 3840K, reserved 1048576K
}
Event: 15.234 GC heap after
{Heap after GC invocations=6 (full 0):
 garbage-first heap   total 58368K, used 16048K [0x0000000780000000, 0x0000000800000000)
  region size 1024K, 4 young (4096K), 4 survivors (4096K)
 Metaspace       used 24187K, capacity 25348K, committed 25600K, reserved 1071104K
  class space    used 3305K, capacity 3782K, committed 3840K, reserved 1048576K
}
Event: 17.507 GC heap before
{Heap before GC invocations=6 (full 0):
 garbage-first heap   total 58368K, used 36528K [0x0000000780000000, 0x0000000800000000)
  region size 1024K, 24 young (24576K), 4 survivors (4096K)
 Metaspace       used 24742K, capacity 25944K, committed 26112K, reserved 1071104K
  class space    used 3306K, capacity 3782K, committed 3840K, reserved 1048576K
}
Event: 17.531 GC heap after
{Heap after GC invocations=7 (full 0):
 garbage-first heap   total 58368K, used 15840K [0x0000000780000000, 0x0000000800000000)
  region size 1024K, 2 young (2048K), 2 survivors (2048K)
 Metaspace       used 24742K, capacity 25944K, committed 26112K, reserved 1071104K
  class space    used 3306K, capacity 3782K, committed 3840K, reserved 1048576K
}
Event: 39.674 GC heap before
{Heap before GC invocations=7 (full 0):
 garbage-first heap   total 58368K, used 38368K [0x0000000780000000, 0x0000000800000000)
  region size 1024K, 24 young (24576K), 2 survivors (2048K)
 Metaspace       used 25580K, capacity 26797K, committed 26880K, reserved 1073152K
  class space    used 3326K, capacity 3828K, committed 3840K, reserved 1048576K
}
Event: 39.679 GC heap after
{Heap after GC invocations=8 (full 0):
 garbage-first heap   total 58368K, used 16001K [0x0000000780000000, 0x0000000800000000)
  region size 1024K, 2 young (2048K), 2 survivors (2048K)
 Metaspace       used 25580K, capacity 26797K, committed 26880K, reserved 1073152K
  class space    used 3326K, capacity 3828K, committed 3840K, reserved 1048576K
}

Deoptimization events (10 events):
Event: 39.559 Thread 0x00007fb8e99cc800 Uncommon trap: reason=intrinsic_or_type_checked_inlining action=make_not_entrant pc=0x000000011dd25e70 method=java.util.Arrays.copyOf([Ljava/lang/Object;ILjava/lang/Class;)[Ljava/lang/Object; @ 35 c2
Event: 39.572 Thread 0x00007fb8e99cc800 Uncommon trap: reason=profile_predicate action=maybe_recompile pc=0x000000011dd21224 method=javafx.css.CompoundSelector.applies(Ljavafx/css/Styleable;[Ljava/util/Set;I)Z @ 89 c2
Event: 39.572 Thread 0x00007fb8e99cc800 Uncommon trap: reason=profile_predicate action=maybe_recompile pc=0x000000011dd21224 method=javafx.css.CompoundSelector.applies(Ljavafx/css/Styleable;[Ljava/util/Set;I)Z @ 89 c2
Event: 39.572 Thread 0x00007fb8e99cc800 Uncommon trap: reason=profile_predicate action=maybe_recompile pc=0x000000011dd21224 method=javafx.css.CompoundSelector.applies(Ljavafx/css/Styleable;[Ljava/util/Set;I)Z @ 89 c2
Event: 39.573 Thread 0x00007fb8e99cc800 Uncommon trap: reason=profile_predicate action=maybe_recompile pc=0x000000011dd21224 method=javafx.css.CompoundSelector.applies(Ljavafx/css/Styleable;[Ljava/util/Set;I)Z @ 89 c2
Event: 39.602 Thread 0x00007fb8e99cc800 Uncommon trap: reason=array_check action=maybe_recompile pc=0x000000011dd29000 method=javafx.css.CompoundSelector.applies(Ljavafx/css/Styleable;[Ljava/util/Set;I)Z @ 128 c2
Event: 39.602 Thread 0x00007fb8e99cc800 Uncommon trap: reason=array_check action=maybe_recompile pc=0x000000011dd29000 method=javafx.css.CompoundSelector.applies(Ljavafx/css/Styleable;[Ljava/util/Set;I)Z @ 128 c2
Event: 39.602 Thread 0x00007fb8e99cc800 Uncommon trap: reason=array_check action=maybe_recompile pc=0x000000011dd29000 method=javafx.css.CompoundSelector.applies(Ljavafx/css/Styleable;[Ljava/util/Set;I)Z @ 128 c2
Event: 39.602 Thread 0x00007fb8e99cc800 Uncommon trap: reason=array_check action=maybe_recompile pc=0x000000011dd29000 method=javafx.css.CompoundSelector.applies(Ljavafx/css/Styleable;[Ljava/util/Set;I)Z @ 128 c2
Event: 39.728 Thread 0x00007fb8e99cc800 Uncommon trap: reason=unstable_if action=reinterpret pc=0x000000011dcb3c64 method=javafx.scene.Node.updateBounds()V @ 70 c2

Classes redefined (0 events):
No events

Internal exceptions (10 events):
Event: 6.031 Thread 0x00007fb8e99cc800 Exception <a 'java/lang/IncompatibleClassChangeError'{0x0000000786378938}: Found class java.lang.Object, but interface was expected> (0x0000000786378938) thrown at [/scratch/mesos/slaves/ae206c0d-865c-4d69-a16b-c4e90bf2719f-S399/frameworks/1735e8a2-a1db-4
Event: 6.290 Thread 0x00007fb8e99cc800 Exception <a 'java/lang/NoSuchMethodError'{0x000000078600b210}: java.lang.invoke.DirectMethodHandle$Holder.invokeSpecial(Ljava/lang/Object;Ljava/lang/Object;Ljava/lang/Object;Ljava/lang/Object;)V> (0x000000078600b210) thrown at [/scratch/mesos/slaves/ae20
Event: 6.386 Thread 0x00007fb8e99cc800 Exception <a 'java/io/FileNotFoundException'{0x0000000785fae3d8}> (0x0000000785fae3d8) thrown at [/scratch/mesos/slaves/ae206c0d-865c-4d69-a16b-c4e90bf2719f-S399/frameworks/1735e8a2-a1db-478c-8104-60c8b0af87dd-0196/executors/d4337cad-8111-46d8-8d39-fb2ce6
Event: 8.282 Thread 0x00007fb8e99cc800 Exception <a 'java/lang/NoSuchMethodError'{0x0000000781d7b658}: java.lang.invoke.DirectMethodHandle$Holder.invokeStatic(Ljava/lang/Object;Ljava/lang/Object;II)Ljava/lang/Object;> (0x0000000781d7b658) thrown at [/scratch/mesos/slaves/ae206c0d-865c-4d69-a16
Event: 8.742 Thread 0x00007fb8e908a000 Exception <a 'java/lang/NoSuchMethodError'{0x000000078187b7a0}: java.lang.invoke.DirectMethodHandle$Holder.invokeStaticInit(Ljava/lang/Object;I)Ljava/lang/Object;> (0x000000078187b7a0) thrown at [/scratch/mesos/slaves/ae206c0d-865c-4d69-a16b-c4e90bf2719f-
Event: 12.967 Thread 0x00007fb8e99cc800 Exception <a 'java/lang/NoSuchMethodError'{0x0000000781685f48}: java.lang.invoke.DirectMethodHandle$Holder.invokeStaticInit(Ljava/lang/Object;Ljava/lang/Object;Ljava/lang/Object;)J> (0x0000000781685f48) thrown at [/scratch/mesos/slaves/ae206c0d-865c-4d69-
Event: 12.970 Thread 0x00007fb8e99cc800 Exception <a 'java/lang/NoSuchMethodError'{0x000000078169a460}: java.lang.invoke.Invokers$Holder.linkToTargetMethod(Ljava/lang/Object;JLjava/lang/Object;)Ljava/lang/Object;> (0x000000078169a460) thrown at [/scratch/mesos/slaves/ae206c0d-865c-4d69-a16b-c4e
Event: 14.333 Thread 0x00007fb8e99cc800 Exception <a 'java/lang/NoSuchMethodError'{0x00000007816e90a8}: java.lang.invoke.DirectMethodHandle$Holder.invokeStatic(Ljava/lang/Object;Ljava/lang/Object;ILjava/lang/Object;DDDDDDIIIIIIII)Ljava/lang/Object;> (0x00000007816e90a8) thrown at [/scratch/meso
Event: 34.132 Thread 0x00007fb8e99cc800 Implicit null exception at 0x000000011dcfadc8 to 0x000000011dcff512
Event: 34.473 Thread 0x00007fb8e99cc800 Exception <a 'java/lang/NoSuchMethodError'{0x00000007829fa610}: java.lang.invoke.DirectMethodHandle$Holder.invokeSpecial(Ljava/lang/Object;Ljava/lang/Object;Ljava/lang/Object;Ljava/lang/Object;)I> (0x00000007829fa610) thrown at [/scratch/mesos/slaves/ae20

Events (10 events):
Event: 39.602 Thread 0x00007fb8e99cc800 Uncommon trap: trap_request=0xffffffd6 fr.pc=0x000000011dd29000 relative=0x0000000000000320
Event: 39.602 Thread 0x00007fb8e99cc800 DEOPT PACKING pc=0x000000011dd29000 sp=0x00007ff7bafba3b0
Event: 39.602 Thread 0x00007fb8e99cc800 DEOPT UNPACKING pc=0x000000011608b3a5 sp=0x00007ff7bafba338 mode 2
Event: 39.673 Executing VM operation: G1CollectForAllocation
Event: 39.679 Executing VM operation: G1CollectForAllocation done
Event: 39.728 Thread 0x00007fb8e99cc800 Uncommon trap: trap_request=0xffffff4d fr.pc=0x000000011dcb3c64 relative=0x0000000000000d44
Event: 39.728 Thread 0x00007fb8e99cc800 DEOPT PACKING pc=0x000000011dcb3c64 sp=0x00007ff7bafbd7a0
Event: 39.728 Thread 0x00007fb8e99cc800 DEOPT UNPACKING pc=0x000000011608b3a5 sp=0x00007ff7bafbd790 mode 2
Event: 41.930 Thread 0x00007fb8e908a000 DEOPT PACKING pc=0x0000000116f0a155 sp=0x00007000014ef0e0
Event: 41.930 Thread 0x00007fb8e908a000 DEOPT UNPACKING pc=0x000000011608b1ba sp=0x00007000014ee5a0 mode 0


Dynamic libraries:
0x0000000105054000 	/Library/Java/JavaVirtualMachines/jdk-12.0.2.jdk/Contents/Home/lib/libjli.dylib
0x00007ff81ba4e000 	/usr/lib/libz.1.dylib
0x00007ff81bb2e000 	/usr/lib/libSystem.B.dylib
0x00007ff81bb29000 	/usr/lib/system/libcache.dylib
0x00007ff81bae5000 	/usr/lib/system/libcommonCrypto.dylib
0x00007ff81bb0e000 	/usr/lib/system/libcompiler_rt.dylib
0x00007ff81bb04000 	/usr/lib/system/libcopyfile.dylib
0x00007ff810abc000 	/usr/lib/system/libcorecrypto.dylib
0x00007ff810b7a000 	/usr/lib/system/libdispatch.dylib
0x00007ff810d3a000 	/usr/lib/system/libdyld.dylib
0x00007ff81bb20000 	/usr/lib/system/libkeymgr.dylib
0x00007ff81bac3000 	/usr/lib/system/libmacho.dylib
0x00007ff81b144000 	/usr/lib/system/libquarantine.dylib
0x00007ff81bb1e000 	/usr/lib/system/libremovefile.dylib
0x00007ff815ccf000 	/usr/lib/system/libsystem_asl.dylib
0x00007ff810a65000 	/usr/lib/system/libsystem_blocks.dylib
0x00007ff810bfe000 	/usr/lib/system/libsystem_c.dylib
0x00007ff81bb16000 	/usr/lib/system/libsystem_collections.dylib
0x00007ff81a3f8000 	/usr/lib/system/libsystem_configuration.dylib
0x00007ff8196a1000 	/usr/lib/system/libsystem_containermanager.dylib
0x00007ff81b7fb000 	/usr/lib/system/libsystem_coreservices.dylib
0x00007ff813370000 	/usr/lib/system/libsystem_darwin.dylib
0x00007ff81bb21000 	/usr/lib/system/libsystem_dnssd.dylib
0x00007ff810bfb000 	/usr/lib/system/libsystem_featureflags.dylib
0x00007ff810d50000 	/usr/lib/system/libsystem_info.dylib
0x00007ff81ba61000 	/usr/lib/system/libsystem_m.dylib
0x00007ff810b4e000 	/usr/lib/system/libsystem_malloc.dylib
0x00007ff815c6a000 	/usr/lib/system/libsystem_networkextension.dylib
0x00007ff813796000 	/usr/lib/system/libsystem_notify.dylib
0x00007ff821da0000 	/usr/lib/system/libsystem_product_info_filter.dylib
0x00007ff81a3fc000 	/usr/lib/system/libsystem_sandbox.dylib
0x00007ff81bb1b000 	/usr/lib/system/libsystem_secinit.dylib
0x00007ff810cf6000 	/usr/lib/system/libsystem_kernel.dylib
0x00007ff810d46000 	/usr/lib/system/libsystem_platform.dylib
0x00007ff810d2e000 	/usr/lib/system/libsystem_pthread.dylib
0x00007ff81751d000 	/usr/lib/system/libsystem_symptoms.dylib
0x00007ff810aa3000 	/usr/lib/system/libsystem_trace.dylib
0x00007ff81baf1000 	/usr/lib/system/libunwind.dylib
0x00007ff810a67000 	/usr/lib/system/libxpc.dylib
0x00007ff810ce0000 	/usr/lib/libc++abi.dylib
0x00007ff810bc1000 	/usr/lib/libobjc.A.dylib
0x00007ff81bafc000 	/usr/lib/liboah.dylib
0x00007ff810c87000 	/usr/lib/libc++.1.dylib
0x00007ff827ba2000 	/System/Library/Frameworks/Cocoa.framework/Versions/A/Cocoa
0x00007ff8137f4000 	/System/Library/Frameworks/AppKit.framework/Versions/C/AppKit
0x00007ff816d0b000 	/System/Library/Frameworks/CoreData.framework/Versions/A/CoreData
0x00007ff811bf7000 	/System/Library/Frameworks/Foundation.framework/Versions/C/Foundation
0x00007ff814684000 	/System/Library/PrivateFrameworks/UIFoundation.framework/Versions/A/UIFoundation
0x00007ff821aa3000 	/System/Library/PrivateFrameworks/RemoteViewServices.framework/Versions/A/RemoteViewServices
0x00007ff819d82000 	/System/Library/PrivateFrameworks/XCTTargetBootstrap.framework/Versions/A/XCTTargetBootstrap
0x00007ff81d939000 	/System/Library/PrivateFrameworks/InternationalSupport.framework/Versions/A/InternationalSupport
0x00007ff81d9c3000 	/System/Library/PrivateFrameworks/UserActivity.framework/Versions/A/UserActivity
0x00007ff81cd15000 	/usr/lib/libspindump.dylib
0x00007ff814913000 	/System/Library/Frameworks/UniformTypeIdentifiers.framework/Versions/A/UniformTypeIdentifiers
0x00007ff8184a6000 	/usr/lib/libapp_launch_measurement.dylib
0x00007ff8176dd000 	/System/Library/PrivateFrameworks/CoreAnalytics.framework/Versions/A/CoreAnalytics
0x00007ff8184a9000 	/System/Library/PrivateFrameworks/CoreAutoLayout.framework/Versions/A/CoreAutoLayout
0x00007ff8196d9000 	/System/Library/Frameworks/Metal.framework/Versions/A/Metal
0x00007ff81a408000 	/usr/lib/liblangid.dylib
0x00007ff819d87000 	/System/Library/PrivateFrameworks/CoreSVG.framework/Versions/A/CoreSVG
0x00007ff815cff000 	/System/Library/PrivateFrameworks/SkyLight.framework/Versions/A/SkyLight
0x00007ff81609e000 	/System/Library/Frameworks/CoreGraphics.framework/Versions/A/CoreGraphics
0x00007ff822163000 	/System/Library/Frameworks/Accelerate.framework/Versions/A/Accelerate
0x00007ff81c794000 	/System/Library/PrivateFrameworks/IconServices.framework/Versions/A/IconServices
0x00007ff8196be000 	/System/Library/Frameworks/IOSurface.framework/Versions/A/IOSurface
0x00007ff81770b000 	/usr/lib/libDiagnosticMessagesClient.dylib
0x00007ff825846000 	/System/Library/Frameworks/ApplicationServices.framework/Versions/A/ApplicationServices
0x00007ff819d6e000 	/System/Library/PrivateFrameworks/DFRFoundation.framework/Versions/A/DFRFoundation
0x00007ff8130dc000 	/usr/lib/libicucore.A.dylib
0x00007ff81e72f000 	/System/Library/Frameworks/AudioToolbox.framework/Versions/A/AudioToolbox
0x00007ff81d945000 	/System/Library/PrivateFrameworks/DataDetectorsCore.framework/Versions/A/DataDetectorsCore
0x00007ff919e42000 	/System/Library/PrivateFrameworks/TextInput.framework/Versions/A/TextInput
0x00007ff815c82000 	/usr/lib/libMobileGestalt.dylib
0x00007ff819a7a000 	/System/Library/Frameworks/Carbon.framework/Versions/A/Frameworks/HIToolbox.framework/Versions/A/HIToolbox
0x00007ff817ea8000 	/System/Library/Frameworks/QuartzCore.framework/Versions/A/QuartzCore
0x00007ff812d81000 	/System/Library/Frameworks/Security.framework/Versions/A/Security
0x00007ff821adb000 	/System/Library/Frameworks/Carbon.framework/Versions/A/Frameworks/SpeechRecognition.framework/Versions/A/SpeechRecognition
0x00007ff818206000 	/System/Library/PrivateFrameworks/CoreUI.framework/Versions/A/CoreUI
0x00007ff81264b000 	/System/Library/Frameworks/CoreAudio.framework/Versions/A/CoreAudio
0x00007ff8177fa000 	/System/Library/Frameworks/DiskArbitration.framework/Versions/A/DiskArbitration
0x00007ff81d105000 	/System/Library/PrivateFrameworks/MultitouchSupport.framework/Versions/A/MultitouchSupport
0x00007ff815c81000 	/usr/lib/libenergytrace.dylib
0x00007ff8136e0000 	/System/Library/Frameworks/IOKit.framework/Versions/A/IOKit
0x00007ff821ecb000 	/System/Library/Frameworks/CoreServices.framework/Versions/A/CoreServices
0x00007ff818440000 	/System/Library/PrivateFrameworks/PerformanceAnalysis.framework/Versions/A/PerformanceAnalysis
0x00007ffa29b21000 	/System/Library/Frameworks/OpenGL.framework/Versions/A/OpenGL
0x00007ff81b06a000 	/System/Library/PrivateFrameworks/MobileKeyBag.framework/Versions/A/MobileKeyBag
0x00007ff81676a000 	/System/Library/Frameworks/ColorSync.framework/Versions/A/ColorSync
0x00007ff810d7b000 	/System/Library/Frameworks/CoreFoundation.framework/Versions/A/CoreFoundation
0x00007ff819ffe000 	/System/Library/Frameworks/CoreImage.framework/Versions/A/CoreImage
0x00007ff81245f000 	/System/Library/Frameworks/CoreText.framework/Versions/A/CoreText
0x00007ff819db7000 	/System/Library/Frameworks/ImageIO.framework/Versions/A/ImageIO
0x00007ff81bb34000 	/System/Library/PrivateFrameworks/SoftLinking.framework/Versions/A/SoftLinking
0x00007ff8184f1000 	/usr/lib/libxml2.2.dylib
0x00007ff81bdb8000 	/usr/lib/libcompression.dylib
0x00007ff81d86c000 	/System/Library/PrivateFrameworks/TextureIO.framework/Versions/A/TextureIO
0x00007ff81c4a6000 	/usr/lib/libate.dylib
0x00007ff81c282000 	/usr/lib/liblzma.5.dylib
0x00007ff811909000 	/System/Library/Frameworks/SystemConfiguration.framework/Versions/A/SystemConfiguration
0x00007ff81bb30000 	/usr/lib/libfakelink.dylib
0x00007ff8157da000 	/System/Library/Frameworks/CFNetwork.framework/Versions/A/CFNetwork
0x00007ff81bc71000 	/usr/lib/libarchive.2.dylib
0x00007ff81a404000 	/System/Library/PrivateFrameworks/AppleSystemInfo.framework/Versions/A/AppleSystemInfo
0x00007ff81b16b000 	/usr/lib/libbsm.0.dylib
0x00007ff814de9000 	/usr/lib/libnetwork.dylib
0x00007ff81bac9000 	/usr/lib/system/libkxld.dylib
0x00007ff81ad9e000 	/System/Library/PrivateFrameworks/IOMobileFramebuffer.framework/Versions/A/IOMobileFramebuffer
0x00007ffb294f8000 	/usr/lib/libCoreEntitlements.dylib
0x00007ff81b7dd000 	/System/Library/PrivateFrameworks/AppleFSCompression.framework/Versions/A/AppleFSCompression
0x00007ff81b153000 	/usr/lib/libcoretls.dylib
0x00007ff81c29c000 	/usr/lib/libcoretls_cfhelpers.dylib
0x00007ff81bdb3000 	/usr/lib/libpam.2.dylib
0x00007ff81713c000 	/usr/lib/libsqlite3.dylib
0x00007ff81c30b000 	/usr/lib/libxar.1.dylib
0x00007ff81b7ed000 	/usr/lib/libbz2.1.0.dylib
0x00007ff81bb35000 	/usr/lib/libpcap.A.dylib
0x00007ff817515000 	/usr/lib/libdns_services.dylib
0x00007ff81bd83000 	/usr/lib/libapple_nghttp2.dylib
0x00007ff81bb6f000 	/usr/lib/libiconv.2.dylib
0x00007ff81bac2000 	/usr/lib/libcharset.1.dylib
0x00007ff818474000 	/System/Library/Frameworks/CoreServices.framework/Versions/A/Frameworks/FSEvents.framework/Versions/A/FSEvents
0x00007ff81337a000 	/System/Library/Frameworks/CoreServices.framework/Versions/A/Frameworks/CarbonCore.framework/Versions/A/CarbonCore
0x00007ff81775e000 	/System/Library/Frameworks/CoreServices.framework/Versions/A/Frameworks/Metadata.framework/Versions/A/Metadata
0x00007ff81b800000 	/System/Library/Frameworks/CoreServices.framework/Versions/A/Frameworks/OSServices.framework/Versions/A/OSServices
0x00007ff81bcf8000 	/System/Library/Frameworks/CoreServices.framework/Versions/A/Frameworks/SearchKit.framework/Versions/A/SearchKit
0x00007ff8174a7000 	/System/Library/Frameworks/CoreServices.framework/Versions/A/Frameworks/AE.framework/Versions/A/AE
0x00007ff81127e000 	/System/Library/Frameworks/CoreServices.framework/Versions/A/Frameworks/LaunchServices.framework/Versions/A/LaunchServices
0x00007ff81c233000 	/System/Library/Frameworks/CoreServices.framework/Versions/A/Frameworks/DictionaryServices.framework/Versions/A/DictionaryServices
0x00007ff818481000 	/System/Library/Frameworks/CoreServices.framework/Versions/A/Frameworks/SharedFileList.framework/Versions/A/SharedFileList
0x00007ff81b147000 	/usr/lib/libCheckFix.dylib
0x00007ff815ce6000 	/System/Library/PrivateFrameworks/TCC.framework/Versions/A/TCC
0x00007ff81a40a000 	/System/Library/PrivateFrameworks/CoreNLP.framework/Versions/A/CoreNLP
0x00007ff81770e000 	/System/Library/PrivateFrameworks/MetadataUtilities.framework/Versions/A/MetadataUtilities
0x00007ff8119ba000 	/usr/lib/libmecabra.dylib
0x00007ff81b17b000 	/usr/lib/libmecab.dylib
0x00007ff811985000 	/usr/lib/libCRFSuite.dylib
0x00007ff81b1d5000 	/usr/lib/libgermantok.dylib
0x00007ff81bd5e000 	/usr/lib/libThaiTokenizer.dylib
0x00007ff817801000 	/System/Library/Frameworks/Accelerate.framework/Versions/A/Frameworks/vImage.framework/Versions/A/vImage
0x00007ff821ea2000 	/System/Library/Frameworks/Accelerate.framework/Versions/A/Frameworks/vecLib.framework/Versions/A/vecLib
0x00007ff81c34c000 	/System/Library/Frameworks/Accelerate.framework/Versions/A/Frameworks/vecLib.framework/Versions/A/libvMisc.dylib
0x00007ff81abc9000 	/System/Library/Frameworks/Accelerate.framework/Versions/A/Frameworks/vecLib.framework/Versions/A/libvDSP.dylib
0x00007ff8115f9000 	/System/Library/Frameworks/Accelerate.framework/Versions/A/Frameworks/vecLib.framework/Versions/A/libBLAS.dylib
0x00007ff81be95000 	/System/Library/Frameworks/Accelerate.framework/Versions/A/Frameworks/vecLib.framework/Versions/A/libLAPACK.dylib
0x00007ff81b1d8000 	/System/Library/Frameworks/Accelerate.framework/Versions/A/Frameworks/vecLib.framework/Versions/A/libLinearAlgebra.dylib
0x00007ff81bd9b000 	/System/Library/Frameworks/Accelerate.framework/Versions/A/Frameworks/vecLib.framework/Versions/A/libSparseBLAS.dylib
0x00007ff81be8f000 	/System/Library/Frameworks/Accelerate.framework/Versions/A/Frameworks/vecLib.framework/Versions/A/libQuadrature.dylib
0x00007ff81a4f5000 	/System/Library/Frameworks/Accelerate.framework/Versions/A/Frameworks/vecLib.framework/Versions/A/libBNNS.dylib
0x00007ff811893000 	/System/Library/Frameworks/Accelerate.framework/Versions/A/Frameworks/vecLib.framework/Versions/A/libSparse.dylib
0x00007ff81a4ee000 	/System/Library/PrivateFrameworks/LinguisticData.framework/Versions/A/LinguisticData
0x00007ff811849000 	/System/Library/PrivateFrameworks/Lexicon.framework/Versions/A/Lexicon
0x00007ff81c345000 	/usr/lib/libChineseTokenizer.dylib
0x00007ff811fb4000 	/System/Library/PrivateFrameworks/LanguageModeling.framework/Versions/A/LanguageModeling
0x00007ff81bd60000 	/System/Library/PrivateFrameworks/AppleSauce.framework/Versions/A/AppleSauce
0x00007ff81ad8c000 	/System/Library/PrivateFrameworks/CoreEmoji.framework/Versions/A/CoreEmoji
0x00007ff81bc60000 	/usr/lib/libcmph.dylib
0x00007ff818458000 	/System/Library/Frameworks/OpenDirectory.framework/Versions/A/Frameworks/CFOpenDirectory.framework/Versions/A/CFOpenDirectory
0x00007ff81844c000 	/System/Library/Frameworks/OpenDirectory.framework/Versions/A/OpenDirectory
0x00007ff81c29e000 	/System/Library/PrivateFrameworks/APFS.framework/Versions/A/APFS
0x00007ff81b0a2000 	/System/Library/Frameworks/SecurityFoundation.framework/Versions/A/SecurityFoundation
0x00007ff81c319000 	/usr/lib/libutil.dylib
0x00007ff8136a4000 	/System/Library/PrivateFrameworks/CoreServicesStore.framework/Versions/A/CoreServicesStore
0x00007ff81c31d000 	/usr/lib/libxslt.1.dylib
0x00007ff81b12f000 	/System/Library/PrivateFrameworks/BackgroundTaskManagement.framework/Versions/A/BackgroundTaskManagement
0x00007ff81d78c000 	/System/Library/Frameworks/ImageIO.framework/Versions/A/Resources/libRadiance.dylib
0x00007ff81d795000 	/System/Library/Frameworks/ImageIO.framework/Versions/A/Resources/libJPEG.dylib
0x00007ff81d6e4000 	/System/Library/Frameworks/ImageIO.framework/Versions/A/Resources/libPng.dylib
0x00007ff81d705000 	/System/Library/Frameworks/ImageIO.framework/Versions/A/Resources/libTIFF.dylib
0x00007ff81d7f5000 	/System/Library/Frameworks/ImageIO.framework/Versions/A/Resources/libGIF.dylib
0x00007ff81d01f000 	/System/Library/Frameworks/ImageIO.framework/Versions/A/Resources/libJP2.dylib
0x00007ff81c75b000 	/usr/lib/libexpat.1.dylib
0x00007ff81cfd4000 	/System/Library/PrivateFrameworks/AppleJPEG.framework/Versions/A/AppleJPEG
0x00007ff81993e000 	/System/Library/PrivateFrameworks/FontServices.framework/libFontParser.dylib
0x00007ff817451000 	/System/Library/PrivateFrameworks/RunningBoardServices.framework/Versions/A/RunningBoardServices
0x00007ff82815d000 	/System/Library/PrivateFrameworks/IOSurfaceAccelerator.framework/Versions/A/IOSurfaceAccelerator
0x00007ff81d101000 	/System/Library/PrivateFrameworks/WatchdogClient.framework/Versions/A/WatchdogClient
0x00007ff8120a2000 	/System/Library/Frameworks/CoreDisplay.framework/Versions/A/CoreDisplay
0x00007ff81983c000 	/System/Library/Frameworks/CoreMedia.framework/Versions/A/CoreMedia
0x00007ff8196d0000 	/System/Library/PrivateFrameworks/IOAccelerator.framework/Versions/A/IOAccelerator
0x00007ff8185d5000 	/System/Library/Frameworks/CoreVideo.framework/Versions/A/CoreVideo
0x00007ff81bdb1000 	/System/Library/Frameworks/MetalPerformanceShaders.framework/Versions/A/MetalPerformanceShaders
0x00007ff81d13e000 	/System/Library/Frameworks/VideoToolbox.framework/Versions/A/VideoToolbox
0x00007ff81739b000 	/System/Library/PrivateFrameworks/BaseBoard.framework/Versions/A/BaseBoard
0x00007ff817122000 	/System/Library/PrivateFrameworks/ProtocolBuffer.framework/Versions/A/ProtocolBuffer
0x00007ff81d785000 	/System/Library/PrivateFrameworks/GPUWrangler.framework/Versions/A/GPUWrangler
0x00007ff81d769000 	/System/Library/PrivateFrameworks/IOPresentment.framework/Versions/A/IOPresentment
0x00007ff81d78f000 	/System/Library/PrivateFrameworks/DSExternalDisplay.framework/Versions/A/DSExternalDisplay
0x00007ffa29b15000 	/System/Library/Frameworks/OpenGL.framework/Versions/A/Libraries/libCoreFSCache.dylib
0x00007ffb16beb000 	/System/Library/PrivateFrameworks/GPUCompiler.framework/Versions/31001/Libraries/libGPUCompilerUtils.dylib
0x00007ff81d7fa000 	/System/Library/PrivateFrameworks/CMCaptureCore.framework/Versions/A/CMCaptureCore
0x00007ff81cd03000 	/System/Library/PrivateFrameworks/AppServerSupport.framework/Versions/A/AppServerSupport
0x00007ff81efc8000 	/System/Library/PrivateFrameworks/perfdata.framework/Versions/A/perfdata
0x00007ff8121ce000 	/System/Library/PrivateFrameworks/AudioToolboxCore.framework/Versions/A/AudioToolboxCore
0x00007ff81981a000 	/System/Library/PrivateFrameworks/caulk.framework/Versions/A/caulk
0x00007ff81e8da000 	/usr/lib/libAudioStatistics.dylib
0x00007ff9165d0000 	/System/Library/PrivateFrameworks/SystemPolicy.framework/Versions/A/SystemPolicy
0x00007ff81eb35000 	/usr/lib/libSMC.dylib
0x00007ff827a55000 	/System/Library/Frameworks/CoreMIDI.framework/Versions/A/CoreMIDI
0x00007ff81d6b3000 	/usr/lib/libAudioToolboxUtility.dylib
0x00007ff9127f8000 	/System/Library/PrivateFrameworks/OSAServicesClient.framework/Versions/A/OSAServicesClient
0x00007ff81efd5000 	/usr/lib/libperfcheck.dylib
0x00007ff91707d000 	/usr/lib/libmis.dylib
0x00007ffa29b70000 	/System/Library/Frameworks/OpenGL.framework/Versions/A/Libraries/libGLU.dylib
0x00007ffa29b34000 	/System/Library/Frameworks/OpenGL.framework/Versions/A/Libraries/libGFXShared.dylib
0x00007ffa29d3d000 	/System/Library/Frameworks/OpenGL.framework/Versions/A/Libraries/libGL.dylib
0x00007ffa29b3d000 	/System/Library/Frameworks/OpenGL.framework/Versions/A/Libraries/libGLImage.dylib
0x00007ffa29b31000 	/System/Library/Frameworks/OpenGL.framework/Versions/A/Libraries/libCVMSPluginSupport.dylib
0x00007ffa29b1c000 	/System/Library/Frameworks/OpenGL.framework/Versions/A/Libraries/libCoreVMClient.dylib
0x00007ff81a386000 	/System/Library/Frameworks/MetalPerformanceShaders.framework/Versions/A/Frameworks/MPSCore.framework/Versions/A/MPSCore
0x00007ff81b748000 	/System/Library/Frameworks/MetalPerformanceShaders.framework/Versions/A/Frameworks/MPSImage.framework/Versions/A/MPSImage
0x00007ff81b1ee000 	/System/Library/Frameworks/MetalPerformanceShaders.framework/Versions/A/Frameworks/MPSNeuralNetwork.framework/Versions/A/MPSNeuralNetwork
0x00007ff81b662000 	/System/Library/Frameworks/MetalPerformanceShaders.framework/Versions/A/Frameworks/MPSMatrix.framework/Versions/A/MPSMatrix
0x00007ff81b41d000 	/System/Library/Frameworks/MetalPerformanceShaders.framework/Versions/A/Frameworks/MPSRayIntersector.framework/Versions/A/MPSRayIntersector
0x00007ff81b69a000 	/System/Library/Frameworks/MetalPerformanceShaders.framework/Versions/A/Frameworks/MPSNDArray.framework/Versions/A/MPSNDArray
0x00007ffa2f5f5000 	/System/Library/Frameworks/MetalPerformanceShaders.framework/Versions/A/Frameworks/MPSFunctions.framework/Versions/A/MPSFunctions
0x00007ff8114d5000 	/System/Library/PrivateFrameworks/MetalTools.framework/Versions/A/MetalTools
0x00007ff81a402000 	/System/Library/PrivateFrameworks/AggregateDictionary.framework/Versions/A/AggregateDictionary
0x00007ff81c53d000 	/usr/lib/libIOReport.dylib
0x00007ffa2b14c000 	/System/Library/Frameworks/OpenCL.framework/Versions/A/OpenCL
0x00007ff81c8a1000 	/System/Library/PrivateFrameworks/FaceCore.framework/Versions/A/FaceCore
0x00007ff81c892000 	/System/Library/PrivateFrameworks/GraphVisualizer.framework/Versions/A/GraphVisualizer
0x00007ffb16af6000 	/System/Library/PrivateFrameworks/FontServices.framework/Versions/A/FontServices
0x00007ff81ccbb000 	/System/Library/PrivateFrameworks/OTSVG.framework/Versions/A/OTSVG
0x00007ff8181bb000 	/System/Library/Frameworks/ApplicationServices.framework/Versions/A/Frameworks/ATS.framework/Versions/A/Resources/libFontRegistry.dylib
0x00007ff81cd0b000 	/System/Library/PrivateFrameworks/FontServices.framework/libhvf.dylib
0x00007ffb16af7000 	/System/Library/PrivateFrameworks/FontServices.framework/libXTFontStaticRegistryData.dylib
0x00007ff81c70b000 	/System/Library/PrivateFrameworks/AppleVA.framework/Versions/A/AppleVA
0x00007ff81e8fa000 	/System/Library/Frameworks/ApplicationServices.framework/Versions/A/Frameworks/ATS.framework/Versions/A/ATS
0x00007ff816868000 	/System/Library/Frameworks/ApplicationServices.framework/Versions/A/Frameworks/HIServices.framework/Versions/A/HIServices
0x00007ff81d804000 	/System/Library/Frameworks/ApplicationServices.framework/Versions/A/Frameworks/PrintCore.framework/Versions/A/PrintCore
0x00007ff81ec88000 	/System/Library/Frameworks/ApplicationServices.framework/Versions/A/Frameworks/QD.framework/Versions/A/QD
0x00007ff81ec80000 	/System/Library/Frameworks/ApplicationServices.framework/Versions/A/Frameworks/ColorSyncLegacy.framework/Versions/A/ColorSyncLegacy
0x00007ff81e8ea000 	/System/Library/Frameworks/ApplicationServices.framework/Versions/A/Frameworks/SpeechSynthesis.framework/Versions/A/SpeechSynthesis
0x00007ff81d7c5000 	/System/Library/Frameworks/ApplicationServices.framework/Versions/A/Frameworks/ATSUI.framework/Versions/A/ATSUI
0x00007ff81ec15000 	/usr/lib/libcups.2.dylib
0x00007ff81efe4000 	/System/Library/Frameworks/Kerberos.framework/Versions/A/Kerberos
0x00007ff81eff3000 	/System/Library/Frameworks/GSS.framework/Versions/A/GSS
0x00007ff81e966000 	/usr/lib/libresolv.9.dylib
0x00007ff81cd1a000 	/System/Library/PrivateFrameworks/Heimdal.framework/Versions/A/Heimdal
0x00007ff825bd8000 	/System/Library/Frameworks/Kerberos.framework/Versions/A/Libraries/libHeimdalProxy.dylib
0x00007ff817525000 	/System/Library/Frameworks/Network.framework/Versions/A/Network
0x00007ff81c775000 	/usr/lib/libheimdal-asn1.dylib
0x00007ff81f03e000 	/System/Library/PrivateFrameworks/CommonAuth.framework/Versions/A/CommonAuth
0x00007ff81e86c000 	/System/Library/PrivateFrameworks/AudioSession.framework/Versions/A/AudioSession
0x00007ff81c805000 	/System/Library/PrivateFrameworks/MediaExperience.framework/Versions/A/MediaExperience
0x00007ff81e6fe000 	/System/Library/PrivateFrameworks/AudioSession.framework/libSessionUtility.dylib
0x00007ff81ec94000 	/System/Library/PrivateFrameworks/AudioResourceArbitration.framework/Versions/A/AudioResourceArbitration
0x00007ff822d15000 	/System/Library/PrivateFrameworks/PowerLog.framework/Versions/A/PowerLog
0x00007ff81c77e000 	/System/Library/PrivateFrameworks/IconFoundation.framework/Versions/A/IconFoundation
0x00007ff821acb000 	/System/Library/PrivateFrameworks/SpeechRecognitionCore.framework/Versions/A/SpeechRecognitionCore
0x0000000105d58000 	/Library/Java/JavaVirtualMachines/jdk-12.0.2.jdk/Contents/Home/lib/server/libjvm.dylib
0x000000010507c000 	/Library/Java/JavaVirtualMachines/jdk-12.0.2.jdk/Contents/Home/lib/libverify.dylib
0x00000001050ac000 	/Library/Java/JavaVirtualMachines/jdk-12.0.2.jdk/Contents/Home/lib/libjava.dylib
0x0000000105090000 	/Library/Java/JavaVirtualMachines/jdk-12.0.2.jdk/Contents/Home/lib/libzip.dylib
0x0000000105098000 	/Library/Java/JavaVirtualMachines/jdk-12.0.2.jdk/Contents/Home/lib/libjimage.dylib
0x0000000105b45000 	/Library/Java/JavaVirtualMachines/jdk-12.0.2.jdk/Contents/Home/lib/libnio.dylib
0x0000000105b66000 	/Library/Java/JavaVirtualMachines/jdk-12.0.2.jdk/Contents/Home/lib/libnet.dylib
0x0000000105b53000 	/Users/izzhafeez/.openjfx/cache/11/libprism_es2.dylib
0x00007ff813666000 	/System/Library/PrivateFrameworks/CoreServicesInternal.framework/Versions/A/CoreServicesInternal
0x00007ffa29d48000 	/System/Library/Frameworks/OpenGL.framework/Versions/A/Resources/GLEngine.bundle/GLEngine
0x00007ffa29bae000 	/System/Library/Frameworks/OpenGL.framework/Versions/A/Libraries/libGLProgrammability.dylib
0x00007ffa1ebc4000 	/System/Library/Extensions/AppleIntelKBLGraphicsGLDriver.bundle/Contents/MacOS/AppleIntelKBLGraphicsGLDriver
0x00007ff921218000 	/System/Library/PrivateFrameworks/GPUSupport.framework/Versions/A/Libraries/libGPUSupportMercury.dylib
0x00007ffa29ed2000 	/System/Library/Frameworks/OpenGL.framework/Versions/A/Resources/GLRendererFloat.bundle/GLRendererFloat
0x000000010d9cf000 	/Users/izzhafeez/.openjfx/cache/11/libglass.dylib
0x00007ff823306000 	/System/Library/Frameworks/FileProvider.framework/Versions/A/FileProvider
0x00007ff817308000 	/System/Library/Frameworks/Accounts.framework/Versions/A/Accounts
0x00007ff82347f000 	/System/Library/PrivateFrameworks/GenerationalStorage.framework/Versions/A/GenerationalStorage
0x00007ff823f8f000 	/System/Library/PrivateFrameworks/CoreSymbolication.framework/Versions/A/CoreSymbolication
0x00007ff822d0a000 	/System/Library/PrivateFrameworks/SymptomDiagnosticReporter.framework/Versions/A/SymptomDiagnosticReporter
0x00007ff814927000 	/System/Library/PrivateFrameworks/DesktopServicesPriv.framework/Versions/A/DesktopServicesPriv
0x00007ff8137a5000 	/usr/lib/libsandbox.1.dylib
0x00007ff818654000 	/System/Library/PrivateFrameworks/UserManagement.framework/Versions/A/UserManagement
0x00007ff823f54000 	/System/Library/PrivateFrameworks/DebugSymbols.framework/Versions/A/DebugSymbols
0x00007ff81ec75000 	/System/Library/PrivateFrameworks/NetAuth.framework/Versions/A/NetAuth
0x00007ff81fb84000 	/System/Library/PrivateFrameworks/Sharing.framework/Versions/A/Sharing
0x00007ff818627000 	/System/Library/PrivateFrameworks/login.framework/Versions/A/Frameworks/loginsupport.framework/Versions/A/loginsupport
0x00007ff8250f2000 	/System/Library/PrivateFrameworks/Apple80211.framework/Versions/A/Apple80211
0x00007ff81b82d000 	/System/Library/PrivateFrameworks/AuthKit.framework/Versions/A/AuthKit
0x00007ff81ae82000 	/System/Library/PrivateFrameworks/CoreUtils.framework/Versions/A/CoreUtils
0x00007ff81ada9000 	/System/Library/Frameworks/CoreWLAN.framework/Versions/A/CoreWLAN
0x00007ff81fce3000 	/System/Library/Frameworks/IOBluetooth.framework/Versions/A/IOBluetooth
0x00007ff82515a000 	/System/Library/PrivateFrameworks/CoreWiFi.framework/Versions/A/CoreWiFi
0x00007ff823b29000 	/System/Library/PrivateFrameworks/FrontBoardServices.framework/Versions/A/FrontBoardServices
0x00007ff823bba000 	/System/Library/PrivateFrameworks/BoardServices.framework/Versions/A/BoardServices
0x00007ff81b091000 	/System/Library/PrivateFrameworks/AssertionServices.framework/Versions/A/AssertionServices
0x00007ff8252dd000 	/System/Library/PrivateFrameworks/BackBoardServices.framework/Versions/A/BackBoardServices
0x00007ff81f0cf000 	/System/Library/PrivateFrameworks/CorePhoneNumbers.framework/Versions/A/CorePhoneNumbers
0x00007ff81e993000 	/System/Library/PrivateFrameworks/MultiverseSupport.framework/Versions/A/MultiverseSupport
0x00007ff825551000 	/System/Library/PrivateFrameworks/RemoteServiceDiscovery.framework/Versions/A/RemoteServiceDiscovery
0x00007ff822e27000 	/System/Library/PrivateFrameworks/DiskManagement.framework/Versions/A/DiskManagement
0x00007ff822d3b000 	/System/Library/PrivateFrameworks/AppleIDAuthSupport.framework/Versions/A/AppleIDAuthSupport
0x00007ffb11471000 	/System/Library/PrivateFrameworks/AAAFoundation.framework/Versions/A/AAAFoundation
0x00007ff81f0b0000 	/System/Library/PrivateFrameworks/KeychainCircle.framework/Versions/A/KeychainCircle
0x00007ff825561000 	/System/Library/PrivateFrameworks/RemoteXPC.framework/Versions/A/RemoteXPC
0x00007ff822df3000 	/System/Library/PrivateFrameworks/MediaKit.framework/Versions/A/MediaKit
0x00007ff822d47000 	/System/Library/Frameworks/DiscRecording.framework/Versions/A/DiscRecording
0x00007ff81c683000 	/usr/lib/libCoreStorage.dylib
0x00007ff8255cc000 	/usr/lib/libcsfde.dylib
0x00007ff81fdb0000 	/System/Library/PrivateFrameworks/ProtectedCloudStorage.framework/Versions/A/ProtectedCloudStorage
0x00007ff8255c8000 	/System/Library/PrivateFrameworks/EFILogin.framework/Versions/A/EFILogin
0x00007ff8234a5000 	/System/Library/PrivateFrameworks/OctagonTrust.framework/Versions/A/OctagonTrust
0x00007ffb15d59000 	/System/Library/PrivateFrameworks/CoreUtilsExtras.framework/Versions/A/CoreUtilsExtras
0x00007ff822c6e000 	/System/Library/Frameworks/CoreBluetooth.framework/Versions/A/CoreBluetooth
0x00007ff825c5d000 	/System/Library/Frameworks/AudioUnit.framework/Versions/A/AudioUnit
0x00007ff81c67b000 	/usr/lib/libMatch.1.dylib
0x00007ff91b6a1000 	/System/Library/Frameworks/Accelerate.framework/Versions/A/Frameworks/vImage.framework/Versions/A/Libraries/libCGInterfaces.dylib
0x000000010db88000 	/usr/lib/libobjc-trampolines.dylib
0x00007ff81834c000 	/System/Library/PrivateFrameworks/ViewBridge.framework/Versions/A/ViewBridge
0x00007ffb11b33000 	/System/Library/PrivateFrameworks/AccessibilityBundles.framework/Versions/A/AccessibilityBundles
0x00007ffb295e7000 	/usr/lib/libRosetta.dylib
0x000000012b5e0000 	/Users/izzhafeez/.openjfx/cache/11/libjavafx_font.dylib
0x00007ff81cdd2000 	/System/Library/PrivateFrameworks/login.framework/Versions/A/login
0x000000012bcb9000 	/System/Library/Frameworks/FileProvider.framework/OverrideBundles/CloudDocsFileProvider.bundle/Contents/MacOS/CloudDocsFileProvider
0x00007ff81886b000 	/System/Library/PrivateFrameworks/CloudDocs.framework/Versions/A/CloudDocs
0x00007ff8258fc000 	/System/Library/PrivateFrameworks/AppleAccount.framework/Versions/A/AppleAccount
0x00007ff81fd97000 	/System/Library/PrivateFrameworks/AppContainer.framework/Versions/A/AppContainer
0x00007ff81f853000 	/System/Library/PrivateFrameworks/IDS.framework/Versions/A/IDS
0x00007ff825a54000 	/System/Library/PrivateFrameworks/AppleIDSSOAuthentication.framework/Versions/A/AppleIDSSOAuthentication
0x00007ff81862a000 	/System/Library/PrivateFrameworks/ApplePushService.framework/Versions/A/ApplePushService
0x00007ff82564e000 	/System/Library/PrivateFrameworks/AppSupport.framework/Versions/A/AppSupport
0x00007ff81e663000 	/System/Library/PrivateFrameworks/IMFoundation.framework/Versions/A/IMFoundation
0x00007ff91203c000 	/System/Library/PrivateFrameworks/Marco.framework/Versions/A/Marco
0x00007ff81f9c7000 	/System/Library/PrivateFrameworks/IDSFoundation.framework/Versions/A/IDSFoundation
0x00007ff817383000 	/System/Library/PrivateFrameworks/CommonUtilities.framework/Versions/A/CommonUtilities
0x00007ff916c8d000 	/System/Library/PrivateFrameworks/FTServices.framework/Versions/A/FTServices
0x00007ff8294b2000 	/System/Library/PrivateFrameworks/Engram.framework/Versions/A/Engram
0x00007ff829459000 	/usr/lib/libtidy.A.dylib
0x00007ff81cf7f000 	/System/Library/PrivateFrameworks/Bom.framework/Versions/A/Bom
0x00007ff81e9a3000 	/usr/lib/libParallelCompression.dylib
0x00007ff81c546000 	/System/Library/PrivateFrameworks/CrashReporterSupport.framework/Versions/A/CrashReporterSupport
0x00007ff920fe1000 	/System/Library/PrivateFrameworks/FTAWD.framework/Versions/A/FTAWD
0x00007ff9230b9000 	/System/Library/PrivateFrameworks/OSAnalytics.framework/Versions/A/OSAnalytics
0x00007ff92e271000 	/System/Library/PrivateFrameworks/Symbolication.framework/Versions/A/Symbolication
0x00007ff91705a000 	/System/Library/PrivateFrameworks/MallocStackLogging.framework/Versions/A/MallocStackLogging
0x00007ff8221db000 	/System/Library/PrivateFrameworks/CoreDaemon.framework/Versions/B/CoreDaemon
0x00007ff8221d6000 	/System/Library/PrivateFrameworks/AppleSRP.framework/Versions/A/AppleSRP
0x00007ff81b139000 	/System/Library/Frameworks/ServiceManagement.framework/Versions/A/ServiceManagement
0x00007ff81fdac000 	/System/Library/PrivateFrameworks/SecCodeWrapper.framework/Versions/A/SecCodeWrapper
0x000000012bc87000 	/System/Library/Frameworks/FileProvider.framework/OverrideBundles/FileProviderOverride.bundle/Contents/MacOS/FileProviderOverride
0x000000012bd52000 	/System/Library/Frameworks/FileProvider.framework/OverrideBundles/FinderSyncCollaborationFileProviderOverride.bundle/Contents/MacOS/FinderSyncCollaborationFileProviderOverride
0x00007ff92779a000 	/System/Library/PrivateFrameworks/FinderSyncPriv.framework/Versions/A/FinderSyncPriv
0x00007ff818679000 	/System/Library/Frameworks/CloudKit.framework/Versions/A/CloudKit
0x00007ff825d09000 	/System/Library/PrivateFrameworks/C2.framework/Versions/A/C2
0x00007ff8195ff000 	/System/Library/Frameworks/CoreLocation.framework/Versions/A/CoreLocation
0x00007ffb13254000 	/System/Library/PrivateFrameworks/CloudKitDistributedSync.framework/Versions/A/CloudKitDistributedSync
0x00007ff825d01000 	/System/Library/Frameworks/PushKit.framework/Versions/A/PushKit
0x00007ff824065000 	/System/Library/PrivateFrameworks/CoreTime.framework/Versions/A/CoreTime
0x00007ff8277fa000 	/System/Library/PrivateFrameworks/RTCReporting.framework/Versions/A/RTCReporting
0x00007ff820079000 	/System/Library/PrivateFrameworks/GeoServices.framework/Versions/A/GeoServices
0x00007ff81e6d6000 	/System/Library/PrivateFrameworks/LocationSupport.framework/Versions/A/LocationSupport
0x00007ffb172e5000 	/System/Library/PrivateFrameworks/GeoServicesCore.framework/Versions/A/GeoServicesCore
0x00007ff912838000 	/System/Library/PrivateFrameworks/PhoneNumbers.framework/Versions/A/PhoneNumbers
0x00007ff914e87000 	/usr/lib/libFosl_dynamic.dylib
0x00007ff91ae48000 	/usr/lib/libncurses.5.4.dylib
0x00007ffa1cd48000 	/System/Library/Extensions/AppleIntelKBLGraphicsMTLDriver.bundle/Contents/MacOS/AppleIntelKBLGraphicsMTLDriver
0x00007ff917098000 	/System/Library/PrivateFrameworks/GPURawCounter.framework/Versions/A/GPURawCounter
0x00007ff8221e7000 	/System/Library/PrivateFrameworks/SystemAdministration.framework/Versions/A/SystemAdministration
0x00007ff81da2e000 	/System/Library/Frameworks/MediaToolbox.framework/Versions/A/MediaToolbox
0x00007ff821a97000 	/System/Library/Frameworks/DirectoryService.framework/Versions/A/DirectoryService
0x00007ff825469000 	/System/Library/PrivateFrameworks/DiskImages.framework/Versions/A/DiskImages
0x00007ff825646000 	/System/Library/PrivateFrameworks/LoginUIKit.framework/Versions/A/Frameworks/LoginUICore.framework/Versions/A/LoginUICore
0x00007ff81cf7b000 	/usr/lib/libodfde.dylib
0x00007ff8232d6000 	/System/Library/PrivateFrameworks/CoreAVCHD.framework/Versions/A/CoreAVCHD
0x00007ff8221ab000 	/System/Library/Frameworks/MediaAccessibility.framework/Versions/A/MediaAccessibility
0x00007ff8232d2000 	/System/Library/PrivateFrameworks/Mangrove.framework/Versions/A/Mangrove
0x00007ff8221b6000 	/System/Library/PrivateFrameworks/AlgosScoreFramework.framework/Versions/A/AlgosScoreFramework
0x00007ffb1304d000 	/System/Library/PrivateFrameworks/CMPhoto.framework/Versions/A/CMPhoto
0x00007ff823e2a000 	/System/Library/PrivateFrameworks/AppleVPA.framework/Versions/A/AppleVPA
0x00007ff822f17000 	/System/Library/PrivateFrameworks/CoreAUC.framework/Versions/A/CoreAUC
0x00007ff8255d8000 	/usr/lib/libcurl.4.dylib
0x00007ffb29a53000 	/usr/lib/libcrypto.46.dylib
0x00007ffb29f48000 	/usr/lib/libssl.48.dylib
0x00007ff8252fb000 	/System/Library/Frameworks/LDAP.framework/Versions/A/LDAP
0x00007ff825333000 	/System/Library/PrivateFrameworks/TrustEvaluationAgent.framework/Versions/A/TrustEvaluationAgent
0x00007ff81e97f000 	/usr/lib/libsasl2.2.dylib


VM Arguments:
jvm_args: -Dfile.encoding=UTF-8 -Duser.country=GB -Duser.language=en -Duser.variant 
java_command: seedu.address.Main
java_class_path (initial): /Users/izzhafeez/Documents/School/CS2103T/tp/build/classes/java/main:/Users/izzhafeez/Documents/School/CS2103T/tp/build/resources/main:/Users/izzhafeez/.gradle/caches/modules-2/files-2.1/org.openjfx/javafx-fxml/11/d5ff9262ef49d166db658d15f37e3ecff38fde4b/javafx-fxml-11-win.jar:/Users/izzhafeez/.gradle/caches/modules-2/files-2.1/org.openjfx/javafx-fxml/11/e0f5bb81e21054b59f2ebfa727d40a90ee0260d3/javafx-fxml-11-mac.jar:/Users/izzhafeez/.gradle/caches/modules-2/files-2.1/org.openjfx/javafx-fxml/11/e7a757b580fc3e2e1a121768606c7836eef418c/javafx-fxml-11-linux.jar:/Users/izzhafeez/.gradle/caches/modules-2/files-2.1/org.openjfx/javafx-controls/11/af8d24de44e16a19ae959028eb23a48c145fb682/javafx-controls-11-win.jar:/Users/izzhafeez/.gradle/caches/modules-2/files-2.1/org.openjfx/javafx-controls/11/e3a24a14e8732abc6dc173f15872dc63e2a32e16/javafx-controls-11-mac.jar:/Users/izzhafeez/.gradle/caches/modules-2/files-2.1/org.openjfx/javafx-controls/11/794488e3b1f4635d9a1b842bdc872a5eb8fd54ca/javafx-controls-11-linux.jar:/Users/izzhafeez/.gradle/caches/modules-2/files-2.1/org.openjfx/javafx-controls/11/58d961774262ec972bf304e16c154a8e18c2050b/javafx-controls-11.jar:/Users/izzhafeez/.gradle/caches/modules-2/files-2.1/org.openjfx/javafx-graphics/11/9345c7ea43dbcc73a62eca5332717b4ce617e6c6/javafx-graphics-11-win.jar:/Users/izzhafeez/.gradle/caches/modules-2/files-2.1/org.openjfx/javafx-graphics/11/af47a6d3668d3ce1c61e1fe13c44471b6f8d469/javafx-graphics-11-mac.jar:/Users/izzhafeez/.gradle/caches/modules-2/files-2.1/org.openjfx/javafx-graphics/11/4ab9edd8d481a420044c473fdb5718ccdd35c836/javafx-graphics-11-linux.jar:/Users/izzhafeez/.gradle/caches/modules-2/files-2.1/org.openjfx/javafx-graphics/11/a736dd079047ec0b72b8c4970842a5c5e0c19f2f/javafx-graphics-11.jar:/Users/izzhafeez/.gradle/caches/modules-2/files-2.1/org.openjfx/javafx-base/11/ad3a4acfaa28b484d30c40c1f009445cc3f6e68b/javafx-base-11-win.jar:/Users/izzhafeez/.gradle/caches/modules-2/files-2.1/org.open
Launcher Type: SUN_STANDARD

[Global flags]
     intx CICompilerCount                          = 3                                         {product} {ergonomic}
     uint ConcGCThreads                            = 1                                         {product} {ergonomic}
     uint G1ConcRefinementThreads                  = 4                                         {product} {ergonomic}
   size_t G1HeapRegionSize                         = 1048576                                   {product} {ergonomic}
    uintx GCDrainStackTargetSize                   = 64                                        {product} {ergonomic}
   size_t InitialHeapSize                          = 134217728                                 {product} {ergonomic}
   size_t MarkStackSize                            = 4194304                                   {product} {ergonomic}
   size_t MaxHeapSize                              = 2147483648                                {product} {ergonomic}
   size_t MaxNewSize                               = 1287651328                                {product} {ergonomic}
   size_t MinHeapDeltaBytes                        = 1048576                                   {product} {ergonomic}
    uintx NonNMethodCodeHeapSize                   = 5830732                                {pd product} {ergonomic}
    uintx NonProfiledCodeHeapSize                  = 122913754                              {pd product} {ergonomic}
    uintx ProfiledCodeHeapSize                     = 122913754                              {pd product} {ergonomic}
    uintx ReservedCodeCacheSize                    = 251658240                              {pd product} {ergonomic}
     bool SegmentedCodeCache                       = true                                      {product} {ergonomic}
     bool UseCompressedClassPointers               = true                                 {lp64_product} {ergonomic}
     bool UseCompressedOops                        = true                                 {lp64_product} {ergonomic}
     bool UseG1GC                                  = true                                      {product} {ergonomic}

Logging:
Log output configuration:
 #0: stdout all=warning uptime,level,tags
 #1: stderr all=off uptime,level,tags

Environment Variables:
PATH=/Users/izzhafeez/.cargo/bin:/Users/izzhafeez/opt/anaconda3/bin:/Users/izzhafeez/opt/anaconda3/condabin:/Library/Frameworks/Python.framework/Versions/3.8/bin:/anaconda3/bin:/Library/Frameworks/Python.framework/Versions/3.7/bin:/usr/local/bin:/usr/bin:/bin:/usr/sbin:/sbin:/Library/PostgreSQL/14/bin:/Library/TeX/texbin:/Library/Apple/usr/bin
SHELL=/bin/bash

Signal Handlers:
SIGSEGV: [libjvm.dylib+0x735418], sa_mask[0]=11111111011111110111111111111111, sa_flags=SA_ONSTACK|SA_RESTART|SA_SIGINFO
SIGBUS: [libjvm.dylib+0x735418], sa_mask[0]=11111111011111110111111111111111, sa_flags=SA_RESTART|SA_SIGINFO
SIGFPE: [libjvm.dylib+0x735418], sa_mask[0]=11111111011111110111111111111111, sa_flags=SA_RESTART|SA_SIGINFO
SIGPIPE: [libjvm.dylib+0x5dce9e], sa_mask[0]=11111111011111110111111111111111, sa_flags=SA_RESTART|SA_SIGINFO
SIGXFSZ: [libjvm.dylib+0x5dce9e], sa_mask[0]=11111111011111110111111111111111, sa_flags=SA_RESTART|SA_SIGINFO
SIGILL: [libjvm.dylib+0x735418], sa_mask[0]=11111111011111110111111111111111, sa_flags=SA_RESTART|SA_SIGINFO
SIGUSR2: [libjvm.dylib+0x5dd483], sa_mask[0]=00100000000000000000000000000000, sa_flags=SA_RESTART|SA_SIGINFO
SIGHUP: [libjvm.dylib+0x5dc143], sa_mask[0]=11111111011111110111111111111111, sa_flags=SA_RESTART|SA_SIGINFO
SIGINT: [libjvm.dylib+0x5dc143], sa_mask[0]=11111111011111110111111111111111, sa_flags=SA_RESTART|SA_SIGINFO
SIGTERM: [libjvm.dylib+0x5dc143], sa_mask[0]=11111111011111110111111111111111, sa_flags=SA_RESTART|SA_SIGINFO
SIGQUIT: [libjvm.dylib+0x5dc143], sa_mask[0]=11111111011111110111111111111111, sa_flags=SA_RESTART|SA_SIGINFO


---------------  S Y S T E M  ---------------

OS:uname:Darwin 21.6.0 Darwin Kernel Version 21.6.0: Mon Dec 19 20:44:01 PST 2022; root:xnu-8020.240.18~2/RELEASE_X86_64 x86_64
rlimit: STACK 8192k, CORE 0k, NPROC 1392, NOFILE 10240, AS infinity, DATA infinity, FSIZE infinity
load average:10.94 13.36 14.98

CPU:total 4 (initial active 4) (2 cores per cpu, 2 threads per core) family 6 model 142 stepping 9, cmov, cx8, fxsr, mmx, sse, sse2, sse3, ssse3, sse4.1, sse4.2, popcnt, avx, avx2, aes, clmul, erms, 3dnowpref, lzcnt, ht, tsc, tscinvbit, bmi1, bmi2, adx, fma

Memory: 4k page, physical 8388608k(39696k free)

vm_info: Java HotSpot(TM) 64-Bit Server VM (12.0.2+10) for bsd-amd64 JRE (12.0.2+10), built on Jul 16 2019 00:56:38 by "mach5one" with gcc 4.2.1 Compatible Apple LLVM 9.1.0 (clang-902.0.39.2)

END.
