#
# A fatal error has been detected by the Java Runtime Environment:
#
#  Internal Error (safepoint.cpp:899), pid=31345, tid=27907
#  fatal error: Illegal threadstate encountered: 4
#
# JRE version: Java(TM) SE Runtime Environment (12.0.2+10) (build 12.0.2+10)
# Java VM: Java HotSpot(TM) 64-Bit Server VM (12.0.2+10, mixed mode, sharing, tiered, compressed oops, g1 gc, bsd-amd64)
# No core dump will be written. Core dumps have been disabled. To enable core dumping, try "ulimit -c unlimited" before starting Java again
#
# If you would like to submit a bug report, please visit:
#   http://bugreport.java.com/bugreport/crash.jsp
# The crash happened outside the Java Virtual Machine in native code.
# See problematic frame for where to report the bug.
#

---------------  S U M M A R Y ------------

Command Line: -Dfile.encoding=UTF-8 -Duser.country=GB -Duser.language=en -Duser.variant seedu.address.Main

Host: MacBookAir8,1 x86_64 1600 MHz, 4 cores, 8G, Darwin 21.6.0
Time: Wed Mar 15 14:52:32 2023 +08 elapsed time: 192 seconds (0d 0h 3m 12s)

---------------  T H R E A D  ---------------

Current thread (0x00007fdd5a22b000):  JavaThread "InvokeLaterDispatcher" daemon [_thread_in_native, id=27907, stack(0x0000700011185000,0x0000700011285000)]

Stack: [0x0000700011185000,0x0000700011285000],  sp=0x0000700011283400,  free space=1017k
Native frames: (J=compiled Java code, A=aot compiled Java code, j=interpreted, Vv=VM code, C=native code)
V  [libjvm.dylib+0x734734]  _ZN7VMError14report_and_dieEiPKcS1_P13__va_list_tagP6ThreadPhPvS7_S1_im+0x5c0
V  [libjvm.dylib+0x734d4b]  _ZN7VMError14report_and_dieEP6ThreadPvPKciS4_S4_P13__va_list_tag+0x47
V  [libjvm.dylib+0x25b4b1]  _Z12report_fatalPKciS0_z+0xb5
V  [libjvm.dylib+0x649d97]  _ZN20SafepointSynchronize5blockEP10JavaThread+0x1d1
V  [libjvm.dylib+0x6e44a0]  _ZN10JavaThread44check_safepoint_and_suspend_for_native_transEPS_+0xa2
V  [libjvm.dylib+0x3c8a26]  jni_DeleteGlobalRef+0x8b
C  [libglass.dylib+0x8871]  -[GlassRunnable dealloc]+0x31
C  [Foundation+0x818be]  -[_NSThreadPerformInfo dealloc]+0x2a
C  [Foundation+0x4e446]  -[NSObject(NSThreadPerformAdditions) performSelectorOnMainThread:withObject:waitUntilDone:]+0x7c
J 4079  com.sun.glass.ui.mac.MacApplication._submitForLaterInvocation(Ljava/lang/Runnable;)V (0 bytes) @ 0x000000011ed81f8f [0x000000011ed81ec0+0x00000000000000cf]
J 6848 c2 com.sun.glass.ui.mac.MacApplication.submitForLaterInvocation(Ljava/lang/Runnable;)V (6 bytes) @ 0x000000011ecdf564 [0x000000011ecdf520+0x0000000000000044]
j  com.sun.glass.ui.InvokeLaterDispatcher.run()V+82
v  ~StubRoutines::call_stub
V  [libjvm.dylib+0x392641]  _ZN9JavaCalls11call_helperEP9JavaValueRK12methodHandleP17JavaCallArgumentsP6Thread+0x285
V  [libjvm.dylib+0x391a20]  _ZN9JavaCalls12call_virtualEP9JavaValueP5KlassP6SymbolS5_P17JavaCallArgumentsP6Thread+0xee
V  [libjvm.dylib+0x391adc]  _ZN9JavaCalls12call_virtualEP9JavaValue6HandleP5KlassP6SymbolS6_P6Thread+0x62
V  [libjvm.dylib+0x4101e8]  _ZL12thread_entryP10JavaThreadP6Thread+0x78
V  [libjvm.dylib+0x6e2ecc]  _ZN10JavaThread17thread_main_innerEv+0x82
V  [libjvm.dylib+0x6e2d16]  _ZN10JavaThread3runEv+0x16c
V  [libjvm.dylib+0x6e0c1c]  _ZN6Thread8call_runEv+0x68
V  [libjvm.dylib+0x5db0df]  _ZL19thread_native_entryP6Thread+0x139
C  [libsystem_pthread.dylib+0x64e1]  _pthread_start+0x7d
C  [libsystem_pthread.dylib+0x1f6b]  thread_start+0xf

Java frames: (J=compiled Java code, j=interpreted, Vv=VM code)
J 4079  com.sun.glass.ui.mac.MacApplication._submitForLaterInvocation(Ljava/lang/Runnable;)V (0 bytes) @ 0x000000011ed81f1c [0x000000011ed81ec0+0x000000000000005c]
J 6848 c2 com.sun.glass.ui.mac.MacApplication.submitForLaterInvocation(Ljava/lang/Runnable;)V (6 bytes) @ 0x000000011ecdf564 [0x000000011ecdf520+0x0000000000000044]
j  com.sun.glass.ui.InvokeLaterDispatcher.run()V+82
v  ~StubRoutines::call_stub

---------------  P R O C E S S  ---------------

Threads class SMR info:
_java_thread_list=0x000060000060d6e0, length=16, elements={
0x00007fdd5a80b800, 0x00007fdd5a845800, 0x00007fdd5a00d000, 0x00007fdd5b042000,
0x00007fdd5b044800, 0x00007fdd5b043000, 0x00007fdd5a848000, 0x00007fdd5c040000,
0x00007fdd5a846800, 0x00007fdd5a87b800, 0x00007fdd5a87c800, 0x00007fdd5a22b000,
0x00007fdd5a22c000, 0x00007fdd5b1f7000, 0x00007fdd5b3d4000, 0x00007fdd5acdb800
}

Java Threads: ( => current thread )
  0x00007fdd5a80b800 JavaThread "main" [_thread_blocked, id=6147, stack(0x000070000fe49000,0x000070000ff49000)]
  0x00007fdd5a845800 JavaThread "Reference Handler" daemon [_thread_blocked, id=13059, stack(0x000070001055e000,0x000070001065e000)]
  0x00007fdd5a00d000 JavaThread "Finalizer" daemon [_thread_blocked, id=17411, stack(0x0000700010661000,0x0000700010761000)]
  0x00007fdd5b042000 JavaThread "Signal Dispatcher" daemon [_thread_blocked, id=15875, stack(0x000070001086a000,0x000070001096a000)]
  0x00007fdd5b044800 JavaThread "C2 CompilerThread0" daemon [_thread_blocked, id=21763, stack(0x000070001096d000,0x0000700010a6d000)]
  0x00007fdd5b043000 JavaThread "C1 CompilerThread0" daemon [_thread_blocked, id=42755, stack(0x0000700010a70000,0x0000700010b70000)]
  0x00007fdd5a848000 JavaThread "Sweeper thread" daemon [_thread_blocked, id=22275, stack(0x0000700010b73000,0x0000700010c73000)]
  0x00007fdd5c040000 JavaThread "Service Thread" daemon [_thread_blocked, id=22531, stack(0x0000700010c76000,0x0000700010d76000)]
  0x00007fdd5a846800 JavaThread "Common-Cleaner" daemon [_thread_blocked, id=41219, stack(0x0000700010e7c000,0x0000700010f7c000)]
  0x00007fdd5a87b800 JavaThread "JavaFX-Launcher" [_thread_blocked, id=40707, stack(0x0000700010f7f000,0x000070001107f000)]
  0x00007fdd5a87c800 JavaThread "QuantumRenderer-0" daemon [_thread_blocked, id=39939, stack(0x0000700011082000,0x0000700011182000)]
=>0x00007fdd5a22b000 JavaThread "InvokeLaterDispatcher" daemon [_thread_in_native, id=27907, stack(0x0000700011185000,0x0000700011285000)]
  0x00007fdd5a22c000 JavaThread "JavaFX Application Thread" [_thread_in_native_trans, id=259, stack(0x00007ff7b2f00000,0x00007ff7b3700000)]
  0x00007fdd5b1f7000 JavaThread "Thread-3" daemon [_thread_in_native, id=84231, stack(0x000070001130b000,0x000070001138b000)]
  0x00007fdd5b3d4000 JavaThread "Prism Font Disposer" daemon [_thread_blocked, id=60683, stack(0x0000700011820000,0x0000700011920000)]
  0x00007fdd5acdb800 JavaThread "Cleaner-0" daemon [_thread_blocked, id=64011, stack(0x0000700011aac000,0x0000700011bac000)]

Other Threads:
  0x00007fdd5b041800 VMThread "VM Thread" [stack: 0x000070001045b000,0x000070001055b000] [id=18179]
  0x00007fdd5b04d000 WatcherThread [stack: 0x0000700010d79000,0x0000700010e79000] [id=22787]
  0x00007fdd5c02b800 GCTaskThread "GC Thread#0" [stack: 0x000070000ff4c000,0x000070001004c000] [id=11267]
  0x00007fdd5b21f000 GCTaskThread "GC Thread#1" [stack: 0x0000700011517000,0x0000700011617000] [id=49415]
  0x00007fdd5b1d3000 GCTaskThread "GC Thread#2" [stack: 0x000070001161a000,0x000070001171a000] [id=54019]
  0x00007fdd5b1d3800 GCTaskThread "GC Thread#3" [stack: 0x000070001171d000,0x000070001181d000] [id=76291]
  0x00007fdd5c038800 ConcurrentGCThread "G1 Main Marker" [stack: 0x000070001004f000,0x000070001014f000] [id=20739]
  0x00007fdd5b013000 ConcurrentGCThread "G1 Conc#0" [stack: 0x0000700010152000,0x0000700010252000] [id=11779]
  0x00007fdd5a83f000 ConcurrentGCThread "G1 Refine#0" [stack: 0x0000700010255000,0x0000700010355000] [id=12035]
  0x00007fdd5c039800 ConcurrentGCThread "G1 Young RemSet Sampling" [stack: 0x0000700010358000,0x0000700010458000] [id=19203]

Threads with active compile tasks:

VM state:not at safepoint (normal execution)

VM Mutex/Monitor currently owned by a thread: None

Heap address: 0x0000000780000000, size: 2048 MB, Compressed Oops mode: Zero based, Oop shift amount: 3
Narrow klass base: 0x0000000800000000, Narrow klass shift: 3
Compressed class space size: 1073741824 Address: 0x0000000801101000

Heap:
 garbage-first heap   total 48128K, used 30170K [0x0000000780000000, 0x0000000800000000)
  region size 1024K, 15 young (15360K), 2 survivors (2048K)
 Metaspace       used 27186K, capacity 28498K, committed 28720K, reserved 1075200K
  class space    used 3384K, capacity 3889K, committed 3968K, reserved 1048576K
Heap Regions: E=young(eden), S=young(survivor), O=old, HS=humongous(starts), HC=humongous(continues), CS=collection set, F=free, A=archive, TAMS=top-at-mark-start (previous, next)
|   0|0x0000000780000000, 0x0000000780100000, 0x0000000780100000|100%| O|  |TAMS 0x0000000780100000, 0x0000000780000000| Untracked 
|   1|0x0000000780100000, 0x0000000780200000, 0x0000000780200000|100%| O|  |TAMS 0x0000000780200000, 0x0000000780100000| Untracked 
|   2|0x0000000780200000, 0x0000000780300000, 0x0000000780300000|100%| O|  |TAMS 0x0000000780300000, 0x0000000780200000| Untracked 
|   3|0x0000000780300000, 0x0000000780400000, 0x0000000780400000|100%| O|  |TAMS 0x0000000780400000, 0x0000000780300000| Untracked 
|   4|0x0000000780400000, 0x00000007804a4400, 0x0000000780500000| 64%| O|  |TAMS 0x000000078041e600, 0x0000000780400000| Untracked 
|   5|0x0000000780500000, 0x0000000780600000, 0x0000000780600000|100%|HS|  |TAMS 0x0000000780500000, 0x0000000780500000| Complete 
|   6|0x0000000780600000, 0x0000000780700000, 0x0000000780700000|100%|HC|  |TAMS 0x0000000780600000, 0x0000000780600000| Complete 
|   7|0x0000000780700000, 0x0000000780800000, 0x0000000780800000|100%| O|  |TAMS 0x0000000780700000, 0x0000000780700000| Untracked 
|   8|0x0000000780800000, 0x0000000780900000, 0x0000000780900000|100%| O|  |TAMS 0x0000000780800000, 0x0000000780800000| Untracked 
|   9|0x0000000780900000, 0x0000000780a00000, 0x0000000780a00000|100%| O|  |TAMS 0x0000000780900000, 0x0000000780900000| Untracked 
|  10|0x0000000780a00000, 0x0000000780b00000, 0x0000000780b00000|100%| O|  |TAMS 0x0000000780a00000, 0x0000000780a00000| Untracked 
|  11|0x0000000780b00000, 0x0000000780c00000, 0x0000000780c00000|100%| O|  |TAMS 0x0000000780b00000, 0x0000000780b00000| Untracked 
|  12|0x0000000780c00000, 0x0000000780d00000, 0x0000000780d00000|100%| O|  |TAMS 0x0000000780c00000, 0x0000000780c00000| Untracked 
|  13|0x0000000780d00000, 0x0000000780e00000, 0x0000000780e00000|100%| O|  |TAMS 0x0000000780d00000, 0x0000000780d00000| Untracked 
|  14|0x0000000780e00000, 0x0000000780ed0400, 0x0000000780f00000| 81%| O|  |TAMS 0x0000000780e00000, 0x0000000780e00000| Untracked 
|  15|0x0000000780f00000, 0x0000000780f00000, 0x0000000781000000|  0%| F|  |TAMS 0x0000000780f00000, 0x0000000780f00000| Untracked 
|  16|0x0000000781000000, 0x0000000781000000, 0x0000000781100000|  0%| F|  |TAMS 0x0000000781000000, 0x0000000781000000| Untracked 
|  17|0x0000000781100000, 0x0000000781200000, 0x0000000781200000|100%| O|  |TAMS 0x0000000781100000, 0x0000000781100000| Untracked 
|  18|0x0000000781200000, 0x0000000781200000, 0x0000000781300000|  0%| F|  |TAMS 0x0000000781200000, 0x0000000781200000| Untracked 
|  19|0x0000000781300000, 0x0000000781300000, 0x0000000781400000|  0%| F|  |TAMS 0x0000000781300000, 0x0000000781300000| Untracked 
|  20|0x0000000781400000, 0x0000000781400000, 0x0000000781500000|  0%| F|  |TAMS 0x0000000781400000, 0x0000000781400000| Untracked 
|  21|0x0000000781500000, 0x0000000781500000, 0x0000000781600000|  0%| F|  |TAMS 0x0000000781500000, 0x0000000781500000| Untracked 
|  22|0x0000000781600000, 0x0000000781600000, 0x0000000781700000|  0%| F|  |TAMS 0x0000000781600000, 0x0000000781600000| Untracked 
|  23|0x0000000781700000, 0x0000000781700000, 0x0000000781800000|  0%| F|  |TAMS 0x0000000781700000, 0x0000000781700000| Untracked 
|  24|0x0000000781800000, 0x000000078184a1c8, 0x0000000781900000| 28%| S|CS|TAMS 0x0000000781800000, 0x0000000781800000| Complete 
|  25|0x0000000781900000, 0x0000000781900000, 0x0000000781a00000|  0%| F|  |TAMS 0x0000000781900000, 0x0000000781900000| Untracked 
|  26|0x0000000781a00000, 0x0000000781b00000, 0x0000000781b00000|100%| S|CS|TAMS 0x0000000781a00000, 0x0000000781a00000| Complete 
|  27|0x0000000781b00000, 0x0000000781b00000, 0x0000000781c00000|  0%| F|  |TAMS 0x0000000781b00000, 0x0000000781b00000| Untracked 
|  28|0x0000000781c00000, 0x0000000781c00000, 0x0000000781d00000|  0%| F|  |TAMS 0x0000000781c00000, 0x0000000781c00000| Untracked 
|  29|0x0000000781d00000, 0x0000000781d00000, 0x0000000781e00000|  0%| F|  |TAMS 0x0000000781d00000, 0x0000000781d00000| Untracked 
|  30|0x0000000781e00000, 0x0000000781e00000, 0x0000000781f00000|  0%| F|  |TAMS 0x0000000781e00000, 0x0000000781e00000| Untracked 
|  31|0x0000000781f00000, 0x0000000781f00000, 0x0000000782000000|  0%| F|  |TAMS 0x0000000781f00000, 0x0000000781f00000| Untracked 
|  32|0x0000000782000000, 0x0000000782007528, 0x0000000782100000|  2%| E|  |TAMS 0x0000000782000000, 0x0000000782000000| Complete 
|  33|0x0000000782100000, 0x0000000782200000, 0x0000000782200000|100%| E|CS|TAMS 0x0000000782100000, 0x0000000782100000| Complete 
|  34|0x0000000782200000, 0x0000000782300000, 0x0000000782300000|100%| E|CS|TAMS 0x0000000782200000, 0x0000000782200000| Complete 
|  35|0x0000000782300000, 0x0000000782400000, 0x0000000782400000|100%| E|CS|TAMS 0x0000000782300000, 0x0000000782300000| Complete 
|  36|0x0000000782400000, 0x0000000782500000, 0x0000000782500000|100%| E|CS|TAMS 0x0000000782400000, 0x0000000782400000| Complete 
|  37|0x0000000782500000, 0x0000000782600000, 0x0000000782600000|100%| E|CS|TAMS 0x0000000782500000, 0x0000000782500000| Complete 
|  93|0x0000000785d00000, 0x0000000785e00000, 0x0000000785e00000|100%| E|CS|TAMS 0x0000000785d00000, 0x0000000785d00000| Complete 
|  98|0x0000000786200000, 0x0000000786300000, 0x0000000786300000|100%| E|CS|TAMS 0x0000000786200000, 0x0000000786200000| Complete 
|  99|0x0000000786300000, 0x0000000786400000, 0x0000000786400000|100%| E|CS|TAMS 0x0000000786300000, 0x0000000786300000| Complete 
| 100|0x0000000786400000, 0x0000000786500000, 0x0000000786500000|100%| E|CS|TAMS 0x0000000786400000, 0x0000000786400000| Complete 
| 101|0x0000000786500000, 0x0000000786600000, 0x0000000786600000|100%| E|CS|TAMS 0x0000000786500000, 0x0000000786500000| Complete 
| 102|0x0000000786600000, 0x0000000786700000, 0x0000000786700000|100%| E|CS|TAMS 0x0000000786600000, 0x0000000786600000| Complete 
| 127|0x0000000787f00000, 0x0000000788000000, 0x0000000788000000|100%| E|CS|TAMS 0x0000000787f00000, 0x0000000787f00000| Complete 
|1022|0x00000007bfe00000, 0x00000007bfe48000, 0x00000007bff00000| 28%|OA|  |TAMS 0x00000007bfe48000, 0x00000007bfe00000| Untracked 
|1023|0x00000007bff00000, 0x00000007bff70000, 0x00000007c0000000| 43%|CA|  |TAMS 0x00000007bff70000, 0x00000007bff00000| Untracked 

Card table byte_map: [0x000000010cfa9000,0x000000010d3a9000] _byte_map_base: 0x00000001093a9000

Marking Bits (Prev, Next): (CMBitMap*) 0x00007fdd5c02c058, (CMBitMap*) 0x00007fdd5c02c018
 Prev Bits: [0x000000012813e000, 0x000000012a13e000)
 Next Bits: [0x000000012613e000, 0x000000012813e000)

Polling page: 0x000000010c935000

Metaspace:

Usage:
  Non-class:     24.03 MB capacity,    23.24 MB ( 97%) used,   660.70 KB (  3%) free+waste,   145.88 KB ( <1%) overhead. 
      Class:      3.80 MB capacity,     3.30 MB ( 87%) used,   431.95 KB ( 11%) free+waste,    73.00 KB (  2%) overhead. 
       Both:     27.83 MB capacity,    26.55 MB ( 95%) used,     1.07 MB (  4%) free+waste,   218.88 KB ( <1%) overhead. 

Virtual space:
  Non-class space:       26.00 MB reserved,      24.17 MB ( 93%) committed 
      Class space:        1.00 GB reserved,       3.88 MB ( <1%) committed 
             Both:        1.03 GB reserved,      28.05 MB (  3%) committed 

Chunk freelists:
   Non-Class:  6.38 KB
       Class:  0 bytes
        Both:  6.38 KB

CodeHeap 'non-profiled nmethods': size=120032Kb used=3492Kb max_used=3492Kb free=116539Kb
 bounds [0x000000011ec06000, 0x000000011ef76000, 0x000000012613e000]
CodeHeap 'profiled nmethods': size=120032Kb used=14915Kb max_used=14986Kb free=105116Kb
 bounds [0x00000001176ce000, 0x000000011859e000, 0x000000011ec06000]
CodeHeap 'non-nmethods': size=5696Kb used=1396Kb max_used=1458Kb free=4299Kb
 bounds [0x000000011713e000, 0x00000001173ae000, 0x00000001176ce000]
 total_blobs=9905 nmethods=6644 adapters=763
 compilation: enabled
              stopped_count=0, restarted_count=0
 full_count=0

Compilation events (10 events):
Event: 192.079 Thread 0x00007fdd5b043000 nmethod 7611 0x0000000117f3f910 code [0x0000000117f3fba0, 0x0000000117f40aa8]
Event: 192.079 Thread 0x00007fdd5b043000 7612       3       com.sun.prism.es2.ES2SwapChain::isMSAA (24 bytes)
Event: 192.079 Thread 0x00007fdd5b043000 nmethod 7612 0x0000000117edb590 code [0x0000000117edb760, 0x0000000117edba08]
Event: 192.112 Thread 0x00007fdd5b044800 nmethod 7597% 0x000000011ef6c390 code [0x000000011ef6c680, 0x000000011ef6e150]
Event: 192.113 Thread 0x00007fdd5b044800 7601       4       javafx.collections.ListChangeBuilder$SingleChange::getTo (12 bytes)
Event: 192.114 Thread 0x00007fdd5b044800 nmethod 7601 0x000000011ef6f090 code [0x000000011ef6f220, 0x000000011ef6f2b8]
Event: 192.480 Thread 0x00007fdd5b044800 7613       4       javafx.scene.layout.StackPane::requestLayout (15 bytes)
Event: 192.491 Thread 0x00007fdd5b043000 7614       3       javafx.scene.text.Text::getBaselineOffset (8 bytes)
Event: 192.494 Thread 0x00007fdd5b043000 nmethod 7614 0x0000000117edaa90 code [0x0000000117edaca0, 0x0000000117edb298]
Event: 192.494 Thread 0x00007fdd5b043000 7615       3       javafx.scene.text.Text::baselineOffsetProperty (8 bytes)

GC Heap History (10 events):
Event: 110.362 GC heap before
{Heap before GC invocations=9 (full 0):
 garbage-first heap   total 48128K, used 34005K [0x0000000780000000, 0x0000000800000000)
  region size 1024K, 19 young (19456K), 3 survivors (3072K)
 Metaspace       used 26691K, capacity 27950K, committed 28208K, reserved 1073152K
  class space    used 3378K, capacity 3886K, committed 3968K, reserved 1048576K
}
Event: 110.366 GC heap after
{Heap after GC invocations=10 (full 0):
 garbage-first heap   total 48128K, used 17014K [0x0000000780000000, 0x0000000800000000)
  region size 1024K, 1 young (1024K), 1 survivors (1024K)
 Metaspace       used 26691K, capacity 27950K, committed 28208K, reserved 1073152K
  class space    used 3378K, capacity 3886K, committed 3968K, reserved 1048576K
}
Event: 115.463 GC heap before
{Heap before GC invocations=10 (full 0):
 garbage-first heap   total 48128K, used 34422K [0x0000000780000000, 0x0000000800000000)
  region size 1024K, 18 young (18432K), 1 survivors (1024K)
 Metaspace       used 26856K, capacity 28108K, committed 28208K, reserved 1073152K
  class space    used 3380K, capacity 3889K, committed 3968K, reserved 1048576K
}
Event: 115.468 GC heap after
{Heap after GC invocations=11 (full 0):
 garbage-first heap   total 48128K, used 17390K [0x0000000780000000, 0x0000000800000000)
  region size 1024K, 2 young (2048K), 2 survivors (2048K)
 Metaspace       used 26856K, capacity 28108K, committed 28208K, reserved 1073152K
  class space    used 3380K, capacity 3889K, committed 3968K, reserved 1048576K
}
Event: 115.999 GC heap before
{Heap before GC invocations=11 (full 0):
 garbage-first heap   total 48128K, used 34798K [0x0000000780000000, 0x0000000800000000)
  region size 1024K, 19 young (19456K), 2 survivors (2048K)
 Metaspace       used 26948K, capacity 28302K, committed 28464K, reserved 1073152K
  class space    used 3380K, capacity 3889K, committed 3968K, reserved 1048576K
}
Event: 116.006 GC heap after
{Heap after GC invocations=12 (full 0):
 garbage-first heap   total 48128K, used 18034K [0x0000000780000000, 0x0000000800000000)
  region size 1024K, 2 young (2048K), 2 survivors (2048K)
 Metaspace       used 26948K, capacity 28302K, committed 28464K, reserved 1073152K
  class space    used 3380K, capacity 3889K, committed 3968K, reserved 1048576K
}
Event: 116.582 GC heap before
{Heap before GC invocations=12 (full 0):
 garbage-first heap   total 48128K, used 35442K [0x0000000780000000, 0x0000000800000000)
  region size 1024K, 19 young (19456K), 2 survivors (2048K)
 Metaspace       used 27017K, capacity 28302K, committed 28464K, reserved 1073152K
  class space    used 3380K, capacity 3889K, committed 3968K, reserved 1048576K
}
Event: 116.587 GC heap after
{Heap after GC invocations=13 (full 0):
 garbage-first heap   total 48128K, used 17672K [0x0000000780000000, 0x0000000800000000)
  region size 1024K, 2 young (2048K), 2 survivors (2048K)
 Metaspace       used 27017K, capacity 28302K, committed 28464K, reserved 1073152K
  class space    used 3380K, capacity 3889K, committed 3968K, reserved 1048576K
}
Event: 117.300 GC heap before
{Heap before GC invocations=13 (full 0):
 garbage-first heap   total 48128K, used 35080K [0x0000000780000000, 0x0000000800000000)
  region size 1024K, 19 young (19456K), 2 survivors (2048K)
 Metaspace       used 27064K, capacity 28368K, committed 28464K, reserved 1073152K
  class space    used 3380K, capacity 3889K, committed 3968K, reserved 1048576K
}
Event: 117.307 GC heap after
{Heap after GC invocations=14 (full 0):
 garbage-first heap   total 48128K, used 17882K [0x0000000780000000, 0x0000000800000000)
  region size 1024K, 2 young (2048K), 2 survivors (2048K)
 Metaspace       used 27064K, capacity 28368K, committed 28464K, reserved 1073152K
  class space    used 3380K, capacity 3889K, committed 3968K, reserved 1048576K
}

Deoptimization events (10 events):
Event: 118.113 Thread 0x00007fdd5a87c800 Uncommon trap: reason=class_check action=maybe_recompile pc=0x000000011ef28d44 method=jdk.internal.misc.Unsafe.allocateUninitializedArray(Ljava/lang/Class;I)Ljava/lang/Object; @ 48 c2
Event: 118.113 Thread 0x00007fdd5a87c800 Uncommon trap: reason=class_check action=maybe_recompile pc=0x000000011ef28d44 method=jdk.internal.misc.Unsafe.allocateUninitializedArray(Ljava/lang/Class;I)Ljava/lang/Object; @ 48 c2
Event: 118.113 Thread 0x00007fdd5a87c800 Uncommon trap: reason=class_check action=maybe_recompile pc=0x000000011ef28d44 method=jdk.internal.misc.Unsafe.allocateUninitializedArray(Ljava/lang/Class;I)Ljava/lang/Object; @ 48 c2
Event: 120.023 Thread 0x00007fdd5a22c000 Uncommon trap: reason=class_check action=maybe_recompile pc=0x000000011ee5f7fc method=com.sun.javafx.event.CompositeEventHandler.dispatchCapturingEvent(Ljavafx/event/Event;)V @ 12 c2
Event: 120.026 Thread 0x00007fdd5a22c000 Uncommon trap: reason=class_check action=maybe_recompile pc=0x000000011ee7c104 method=com.sun.javafx.event.CompositeEventHandler.dispatchBubblingEvent(Ljavafx/event/Event;)V @ 12 c2
Event: 120.037 Thread 0x00007fdd5a22c000 Uncommon trap: reason=unstable_if action=reinterpret pc=0x000000011eed5a50 method=javafx.scene.CssStyleHelper.transitionToState(Ljavafx/scene/Node;)V @ 145 c2
Event: 120.040 Thread 0x00007fdd5a22c000 Uncommon trap: reason=profile_predicate action=maybe_recompile pc=0x000000011ee490a4 method=javafx.scene.CssStyleHelper.transitionToState(Ljavafx/scene/Node;)V @ 282 c2
Event: 120.059 Thread 0x00007fdd5a22c000 Uncommon trap: reason=unstable_if action=reinterpret pc=0x000000011ec5b494 method=javafx.scene.Node.buildEventDispatchChain(Ljavafx/event/EventDispatchChain;)Ljavafx/event/EventDispatchChain; @ 86 c2
Event: 120.060 Thread 0x00007fdd5a87c800 Uncommon trap: reason=unstable_if action=reinterpret pc=0x000000011ee5a7f4 method=com.sun.javafx.sg.prism.NGNode.checkBoundsInQuad(Lcom/sun/javafx/geom/RectBounds;Lcom/sun/javafx/geom/RectBounds;Lcom/sun/javafx/geom/transform/BaseTransform;Lcom/sun/javafx
Event: 191.215 Thread 0x00007fdd5a22c000 Uncommon trap: reason=null_check action=make_not_entrant pc=0x000000011ef67590 method=com.sun.javafx.tk.quantum.GlassViewEventHandler.lambda$handleBeginTouchEvent$25(JIZI)Ljava/lang/Void; @ 22 c2

Classes redefined (0 events):
No events

Internal exceptions (10 events):
Event: 87.643 Thread 0x00007fdd5a22c000 Exception <a 'java/io/FileNotFoundException'{0x0000000782583c88}> (0x0000000782583c88) thrown at [/scratch/mesos/slaves/ae206c0d-865c-4d69-a16b-c4e90bf2719f-S399/frameworks/1735e8a2-a1db-478c-8104-60c8b0af87dd-0196/executors/d4337cad-8111-46d8-8d39-fb2ce6
Event: 89.938 Thread 0x00007fdd5a22c000 Exception <a 'java/io/FileNotFoundException'{0x00000007824a4018}> (0x00000007824a4018) thrown at [/scratch/mesos/slaves/ae206c0d-865c-4d69-a16b-c4e90bf2719f-S399/frameworks/1735e8a2-a1db-478c-8104-60c8b0af87dd-0196/executors/d4337cad-8111-46d8-8d39-fb2ce6
Event: 92.465 Thread 0x00007fdd5a22c000 Exception <a 'java/io/FileNotFoundException'{0x00000007823d0e20}> (0x00000007823d0e20) thrown at [/scratch/mesos/slaves/ae206c0d-865c-4d69-a16b-c4e90bf2719f-S399/frameworks/1735e8a2-a1db-478c-8104-60c8b0af87dd-0196/executors/d4337cad-8111-46d8-8d39-fb2ce6
Event: 95.475 Thread 0x00007fdd5a22c000 Exception <a 'java/io/FileNotFoundException'{0x00000007821112c0}> (0x00000007821112c0) thrown at [/scratch/mesos/slaves/ae206c0d-865c-4d69-a16b-c4e90bf2719f-S399/frameworks/1735e8a2-a1db-478c-8104-60c8b0af87dd-0196/executors/d4337cad-8111-46d8-8d39-fb2ce6
Event: 97.131 Thread 0x00007fdd5a22c000 Exception <a 'java/io/FileNotFoundException'{0x0000000782025e40}> (0x0000000782025e40) thrown at [/scratch/mesos/slaves/ae206c0d-865c-4d69-a16b-c4e90bf2719f-S399/frameworks/1735e8a2-a1db-478c-8104-60c8b0af87dd-0196/executors/d4337cad-8111-46d8-8d39-fb2ce6
Event: 98.940 Thread 0x00007fdd5a22c000 Exception <a 'java/io/FileNotFoundException'{0x0000000781f3a820}> (0x0000000781f3a820) thrown at [/scratch/mesos/slaves/ae206c0d-865c-4d69-a16b-c4e90bf2719f-S399/frameworks/1735e8a2-a1db-478c-8104-60c8b0af87dd-0196/executors/d4337cad-8111-46d8-8d39-fb2ce6
Event: 101.801 Thread 0x00007fdd5a22c000 Exception <a 'java/io/FileNotFoundException'{0x0000000781e5daf8}> (0x0000000781e5daf8) thrown at [/scratch/mesos/slaves/ae206c0d-865c-4d69-a16b-c4e90bf2719f-S399/frameworks/1735e8a2-a1db-478c-8104-60c8b0af87dd-0196/executors/d4337cad-8111-46d8-8d39-fb2ce6
Event: 113.521 Thread 0x00007fdd5a22c000 Exception <a 'java/io/FileNotFoundException'{0x00000007823896d0}> (0x00000007823896d0) thrown at [/scratch/mesos/slaves/ae206c0d-865c-4d69-a16b-c4e90bf2719f-S399/frameworks/1735e8a2-a1db-478c-8104-60c8b0af87dd-0196/executors/d4337cad-8111-46d8-8d39-fb2ce6
Event: 120.059 Thread 0x00007fdd5a22c000 Implicit null exception at 0x000000011ec5aeff to 0x000000011ec5b48a
Event: 191.215 Thread 0x00007fdd5a22c000 Implicit null exception at 0x000000011ef66acc to 0x000000011ef67576

Events (10 events):
Event: 120.060 Thread 0x00007fdd5a87c800 Uncommon trap: trap_request=0xffffff4d fr.pc=0x000000011ee5a7f4 relative=0x0000000000000934
Event: 120.060 Thread 0x00007fdd5a87c800 DEOPT PACKING pc=0x000000011ee5a7f4 sp=0x0000700011181300
Event: 120.061 Thread 0x00007fdd5a87c800 DEOPT UNPACKING pc=0x00000001171673a5 sp=0x0000700011181210 mode 2
Event: 120.061 loading class javafx/scene/control/ListCell$5
Event: 120.061 loading class javafx/scene/control/ListCell$5 done
Event: 190.729 Thread 0x00007fdd5a22c000 DEOPT PACKING pc=0x000000011806c989 sp=0x00007ff7b36f9d80
Event: 190.729 Thread 0x00007fdd5a22c000 DEOPT UNPACKING pc=0x00000001171671ba sp=0x00007ff7b36f9398 mode 0
Event: 191.215 Thread 0x00007fdd5a22c000 Uncommon trap: trap_request=0xfffffff4 fr.pc=0x000000011ef67590 relative=0x0000000000000e70
Event: 191.215 Thread 0x00007fdd5a22c000 DEOPT PACKING pc=0x000000011ef67590 sp=0x00007ff7b36f1400
Event: 191.215 Thread 0x00007fdd5a22c000 DEOPT UNPACKING pc=0x00000001171673a5 sp=0x00007ff7b36f0ff0 mode 2


Dynamic libraries:
0x000000010c917000 	/Library/Java/JavaVirtualMachines/jdk-12.0.2.jdk/Contents/Home/lib/libjli.dylib
0x00007ff80d178000 	/usr/lib/libz.1.dylib
0x00007ff80d258000 	/usr/lib/libSystem.B.dylib
0x00007ff80d253000 	/usr/lib/system/libcache.dylib
0x00007ff80d20f000 	/usr/lib/system/libcommonCrypto.dylib
0x00007ff80d238000 	/usr/lib/system/libcompiler_rt.dylib
0x00007ff80d22e000 	/usr/lib/system/libcopyfile.dylib
0x00007ff8021e6000 	/usr/lib/system/libcorecrypto.dylib
0x00007ff8022a4000 	/usr/lib/system/libdispatch.dylib
0x00007ff802464000 	/usr/lib/system/libdyld.dylib
0x00007ff80d24a000 	/usr/lib/system/libkeymgr.dylib
0x00007ff80d1ed000 	/usr/lib/system/libmacho.dylib
0x00007ff80c86e000 	/usr/lib/system/libquarantine.dylib
0x00007ff80d248000 	/usr/lib/system/libremovefile.dylib
0x00007ff8073f9000 	/usr/lib/system/libsystem_asl.dylib
0x00007ff80218f000 	/usr/lib/system/libsystem_blocks.dylib
0x00007ff802328000 	/usr/lib/system/libsystem_c.dylib
0x00007ff80d240000 	/usr/lib/system/libsystem_collections.dylib
0x00007ff80bb22000 	/usr/lib/system/libsystem_configuration.dylib
0x00007ff80adcb000 	/usr/lib/system/libsystem_containermanager.dylib
0x00007ff80cf25000 	/usr/lib/system/libsystem_coreservices.dylib
0x00007ff804a9a000 	/usr/lib/system/libsystem_darwin.dylib
0x00007ff80d24b000 	/usr/lib/system/libsystem_dnssd.dylib
0x00007ff802325000 	/usr/lib/system/libsystem_featureflags.dylib
0x00007ff80247a000 	/usr/lib/system/libsystem_info.dylib
0x00007ff80d18b000 	/usr/lib/system/libsystem_m.dylib
0x00007ff802278000 	/usr/lib/system/libsystem_malloc.dylib
0x00007ff807394000 	/usr/lib/system/libsystem_networkextension.dylib
0x00007ff804ec0000 	/usr/lib/system/libsystem_notify.dylib
0x00007ff8134ca000 	/usr/lib/system/libsystem_product_info_filter.dylib
0x00007ff80bb26000 	/usr/lib/system/libsystem_sandbox.dylib
0x00007ff80d245000 	/usr/lib/system/libsystem_secinit.dylib
0x00007ff802420000 	/usr/lib/system/libsystem_kernel.dylib
0x00007ff802470000 	/usr/lib/system/libsystem_platform.dylib
0x00007ff802458000 	/usr/lib/system/libsystem_pthread.dylib
0x00007ff808c47000 	/usr/lib/system/libsystem_symptoms.dylib
0x00007ff8021cd000 	/usr/lib/system/libsystem_trace.dylib
0x00007ff80d21b000 	/usr/lib/system/libunwind.dylib
0x00007ff802191000 	/usr/lib/system/libxpc.dylib
0x00007ff80240a000 	/usr/lib/libc++abi.dylib
0x00007ff8022eb000 	/usr/lib/libobjc.A.dylib
0x00007ff80d226000 	/usr/lib/liboah.dylib
0x00007ff8023b1000 	/usr/lib/libc++.1.dylib
0x00007ff8192cc000 	/System/Library/Frameworks/Cocoa.framework/Versions/A/Cocoa
0x00007ff804f1e000 	/System/Library/Frameworks/AppKit.framework/Versions/C/AppKit
0x00007ff808435000 	/System/Library/Frameworks/CoreData.framework/Versions/A/CoreData
0x00007ff803321000 	/System/Library/Frameworks/Foundation.framework/Versions/C/Foundation
0x00007ff805dae000 	/System/Library/PrivateFrameworks/UIFoundation.framework/Versions/A/UIFoundation
0x00007ff8131cd000 	/System/Library/PrivateFrameworks/RemoteViewServices.framework/Versions/A/RemoteViewServices
0x00007ff80b4ac000 	/System/Library/PrivateFrameworks/XCTTargetBootstrap.framework/Versions/A/XCTTargetBootstrap
0x00007ff80f063000 	/System/Library/PrivateFrameworks/InternationalSupport.framework/Versions/A/InternationalSupport
0x00007ff80f0ed000 	/System/Library/PrivateFrameworks/UserActivity.framework/Versions/A/UserActivity
0x00007ff80e43f000 	/usr/lib/libspindump.dylib
0x00007ff80603d000 	/System/Library/Frameworks/UniformTypeIdentifiers.framework/Versions/A/UniformTypeIdentifiers
0x00007ff809bd0000 	/usr/lib/libapp_launch_measurement.dylib
0x00007ff808e07000 	/System/Library/PrivateFrameworks/CoreAnalytics.framework/Versions/A/CoreAnalytics
0x00007ff809bd3000 	/System/Library/PrivateFrameworks/CoreAutoLayout.framework/Versions/A/CoreAutoLayout
0x00007ff80ae03000 	/System/Library/Frameworks/Metal.framework/Versions/A/Metal
0x00007ff80bb32000 	/usr/lib/liblangid.dylib
0x00007ff80b4b1000 	/System/Library/PrivateFrameworks/CoreSVG.framework/Versions/A/CoreSVG
0x00007ff807429000 	/System/Library/PrivateFrameworks/SkyLight.framework/Versions/A/SkyLight
0x00007ff8077c8000 	/System/Library/Frameworks/CoreGraphics.framework/Versions/A/CoreGraphics
0x00007ff81388d000 	/System/Library/Frameworks/Accelerate.framework/Versions/A/Accelerate
0x00007ff80debe000 	/System/Library/PrivateFrameworks/IconServices.framework/Versions/A/IconServices
0x00007ff80ade8000 	/System/Library/Frameworks/IOSurface.framework/Versions/A/IOSurface
0x00007ff808e35000 	/usr/lib/libDiagnosticMessagesClient.dylib
0x00007ff816f70000 	/System/Library/Frameworks/ApplicationServices.framework/Versions/A/ApplicationServices
0x00007ff80b498000 	/System/Library/PrivateFrameworks/DFRFoundation.framework/Versions/A/DFRFoundation
0x00007ff804806000 	/usr/lib/libicucore.A.dylib
0x00007ff80fe59000 	/System/Library/Frameworks/AudioToolbox.framework/Versions/A/AudioToolbox
0x00007ff80f06f000 	/System/Library/PrivateFrameworks/DataDetectorsCore.framework/Versions/A/DataDetectorsCore
0x00007ff90b56c000 	/System/Library/PrivateFrameworks/TextInput.framework/Versions/A/TextInput
0x00007ff8073ac000 	/usr/lib/libMobileGestalt.dylib
0x00007ff80b1a4000 	/System/Library/Frameworks/Carbon.framework/Versions/A/Frameworks/HIToolbox.framework/Versions/A/HIToolbox
0x00007ff8095d2000 	/System/Library/Frameworks/QuartzCore.framework/Versions/A/QuartzCore
0x00007ff8044ab000 	/System/Library/Frameworks/Security.framework/Versions/A/Security
0x00007ff813205000 	/System/Library/Frameworks/Carbon.framework/Versions/A/Frameworks/SpeechRecognition.framework/Versions/A/SpeechRecognition
0x00007ff809930000 	/System/Library/PrivateFrameworks/CoreUI.framework/Versions/A/CoreUI
0x00007ff803d75000 	/System/Library/Frameworks/CoreAudio.framework/Versions/A/CoreAudio
0x00007ff808f24000 	/System/Library/Frameworks/DiskArbitration.framework/Versions/A/DiskArbitration
0x00007ff80e82f000 	/System/Library/PrivateFrameworks/MultitouchSupport.framework/Versions/A/MultitouchSupport
0x00007ff8073ab000 	/usr/lib/libenergytrace.dylib
0x00007ff804e0a000 	/System/Library/Frameworks/IOKit.framework/Versions/A/IOKit
0x00007ff8135f5000 	/System/Library/Frameworks/CoreServices.framework/Versions/A/CoreServices
0x00007ff809b6a000 	/System/Library/PrivateFrameworks/PerformanceAnalysis.framework/Versions/A/PerformanceAnalysis
0x00007ffa1b24b000 	/System/Library/Frameworks/OpenGL.framework/Versions/A/OpenGL
0x00007ff80c794000 	/System/Library/PrivateFrameworks/MobileKeyBag.framework/Versions/A/MobileKeyBag
0x00007ff807e94000 	/System/Library/Frameworks/ColorSync.framework/Versions/A/ColorSync
0x00007ff8024a5000 	/System/Library/Frameworks/CoreFoundation.framework/Versions/A/CoreFoundation
0x00007ff80b728000 	/System/Library/Frameworks/CoreImage.framework/Versions/A/CoreImage
0x00007ff803b89000 	/System/Library/Frameworks/CoreText.framework/Versions/A/CoreText
0x00007ff80b4e1000 	/System/Library/Frameworks/ImageIO.framework/Versions/A/ImageIO
0x00007ff80d25e000 	/System/Library/PrivateFrameworks/SoftLinking.framework/Versions/A/SoftLinking
0x00007ff809c1b000 	/usr/lib/libxml2.2.dylib
0x00007ff80d4e2000 	/usr/lib/libcompression.dylib
0x00007ff80ef96000 	/System/Library/PrivateFrameworks/TextureIO.framework/Versions/A/TextureIO
0x00007ff80dbd0000 	/usr/lib/libate.dylib
0x00007ff80d9ac000 	/usr/lib/liblzma.5.dylib
0x00007ff803033000 	/System/Library/Frameworks/SystemConfiguration.framework/Versions/A/SystemConfiguration
0x00007ff80d25a000 	/usr/lib/libfakelink.dylib
0x00007ff806f04000 	/System/Library/Frameworks/CFNetwork.framework/Versions/A/CFNetwork
0x00007ff80d39b000 	/usr/lib/libarchive.2.dylib
0x00007ff80bb2e000 	/System/Library/PrivateFrameworks/AppleSystemInfo.framework/Versions/A/AppleSystemInfo
0x00007ff80c895000 	/usr/lib/libbsm.0.dylib
0x00007ff806513000 	/usr/lib/libnetwork.dylib
0x00007ff80d1f3000 	/usr/lib/system/libkxld.dylib
0x00007ff80c4c8000 	/System/Library/PrivateFrameworks/IOMobileFramebuffer.framework/Versions/A/IOMobileFramebuffer
0x00007ffb1ac22000 	/usr/lib/libCoreEntitlements.dylib
0x00007ff80cf07000 	/System/Library/PrivateFrameworks/AppleFSCompression.framework/Versions/A/AppleFSCompression
0x00007ff80c87d000 	/usr/lib/libcoretls.dylib
0x00007ff80d9c6000 	/usr/lib/libcoretls_cfhelpers.dylib
0x00007ff80d4dd000 	/usr/lib/libpam.2.dylib
0x00007ff808866000 	/usr/lib/libsqlite3.dylib
0x00007ff80da35000 	/usr/lib/libxar.1.dylib
0x00007ff80cf17000 	/usr/lib/libbz2.1.0.dylib
0x00007ff80d25f000 	/usr/lib/libpcap.A.dylib
0x00007ff808c3f000 	/usr/lib/libdns_services.dylib
0x00007ff80d4ad000 	/usr/lib/libapple_nghttp2.dylib
0x00007ff80d299000 	/usr/lib/libiconv.2.dylib
0x00007ff80d1ec000 	/usr/lib/libcharset.1.dylib
0x00007ff809b9e000 	/System/Library/Frameworks/CoreServices.framework/Versions/A/Frameworks/FSEvents.framework/Versions/A/FSEvents
0x00007ff804aa4000 	/System/Library/Frameworks/CoreServices.framework/Versions/A/Frameworks/CarbonCore.framework/Versions/A/CarbonCore
0x00007ff808e88000 	/System/Library/Frameworks/CoreServices.framework/Versions/A/Frameworks/Metadata.framework/Versions/A/Metadata
0x00007ff80cf2a000 	/System/Library/Frameworks/CoreServices.framework/Versions/A/Frameworks/OSServices.framework/Versions/A/OSServices
0x00007ff80d422000 	/System/Library/Frameworks/CoreServices.framework/Versions/A/Frameworks/SearchKit.framework/Versions/A/SearchKit
0x00007ff808bd1000 	/System/Library/Frameworks/CoreServices.framework/Versions/A/Frameworks/AE.framework/Versions/A/AE
0x00007ff8029a8000 	/System/Library/Frameworks/CoreServices.framework/Versions/A/Frameworks/LaunchServices.framework/Versions/A/LaunchServices
0x00007ff80d95d000 	/System/Library/Frameworks/CoreServices.framework/Versions/A/Frameworks/DictionaryServices.framework/Versions/A/DictionaryServices
0x00007ff809bab000 	/System/Library/Frameworks/CoreServices.framework/Versions/A/Frameworks/SharedFileList.framework/Versions/A/SharedFileList
0x00007ff80c871000 	/usr/lib/libCheckFix.dylib
0x00007ff807410000 	/System/Library/PrivateFrameworks/TCC.framework/Versions/A/TCC
0x00007ff80bb34000 	/System/Library/PrivateFrameworks/CoreNLP.framework/Versions/A/CoreNLP
0x00007ff808e38000 	/System/Library/PrivateFrameworks/MetadataUtilities.framework/Versions/A/MetadataUtilities
0x00007ff8030e4000 	/usr/lib/libmecabra.dylib
0x00007ff80c8a5000 	/usr/lib/libmecab.dylib
0x00007ff8030af000 	/usr/lib/libCRFSuite.dylib
0x00007ff80c8ff000 	/usr/lib/libgermantok.dylib
0x00007ff80d488000 	/usr/lib/libThaiTokenizer.dylib
0x00007ff808f2b000 	/System/Library/Frameworks/Accelerate.framework/Versions/A/Frameworks/vImage.framework/Versions/A/vImage
0x00007ff8135cc000 	/System/Library/Frameworks/Accelerate.framework/Versions/A/Frameworks/vecLib.framework/Versions/A/vecLib
0x00007ff80da76000 	/System/Library/Frameworks/Accelerate.framework/Versions/A/Frameworks/vecLib.framework/Versions/A/libvMisc.dylib
0x00007ff80c2f3000 	/System/Library/Frameworks/Accelerate.framework/Versions/A/Frameworks/vecLib.framework/Versions/A/libvDSP.dylib
0x00007ff802d23000 	/System/Library/Frameworks/Accelerate.framework/Versions/A/Frameworks/vecLib.framework/Versions/A/libBLAS.dylib
0x00007ff80d5bf000 	/System/Library/Frameworks/Accelerate.framework/Versions/A/Frameworks/vecLib.framework/Versions/A/libLAPACK.dylib
0x00007ff80c902000 	/System/Library/Frameworks/Accelerate.framework/Versions/A/Frameworks/vecLib.framework/Versions/A/libLinearAlgebra.dylib
0x00007ff80d4c5000 	/System/Library/Frameworks/Accelerate.framework/Versions/A/Frameworks/vecLib.framework/Versions/A/libSparseBLAS.dylib
0x00007ff80d5b9000 	/System/Library/Frameworks/Accelerate.framework/Versions/A/Frameworks/vecLib.framework/Versions/A/libQuadrature.dylib
0x00007ff80bc1f000 	/System/Library/Frameworks/Accelerate.framework/Versions/A/Frameworks/vecLib.framework/Versions/A/libBNNS.dylib
0x00007ff802fbd000 	/System/Library/Frameworks/Accelerate.framework/Versions/A/Frameworks/vecLib.framework/Versions/A/libSparse.dylib
0x00007ff80bc18000 	/System/Library/PrivateFrameworks/LinguisticData.framework/Versions/A/LinguisticData
0x00007ff802f73000 	/System/Library/PrivateFrameworks/Lexicon.framework/Versions/A/Lexicon
0x00007ff80da6f000 	/usr/lib/libChineseTokenizer.dylib
0x00007ff8036de000 	/System/Library/PrivateFrameworks/LanguageModeling.framework/Versions/A/LanguageModeling
0x00007ff80d48a000 	/System/Library/PrivateFrameworks/AppleSauce.framework/Versions/A/AppleSauce
0x00007ff80c4b6000 	/System/Library/PrivateFrameworks/CoreEmoji.framework/Versions/A/CoreEmoji
0x00007ff80d38a000 	/usr/lib/libcmph.dylib
0x00007ff809b82000 	/System/Library/Frameworks/OpenDirectory.framework/Versions/A/Frameworks/CFOpenDirectory.framework/Versions/A/CFOpenDirectory
0x00007ff809b76000 	/System/Library/Frameworks/OpenDirectory.framework/Versions/A/OpenDirectory
0x00007ff80d9c8000 	/System/Library/PrivateFrameworks/APFS.framework/Versions/A/APFS
0x00007ff80c7cc000 	/System/Library/Frameworks/SecurityFoundation.framework/Versions/A/SecurityFoundation
0x00007ff80da43000 	/usr/lib/libutil.dylib
0x00007ff804dce000 	/System/Library/PrivateFrameworks/CoreServicesStore.framework/Versions/A/CoreServicesStore
0x00007ff80da47000 	/usr/lib/libxslt.1.dylib
0x00007ff80c859000 	/System/Library/PrivateFrameworks/BackgroundTaskManagement.framework/Versions/A/BackgroundTaskManagement
0x00007ff80eeb6000 	/System/Library/Frameworks/ImageIO.framework/Versions/A/Resources/libRadiance.dylib
0x00007ff80eebf000 	/System/Library/Frameworks/ImageIO.framework/Versions/A/Resources/libJPEG.dylib
0x00007ff80ee0e000 	/System/Library/Frameworks/ImageIO.framework/Versions/A/Resources/libPng.dylib
0x00007ff80ee2f000 	/System/Library/Frameworks/ImageIO.framework/Versions/A/Resources/libTIFF.dylib
0x00007ff80ef1f000 	/System/Library/Frameworks/ImageIO.framework/Versions/A/Resources/libGIF.dylib
0x00007ff80e749000 	/System/Library/Frameworks/ImageIO.framework/Versions/A/Resources/libJP2.dylib
0x00007ff80de85000 	/usr/lib/libexpat.1.dylib
0x00007ff80e6fe000 	/System/Library/PrivateFrameworks/AppleJPEG.framework/Versions/A/AppleJPEG
0x00007ff80b068000 	/System/Library/PrivateFrameworks/FontServices.framework/libFontParser.dylib
0x00007ff808b7b000 	/System/Library/PrivateFrameworks/RunningBoardServices.framework/Versions/A/RunningBoardServices
0x00007ff819887000 	/System/Library/PrivateFrameworks/IOSurfaceAccelerator.framework/Versions/A/IOSurfaceAccelerator
0x00007ff80e82b000 	/System/Library/PrivateFrameworks/WatchdogClient.framework/Versions/A/WatchdogClient
0x00007ff8037cc000 	/System/Library/Frameworks/CoreDisplay.framework/Versions/A/CoreDisplay
0x00007ff80af66000 	/System/Library/Frameworks/CoreMedia.framework/Versions/A/CoreMedia
0x00007ff80adfa000 	/System/Library/PrivateFrameworks/IOAccelerator.framework/Versions/A/IOAccelerator
0x00007ff809cff000 	/System/Library/Frameworks/CoreVideo.framework/Versions/A/CoreVideo
0x00007ff80d4db000 	/System/Library/Frameworks/MetalPerformanceShaders.framework/Versions/A/MetalPerformanceShaders
0x00007ff80e868000 	/System/Library/Frameworks/VideoToolbox.framework/Versions/A/VideoToolbox
0x00007ff808ac5000 	/System/Library/PrivateFrameworks/BaseBoard.framework/Versions/A/BaseBoard
0x00007ff80884c000 	/System/Library/PrivateFrameworks/ProtocolBuffer.framework/Versions/A/ProtocolBuffer
0x00007ff80eeaf000 	/System/Library/PrivateFrameworks/GPUWrangler.framework/Versions/A/GPUWrangler
0x00007ff80ee93000 	/System/Library/PrivateFrameworks/IOPresentment.framework/Versions/A/IOPresentment
0x00007ff80eeb9000 	/System/Library/PrivateFrameworks/DSExternalDisplay.framework/Versions/A/DSExternalDisplay
0x00007ffa1b23f000 	/System/Library/Frameworks/OpenGL.framework/Versions/A/Libraries/libCoreFSCache.dylib
0x00007ffb08315000 	/System/Library/PrivateFrameworks/GPUCompiler.framework/Versions/31001/Libraries/libGPUCompilerUtils.dylib
0x00007ff80ef24000 	/System/Library/PrivateFrameworks/CMCaptureCore.framework/Versions/A/CMCaptureCore
0x00007ff80e42d000 	/System/Library/PrivateFrameworks/AppServerSupport.framework/Versions/A/AppServerSupport
0x00007ff8106f2000 	/System/Library/PrivateFrameworks/perfdata.framework/Versions/A/perfdata
0x00007ff8038f8000 	/System/Library/PrivateFrameworks/AudioToolboxCore.framework/Versions/A/AudioToolboxCore
0x00007ff80af44000 	/System/Library/PrivateFrameworks/caulk.framework/Versions/A/caulk
0x00007ff810004000 	/usr/lib/libAudioStatistics.dylib
0x00007ff907cfa000 	/System/Library/PrivateFrameworks/SystemPolicy.framework/Versions/A/SystemPolicy
0x00007ff81025f000 	/usr/lib/libSMC.dylib
0x00007ff81917f000 	/System/Library/Frameworks/CoreMIDI.framework/Versions/A/CoreMIDI
0x00007ff80eddd000 	/usr/lib/libAudioToolboxUtility.dylib
0x00007ff903f22000 	/System/Library/PrivateFrameworks/OSAServicesClient.framework/Versions/A/OSAServicesClient
0x00007ff8106ff000 	/usr/lib/libperfcheck.dylib
0x00007ff9087a7000 	/usr/lib/libmis.dylib
0x00007ffa1b29a000 	/System/Library/Frameworks/OpenGL.framework/Versions/A/Libraries/libGLU.dylib
0x00007ffa1b25e000 	/System/Library/Frameworks/OpenGL.framework/Versions/A/Libraries/libGFXShared.dylib
0x00007ffa1b467000 	/System/Library/Frameworks/OpenGL.framework/Versions/A/Libraries/libGL.dylib
0x00007ffa1b267000 	/System/Library/Frameworks/OpenGL.framework/Versions/A/Libraries/libGLImage.dylib
0x00007ffa1b25b000 	/System/Library/Frameworks/OpenGL.framework/Versions/A/Libraries/libCVMSPluginSupport.dylib
0x00007ffa1b246000 	/System/Library/Frameworks/OpenGL.framework/Versions/A/Libraries/libCoreVMClient.dylib
0x00007ff80bab0000 	/System/Library/Frameworks/MetalPerformanceShaders.framework/Versions/A/Frameworks/MPSCore.framework/Versions/A/MPSCore
0x00007ff80ce72000 	/System/Library/Frameworks/MetalPerformanceShaders.framework/Versions/A/Frameworks/MPSImage.framework/Versions/A/MPSImage
0x00007ff80c918000 	/System/Library/Frameworks/MetalPerformanceShaders.framework/Versions/A/Frameworks/MPSNeuralNetwork.framework/Versions/A/MPSNeuralNetwork
0x00007ff80cd8c000 	/System/Library/Frameworks/MetalPerformanceShaders.framework/Versions/A/Frameworks/MPSMatrix.framework/Versions/A/MPSMatrix
0x00007ff80cb47000 	/System/Library/Frameworks/MetalPerformanceShaders.framework/Versions/A/Frameworks/MPSRayIntersector.framework/Versions/A/MPSRayIntersector
0x00007ff80cdc4000 	/System/Library/Frameworks/MetalPerformanceShaders.framework/Versions/A/Frameworks/MPSNDArray.framework/Versions/A/MPSNDArray
0x00007ffa20d1f000 	/System/Library/Frameworks/MetalPerformanceShaders.framework/Versions/A/Frameworks/MPSFunctions.framework/Versions/A/MPSFunctions
0x00007ff802bff000 	/System/Library/PrivateFrameworks/MetalTools.framework/Versions/A/MetalTools
0x00007ff80bb2c000 	/System/Library/PrivateFrameworks/AggregateDictionary.framework/Versions/A/AggregateDictionary
0x00007ff80dc67000 	/usr/lib/libIOReport.dylib
0x00007ffa1c876000 	/System/Library/Frameworks/OpenCL.framework/Versions/A/OpenCL
0x00007ff80dfcb000 	/System/Library/PrivateFrameworks/FaceCore.framework/Versions/A/FaceCore
0x00007ff80dfbc000 	/System/Library/PrivateFrameworks/GraphVisualizer.framework/Versions/A/GraphVisualizer
0x00007ffb08220000 	/System/Library/PrivateFrameworks/FontServices.framework/Versions/A/FontServices
0x00007ff80e3e5000 	/System/Library/PrivateFrameworks/OTSVG.framework/Versions/A/OTSVG
0x00007ff8098e5000 	/System/Library/Frameworks/ApplicationServices.framework/Versions/A/Frameworks/ATS.framework/Versions/A/Resources/libFontRegistry.dylib
0x00007ff80e435000 	/System/Library/PrivateFrameworks/FontServices.framework/libhvf.dylib
0x00007ffb08221000 	/System/Library/PrivateFrameworks/FontServices.framework/libXTFontStaticRegistryData.dylib
0x00007ff80de35000 	/System/Library/PrivateFrameworks/AppleVA.framework/Versions/A/AppleVA
0x00007ff810024000 	/System/Library/Frameworks/ApplicationServices.framework/Versions/A/Frameworks/ATS.framework/Versions/A/ATS
0x00007ff807f92000 	/System/Library/Frameworks/ApplicationServices.framework/Versions/A/Frameworks/HIServices.framework/Versions/A/HIServices
0x00007ff80ef2e000 	/System/Library/Frameworks/ApplicationServices.framework/Versions/A/Frameworks/PrintCore.framework/Versions/A/PrintCore
0x00007ff8103b2000 	/System/Library/Frameworks/ApplicationServices.framework/Versions/A/Frameworks/QD.framework/Versions/A/QD
0x00007ff8103aa000 	/System/Library/Frameworks/ApplicationServices.framework/Versions/A/Frameworks/ColorSyncLegacy.framework/Versions/A/ColorSyncLegacy
0x00007ff810014000 	/System/Library/Frameworks/ApplicationServices.framework/Versions/A/Frameworks/SpeechSynthesis.framework/Versions/A/SpeechSynthesis
0x00007ff80eeef000 	/System/Library/Frameworks/ApplicationServices.framework/Versions/A/Frameworks/ATSUI.framework/Versions/A/ATSUI
0x00007ff81033f000 	/usr/lib/libcups.2.dylib
0x00007ff81070e000 	/System/Library/Frameworks/Kerberos.framework/Versions/A/Kerberos
0x00007ff81071d000 	/System/Library/Frameworks/GSS.framework/Versions/A/GSS
0x00007ff810090000 	/usr/lib/libresolv.9.dylib
0x00007ff80e444000 	/System/Library/PrivateFrameworks/Heimdal.framework/Versions/A/Heimdal
0x00007ff817302000 	/System/Library/Frameworks/Kerberos.framework/Versions/A/Libraries/libHeimdalProxy.dylib
0x00007ff808c4f000 	/System/Library/Frameworks/Network.framework/Versions/A/Network
0x00007ff80de9f000 	/usr/lib/libheimdal-asn1.dylib
0x00007ff810768000 	/System/Library/PrivateFrameworks/CommonAuth.framework/Versions/A/CommonAuth
0x00007ff80ff96000 	/System/Library/PrivateFrameworks/AudioSession.framework/Versions/A/AudioSession
0x00007ff80df2f000 	/System/Library/PrivateFrameworks/MediaExperience.framework/Versions/A/MediaExperience
0x00007ff80fe28000 	/System/Library/PrivateFrameworks/AudioSession.framework/libSessionUtility.dylib
0x00007ff8103be000 	/System/Library/PrivateFrameworks/AudioResourceArbitration.framework/Versions/A/AudioResourceArbitration
0x00007ff81443f000 	/System/Library/PrivateFrameworks/PowerLog.framework/Versions/A/PowerLog
0x00007ff80dea8000 	/System/Library/PrivateFrameworks/IconFoundation.framework/Versions/A/IconFoundation
0x00007ff8131f5000 	/System/Library/PrivateFrameworks/SpeechRecognitionCore.framework/Versions/A/SpeechRecognitionCore
0x000000010dfff000 	/Library/Java/JavaVirtualMachines/jdk-12.0.2.jdk/Contents/Home/lib/server/libjvm.dylib
0x000000010c93f000 	/Library/Java/JavaVirtualMachines/jdk-12.0.2.jdk/Contents/Home/lib/libverify.dylib
0x000000010c96f000 	/Library/Java/JavaVirtualMachines/jdk-12.0.2.jdk/Contents/Home/lib/libjava.dylib
0x000000010c953000 	/Library/Java/JavaVirtualMachines/jdk-12.0.2.jdk/Contents/Home/lib/libzip.dylib
0x000000010c95b000 	/Library/Java/JavaVirtualMachines/jdk-12.0.2.jdk/Contents/Home/lib/libjimage.dylib
0x000000010d808000 	/Library/Java/JavaVirtualMachines/jdk-12.0.2.jdk/Contents/Home/lib/libnio.dylib
0x000000010d829000 	/Library/Java/JavaVirtualMachines/jdk-12.0.2.jdk/Contents/Home/lib/libnet.dylib
0x000000010d816000 	/Users/izzhafeez/.openjfx/cache/11/libprism_es2.dylib
0x00007ff804d90000 	/System/Library/PrivateFrameworks/CoreServicesInternal.framework/Versions/A/CoreServicesInternal
0x00007ffa1b472000 	/System/Library/Frameworks/OpenGL.framework/Versions/A/Resources/GLEngine.bundle/GLEngine
0x00007ffa1b2d8000 	/System/Library/Frameworks/OpenGL.framework/Versions/A/Libraries/libGLProgrammability.dylib
0x00007ffa102ee000 	/System/Library/Extensions/AppleIntelKBLGraphicsGLDriver.bundle/Contents/MacOS/AppleIntelKBLGraphicsGLDriver
0x00007ff912942000 	/System/Library/PrivateFrameworks/GPUSupport.framework/Versions/A/Libraries/libGPUSupportMercury.dylib
0x00007ffa1b5fc000 	/System/Library/Frameworks/OpenGL.framework/Versions/A/Resources/GLRendererFloat.bundle/GLRendererFloat
0x000000010dd0f000 	/Users/izzhafeez/.openjfx/cache/11/libglass.dylib
0x00007ff814a30000 	/System/Library/Frameworks/FileProvider.framework/Versions/A/FileProvider
0x00007ff808a32000 	/System/Library/Frameworks/Accounts.framework/Versions/A/Accounts
0x00007ff814ba9000 	/System/Library/PrivateFrameworks/GenerationalStorage.framework/Versions/A/GenerationalStorage
0x00007ff8156b9000 	/System/Library/PrivateFrameworks/CoreSymbolication.framework/Versions/A/CoreSymbolication
0x00007ff814434000 	/System/Library/PrivateFrameworks/SymptomDiagnosticReporter.framework/Versions/A/SymptomDiagnosticReporter
0x00007ff806051000 	/System/Library/PrivateFrameworks/DesktopServicesPriv.framework/Versions/A/DesktopServicesPriv
0x00007ff804ecf000 	/usr/lib/libsandbox.1.dylib
0x00007ff809d7e000 	/System/Library/PrivateFrameworks/UserManagement.framework/Versions/A/UserManagement
0x00007ff81567e000 	/System/Library/PrivateFrameworks/DebugSymbols.framework/Versions/A/DebugSymbols
0x00007ff81039f000 	/System/Library/PrivateFrameworks/NetAuth.framework/Versions/A/NetAuth
0x00007ff8112ae000 	/System/Library/PrivateFrameworks/Sharing.framework/Versions/A/Sharing
0x00007ff809d51000 	/System/Library/PrivateFrameworks/login.framework/Versions/A/Frameworks/loginsupport.framework/Versions/A/loginsupport
0x00007ff81681c000 	/System/Library/PrivateFrameworks/Apple80211.framework/Versions/A/Apple80211
0x00007ff80cf57000 	/System/Library/PrivateFrameworks/AuthKit.framework/Versions/A/AuthKit
0x00007ff80c5ac000 	/System/Library/PrivateFrameworks/CoreUtils.framework/Versions/A/CoreUtils
0x00007ff80c4d3000 	/System/Library/Frameworks/CoreWLAN.framework/Versions/A/CoreWLAN
0x00007ff81140d000 	/System/Library/Frameworks/IOBluetooth.framework/Versions/A/IOBluetooth
0x00007ff816884000 	/System/Library/PrivateFrameworks/CoreWiFi.framework/Versions/A/CoreWiFi
0x00007ff815253000 	/System/Library/PrivateFrameworks/FrontBoardServices.framework/Versions/A/FrontBoardServices
0x00007ff8152e4000 	/System/Library/PrivateFrameworks/BoardServices.framework/Versions/A/BoardServices
0x00007ff80c7bb000 	/System/Library/PrivateFrameworks/AssertionServices.framework/Versions/A/AssertionServices
0x00007ff816a07000 	/System/Library/PrivateFrameworks/BackBoardServices.framework/Versions/A/BackBoardServices
0x00007ff8107f9000 	/System/Library/PrivateFrameworks/CorePhoneNumbers.framework/Versions/A/CorePhoneNumbers
0x00007ff8100bd000 	/System/Library/PrivateFrameworks/MultiverseSupport.framework/Versions/A/MultiverseSupport
0x00007ff816c7b000 	/System/Library/PrivateFrameworks/RemoteServiceDiscovery.framework/Versions/A/RemoteServiceDiscovery
0x00007ff814551000 	/System/Library/PrivateFrameworks/DiskManagement.framework/Versions/A/DiskManagement
0x00007ff814465000 	/System/Library/PrivateFrameworks/AppleIDAuthSupport.framework/Versions/A/AppleIDAuthSupport
0x00007ffb02b9b000 	/System/Library/PrivateFrameworks/AAAFoundation.framework/Versions/A/AAAFoundation
0x00007ff8107da000 	/System/Library/PrivateFrameworks/KeychainCircle.framework/Versions/A/KeychainCircle
0x00007ff816c8b000 	/System/Library/PrivateFrameworks/RemoteXPC.framework/Versions/A/RemoteXPC
0x00007ff81451d000 	/System/Library/PrivateFrameworks/MediaKit.framework/Versions/A/MediaKit
0x00007ff814471000 	/System/Library/Frameworks/DiscRecording.framework/Versions/A/DiscRecording
0x00007ff80ddad000 	/usr/lib/libCoreStorage.dylib
0x00007ff816cf6000 	/usr/lib/libcsfde.dylib
0x00007ff8114da000 	/System/Library/PrivateFrameworks/ProtectedCloudStorage.framework/Versions/A/ProtectedCloudStorage
0x00007ff816cf2000 	/System/Library/PrivateFrameworks/EFILogin.framework/Versions/A/EFILogin
0x00007ff814bcf000 	/System/Library/PrivateFrameworks/OctagonTrust.framework/Versions/A/OctagonTrust
0x00007ffb07483000 	/System/Library/PrivateFrameworks/CoreUtilsExtras.framework/Versions/A/CoreUtilsExtras
0x00007ff814398000 	/System/Library/Frameworks/CoreBluetooth.framework/Versions/A/CoreBluetooth
0x00007ff817387000 	/System/Library/Frameworks/AudioUnit.framework/Versions/A/AudioUnit
0x00007ff80dda5000 	/usr/lib/libMatch.1.dylib
0x00007ff90cdcb000 	/System/Library/Frameworks/Accelerate.framework/Versions/A/Frameworks/vImage.framework/Versions/A/Libraries/libCGInterfaces.dylib
0x000000013070b000 	/usr/lib/libobjc-trampolines.dylib
0x00007ff809a76000 	/System/Library/PrivateFrameworks/ViewBridge.framework/Versions/A/ViewBridge
0x00007ffb1ad11000 	/usr/lib/libRosetta.dylib
0x0000000133052000 	/Users/izzhafeez/.openjfx/cache/11/libjavafx_font.dylib
0x00007ff80e4fc000 	/System/Library/PrivateFrameworks/login.framework/Versions/A/login
0x000000013372b000 	/System/Library/Frameworks/FileProvider.framework/OverrideBundles/CloudDocsFileProvider.bundle/Contents/MacOS/CloudDocsFileProvider
0x00007ff809f95000 	/System/Library/PrivateFrameworks/CloudDocs.framework/Versions/A/CloudDocs
0x00007ff817026000 	/System/Library/PrivateFrameworks/AppleAccount.framework/Versions/A/AppleAccount
0x00007ff8114c1000 	/System/Library/PrivateFrameworks/AppContainer.framework/Versions/A/AppContainer
0x00007ff810f7d000 	/System/Library/PrivateFrameworks/IDS.framework/Versions/A/IDS
0x00007ff81717e000 	/System/Library/PrivateFrameworks/AppleIDSSOAuthentication.framework/Versions/A/AppleIDSSOAuthentication
0x00007ff809d54000 	/System/Library/PrivateFrameworks/ApplePushService.framework/Versions/A/ApplePushService
0x00007ff816d78000 	/System/Library/PrivateFrameworks/AppSupport.framework/Versions/A/AppSupport
0x00007ff80fd8d000 	/System/Library/PrivateFrameworks/IMFoundation.framework/Versions/A/IMFoundation
0x00007ff903766000 	/System/Library/PrivateFrameworks/Marco.framework/Versions/A/Marco
0x00007ff8110f1000 	/System/Library/PrivateFrameworks/IDSFoundation.framework/Versions/A/IDSFoundation
0x00007ff808aad000 	/System/Library/PrivateFrameworks/CommonUtilities.framework/Versions/A/CommonUtilities
0x00007ff9083b7000 	/System/Library/PrivateFrameworks/FTServices.framework/Versions/A/FTServices
0x00007ff81abdc000 	/System/Library/PrivateFrameworks/Engram.framework/Versions/A/Engram
0x00007ff81ab83000 	/usr/lib/libtidy.A.dylib
0x00007ff80e6a9000 	/System/Library/PrivateFrameworks/Bom.framework/Versions/A/Bom
0x00007ff8100cd000 	/usr/lib/libParallelCompression.dylib
0x00007ff80dc70000 	/System/Library/PrivateFrameworks/CrashReporterSupport.framework/Versions/A/CrashReporterSupport
0x00007ff91270b000 	/System/Library/PrivateFrameworks/FTAWD.framework/Versions/A/FTAWD
0x00007ff9147e3000 	/System/Library/PrivateFrameworks/OSAnalytics.framework/Versions/A/OSAnalytics
0x00007ff91f99b000 	/System/Library/PrivateFrameworks/Symbolication.framework/Versions/A/Symbolication
0x00007ff908784000 	/System/Library/PrivateFrameworks/MallocStackLogging.framework/Versions/A/MallocStackLogging
0x00007ff813905000 	/System/Library/PrivateFrameworks/CoreDaemon.framework/Versions/B/CoreDaemon
0x00007ff813900000 	/System/Library/PrivateFrameworks/AppleSRP.framework/Versions/A/AppleSRP
0x00007ff80c863000 	/System/Library/Frameworks/ServiceManagement.framework/Versions/A/ServiceManagement
0x00007ff8114d6000 	/System/Library/PrivateFrameworks/SecCodeWrapper.framework/Versions/A/SecCodeWrapper
0x00000001336f9000 	/System/Library/Frameworks/FileProvider.framework/OverrideBundles/FileProviderOverride.bundle/Contents/MacOS/FileProviderOverride
0x00000001337c4000 	/System/Library/Frameworks/FileProvider.framework/OverrideBundles/FinderSyncCollaborationFileProviderOverride.bundle/Contents/MacOS/FinderSyncCollaborationFileProviderOverride
0x00007ff918ec4000 	/System/Library/PrivateFrameworks/FinderSyncPriv.framework/Versions/A/FinderSyncPriv
0x00007ff809da3000 	/System/Library/Frameworks/CloudKit.framework/Versions/A/CloudKit
0x00007ff817433000 	/System/Library/PrivateFrameworks/C2.framework/Versions/A/C2
0x00007ff80ad29000 	/System/Library/Frameworks/CoreLocation.framework/Versions/A/CoreLocation
0x00007ffb0497e000 	/System/Library/PrivateFrameworks/CloudKitDistributedSync.framework/Versions/A/CloudKitDistributedSync
0x00007ff81742b000 	/System/Library/Frameworks/PushKit.framework/Versions/A/PushKit
0x00007ff81578f000 	/System/Library/PrivateFrameworks/CoreTime.framework/Versions/A/CoreTime
0x00007ff818f24000 	/System/Library/PrivateFrameworks/RTCReporting.framework/Versions/A/RTCReporting
0x00007ff8117a3000 	/System/Library/PrivateFrameworks/GeoServices.framework/Versions/A/GeoServices
0x00007ff80fe00000 	/System/Library/PrivateFrameworks/LocationSupport.framework/Versions/A/LocationSupport
0x00007ffb08a0f000 	/System/Library/PrivateFrameworks/GeoServicesCore.framework/Versions/A/GeoServicesCore
0x00007ff903f62000 	/System/Library/PrivateFrameworks/PhoneNumbers.framework/Versions/A/PhoneNumbers
0x00007ff9065b1000 	/usr/lib/libFosl_dynamic.dylib
0x00007ff90c572000 	/usr/lib/libncurses.5.4.dylib
0x00007ffa0e472000 	/System/Library/Extensions/AppleIntelKBLGraphicsMTLDriver.bundle/Contents/MacOS/AppleIntelKBLGraphicsMTLDriver
0x00007ff9087c2000 	/System/Library/PrivateFrameworks/GPURawCounter.framework/Versions/A/GPURawCounter
0x00007ffb0325d000 	/System/Library/PrivateFrameworks/AccessibilityBundles.framework/Versions/A/AccessibilityBundles
0x00007ff813911000 	/System/Library/PrivateFrameworks/SystemAdministration.framework/Versions/A/SystemAdministration
0x00007ff80f158000 	/System/Library/Frameworks/MediaToolbox.framework/Versions/A/MediaToolbox
0x00007ff8131c1000 	/System/Library/Frameworks/DirectoryService.framework/Versions/A/DirectoryService
0x00007ff816b93000 	/System/Library/PrivateFrameworks/DiskImages.framework/Versions/A/DiskImages
0x00007ff816d70000 	/System/Library/PrivateFrameworks/LoginUIKit.framework/Versions/A/Frameworks/LoginUICore.framework/Versions/A/LoginUICore
0x00007ff80e6a5000 	/usr/lib/libodfde.dylib
0x00007ff814a00000 	/System/Library/PrivateFrameworks/CoreAVCHD.framework/Versions/A/CoreAVCHD
0x00007ff8138d5000 	/System/Library/Frameworks/MediaAccessibility.framework/Versions/A/MediaAccessibility
0x00007ff8149fc000 	/System/Library/PrivateFrameworks/Mangrove.framework/Versions/A/Mangrove
0x00007ff8138e0000 	/System/Library/PrivateFrameworks/AlgosScoreFramework.framework/Versions/A/AlgosScoreFramework
0x00007ffb04777000 	/System/Library/PrivateFrameworks/CMPhoto.framework/Versions/A/CMPhoto
0x00007ff815554000 	/System/Library/PrivateFrameworks/AppleVPA.framework/Versions/A/AppleVPA
0x00007ff814641000 	/System/Library/PrivateFrameworks/CoreAUC.framework/Versions/A/CoreAUC
0x00007ff816d02000 	/usr/lib/libcurl.4.dylib
0x00007ffb1b17d000 	/usr/lib/libcrypto.46.dylib
0x00007ffb1b672000 	/usr/lib/libssl.48.dylib
0x00007ff816a25000 	/System/Library/Frameworks/LDAP.framework/Versions/A/LDAP
0x00007ff816a5d000 	/System/Library/PrivateFrameworks/TrustEvaluationAgent.framework/Versions/A/TrustEvaluationAgent
0x00007ff8100a9000 	/usr/lib/libsasl2.2.dylib


VM Arguments:
jvm_args: -Dfile.encoding=UTF-8 -Duser.country=GB -Duser.language=en -Duser.variant 
java_command: seedu.address.Main
java_class_path (initial): /Users/izzhafeez/Documents/School/CS2103T/tp/build/classes/java/main:/Users/izzhafeez/Documents/School/CS2103T/tp/build/resources/main:/Users/izzhafeez/.gradle/caches/modules-2/files-2.1/org.openjfx/javafx-fxml/11/d5ff9262ef49d166db658d15f37e3ecff38fde4b/javafx-fxml-11-win.jar:/Users/izzhafeez/.gradle/caches/modules-2/files-2.1/org.openjfx/javafx-fxml/11/e0f5bb81e21054b59f2ebfa727d40a90ee0260d3/javafx-fxml-11-mac.jar:/Users/izzhafeez/.gradle/caches/modules-2/files-2.1/org.openjfx/javafx-fxml/11/e7a757b580fc3e2e1a121768606c7836eef418c/javafx-fxml-11-linux.jar:/Users/izzhafeez/.gradle/caches/modules-2/files-2.1/org.openjfx/javafx-controls/11/af8d24de44e16a19ae959028eb23a48c145fb682/javafx-controls-11-win.jar:/Users/izzhafeez/.gradle/caches/modules-2/files-2.1/org.openjfx/javafx-controls/11/e3a24a14e8732abc6dc173f15872dc63e2a32e16/javafx-controls-11-mac.jar:/Users/izzhafeez/.gradle/caches/modules-2/files-2.1/org.openjfx/javafx-controls/11/794488e3b1f4635d9a1b842bdc872a5eb8fd54ca/javafx-controls-11-linux.jar:/Users/izzhafeez/.gradle/caches/modules-2/files-2.1/org.openjfx/javafx-controls/11/58d961774262ec972bf304e16c154a8e18c2050b/javafx-controls-11.jar:/Users/izzhafeez/.gradle/caches/modules-2/files-2.1/org.openjfx/javafx-graphics/11/9345c7ea43dbcc73a62eca5332717b4ce617e6c6/javafx-graphics-11-win.jar:/Users/izzhafeez/.gradle/caches/modules-2/files-2.1/org.openjfx/javafx-graphics/11/af47a6d3668d3ce1c61e1fe13c44471b6f8d469/javafx-graphics-11-mac.jar:/Users/izzhafeez/.gradle/caches/modules-2/files-2.1/org.openjfx/javafx-graphics/11/4ab9edd8d481a420044c473fdb5718ccdd35c836/javafx-graphics-11-linux.jar:/Users/izzhafeez/.gradle/caches/modules-2/files-2.1/org.openjfx/javafx-graphics/11/a736dd079047ec0b72b8c4970842a5c5e0c19f2f/javafx-graphics-11.jar:/Users/izzhafeez/.gradle/caches/modules-2/files-2.1/org.openjfx/javafx-base/11/ad3a4acfaa28b484d30c40c1f009445cc3f6e68b/javafx-base-11-win.jar:/Users/izzhafeez/.gradle/caches/modules-2/files-2.1/org.open
Launcher Type: SUN_STANDARD

[Global flags]
     intx CICompilerCount                          = 3                                         {product} {ergonomic}
     uint ConcGCThreads                            = 1                                         {product} {ergonomic}
     uint G1ConcRefinementThreads                  = 4                                         {product} {ergonomic}
   size_t G1HeapRegionSize                         = 1048576                                   {product} {ergonomic}
    uintx GCDrainStackTargetSize                   = 64                                        {product} {ergonomic}
   size_t InitialHeapSize                          = 134217728                                 {product} {ergonomic}
   size_t MarkStackSize                            = 4194304                                   {product} {ergonomic}
   size_t MaxHeapSize                              = 2147483648                                {product} {ergonomic}
   size_t MaxNewSize                               = 1287651328                                {product} {ergonomic}
   size_t MinHeapDeltaBytes                        = 1048576                                   {product} {ergonomic}
    uintx NonNMethodCodeHeapSize                   = 5830732                                {pd product} {ergonomic}
    uintx NonProfiledCodeHeapSize                  = 122913754                              {pd product} {ergonomic}
    uintx ProfiledCodeHeapSize                     = 122913754                              {pd product} {ergonomic}
    uintx ReservedCodeCacheSize                    = 251658240                              {pd product} {ergonomic}
     bool SegmentedCodeCache                       = true                                      {product} {ergonomic}
     bool UseCompressedClassPointers               = true                                 {lp64_product} {ergonomic}
     bool UseCompressedOops                        = true                                 {lp64_product} {ergonomic}
     bool UseG1GC                                  = true                                      {product} {ergonomic}

Logging:
Log output configuration:
 #0: stdout all=warning uptime,level,tags
 #1: stderr all=off uptime,level,tags

Environment Variables:
PATH=/Users/izzhafeez/.cargo/bin:/Users/izzhafeez/opt/anaconda3/bin:/Users/izzhafeez/opt/anaconda3/condabin:/Library/Frameworks/Python.framework/Versions/3.8/bin:/anaconda3/bin:/Library/Frameworks/Python.framework/Versions/3.7/bin:/usr/local/bin:/usr/bin:/bin:/usr/sbin:/sbin:/Library/PostgreSQL/14/bin:/Library/TeX/texbin:/Library/Apple/usr/bin
SHELL=/bin/bash

Signal Handlers:
SIGSEGV: [libjvm.dylib+0x735418], sa_mask[0]=11111111011111110111111111111111, sa_flags=SA_ONSTACK|SA_RESTART|SA_SIGINFO
SIGBUS: [libjvm.dylib+0x735418], sa_mask[0]=11111111011111110111111111111111, sa_flags=SA_RESTART|SA_SIGINFO
SIGFPE: [libjvm.dylib+0x735418], sa_mask[0]=11111111011111110111111111111111, sa_flags=SA_RESTART|SA_SIGINFO
SIGPIPE: [libjvm.dylib+0x5dce9e], sa_mask[0]=11111111011111110111111111111111, sa_flags=SA_RESTART|SA_SIGINFO
SIGXFSZ: [libjvm.dylib+0x5dce9e], sa_mask[0]=11111111011111110111111111111111, sa_flags=SA_RESTART|SA_SIGINFO
SIGILL: [libjvm.dylib+0x735418], sa_mask[0]=11111111011111110111111111111111, sa_flags=SA_RESTART|SA_SIGINFO
SIGUSR2: [libjvm.dylib+0x5dd483], sa_mask[0]=00100000000000000000000000000000, sa_flags=SA_RESTART|SA_SIGINFO
SIGHUP: [libjvm.dylib+0x5dc143], sa_mask[0]=11111111011111110111111111111111, sa_flags=SA_RESTART|SA_SIGINFO
SIGINT: [libjvm.dylib+0x5dc143], sa_mask[0]=11111111011111110111111111111111, sa_flags=SA_RESTART|SA_SIGINFO
SIGTERM: [libjvm.dylib+0x5dc143], sa_mask[0]=11111111011111110111111111111111, sa_flags=SA_RESTART|SA_SIGINFO
SIGQUIT: [libjvm.dylib+0x5dc143], sa_mask[0]=11111111011111110111111111111111, sa_flags=SA_RESTART|SA_SIGINFO


---------------  S Y S T E M  ---------------

OS:uname:Darwin 21.6.0 Darwin Kernel Version 21.6.0: Mon Dec 19 20:44:01 PST 2022; root:xnu-8020.240.18~2/RELEASE_X86_64 x86_64
rlimit: STACK 8192k, CORE 0k, NPROC 1392, NOFILE 10240, AS infinity, DATA infinity, FSIZE infinity
load average:13.38 16.43 15.96

CPU:total 4 (initial active 4) (2 cores per cpu, 2 threads per core) family 6 model 142 stepping 9, cmov, cx8, fxsr, mmx, sse, sse2, sse3, ssse3, sse4.1, sse4.2, popcnt, avx, avx2, aes, clmul, erms, 3dnowpref, lzcnt, ht, tsc, tscinvbit, bmi1, bmi2, adx, fma

Memory: 4k page, physical 8388608k(31452k free)

vm_info: Java HotSpot(TM) 64-Bit Server VM (12.0.2+10) for bsd-amd64 JRE (12.0.2+10), built on Jul 16 2019 00:56:38 by "mach5one" with gcc 4.2.1 Compatible Apple LLVM 9.1.0 (clang-902.0.39.2)

END.
